TN:
SF:app.js
FN:37,(anonymous_0)
FN:57,(anonymous_1)
FNF:2
FNH:0
FNDA:0,(anonymous_0)
FNDA:0,(anonymous_1)
DA:23,0
DA:26,0
DA:29,0
DA:30,0
DA:34,0
DA:36,0
DA:39,0
DA:42,0
DA:46,0
DA:47,0
DA:50,0
DA:57,0
DA:58,0
DA:59,0
DA:63,0
DA:64,0
DA:65,0
DA:66,0
DA:67,0
DA:68,0
DA:69,0
DA:70,0
DA:71,0
DA:72,0
DA:73,0
DA:74,0
DA:77,0
DA:78,0
DA:79,0
DA:86,0
DA:87,0
DA:89,0
LF:32
LH:0
BRDA:29,0,0,0
BRDA:29,0,1,0
BRDA:34,1,0,0
BRDA:34,1,1,0
BRDA:77,2,0,0
BRDA:77,2,1,0
BRF:6
BRH:0
end_of_record
TN:
SF:check-db.js
FN:3,checkDatabase
FNF:1
FNH:0
FNDA:0,checkDatabase
DA:4,0
DA:5,0
DA:7,0
DA:8,0
DA:9,0
DA:10,0
DA:13,0
DA:14,0
DA:16,0
DA:17,0
DA:19,0
DA:20,0
DA:23,0
DA:25,0
DA:29,0
LF:15
LH:0
BRDA:9,0,0,0
BRDA:9,0,1,0
BRF:2
BRH:0
end_of_record
TN:
SF:eslint.config.js
FNF:0
FNH:0
LF:0
LH:0
BRF:0
BRH:0
end_of_record
TN:
SF:fix-breed-relations.js
FN:22,fixBreedIdInFile
FN:31,(anonymous_1)
FN:38,(anonymous_2)
FN:46,(anonymous_3)
FN:76,main
FNF:5
FNH:0
FNDA:0,fixBreedIdInFile
FNDA:0,(anonymous_1)
FNDA:0,(anonymous_2)
FNDA:0,(anonymous_3)
FNDA:0,main
DA:6,0
DA:7,0
DA:10,0
DA:23,0
DA:24,0
DA:26,0
DA:27,0
DA:30,0
DA:31,0
DA:32,0
DA:33,0
DA:37,0
DA:38,0
DA:39,0
DA:40,0
DA:45,0
DA:46,0
DA:48,0
DA:49,0
DA:53,0
DA:54,0
DA:58,0
DA:59,0
DA:62,0
DA:63,0
DA:64,0
DA:66,0
DA:69,0
DA:71,0
DA:72,0
DA:77,0
DA:79,0
DA:81,0
DA:82,0
DA:83,0
DA:84,0
DA:86,0
DA:90,0
DA:91,0
DA:94,0
LF:40
LH:0
BRDA:48,0,0,0
BRDA:48,0,1,0
BRDA:48,1,0,0
BRDA:48,1,1,0
BRDA:54,2,0,0
BRDA:54,2,1,0
BRDA:62,3,0,0
BRDA:62,3,1,0
BRDA:83,4,0,0
BRDA:83,4,1,0
BRF:10
BRH:0
end_of_record
TN:
SF:init-databases.js
FN:4,createDatabases
FNF:1
FNH:0
FNDA:0,createDatabases
DA:5,0
DA:9,0
DA:10,0
DA:11,0
DA:13,0
DA:14,0
DA:16,0
DA:17,0
DA:20,0
DA:21,0
DA:22,0
DA:24,0
DA:25,0
DA:27,0
DA:31,0
LF:15
LH:0
BRDA:16,0,0,0
BRDA:16,0,1,0
BRDA:24,1,0,0
BRDA:24,1,1,0
BRF:4
BRH:0
end_of_record
TN:
SF:init-test-database.js
FN:20,initTestDatabase
FN:31,(anonymous_1)
FNF:2
FNH:0
FNDA:0,initTestDatabase
FNDA:0,(anonymous_1)
DA:13,0
DA:15,0
DA:17,0
DA:18,0
DA:21,0
DA:22,0
DA:24,0
DA:25,0
DA:26,0
DA:28,0
DA:29,0
DA:31,0
DA:32,0
DA:36,0
DA:37,0
DA:38,0
DA:41,0
DA:42,0
DA:43,0
DA:44,0
DA:46,0
DA:50,0
DA:51,0
DA:52,0
DA:54,0
DA:56,0
DA:57,0
DA:58,0
DA:63,0
LF:29
LH:0
BRDA:57,0,0,0
BRDA:57,0,1,0
BRF:2
BRH:0
end_of_record
TN:
SF:seed-test-data.js
FN:16,seedTestData
FNF:1
FNH:0
FNDA:0,seedTestData
DA:5,0
DA:6,0
DA:9,0
DA:12,0
DA:13,0
DA:14,0
DA:18,0
DA:19,0
DA:21,0
DA:27,0
DA:30,0
DA:33,0
DA:35,0
DA:36,0
DA:39,0
DA:49,0
DA:51,0
DA:55,0
DA:81,0
DA:110,0
DA:111,0
DA:115,0
DA:117,0
DA:118,0
DA:120,0
DA:122,0
DA:125,0
DA:127,0
DA:128,0
DA:130,0
DA:132,0
DA:136,0
DA:138,0
DA:140,0
DA:142,0
DA:145,0
DA:146,0
DA:148,0
DA:150,0
LF:39
LH:0
BRDA:33,0,0,0
BRDA:33,0,1,0
BRDA:115,1,0,0
BRDA:115,1,1,0
BRDA:125,2,0,0
BRDA:125,2,1,0
BRDA:146,3,0,0
BRDA:146,3,1,0
BRF:8
BRH:0
end_of_record
TN:
SF:server.js
FN:10,(anonymous_0)
FN:18,(anonymous_1)
FN:21,(anonymous_2)
FN:30,(anonymous_3)
FN:32,(anonymous_4)
FN:36,(anonymous_5)
FN:43,(anonymous_6)
FN:50,(anonymous_7)
FN:51,(anonymous_8)
FN:54,(anonymous_9)
FN:60,(anonymous_10)
FNF:11
FNH:0
FNDA:0,(anonymous_0)
FNDA:0,(anonymous_1)
FNDA:0,(anonymous_2)
FNDA:0,(anonymous_3)
FNDA:0,(anonymous_4)
FNDA:0,(anonymous_5)
FNDA:0,(anonymous_6)
FNDA:0,(anonymous_7)
FNDA:0,(anonymous_8)
FNDA:0,(anonymous_9)
FNDA:0,(anonymous_10)
DA:8,0
DA:10,0
DA:11,0
DA:12,0
DA:13,0
DA:14,0
DA:18,0
DA:19,0
DA:21,0
DA:22,0
DA:23,0
DA:24,0
DA:27,0
DA:30,0
DA:31,0
DA:33,0
DA:34,0
DA:35,0
DA:37,0
DA:38,0
DA:43,0
DA:44,0
DA:45,0
DA:50,0
DA:51,0
DA:54,0
DA:55,0
DA:56,0
DA:60,0
DA:61,0
DA:62,0
LF:31
LH:0
BRDA:22,0,0,0
BRDA:22,0,1,0
BRF:2
BRH:0
end_of_record
TN:
SF:test-connection-debug.js
FN:8,testConnection
FNF:1
FNH:0
FNDA:0,testConnection
DA:4,0
DA:9,0
DA:10,0
DA:11,0
DA:12,0
DA:13,0
DA:14,0
DA:15,0
DA:16,0
DA:18,0
DA:20,0
DA:21,0
DA:22,0
DA:26,0
LF:14
LH:0
BRF:0
BRH:0
end_of_record
TN:
SF:test-connection.js
FN:3,testConnections
FN:31,(anonymous_1)
FN:34,(anonymous_2)
FN:61,(anonymous_3)
FNF:4
FNH:0
FNDA:0,testConnections
FNDA:0,(anonymous_1)
FNDA:0,(anonymous_2)
FNDA:0,(anonymous_3)
DA:4,0
DA:13,0
DA:14,0
DA:16,0
DA:24,0
DA:25,0
DA:26,0
DA:29,0
DA:30,0
DA:31,0
DA:34,0
DA:35,0
DA:36,0
DA:37,0
DA:38,0
DA:40,0
DA:44,0
DA:47,0
DA:48,0
DA:51,0
DA:52,0
DA:56,0
DA:57,0
DA:60,0
DA:62,0
DA:63,0
LF:26
LH:0
BRDA:35,0,0,0
BRDA:35,0,1,0
BRDA:62,1,0,0
BRDA:62,1,1,0
BRF:4
BRH:0
end_of_record
TN:
SF:test-postgres-connection.js
FN:8,testConnection
FNF:1
FNH:0
FNDA:0,testConnection
DA:4,0
DA:9,0
DA:10,0
DA:11,0
DA:12,0
DA:13,0
DA:15,0
DA:17,0
DA:21,0
LF:9
LH:0
BRF:0
BRH:0
end_of_record
TN:
SF:verify-test-db.js
FNF:0
FNH:0
DA:6,0
DA:7,0
DA:10,0
DA:12,0
DA:13,0
DA:14,0
DA:15,0
DA:18,0
DA:19,0
DA:21,0
DA:22,0
DA:28,0
DA:32,0
DA:33,0
DA:34,0
DA:35,0
DA:37,0
DA:38,0
DA:40,0
DA:41,0
DA:44,0
DA:45,0
DA:47,0
DA:50,0
LF:24
LH:0
BRDA:18,0,0,0
BRDA:18,0,1,0
BRDA:37,1,0,0
BRDA:37,1,1,0
BRF:4
BRH:0
end_of_record
TN:
SF:config\config.js
FN:56,(anonymous_0)
FN:56,(anonymous_1)
FNF:2
FNH:0
FNDA:0,(anonymous_0)
FNDA:0,(anonymous_1)
DA:6,0
DA:7,0
DA:9,0
DA:12,0
DA:15,0
DA:16,0
DA:18,0
DA:21,0
DA:24,0
DA:26,0
DA:27,0
DA:28,0
DA:29,0
DA:30,0
DA:31,0
DA:36,0
DA:37,0
DA:47,0
DA:49,0
DA:56,0
LF:20
LH:0
BRDA:12,0,0,0
BRDA:12,0,1,0
BRDA:15,1,0,0
BRDA:15,1,1,0
BRDA:28,2,0,0
BRDA:28,2,1,0
BRDA:30,3,0,0
BRDA:30,3,1,0
BRDA:30,4,0,0
BRDA:30,4,1,0
BRDA:30,4,2,0
BRDA:36,5,0,0
BRDA:36,5,1,0
BRDA:50,6,0,0
BRDA:50,6,1,0
BRDA:52,7,0,0
BRDA:52,7,1,0
BRDA:55,8,0,0
BRDA:55,8,1,0
BRF:19
BRH:0
end_of_record
TN:
SF:controllers\authController.js
FN:11,(anonymous_0)
FN:109,(anonymous_1)
FN:169,(anonymous_2)
FN:214,(anonymous_3)
FN:254,(anonymous_4)
FN:309,(anonymous_5)
FNF:6
FNH:0
FNDA:0,(anonymous_0)
FNDA:0,(anonymous_1)
FNDA:0,(anonymous_2)
FNDA:0,(anonymous_3)
FNDA:0,(anonymous_4)
FNDA:0,(anonymous_5)
DA:11,0
DA:13,0
DA:14,0
DA:15,0
DA:18,0
DA:19,0
DA:23,0
DA:32,0
DA:33,0
DA:37,0
DA:40,0
DA:41,0
DA:42,0
DA:43,0
DA:44,0
DA:45,0
DA:47,0
DA:52,0
DA:69,0
DA:70,0
DA:73,0
DA:81,0
DA:101,0
DA:102,0
DA:109,0
DA:110,0
DA:111,0
DA:113,0
DA:114,0
DA:117,0
DA:122,0
DA:123,0
DA:126,0
DA:128,0
DA:129,0
DA:132,0
DA:133,0
DA:135,0
DA:143,0
DA:158,0
DA:159,0
DA:160,0
DA:162,0
DA:169,0
DA:170,0
DA:171,0
DA:173,0
DA:174,0
DA:177,0
DA:182,0
DA:183,0
DA:186,0
DA:187,0
DA:189,0
DA:190,0
DA:193,0
DA:195,0
DA:203,0
DA:204,0
DA:205,0
DA:207,0
DA:214,0
DA:215,0
DA:216,0
DA:217,0
DA:220,0
DA:234,0
DA:235,0
DA:238,0
DA:243,0
DA:244,0
DA:245,0
DA:247,0
DA:254,0
DA:255,0
DA:256,0
DA:259,0
DA:260,0
DA:264,0
DA:276,0
DA:277,0
DA:281,0
DA:296,0
DA:301,0
DA:302,0
DA:309,0
DA:310,0
DA:313,0
DA:314,0
DA:319,0
DA:324,0
DA:325,0
LF:92
LH:0
BRDA:18,0,0,0
BRDA:18,0,1,0
BRDA:18,1,0,0
BRDA:18,1,1,0
BRDA:18,1,2,0
BRDA:32,2,0,0
BRDA:32,2,1,0
BRDA:41,3,0,0
BRDA:41,3,1,0
BRDA:41,4,0,0
BRDA:41,4,1,0
BRDA:43,5,0,0
BRDA:43,5,1,0
BRDA:45,6,0,0
BRDA:45,6,1,0
BRDA:57,7,0,0
BRDA:57,7,1,0
BRDA:58,8,0,0
BRDA:58,8,1,0
BRDA:60,9,0,0
BRDA:60,9,1,0
BRDA:61,10,0,0
BRDA:61,10,1,0
BRDA:62,11,0,0
BRDA:62,11,1,0
BRDA:63,12,0,0
BRDA:63,12,1,0
BRDA:64,13,0,0
BRDA:64,13,1,0
BRDA:113,14,0,0
BRDA:113,14,1,0
BRDA:113,15,0,0
BRDA:113,15,1,0
BRDA:122,16,0,0
BRDA:122,16,1,0
BRDA:128,17,0,0
BRDA:128,17,1,0
BRDA:159,18,0,0
BRDA:159,18,1,0
BRDA:159,19,0,0
BRDA:159,19,1,0
BRDA:173,20,0,0
BRDA:173,20,1,0
BRDA:182,21,0,0
BRDA:182,21,1,0
BRDA:204,22,0,0
BRDA:204,22,1,0
BRDA:216,23,0,0
BRDA:216,23,1,0
BRDA:216,24,0,0
BRDA:216,24,1,0
BRDA:234,25,0,0
BRDA:234,25,1,0
BRDA:244,26,0,0
BRDA:244,26,1,0
BRDA:259,27,0,0
BRDA:259,27,1,0
BRDA:259,28,0,0
BRDA:259,28,1,0
BRDA:267,29,0,0
BRDA:267,29,1,0
BRDA:268,30,0,0
BRDA:268,30,1,0
BRDA:276,31,0,0
BRDA:276,31,1,0
BRDA:284,32,0,0
BRDA:284,32,1,0
BRDA:285,33,0,0
BRDA:285,33,1,0
BRDA:313,34,0,0
BRDA:313,34,1,0
BRDA:313,35,0,0
BRDA:313,35,1,0
BRF:73
BRH:0
end_of_record
TN:
SF:controllers\breedController.js
FN:11,createBreed
FN:61,getAllBreeds
FN:83,getBreedById
FNF:3
FNH:0
FNDA:0,createBreed
FNDA:0,getAllBreeds
FNDA:0,getBreedById
DA:12,0
DA:14,0
DA:17,0
DA:21,0
DA:22,0
DA:26,0
DA:30,0
DA:31,0
DA:34,0
DA:41,0
DA:43,0
DA:49,0
DA:52,0
DA:53,0
DA:56,0
DA:62,0
DA:63,0
DA:69,0
DA:71,0
DA:77,0
DA:78,0
DA:84,0
DA:86,0
DA:87,0
DA:89,0
DA:90,0
DA:93,0
DA:97,0
DA:98,0
DA:101,0
DA:103,0
DA:108,0
DA:110,0
DA:111,0
DA:114,0
LF:35
LH:0
BRDA:21,0,0,0
BRDA:21,0,1,0
BRDA:30,1,0,0
BRDA:30,1,1,0
BRDA:52,2,0,0
BRDA:52,2,1,0
BRDA:52,3,0,0
BRDA:52,3,1,0
BRDA:89,4,0,0
BRDA:89,4,1,0
BRDA:89,5,0,0
BRDA:89,5,1,0
BRDA:97,6,0,0
BRDA:97,6,1,0
BRDA:110,7,0,0
BRDA:110,7,1,0
BRDA:110,8,0,0
BRDA:110,8,1,0
BRF:18
BRH:0
end_of_record
TN:
SF:controllers\competitionController.js
FN:25,detectTraitBonuses
FN:55,runEnhancedCompetition
FN:59,(anonymous_2)
FN:126,(anonymous_3)
FN:130,(anonymous_4)
FN:147,enterAndRunShow
FN:189,(anonymous_6)
FN:375,(anonymous_7)
FN:377,(anonymous_8)
FN:393,(anonymous_9)
FN:394,(anonymous_10)
FN:400,(anonymous_11)
FN:406,(anonymous_12)
FN:408,(anonymous_13)
FN:431,(anonymous_14)
FN:432,(anonymous_15)
FNF:16
FNH:0
FNDA:0,detectTraitBonuses
FNDA:0,runEnhancedCompetition
FNDA:0,(anonymous_2)
FNDA:0,(anonymous_3)
FNDA:0,(anonymous_4)
FNDA:0,enterAndRunShow
FNDA:0,(anonymous_6)
FNDA:0,(anonymous_7)
FNDA:0,(anonymous_8)
FNDA:0,(anonymous_9)
FNDA:0,(anonymous_10)
FNDA:0,(anonymous_11)
FNDA:0,(anonymous_12)
FNDA:0,(anonymous_13)
FNDA:0,(anonymous_14)
FNDA:0,(anonymous_15)
DA:26,0
DA:34,0
DA:35,0
DA:36,0
DA:38,0
DA:39,0
DA:40,0
DA:41,0
DA:42,0
DA:46,0
DA:56,0
DA:59,0
DA:60,0
DA:62,0
DA:65,0
DA:68,0
DA:105,0
DA:107,0
DA:110,0
DA:111,0
DA:126,0
DA:129,0
DA:130,0
DA:131,0
DA:132,0
DA:136,0
DA:138,0
DA:149,0
DA:150,0
DA:152,0
DA:153,0
DA:155,0
DA:156,0
DA:158,0
DA:159,0
DA:162,0
DA:163,0
DA:166,0
DA:167,0
DA:169,0
DA:170,0
DA:171,0
DA:172,0
DA:174,0
DA:175,0
DA:176,0
DA:178,0
DA:180,0
DA:183,0
DA:188,0
DA:189,0
DA:192,0
DA:193,0
DA:195,0
DA:197,0
DA:198,0
DA:199,0
DA:200,0
DA:204,0
DA:205,0
DA:206,0
DA:207,0
DA:210,0
DA:214,0
DA:217,0
DA:218,0
DA:219,0
DA:236,0
DA:237,0
DA:238,0
DA:239,0
DA:240,0
DA:241,0
DA:242,0
DA:244,0
DA:251,0
DA:252,0
DA:253,0
DA:255,0
DA:256,0
DA:260,0
DA:261,0
DA:267,0
DA:270,0
DA:271,0
DA:272,0
DA:273,0
DA:275,0
DA:276,0
DA:279,0
DA:298,0
DA:299,0
DA:302,0
DA:303,0
DA:304,0
DA:305,0
DA:306,0
DA:308,0
DA:314,0
DA:315,0
DA:317,0
DA:318,0
DA:319,0
DA:320,0
DA:322,0
DA:323,0
DA:325,0
DA:326,0
DA:328,0
DA:329,0
DA:332,0
DA:334,0
DA:337,0
DA:344,0
DA:355,0
DA:358,0
DA:362,0
DA:367,0
DA:369,0
DA:370,0
DA:374,0
DA:375,0
DA:377,0
DA:392,0
DA:393,0
DA:394,0
DA:400,0
DA:401,0
DA:402,0
DA:406,0
DA:407,0
DA:408,0
DA:409,0
DA:415,0
DA:431,0
DA:432,0
DA:441,0
DA:442,0
DA:445,0
DA:446,0
LF:140
LH:0
BRDA:34,0,0,0
BRDA:34,0,1,0
BRDA:38,1,0,0
BRDA:38,1,1,0
BRDA:85,2,0,0
BRDA:85,2,1,0
BRDA:86,3,0,0
BRDA:86,3,1,0
BRDA:87,4,0,0
BRDA:87,4,1,0
BRDA:88,5,0,0
BRDA:88,5,1,0
BRDA:89,6,0,0
BRDA:89,6,1,0
BRDA:90,7,0,0
BRDA:90,7,1,0
BRDA:91,8,0,0
BRDA:91,8,1,0
BRDA:92,9,0,0
BRDA:92,9,1,0
BRDA:96,10,0,0
BRDA:96,10,1,0
BRDA:97,11,0,0
BRDA:97,11,1,0
BRDA:99,12,0,0
BRDA:99,12,1,0
BRDA:100,13,0,0
BRDA:100,13,1,0
BRDA:105,14,0,0
BRDA:105,14,1,0
BRDA:113,15,0,0
BRDA:113,15,1,0
BRDA:131,16,0,0
BRDA:131,16,1,0
BRDA:149,17,0,0
BRDA:149,17,1,0
BRDA:152,18,0,0
BRDA:152,18,1,0
BRDA:155,19,0,0
BRDA:155,19,1,0
BRDA:158,20,0,0
BRDA:158,20,1,0
BRDA:172,21,0,0
BRDA:172,21,1,0
BRDA:174,22,0,0
BRDA:174,22,1,0
BRDA:197,23,0,0
BRDA:197,23,1,0
BRDA:204,24,0,0
BRDA:204,24,1,0
BRDA:217,25,0,0
BRDA:217,25,1,0
BRDA:237,26,0,0
BRDA:237,26,1,0
BRDA:237,27,0,0
BRDA:237,27,1,0
BRDA:275,28,0,0
BRDA:275,28,1,0
BRDA:276,29,0,0
BRDA:276,29,1,0
BRDA:291,30,0,0
BRDA:291,30,1,0
BRDA:292,31,0,0
BRDA:292,31,1,0
BRDA:293,32,0,0
BRDA:293,32,1,0
BRDA:294,33,0,0
BRDA:294,33,1,0
BRDA:295,34,0,0
BRDA:295,34,1,0
BRDA:302,35,0,0
BRDA:302,35,1,0
BRDA:306,36,0,0
BRDA:306,36,1,0
BRDA:314,37,0,0
BRDA:314,37,1,0
BRDA:318,38,0,0
BRDA:318,38,1,0
BRDA:318,39,0,0
BRDA:318,39,1,0
BRDA:320,40,0,0
BRDA:320,40,1,0
BRDA:320,40,2,0
BRDA:332,41,0,0
BRDA:332,41,1,0
BRDA:353,42,0,0
BRDA:353,42,1,0
BRDA:358,43,0,0
BRDA:358,43,1,0
BRDA:382,44,0,0
BRDA:382,44,1,0
BRDA:385,45,0,0
BRDA:385,45,1,0
BRDA:386,46,0,0
BRDA:386,46,1,0
BRDA:387,47,0,0
BRDA:387,47,1,0
BRDA:388,48,0,0
BRDA:388,48,1,0
BRDA:394,49,0,0
BRDA:394,49,1,0
BRDA:401,50,0,0
BRDA:401,50,1,0
BRDA:407,51,0,0
BRDA:407,51,1,0
BRDA:409,52,0,0
BRDA:409,52,1,0
BRF:107
BRH:0
end_of_record
TN:
SF:controllers\groomController.js
FN:23,assignGroom
FN:65,ensureDefaultAssignment
FN:107,getFoalAssignments
FN:143,(anonymous_3)
FN:162,recordInteraction
FN:278,getPlayerGrooms
FN:315,(anonymous_6)
FN:334,hireGroom
FN:422,getGroomDefinitions
FNF:9
FNH:0
FNDA:0,assignGroom
FNDA:0,ensureDefaultAssignment
FNDA:0,getFoalAssignments
FNDA:0,(anonymous_3)
FNDA:0,recordInteraction
FNDA:0,getPlayerGrooms
FNDA:0,(anonymous_6)
FNDA:0,hireGroom
FNDA:0,getGroomDefinitions
DA:24,0
DA:25,0
DA:26,0
DA:28,0
DA:31,0
DA:32,0
DA:39,0
DA:45,0
DA:52,0
DA:53,0
DA:66,0
DA:67,0
DA:68,0
DA:70,0
DA:71,0
DA:72,0
DA:79,0
DA:81,0
DA:83,0
DA:94,0
DA:95,0
DA:108,0
DA:109,0
DA:111,0
DA:112,0
DA:113,0
DA:120,0
DA:122,0
DA:137,0
DA:143,0
DA:149,0
DA:150,0
DA:163,0
DA:171,0
DA:173,0
DA:176,0
DA:177,0
DA:185,0
DA:198,0
DA:199,0
DA:206,0
DA:207,0
DA:215,0
DA:218,0
DA:234,0
DA:235,0
DA:237,0
DA:245,0
DA:247,0
DA:265,0
DA:266,0
DA:279,0
DA:280,0
DA:282,0
DA:284,0
DA:309,0
DA:315,0
DA:321,0
DA:322,0
DA:335,0
DA:345,0
DA:346,0
DA:348,0
DA:351,0
DA:352,0
DA:360,0
DA:361,0
DA:369,0
DA:370,0
DA:378,0
DA:379,0
DA:386,0
DA:400,0
DA:402,0
DA:409,0
DA:410,0
DA:423,0
DA:424,0
DA:426,0
DA:438,0
DA:439,0
LF:81
LH:0
BRDA:25,0,0,0
BRDA:26,1,0,0
BRDA:26,1,1,0
BRDA:31,2,0,0
BRDA:31,2,1,0
BRDA:31,3,0,0
BRDA:31,3,1,0
BRDA:55,4,0,0
BRDA:55,4,1,0
BRDA:56,5,0,0
BRDA:56,5,1,0
BRDA:68,6,0,0
BRDA:68,6,1,0
BRDA:71,7,0,0
BRDA:71,7,1,0
BRDA:71,8,0,0
BRDA:71,8,1,0
BRDA:88,9,0,0
BRDA:88,9,1,0
BRDA:89,10,0,0
BRDA:89,10,1,0
BRDA:97,11,0,0
BRDA:97,11,1,0
BRDA:98,12,0,0
BRDA:98,12,1,0
BRDA:112,13,0,0
BRDA:112,13,1,0
BRDA:112,14,0,0
BRDA:112,14,1,0
BRDA:153,15,0,0
BRDA:153,15,1,0
BRDA:176,16,0,0
BRDA:176,16,1,0
BRDA:176,17,0,0
BRDA:176,17,1,0
BRDA:176,17,2,0
BRDA:176,17,3,0
BRDA:198,18,0,0
BRDA:198,18,1,0
BRDA:206,19,0,0
BRDA:206,19,1,0
BRDA:234,20,0,0
BRDA:234,20,1,0
BRDA:235,21,0,0
BRDA:235,21,1,0
BRDA:269,22,0,0
BRDA:269,22,1,0
BRDA:325,23,0,0
BRDA:325,23,1,0
BRDA:346,24,0,0
BRDA:346,24,1,0
BRDA:351,25,0,0
BRDA:351,25,1,0
BRDA:351,26,0,0
BRDA:351,26,1,0
BRDA:351,26,2,0
BRDA:351,26,3,0
BRDA:360,27,0,0
BRDA:360,27,1,0
BRDA:369,28,0,0
BRDA:369,28,1,0
BRDA:378,29,0,0
BRDA:378,29,1,0
BRDA:390,30,0,0
BRDA:390,30,1,0
BRDA:393,31,0,0
BRDA:393,31,1,0
BRDA:395,32,0,0
BRDA:395,32,1,0
BRDA:413,33,0,0
BRDA:413,33,1,0
BRDA:442,34,0,0
BRDA:442,34,1,0
BRF:73
BRH:0
end_of_record
TN:
SF:controllers\horseController.js
FN:13,getHorseHistory
FN:31,(anonymous_1)
FN:67,createFoal
FN:203,gatherLineage
FN:241,(anonymous_4)
FN:284,assessFeedQualityFromMare
FN:340,getHorseOverview
FNF:7
FNH:0
FNDA:0,getHorseHistory
FNDA:0,(anonymous_1)
FNDA:0,createFoal
FNDA:0,gatherLineage
FNDA:0,(anonymous_4)
FNDA:0,assessFeedQualityFromMare
FNDA:0,getHorseOverview
DA:14,0
DA:15,0
DA:18,0
DA:19,0
DA:20,0
DA:28,0
DA:31,0
DA:43,0
DA:45,0
DA:52,0
DA:54,0
DA:68,0
DA:79,0
DA:81,0
DA:84,0
DA:85,0
DA:93,0
DA:98,0
DA:99,0
DA:106,0
DA:107,0
DA:115,0
DA:124,0
DA:127,0
DA:130,0
DA:132,0
DA:135,0
DA:142,0
DA:145,0
DA:165,0
DA:167,0
DA:169,0
DA:186,0
DA:188,0
DA:204,0
DA:205,0
DA:207,0
DA:208,0
DA:209,0
DA:211,0
DA:212,0
DA:215,0
DA:216,0
DA:219,0
DA:222,0
DA:236,0
DA:238,0
DA:239,0
DA:240,0
DA:241,0
DA:242,0
DA:243,0
DA:244,0
DA:250,0
DA:261,0
DA:262,0
DA:264,0
DA:265,0
DA:270,0
DA:271,0
DA:274,0
DA:275,0
DA:285,0
DA:286,0
DA:289,0
DA:291,0
DA:292,0
DA:294,0
DA:295,0
DA:297,0
DA:298,0
DA:300,0
DA:301,0
DA:303,0
DA:304,0
DA:306,0
DA:310,0
DA:311,0
DA:312,0
DA:313,0
DA:314,0
DA:315,0
DA:316,0
DA:320,0
DA:321,0
DA:323,0
DA:325,0
DA:328,0
DA:329,0
DA:341,0
DA:342,0
DA:345,0
DA:346,0
DA:347,0
DA:354,0
DA:357,0
DA:371,0
DA:372,0
DA:373,0
DA:381,0
DA:382,0
DA:383,0
DA:384,0
DA:385,0
DA:386,0
DA:389,0
DA:390,0
DA:391,0
DA:395,0
DA:400,0
DA:401,0
DA:402,0
DA:416,0
DA:417,0
DA:424,0
DA:429,0
DA:442,0
DA:444,0
DA:451,0
DA:453,0
LF:120
LH:0
BRDA:19,0,0,0
BRDA:19,0,1,0
BRDA:19,1,0,0
BRDA:19,1,1,0
BRDA:38,2,0,0
BRDA:38,2,1,0
BRDA:78,3,0,0
BRDA:84,4,0,0
BRDA:84,4,1,0
BRDA:84,5,0,0
BRDA:84,5,1,0
BRDA:84,5,2,0
BRDA:84,5,3,0
BRDA:98,6,0,0
BRDA:98,6,1,0
BRDA:106,7,0,0
BRDA:106,7,1,0
BRDA:118,8,0,0
BRDA:118,8,1,0
BRDA:119,9,0,0
BRDA:119,9,1,0
BRDA:120,10,0,0
BRDA:120,10,1,0
BRDA:158,11,0,0
BRDA:158,11,1,0
BRDA:159,12,0,0
BRDA:159,12,1,0
BRDA:215,13,0,0
BRDA:215,13,1,0
BRDA:215,14,0,0
BRDA:215,14,1,0
BRDA:236,15,0,0
BRDA:236,15,1,0
BRDA:239,16,0,0
BRDA:239,16,1,0
BRDA:239,17,0,0
BRDA:239,17,1,0
BRDA:242,18,0,0
BRDA:242,18,1,0
BRDA:242,19,0,0
BRDA:242,19,1,0
BRDA:261,20,0,0
BRDA:261,20,1,0
BRDA:261,21,0,0
BRDA:261,21,1,0
BRDA:264,22,0,0
BRDA:264,22,1,0
BRDA:264,23,0,0
BRDA:264,23,1,0
BRDA:289,24,0,0
BRDA:289,24,1,0
BRDA:289,24,2,0
BRDA:289,24,3,0
BRDA:289,24,4,0
BRDA:289,24,5,0
BRDA:310,25,0,0
BRDA:310,25,1,0
BRDA:311,26,0,0
BRDA:311,26,1,0
BRDA:313,27,0,0
BRDA:313,27,1,0
BRDA:315,28,0,0
BRDA:315,28,1,0
BRDA:346,29,0,0
BRDA:346,29,1,0
BRDA:346,30,0,0
BRDA:346,30,1,0
BRDA:371,31,0,0
BRDA:371,31,1,0
BRDA:384,32,0,0
BRDA:384,32,1,0
BRDA:390,33,0,0
BRDA:390,33,1,0
BRDA:416,34,0,0
BRDA:416,34,1,0
BRDA:434,35,0,0
BRDA:434,35,1,0
BRDA:436,36,0,0
BRDA:436,36,1,0
BRDA:439,37,0,0
BRDA:439,37,1,0
BRF:81
BRH:0
end_of_record
TN:
SF:controllers\leaderboardController.js
FN:10,(anonymous_0)
FN:15,(anonymous_1)
FN:25,(anonymous_2)
FN:49,(anonymous_3)
FN:93,(anonymous_4)
FN:134,(anonymous_5)
FN:144,(anonymous_6)
FN:149,(anonymous_7)
FN:184,(anonymous_8)
FN:225,(anonymous_9)
FN:266,(anonymous_10)
FN:312,(anonymous_11)
FN:381,(anonymous_12)
FN:403,(anonymous_13)
FN:408,(anonymous_14)
FN:420,(anonymous_15)
FN:456,(anonymous_16)
FN:499,(anonymous_17)
FN:542,(anonymous_18)
FN:582,(anonymous_19)
FNF:20
FNH:0
FNDA:0,(anonymous_0)
FNDA:0,(anonymous_1)
FNDA:0,(anonymous_2)
FNDA:0,(anonymous_3)
FNDA:0,(anonymous_4)
FNDA:0,(anonymous_5)
FNDA:0,(anonymous_6)
FNDA:0,(anonymous_7)
FNDA:0,(anonymous_8)
FNDA:0,(anonymous_9)
FNDA:0,(anonymous_10)
FNDA:0,(anonymous_11)
FNDA:0,(anonymous_12)
FNDA:0,(anonymous_13)
FNDA:0,(anonymous_14)
FNDA:0,(anonymous_15)
FNDA:0,(anonymous_16)
FNDA:0,(anonymous_17)
FNDA:0,(anonymous_18)
FNDA:0,(anonymous_19)
DA:10,0
DA:11,0
DA:12,0
DA:15,0
DA:16,0
DA:17,0
DA:25,0
DA:26,0
DA:27,0
DA:28,0
DA:30,0
DA:31,0
DA:47,0
DA:49,0
DA:50,0
DA:51,0
DA:52,0
DA:53,0
DA:65,0
DA:79,0
DA:80,0
DA:93,0
DA:94,0
DA:95,0
DA:96,0
DA:98,0
DA:99,0
DA:101,0
DA:102,0
DA:103,0
DA:105,0
DA:106,0
DA:108,0
DA:109,0
DA:111,0
DA:112,0
DA:116,0
DA:128,0
DA:134,0
DA:135,0
DA:144,0
DA:145,0
DA:146,0
DA:149,0
DA:156,0
DA:170,0
DA:171,0
DA:184,0
DA:185,0
DA:186,0
DA:187,0
DA:189,0
DA:190,0
DA:191,0
DA:192,0
DA:195,0
DA:216,0
DA:225,0
DA:237,0
DA:252,0
DA:253,0
DA:266,0
DA:267,0
DA:268,0
DA:269,0
DA:271,0
DA:273,0
DA:275,0
DA:276,0
DA:279,0
DA:281,0
DA:283,0
DA:285,0
DA:287,0
DA:289,0
DA:290,0
DA:292,0
DA:295,0
DA:306,0
DA:310,0
DA:312,0
DA:313,0
DA:318,0
DA:332,0
DA:335,0
DA:336,0
DA:337,0
DA:339,0
DA:340,0
DA:342,0
DA:344,0
DA:345,0
DA:346,0
DA:348,0
DA:351,0
DA:367,0
DA:368,0
DA:381,0
DA:382,0
DA:383,0
DA:384,0
DA:386,0
DA:387,0
DA:403,0
DA:404,0
DA:408,0
DA:409,0
DA:410,0
DA:413,0
DA:420,0
DA:428,0
DA:442,0
DA:443,0
DA:456,0
DA:457,0
DA:458,0
DA:459,0
DA:461,0
DA:462,0
DA:466,0
DA:467,0
DA:471,0
DA:475,0
DA:499,0
DA:500,0
DA:501,0
DA:512,0
DA:528,0
DA:529,0
DA:542,0
DA:543,0
DA:544,0
DA:547,0
DA:553,0
DA:564,0
DA:571,0
DA:582,0
DA:589,0
DA:596,0
DA:597,0
LF:140
LH:0
BRDA:26,0,0,0
BRDA:26,1,0,0
BRDA:83,2,0,0
BRDA:83,2,1,0
BRDA:94,3,0,0
BRDA:94,4,0,0
BRDA:94,5,0,0
BRDA:101,6,0,0
BRDA:101,6,1,0
BRDA:103,7,0,0
BRDA:103,7,1,0
BRDA:103,7,2,0
BRDA:152,8,0,0
BRDA:152,8,1,0
BRDA:174,9,0,0
BRDA:174,9,1,0
BRDA:185,10,0,0
BRDA:185,11,0,0
BRDA:191,12,0,0
BRDA:191,12,1,0
BRDA:230,13,0,0
BRDA:230,13,1,0
BRDA:233,14,0,0
BRDA:233,14,1,0
BRDA:256,15,0,0
BRDA:256,15,1,0
BRDA:267,16,0,0
BRDA:267,17,0,0
BRDA:267,18,0,0
BRDA:275,19,0,0
BRDA:275,19,1,0
BRDA:279,20,0,0
BRDA:279,20,1,0
BRDA:279,20,2,0
BRDA:279,20,3,0
BRDA:298,21,0,0
BRDA:298,21,1,0
BRDA:300,22,0,0
BRDA:300,22,1,0
BRDA:321,23,0,0
BRDA:321,23,1,0
BRDA:322,24,0,0
BRDA:322,24,1,0
BRDA:323,25,0,0
BRDA:323,25,1,0
BRDA:326,26,0,0
BRDA:326,26,1,0
BRDA:332,27,0,0
BRDA:332,27,1,0
BRDA:332,27,2,0
BRDA:336,28,0,0
BRDA:336,28,1,0
BRDA:339,29,0,0
BRDA:339,29,1,0
BRDA:344,30,0,0
BRDA:344,30,1,0
BRDA:371,31,0,0
BRDA:371,31,1,0
BRDA:382,32,0,0
BRDA:382,33,0,0
BRDA:423,34,0,0
BRDA:423,34,1,0
BRDA:446,35,0,0
BRDA:446,35,1,0
BRDA:457,36,0,0
BRDA:457,37,0,0
BRDA:457,38,0,0
BRDA:466,39,0,0
BRDA:466,39,1,0
BRDA:503,40,0,0
BRDA:503,40,1,0
BRDA:504,41,0,0
BRDA:504,41,1,0
BRDA:508,42,0,0
BRDA:508,42,1,0
BRDA:517,43,0,0
BRDA:517,43,1,0
BRDA:532,44,0,0
BRDA:532,44,1,0
BRDA:572,45,0,0
BRDA:572,45,1,0
BRDA:577,46,0,0
BRDA:577,46,1,0
BRDA:580,47,0,0
BRDA:580,47,1,0
BRDA:600,48,0,0
BRDA:600,48,1,0
BRF:87
BRH:0
end_of_record
TN:
SF:controllers\pingController.js
FN:8,(anonymous_0)
FN:23,(anonymous_1)
FNF:2
FNH:0
FNDA:0,(anonymous_0)
FNDA:0,(anonymous_1)
DA:8,0
DA:9,0
DA:10,0
DA:12,0
DA:23,0
DA:24,0
DA:25,0
DA:34,0
DA:36,0
DA:37,0
DA:38,0
DA:40,0
DA:45,0
DA:50,0
DA:55,0
DA:56,0
DA:61,0
DA:66,0
LF:18
LH:0
BRDA:10,0,0,0
BRDA:10,0,1,0
BRDA:29,1,0,0
BRDA:29,1,1,0
BRDA:30,2,0,0
BRDA:30,2,1,0
BRF:6
BRH:0
end_of_record
TN:
SF:controllers\trainingController.js
FN:15,canTrain
FN:93,trainHorse
FN:286,getTrainingStatus
FN:349,getTrainableHorses
FN:434,trainRouteHandler
FNF:5
FNH:0
FNDA:0,canTrain
FNDA:0,trainHorse
FNDA:0,getTrainingStatus
FNDA:0,getTrainableHorses
FNDA:0,trainRouteHandler
DA:16,0
DA:18,0
DA:19,0
DA:22,0
DA:23,0
DA:27,0
DA:28,0
DA:29,0
DA:32,0
DA:35,0
DA:37,0
DA:38,0
DA:39,0
DA:45,0
DA:46,0
DA:47,0
DA:54,0
DA:56,0
DA:57,0
DA:58,0
DA:59,0
DA:61,0
DA:62,0
DA:63,0
DA:65,0
DA:66,0
DA:74,0
DA:75,0
DA:81,0
DA:82,0
DA:94,0
DA:95,0
DA:98,0
DA:100,0
DA:101,0
DA:102,0
DA:112,0
DA:113,0
DA:114,0
DA:118,0
DA:119,0
DA:120,0
DA:122,0
DA:125,0
DA:126,0
DA:127,0
DA:137,0
DA:140,0
DA:143,0
DA:144,0
DA:145,0
DA:149,0
DA:152,0
DA:153,0
DA:156,0
DA:159,0
DA:160,0
DA:161,0
DA:165,0
DA:166,0
DA:169,0
DA:181,0
DA:182,0
DA:185,0
DA:188,0
DA:189,0
DA:190,0
DA:193,0
DA:200,0
DA:201,0
DA:202,0
DA:204,0
DA:205,0
DA:206,0
DA:211,0
DA:214,0
DA:215,0
DA:216,0
DA:220,0
DA:221,0
DA:223,0
DA:226,0
DA:229,0
DA:235,0
DA:236,0
DA:237,0
DA:240,0
DA:245,0
DA:246,0
DA:249,0
DA:250,0
DA:251,0
DA:254,0
DA:256,0
DA:258,0
DA:274,0
DA:275,0
DA:287,0
DA:288,0
DA:291,0
DA:294,0
DA:295,0
DA:296,0
DA:298,0
DA:299,0
DA:300,0
DA:301,0
DA:302,0
DA:304,0
DA:305,0
DA:306,0
DA:307,0
DA:309,0
DA:316,0
DA:325,0
DA:333,0
DA:335,0
DA:338,0
DA:339,0
DA:350,0
DA:352,0
DA:353,0
DA:356,0
DA:359,0
DA:361,0
DA:362,0
DA:363,0
DA:366,0
DA:367,0
DA:368,0
DA:372,0
DA:374,0
DA:377,0
DA:379,0
DA:380,0
DA:381,0
DA:384,0
DA:386,0
DA:388,0
DA:390,0
DA:392,0
DA:395,0
DA:396,0
DA:397,0
DA:399,0
DA:400,0
DA:405,0
DA:406,0
DA:415,0
DA:420,0
DA:421,0
DA:424,0
DA:425,0
DA:435,0
DA:436,0
DA:438,0
DA:441,0
DA:443,0
DA:445,0
DA:446,0
DA:449,0
DA:450,0
DA:453,0
DA:462,0
DA:469,0
DA:470,0
LF:166
LH:0
BRDA:18,0,0,0
BRDA:18,0,1,0
BRDA:18,1,0,0
BRDA:18,1,1,0
BRDA:22,2,0,0
BRDA:22,2,1,0
BRDA:28,3,0,0
BRDA:28,3,1,0
BRDA:28,4,0,0
BRDA:28,4,1,0
BRDA:37,5,0,0
BRDA:37,5,1,0
BRDA:45,6,0,0
BRDA:45,6,1,0
BRDA:56,7,0,0
BRDA:56,7,1,0
BRDA:61,8,0,0
BRDA:61,8,1,0
BRDA:100,9,0,0
BRDA:100,9,1,0
BRDA:113,10,0,0
BRDA:113,10,1,0
BRDA:118,11,0,0
BRDA:118,11,1,0
BRDA:119,12,0,0
BRDA:119,12,1,0
BRDA:119,13,0,0
BRDA:119,13,1,0
BRDA:125,14,0,0
BRDA:125,14,1,0
BRDA:143,15,0,0
BRDA:143,15,1,0
BRDA:159,16,0,0
BRDA:159,16,1,0
BRDA:165,17,0,0
BRDA:165,17,1,0
BRDA:181,18,0,0
BRDA:181,18,1,0
BRDA:188,19,0,0
BRDA:188,19,1,0
BRDA:196,20,0,0
BRDA:196,20,1,0
BRDA:215,21,0,0
BRDA:215,21,1,0
BRDA:221,22,0,0
BRDA:221,22,1,0
BRDA:221,23,0,0
BRDA:221,23,1,0
BRDA:235,24,0,0
BRDA:235,24,1,0
BRDA:236,25,0,0
BRDA:236,25,1,0
BRDA:236,26,0,0
BRDA:236,26,1,0
BRDA:249,27,0,0
BRDA:249,27,1,0
BRDA:261,28,0,0
BRDA:261,28,1,0
BRDA:263,29,0,0
BRDA:263,29,1,0
BRDA:268,30,0,0
BRDA:268,30,1,0
BRDA:269,31,0,0
BRDA:269,31,1,0
BRDA:299,32,0,0
BRDA:299,32,1,0
BRDA:304,33,0,0
BRDA:304,33,1,0
BRDA:352,34,0,0
BRDA:352,34,1,0
BRDA:361,35,0,0
BRDA:361,35,1,0
BRDA:366,36,0,0
BRDA:366,36,1,0
BRDA:366,37,0,0
BRDA:366,37,1,0
BRDA:379,38,0,0
BRDA:379,38,1,0
BRDA:390,39,0,0
BRDA:390,39,1,0
BRDA:399,40,0,0
BRDA:399,40,1,0
BRDA:405,41,0,0
BRDA:405,41,1,0
BRDA:443,42,0,0
BRDA:443,42,1,0
BRDA:445,43,0,0
BRDA:445,43,1,0
BRDA:446,44,0,0
BRDA:446,44,1,0
BRDA:450,45,0,0
BRDA:450,45,1,0
BRDA:473,46,0,0
BRDA:473,46,1,0
BRF:94
BRH:0
end_of_record
TN:
SF:controllers\traitCompetitionController.js
FN:14,analyzeHorseTraitImpact
FN:83,(anonymous_1)
FN:97,(anonymous_2)
FN:98,(anonymous_3)
FN:124,compareTraitImpactAcrossDisciplines
FN:160,(anonymous_5)
FN:168,(anonymous_6)
FN:175,(anonymous_7)
FN:196,(anonymous_8)
FN:197,(anonymous_9)
FN:198,(anonymous_10)
FN:224,getTraitCompetitionEffects
FN:234,(anonymous_12)
FN:239,(anonymous_13)
FN:254,(anonymous_14)
FN:273,(anonymous_15)
FN:282,(anonymous_16)
FN:283,(anonymous_17)
FNF:18
FNH:0
FNDA:0,analyzeHorseTraitImpact
FNDA:0,(anonymous_1)
FNDA:0,(anonymous_2)
FNDA:0,(anonymous_3)
FNDA:0,compareTraitImpactAcrossDisciplines
FNDA:0,(anonymous_5)
FNDA:0,(anonymous_6)
FNDA:0,(anonymous_7)
FNDA:0,(anonymous_8)
FNDA:0,(anonymous_9)
FNDA:0,(anonymous_10)
FNDA:0,getTraitCompetitionEffects
FNDA:0,(anonymous_12)
FNDA:0,(anonymous_13)
FNDA:0,(anonymous_14)
FNDA:0,(anonymous_15)
FNDA:0,(anonymous_16)
FNDA:0,(anonymous_17)
DA:15,0
DA:16,0
DA:17,0
DA:20,0
DA:21,0
DA:28,0
DA:29,0
DA:37,0
DA:53,0
DA:54,0
DA:62,0
DA:65,0
DA:68,0
DA:83,0
DA:97,0
DA:98,0
DA:102,0
DA:104,0
DA:111,0
DA:112,0
DA:125,0
DA:126,0
DA:127,0
DA:130,0
DA:131,0
DA:139,0
DA:148,0
DA:149,0
DA:156,0
DA:157,0
DA:160,0
DA:161,0
DA:163,0
DA:168,0
DA:175,0
DA:178,0
DA:179,0
DA:181,0
DA:196,0
DA:197,0
DA:198,0
DA:202,0
DA:204,0
DA:211,0
DA:212,0
DA:225,0
DA:226,0
DA:228,0
DA:229,0
DA:232,0
DA:233,0
DA:234,0
DA:239,0
DA:240,0
DA:253,0
DA:254,0
DA:255,0
DA:265,0
DA:266,0
DA:269,0
DA:273,0
DA:274,0
DA:275,0
DA:277,0
DA:280,0
DA:282,0
DA:283,0
DA:288,0
DA:295,0
DA:296,0
LF:70
LH:0
BRDA:20,0,0,0
BRDA:20,0,1,0
BRDA:20,1,0,0
BRDA:20,1,1,0
BRDA:28,2,0,0
BRDA:28,2,1,0
BRDA:53,3,0,0
BRDA:53,3,1,0
BRDA:96,4,0,0
BRDA:96,4,1,0
BRDA:96,5,0,0
BRDA:96,5,1,0
BRDA:130,6,0,0
BRDA:130,6,1,0
BRDA:130,7,0,0
BRDA:130,7,1,0
BRDA:148,8,0,0
BRDA:148,8,1,0
BRDA:170,9,0,0
BRDA:170,9,1,0
BRDA:170,10,0,0
BRDA:170,10,1,0
BRDA:232,11,0,0
BRDA:232,11,1,0
BRDA:232,12,0,0
BRDA:232,12,1,0
BRDA:253,13,0,0
BRDA:253,13,1,0
BRDA:265,14,0,0
BRDA:265,14,1,0
BRDA:265,15,0,0
BRDA:265,15,1,0
BRDA:274,16,0,0
BRDA:274,16,1,0
BRDA:275,17,0,0
BRDA:275,17,1,0
BRDA:284,18,0,0
BRDA:284,18,1,0
BRDA:284,19,0,0
BRDA:284,19,1,0
BRF:40
BRH:0
end_of_record
TN:
SF:controllers\traitController.js
FN:15,discoverTraits
FN:81,getHorseTraits
FN:122,(anonymous_2)
FN:126,(anonymous_3)
FN:130,(anonymous_4)
FN:168,getTraitDefinitions
FN:182,(anonymous_6)
FN:217,getDiscoveryStatus
FN:299,batchDiscoverTraits
FN:346,(anonymous_9)
FNF:10
FNH:0
FNDA:0,discoverTraits
FNDA:0,getHorseTraits
FNDA:0,(anonymous_2)
FNDA:0,(anonymous_3)
FNDA:0,(anonymous_4)
FNDA:0,getTraitDefinitions
FNDA:0,(anonymous_6)
FNDA:0,getDiscoveryStatus
FNDA:0,batchDiscoverTraits
FNDA:0,(anonymous_9)
DA:16,0
DA:17,0
DA:18,0
DA:21,0
DA:22,0
DA:23,0
DA:30,0
DA:33,0
DA:38,0
DA:39,0
DA:47,0
DA:53,0
DA:54,0
DA:57,0
DA:68,0
DA:69,0
DA:82,0
DA:83,0
DA:86,0
DA:87,0
DA:88,0
DA:95,0
DA:98,0
DA:110,0
DA:111,0
DA:119,0
DA:121,0
DA:122,0
DA:126,0
DA:130,0
DA:136,0
DA:155,0
DA:156,0
DA:169,0
DA:170,0
DA:172,0
DA:175,0
DA:176,0
DA:178,0
DA:182,0
DA:183,0
DA:184,0
DA:185,0
DA:190,0
DA:193,0
DA:204,0
DA:205,0
DA:218,0
DA:219,0
DA:222,0
DA:223,0
DA:224,0
DA:231,0
DA:234,0
DA:244,0
DA:245,0
DA:253,0
DA:256,0
DA:257,0
DA:259,0
DA:261,0
DA:286,0
DA:287,0
DA:300,0
DA:301,0
DA:304,0
DA:305,0
DA:312,0
DA:313,0
DA:320,0
DA:322,0
DA:323,0
DA:326,0
DA:327,0
DA:328,0
DA:329,0
DA:330,0
DA:331,0
DA:334,0
DA:335,0
DA:341,0
DA:342,0
DA:346,0
DA:348,0
DA:363,0
DA:364,0
LF:86
LH:0
BRDA:18,0,0,0
BRDA:18,1,0,0
BRDA:22,2,0,0
BRDA:22,2,1,0
BRDA:22,3,0,0
BRDA:22,3,1,0
BRDA:38,4,0,0
BRDA:38,4,1,0
BRDA:53,5,0,0
BRDA:53,5,1,0
BRDA:72,6,0,0
BRDA:72,6,1,0
BRDA:87,7,0,0
BRDA:87,7,1,0
BRDA:87,8,0,0
BRDA:87,8,1,0
BRDA:110,9,0,0
BRDA:110,9,1,0
BRDA:119,10,0,0
BRDA:119,10,1,0
BRDA:122,11,0,0
BRDA:122,11,1,0
BRDA:126,12,0,0
BRDA:126,12,1,0
BRDA:130,13,0,0
BRDA:130,13,1,0
BRDA:159,14,0,0
BRDA:159,14,1,0
BRDA:172,15,0,0
BRDA:172,15,1,0
BRDA:175,16,0,0
BRDA:175,16,1,0
BRDA:175,17,0,0
BRDA:175,17,1,0
BRDA:184,18,0,0
BRDA:184,18,1,0
BRDA:199,19,0,0
BRDA:199,19,1,0
BRDA:208,20,0,0
BRDA:208,20,1,0
BRDA:223,21,0,0
BRDA:223,21,1,0
BRDA:223,22,0,0
BRDA:223,22,1,0
BRDA:244,23,0,0
BRDA:244,23,1,0
BRDA:257,24,0,0
BRDA:257,24,1,0
BRDA:259,25,0,0
BRDA:259,25,1,0
BRDA:273,26,0,0
BRDA:273,26,1,0
BRDA:273,27,0,0
BRDA:273,27,1,0
BRDA:274,28,0,0
BRDA:274,28,1,0
BRDA:281,29,0,0
BRDA:281,29,1,0
BRDA:281,30,0,0
BRDA:281,30,1,0
BRDA:290,31,0,0
BRDA:290,31,1,0
BRDA:301,32,0,0
BRDA:304,33,0,0
BRDA:304,33,1,0
BRDA:304,34,0,0
BRDA:304,34,1,0
BRDA:312,35,0,0
BRDA:312,35,1,0
BRDA:329,36,0,0
BRDA:329,36,1,0
BRDA:329,37,0,0
BRDA:329,37,1,0
BRDA:346,38,0,0
BRDA:346,38,1,0
BRDA:367,39,0,0
BRDA:367,39,1,0
BRF:77
BRH:0
end_of_record
TN:
SF:controllers\userController.js
FN:20,(anonymous_0)
FN:78,(anonymous_1)
FN:138,(anonymous_2)
FNF:3
FNH:0
FNDA:0,(anonymous_0)
FNDA:0,(anonymous_1)
FNDA:0,(anonymous_2)
DA:20,0
DA:21,0
DA:22,0
DA:23,0
DA:25,0
DA:26,0
DA:27,0
DA:30,0
DA:32,0
DA:37,0
DA:38,0
DA:39,0
DA:44,0
DA:47,0
DA:55,0
DA:57,0
DA:64,0
DA:65,0
DA:78,0
DA:79,0
DA:80,0
DA:82,0
DA:83,0
DA:84,0
DA:87,0
DA:88,0
DA:93,0
DA:94,0
DA:95,0
DA:99,0
DA:104,0
DA:105,0
DA:106,0
DA:107,0
DA:109,0
DA:114,0
DA:127,0
DA:138,0
DA:140,0
DA:141,0
DA:142,0
DA:152,0
DA:154,0
DA:157,0
DA:158,0
DA:159,0
DA:180,0
DA:181,0
DA:188,0
DA:191,0
DA:213,0
DA:215,0
DA:222,0
DA:223,0
LF:54
LH:0
BRDA:25,0,0,0
BRDA:25,0,1,0
BRDA:37,1,0,0
BRDA:37,1,1,0
BRDA:82,2,0,0
BRDA:82,2,1,0
BRDA:93,3,0,0
BRDA:93,3,1,0
BRDA:152,4,0,0
BRDA:152,4,1,0
BRDA:180,5,0,0
BRDA:180,5,1,0
BRF:12
BRH:0
end_of_record
TN:
SF:db\index.js
FNF:0
FNH:0
LF:0
LH:0
BRF:0
BRH:0
end_of_record
TN:
SF:docs\swagger.js
FNF:0
FNH:0
DA:9,0
DA:270,0
LF:2
LH:0
BRF:0
BRH:0
end_of_record
TN:
SF:errors\AppError.js
FN:6,(anonymous_0)
FNF:1
FNH:0
FNDA:0,(anonymous_0)
DA:7,0
DA:9,0
DA:10,0
DA:11,0
DA:14,0
LF:5
LH:0
BRDA:6,0,0,0
BRDA:6,1,0,0
BRDA:10,2,0,0
BRDA:10,2,1,0
BRF:4
BRH:0
end_of_record
TN:
SF:errors\DatabaseError.js
FN:8,(anonymous_0)
FNF:1
FNH:0
FNDA:0,(anonymous_0)
DA:9,0
DA:11,0
DA:12,0
LF:3
LH:0
BRDA:8,0,0,0
BRF:1
BRH:0
end_of_record
TN:
SF:errors\NotFoundError.js
FN:8,(anonymous_0)
FNF:1
FNH:0
FNDA:0,(anonymous_0)
DA:9,0
DA:13,0
DA:15,0
DA:16,0
DA:17,0
LF:5
LH:0
BRDA:8,0,0,0
BRDA:8,1,0,0
BRDA:9,2,0,0
BRDA:9,2,1,0
BRF:4
BRH:0
end_of_record
TN:
SF:errors\ValidationError.js
FN:8,(anonymous_0)
FNF:1
FNH:0
FNDA:0,(anonymous_0)
DA:9,0
DA:11,0
DA:12,0
DA:13,0
LF:4
LH:0
BRDA:8,0,0,0
BRDA:8,1,0,0
BRF:2
BRH:0
end_of_record
TN:
SF:errors\index.js
FNF:0
FNH:0
LF:0
LH:0
BRF:0
BRH:0
end_of_record
TN:
SF:examples\applyEpigeneticTraitsAtBirthExample.js
FNF:0
FNH:0
DA:8,0
DA:11,0
DA:12,0
DA:14,0
DA:21,0
DA:28,0
DA:29,0
DA:32,0
DA:33,0
DA:35,0
DA:41,0
DA:49,0
DA:56,0
DA:57,0
DA:60,0
DA:61,0
DA:63,0
DA:69,0
DA:77,0
DA:84,0
DA:85,0
DA:88,0
DA:89,0
DA:91,0
DA:97,0
DA:120,0
DA:127,0
DA:128,0
DA:131,0
DA:132,0
DA:134,0
DA:140,0
DA:147,0
DA:148,0
DA:151,0
DA:152,0
DA:154,0
DA:160,0
DA:168,0
DA:175,0
DA:176,0
DA:179,0
DA:180,0
DA:182,0
DA:188,0
DA:196,0
DA:203,0
DA:204,0
DA:207,0
DA:208,0
DA:211,0
DA:217,0
DA:224,0
DA:231,0
DA:232,0
DA:234,0
DA:235,0
DA:236,0
DA:237,0
DA:238,0
DA:239,0
DA:240,0
DA:241,0
DA:242,0
DA:243,0
LF:65
LH:0
BRF:0
BRH:0
end_of_record
TN:
SF:examples\atBirthTraitsExample.js
FN:15,optimalBreedingExample
FN:46,poorBreedingExample
FN:75,horseCreationExample
FN:113,showTraitDefinitions
FN:115,(anonymous_4)
FN:122,(anonymous_5)
FN:133,testBreedingScenarios
FN:157,(anonymous_7)
FN:165,(anonymous_8)
FN:171,(anonymous_9)
FN:182,evaluateConditions
FN:209,runExamples
FNF:12
FNH:0
FNDA:0,optimalBreedingExample
FNDA:0,poorBreedingExample
FNDA:0,horseCreationExample
FNDA:0,showTraitDefinitions
FNDA:0,(anonymous_4)
FNDA:0,(anonymous_5)
FNDA:0,testBreedingScenarios
FNDA:0,(anonymous_7)
FNDA:0,(anonymous_8)
FNDA:0,(anonymous_9)
FNDA:0,evaluateConditions
FNDA:0,runExamples
DA:9,0
DA:12,0
DA:13,0
DA:16,0
DA:17,0
DA:24,0
DA:26,0
DA:27,0
DA:28,0
DA:29,0
DA:30,0
DA:32,0
DA:33,0
DA:34,0
DA:35,0
DA:38,0
DA:43,0
DA:44,0
DA:47,0
DA:48,0
DA:55,0
DA:57,0
DA:58,0
DA:59,0
DA:61,0
DA:62,0
DA:63,0
DA:64,0
DA:67,0
DA:72,0
DA:73,0
DA:76,0
DA:77,0
DA:89,0
DA:90,0
DA:91,0
DA:92,0
DA:93,0
DA:94,0
DA:95,0
DA:97,0
DA:99,0
DA:100,0
DA:101,0
DA:102,0
DA:103,0
DA:106,0
DA:111,0
DA:114,0
DA:115,0
DA:116,0
DA:117,0
DA:118,0
DA:121,0
DA:122,0
DA:123,0
DA:124,0
DA:125,0
DA:130,0
DA:131,0
DA:134,0
DA:157,0
DA:158,0
DA:159,0
DA:160,0
DA:163,0
DA:165,0
DA:166,0
DA:167,0
DA:171,0
DA:172,0
DA:173,0
DA:177,0
DA:183,0
DA:184,0
DA:186,0
DA:187,0
DA:189,0
DA:190,0
DA:192,0
DA:193,0
DA:195,0
DA:196,0
DA:198,0
DA:199,0
DA:201,0
DA:202,0
DA:205,0
DA:210,0
DA:211,0
DA:212,0
DA:213,0
DA:214,0
DA:215,0
DA:217,0
DA:218,0
DA:219,0
DA:220,0
DA:221,0
DA:222,0
DA:223,0
DA:226,0
DA:241,0
DA:242,0
LF:104
LH:0
BRDA:33,0,0,0
BRDA:33,0,1,0
BRDA:34,1,0,0
BRDA:34,1,1,0
BRDA:35,2,0,0
BRDA:35,2,1,0
BRDA:62,3,0,0
BRDA:62,3,1,0
BRDA:63,4,0,0
BRDA:63,4,1,0
BRDA:64,5,0,0
BRDA:64,5,1,0
BRDA:101,6,0,0
BRDA:101,6,1,0
BRDA:102,7,0,0
BRDA:102,7,1,0
BRDA:103,8,0,0
BRDA:103,8,1,0
BRDA:166,9,0,0
BRDA:166,9,1,0
BRDA:172,10,0,0
BRDA:172,10,1,0
BRDA:177,11,0,0
BRDA:177,11,1,0
BRDA:184,12,0,0
BRDA:184,12,1,0
BRDA:184,12,2,0
BRDA:184,12,3,0
BRDA:184,12,4,0
BRDA:184,12,5,0
BRDA:186,13,0,0
BRDA:186,13,1,0
BRDA:189,14,0,0
BRDA:189,14,1,0
BRDA:192,15,0,0
BRDA:192,15,1,0
BRDA:195,16,0,0
BRDA:195,16,1,0
BRDA:198,17,0,0
BRDA:198,17,1,0
BRDA:201,18,0,0
BRDA:201,18,1,0
BRDA:241,19,0,0
BRDA:241,19,1,0
BRF:44
BRH:0
end_of_record
TN:
SF:examples\epigeneticTraitsExample.js
FN:118,(anonymous_0)
FN:146,(anonymous_1)
FN:171,(anonymous_2)
FN:196,simulateBreeding
FN:251,(anonymous_4)
FNF:5
FNH:0
FNDA:0,(anonymous_0)
FNDA:0,(anonymous_1)
FNDA:0,(anonymous_2)
FNDA:0,simulateBreeding
FNDA:0,(anonymous_4)
DA:8,0
DA:11,0
DA:12,0
DA:14,0
DA:21,0
DA:22,0
DA:23,0
DA:24,0
DA:25,0
DA:28,0
DA:29,0
DA:31,0
DA:38,0
DA:39,0
DA:40,0
DA:41,0
DA:42,0
DA:45,0
DA:46,0
DA:48,0
DA:55,0
DA:56,0
DA:57,0
DA:58,0
DA:59,0
DA:62,0
DA:63,0
DA:65,0
DA:72,0
DA:73,0
DA:74,0
DA:75,0
DA:76,0
DA:79,0
DA:80,0
DA:82,0
DA:90,0
DA:91,0
DA:93,0
DA:94,0
DA:95,0
DA:96,0
DA:97,0
DA:100,0
DA:101,0
DA:103,0
DA:111,0
DA:112,0
DA:113,0
DA:114,0
DA:117,0
DA:118,0
DA:119,0
DA:120,0
DA:123,0
DA:124,0
DA:127,0
DA:130,0
DA:131,0
DA:133,0
DA:134,0
DA:135,0
DA:138,0
DA:145,0
DA:146,0
DA:147,0
DA:148,0
DA:150,0
DA:153,0
DA:154,0
DA:156,0
DA:171,0
DA:172,0
DA:175,0
DA:176,0
DA:177,0
DA:179,0
DA:180,0
DA:181,0
DA:182,0
DA:183,0
DA:186,0
DA:187,0
DA:188,0
DA:189,0
DA:193,0
DA:194,0
DA:197,0
DA:199,0
DA:206,0
DA:208,0
DA:209,0
DA:210,0
DA:211,0
DA:212,0
DA:213,0
DA:214,0
DA:215,0
DA:217,0
DA:221,0
DA:226,0
DA:232,0
DA:237,0
DA:239,0
DA:242,0
DA:243,0
DA:245,0
DA:251,0
DA:252,0
DA:253,0
DA:254,0
DA:256,0
DA:260,0
DA:261,0
DA:262,0
DA:263,0
DA:264,0
DA:265,0
DA:266,0
DA:267,0
LF:120
LH:0
BRDA:120,0,0,0
BRDA:120,0,1,0
BRDA:120,0,2,0
BRDA:123,1,0,0
BRDA:123,1,1,0
BRDA:148,2,0,0
BRDA:148,2,1,0
BRDA:213,3,0,0
BRDA:213,3,1,0
BRDA:214,4,0,0
BRDA:214,4,1,0
BRDA:215,5,0,0
BRDA:215,5,1,0
BRF:13
BRH:0
end_of_record
TN:
SF:examples\foalEnrichmentDemo.js
FN:21,completeEnrichmentActivity
FN:50,(anonymous_1)
FN:63,runDemo
FN:121,checkServer
FN:139,main
FNF:5
FNH:0
FNDA:0,completeEnrichmentActivity
FNDA:0,(anonymous_1)
FNDA:0,runDemo
FNDA:0,checkServer
FNDA:0,main
DA:15,0
DA:16,0
DA:22,0
DA:23,0
DA:25,0
DA:36,0
DA:38,0
DA:39,0
DA:40,0
DA:41,0
DA:42,0
DA:43,0
DA:44,0
DA:46,0
DA:48,0
DA:49,0
DA:50,0
DA:52,0
DA:55,0
DA:56,0
DA:64,0
DA:65,0
DA:67,0
DA:68,0
DA:71,0
DA:74,0
DA:77,0
DA:80,0
DA:83,0
DA:86,0
DA:88,0
DA:91,0
DA:94,0
DA:97,0
DA:100,0
DA:102,0
DA:103,0
DA:104,0
DA:105,0
DA:106,0
DA:107,0
DA:108,0
DA:109,0
DA:110,0
DA:112,0
DA:113,0
DA:114,0
DA:115,0
DA:122,0
DA:123,0
DA:124,0
DA:125,0
DA:126,0
DA:128,0
DA:129,0
DA:132,0
DA:133,0
DA:134,0
DA:140,0
DA:141,0
DA:142,0
DA:146,0
LF:62
LH:0
BRDA:38,0,0,0
BRDA:38,0,1,0
BRDA:41,1,0,0
BRDA:41,1,1,0
BRDA:42,2,0,0
BRDA:42,2,1,0
BRDA:49,3,0,0
BRDA:49,3,1,0
BRDA:124,4,0,0
BRDA:124,4,1,0
BRDA:141,5,0,0
BRDA:141,5,1,0
BRF:12
BRH:0
end_of_record
TN:
SF:examples\horseTraitHelperUsage.js
FN:19,exampleTrainingWithTraits
FN:84,exampleCompetitionWithTraits
FN:148,exampleAddTraitBasedOnEvent
FN:226,exampleCompleteWorkflow
FNF:4
FNH:0
FNDA:0,exampleTrainingWithTraits
FNDA:0,exampleCompetitionWithTraits
FNDA:0,exampleAddTraitBasedOnEvent
FNDA:0,exampleCompleteWorkflow
DA:20,0
DA:21,0
DA:24,0
DA:25,0
DA:26,0
DA:28,0
DA:29,0
DA:30,0
DA:31,0
DA:34,0
DA:35,0
DA:37,0
DA:38,0
DA:39,0
DA:42,0
DA:43,0
DA:46,0
DA:47,0
DA:48,0
DA:49,0
DA:52,0
DA:53,0
DA:54,0
DA:58,0
DA:59,0
DA:60,0
DA:63,0
DA:64,0
DA:65,0
DA:67,0
DA:75,0
DA:76,0
DA:85,0
DA:86,0
DA:89,0
DA:90,0
DA:92,0
DA:93,0
DA:94,0
DA:97,0
DA:98,0
DA:101,0
DA:102,0
DA:103,0
DA:104,0
DA:107,0
DA:108,0
DA:109,0
DA:110,0
DA:111,0
DA:113,0
DA:114,0
DA:115,0
DA:117,0
DA:118,0
DA:119,0
DA:120,0
DA:122,0
DA:123,0
DA:124,0
DA:128,0
DA:129,0
DA:130,0
DA:132,0
DA:139,0
DA:140,0
DA:149,0
DA:150,0
DA:152,0
DA:153,0
DA:156,0
DA:158,0
DA:159,0
DA:160,0
DA:161,0
DA:164,0
DA:165,0
DA:166,0
DA:167,0
DA:170,0
DA:171,0
DA:172,0
DA:173,0
DA:176,0
DA:177,0
DA:178,0
DA:179,0
DA:182,0
DA:183,0
DA:186,0
DA:188,0
DA:190,0
DA:191,0
DA:192,0
DA:196,0
DA:197,0
DA:199,0
DA:202,0
DA:203,0
DA:205,0
DA:206,0
DA:207,0
DA:209,0
DA:217,0
DA:218,0
DA:227,0
DA:228,0
DA:231,0
DA:232,0
DA:233,0
DA:235,0
DA:236,0
DA:239,0
DA:240,0
DA:242,0
DA:243,0
DA:244,0
DA:248,0
DA:249,0
DA:252,0
DA:253,0
DA:256,0
DA:257,0
DA:259,0
DA:267,0
DA:268,0
LF:126
LH:0
BRDA:38,0,0,0
BRDA:38,0,1,0
BRDA:39,1,0,0
BRDA:39,1,1,0
BRDA:46,2,0,0
BRDA:46,2,1,0
BRDA:52,3,0,0
BRDA:52,3,1,0
BRDA:58,4,0,0
BRDA:58,4,1,0
BRDA:64,5,0,0
BRDA:64,5,1,0
BRDA:93,6,0,0
BRDA:93,6,1,0
BRDA:94,7,0,0
BRDA:94,7,1,0
BRDA:107,8,0,0
BRDA:107,8,1,0
BRDA:108,9,0,0
BRDA:108,9,1,0
BRDA:113,10,0,0
BRDA:113,10,1,0
BRDA:117,11,0,0
BRDA:117,11,1,0
BRDA:118,12,0,0
BRDA:118,12,1,0
BRDA:122,13,0,0
BRDA:122,13,1,0
BRDA:129,14,0,0
BRDA:129,14,1,0
BRDA:156,15,0,0
BRDA:156,15,1,0
BRDA:156,15,2,0
BRDA:156,15,3,0
BRDA:156,15,4,0
BRDA:186,16,0,0
BRDA:186,16,1,0
BRDA:190,17,0,0
BRDA:190,17,1,0
BRDA:206,18,0,0
BRDA:206,18,1,0
BRDA:207,19,0,0
BRDA:207,19,1,0
BRDA:235,20,0,0
BRDA:235,20,1,0
BRDA:236,21,0,0
BRDA:236,21,1,0
BRDA:244,22,0,0
BRDA:244,22,1,0
BRF:49
BRH:0
end_of_record
TN:
SF:examples\lineageTraitCheckExample.js
FN:17,basicAffinityExample
FN:28,(anonymous_1)
FN:36,noAffinityExample
FN:47,(anonymous_3)
FN:55,competitionHistoryExample
FN:95,(anonymous_5)
FN:96,(anonymous_6)
FN:108,disciplineScoresExample
FN:135,(anonymous_8)
FN:137,(anonymous_9)
FN:149,detailedAnalysisExample
FN:174,specificDisciplineExample
FN:197,edgeCasesExample
FN:228,breedingScenarioExample
FN:283,runAllExamples
FNF:15
FNH:0
FNDA:0,basicAffinityExample
FNDA:0,(anonymous_1)
FNDA:0,noAffinityExample
FNDA:0,(anonymous_3)
FNDA:0,competitionHistoryExample
FNDA:0,(anonymous_5)
FNDA:0,(anonymous_6)
FNDA:0,disciplineScoresExample
FNDA:0,(anonymous_8)
FNDA:0,(anonymous_9)
FNDA:0,detailedAnalysisExample
FNDA:0,specificDisciplineExample
FNDA:0,edgeCasesExample
FNDA:0,breedingScenarioExample
FNDA:0,runAllExamples
DA:12,0
DA:15,0
DA:18,0
DA:26,0
DA:28,0
DA:29,0
DA:30,0
DA:34,0
DA:37,0
DA:45,0
DA:47,0
DA:48,0
DA:49,0
DA:53,0
DA:56,0
DA:92,0
DA:94,0
DA:95,0
DA:96,0
DA:97,0
DA:98,0
DA:101,0
DA:102,0
DA:106,0
DA:109,0
DA:132,0
DA:134,0
DA:135,0
DA:136,0
DA:137,0
DA:139,0
DA:142,0
DA:143,0
DA:147,0
DA:150,0
DA:160,0
DA:162,0
DA:163,0
DA:164,0
DA:165,0
DA:166,0
DA:167,0
DA:168,0
DA:172,0
DA:175,0
DA:182,0
DA:184,0
DA:185,0
DA:187,0
DA:188,0
DA:190,0
DA:191,0
DA:195,0
DA:198,0
DA:201,0
DA:202,0
DA:205,0
DA:206,0
DA:209,0
DA:214,0
DA:217,0
DA:222,0
DA:226,0
DA:229,0
DA:231,0
DA:251,0
DA:253,0
DA:254,0
DA:256,0
DA:258,0
DA:259,0
DA:260,0
DA:263,0
DA:264,0
DA:266,0
DA:267,0
DA:268,0
DA:270,0
DA:271,0
DA:272,0
DA:273,0
DA:274,0
DA:275,0
DA:276,0
DA:278,0
DA:284,0
DA:285,0
DA:286,0
DA:287,0
DA:288,0
DA:289,0
DA:290,0
DA:291,0
DA:292,0
DA:294,0
DA:295,0
DA:296,0
DA:297,0
DA:298,0
DA:299,0
DA:300,0
DA:303,0
DA:321,0
DA:322,0
LF:104
LH:0
BRDA:30,0,0,0
BRDA:30,0,1,0
BRDA:49,1,0,0
BRDA:49,1,1,0
BRDA:102,2,0,0
BRDA:102,2,1,0
BRDA:143,3,0,0
BRDA:143,3,1,0
BRDA:168,4,0,0
BRDA:168,4,1,0
BRDA:260,5,0,0
BRDA:260,5,1,0
BRDA:271,6,0,0
BRDA:271,6,1,0
BRDA:271,7,0,0
BRDA:271,7,1,0
BRDA:273,8,0,0
BRDA:273,8,1,0
BRDA:275,9,0,0
BRDA:275,9,1,0
BRDA:321,10,0,0
BRDA:321,10,1,0
BRF:22
BRH:0
end_of_record
TN:
SF:examples\traitIntegrationExample.js
FNF:0
FNH:0
DA:10,0
DA:13,0
DA:14,0
DA:16,0
DA:26,0
DA:27,0
DA:28,0
DA:29,0
DA:30,0
DA:33,0
DA:34,0
DA:35,0
DA:36,0
DA:38,0
DA:39,0
DA:40,0
DA:41,0
DA:44,0
DA:45,0
DA:47,0
DA:58,0
DA:70,0
DA:71,0
DA:72,0
DA:74,0
DA:75,0
DA:76,0
DA:77,0
DA:78,0
DA:79,0
DA:81,0
DA:82,0
DA:83,0
DA:84,0
DA:85,0
DA:88,0
DA:89,0
DA:91,0
DA:102,0
DA:114,0
DA:115,0
DA:116,0
DA:118,0
DA:119,0
DA:123,0
DA:124,0
DA:125,0
DA:126,0
DA:127,0
DA:129,0
DA:130,0
DA:131,0
DA:132,0
DA:135,0
DA:136,0
DA:138,0
DA:150,0
DA:162,0
DA:168,0
DA:174,0
DA:175,0
DA:176,0
DA:177,0
DA:178,0
DA:179,0
DA:182,0
DA:183,0
DA:184,0
DA:185,0
DA:186,0
DA:189,0
DA:190,0
DA:191,0
DA:192,0
DA:193,0
DA:194,0
DA:195,0
LF:77
LH:0
BRDA:119,0,0,0
BRDA:119,0,1,0
BRDA:130,1,0,0
BRDA:130,1,1,0
BRDA:178,2,0,0
BRDA:178,2,1,0
BRDA:185,3,0,0
BRDA:185,3,1,0
BRF:8
BRH:0
end_of_record
TN:
SF:logic\simulateCompetition.js
FN:26,simulateCompetition
FN:41,(anonymous_1)
FN:137,(anonymous_2)
FN:149,(anonymous_3)
FN:168,(anonymous_4)
FN:172,(anonymous_5)
FNF:6
FNH:0
FNDA:0,simulateCompetition
FNDA:0,(anonymous_1)
FNDA:0,(anonymous_2)
FNDA:0,(anonymous_3)
FNDA:0,(anonymous_4)
FNDA:0,(anonymous_5)
DA:28,0
DA:29,0
DA:32,0
DA:33,0
DA:36,0
DA:37,0
DA:41,0
DA:42,0
DA:44,0
DA:47,0
DA:50,0
DA:51,0
DA:52,0
DA:54,0
DA:55,0
DA:56,0
DA:60,0
DA:63,0
DA:64,0
DA:65,0
DA:68,0
DA:71,0
DA:72,0
DA:73,0
DA:76,0
DA:77,0
DA:80,0
DA:81,0
DA:83,0
DA:85,0
DA:86,0
DA:87,0
DA:90,0
DA:93,0
DA:94,0
DA:95,0
DA:99,0
DA:100,0
DA:103,0
DA:105,0
DA:106,0
DA:110,0
DA:113,0
DA:114,0
DA:117,0
DA:118,0
DA:122,0
DA:123,0
DA:125,0
DA:137,0
DA:150,0
DA:157,0
DA:158,0
DA:168,0
DA:171,0
DA:172,0
DA:173,0
DA:174,0
DA:178,0
LF:59
LH:0
BRDA:28,0,0,0
BRDA:28,0,1,0
BRDA:32,1,0,0
BRDA:32,1,1,0
BRDA:32,2,0,0
BRDA:32,2,1,0
BRDA:36,3,0,0
BRDA:36,3,1,0
BRDA:47,4,0,0
BRDA:47,4,1,0
BRDA:54,5,0,0
BRDA:54,5,1,0
BRDA:60,6,0,0
BRDA:60,6,1,0
BRDA:63,7,0,0
BRDA:63,7,1,0
BRDA:63,7,2,0
BRDA:64,8,0,0
BRDA:64,8,1,0
BRDA:64,8,2,0
BRDA:71,9,0,0
BRDA:71,9,1,0
BRDA:71,9,2,0
BRDA:72,10,0,0
BRDA:72,10,1,0
BRDA:72,10,2,0
BRDA:76,11,0,0
BRDA:76,11,1,0
BRDA:81,12,0,0
BRDA:81,12,1,0
BRDA:83,13,0,0
BRDA:83,13,1,0
BRDA:85,14,0,0
BRDA:85,14,1,0
BRDA:86,15,0,0
BRDA:86,15,1,0
BRDA:86,16,0,0
BRDA:86,16,1,0
BRDA:93,17,0,0
BRDA:93,17,1,0
BRDA:99,18,0,0
BRDA:99,18,1,0
BRDA:105,19,0,0
BRDA:105,19,1,0
BRDA:117,20,0,0
BRDA:117,20,1,0
BRDA:157,21,0,0
BRDA:157,21,1,0
BRDA:160,22,0,0
BRDA:160,22,1,0
BRDA:173,23,0,0
BRDA:173,23,1,0
BRF:52
BRH:0
end_of_record
TN:
SF:middleware\auditLog.js
FN:12,(anonymous_0)
FN:13,(anonymous_1)
FN:23,(anonymous_2)
FN:41,logOperation
FN:97,storeAuditLog
FN:129,checkSuspiciousActivity
FN:141,(anonymous_6)
FN:178,detectSuspiciousPatterns
FN:183,(anonymous_8)
FN:193,(anonymous_9)
FN:205,(anonymous_10)
FN:216,(anonymous_11)
FN:229,(anonymous_12)
FN:249,sanitizeLogData
FN:261,(anonymous_14)
FN:282,(anonymous_15)
FN:287,(anonymous_16)
FNF:17
FNH:0
FNDA:0,(anonymous_0)
FNDA:0,(anonymous_1)
FNDA:0,(anonymous_2)
FNDA:0,logOperation
FNDA:0,storeAuditLog
FNDA:0,checkSuspiciousActivity
FNDA:0,(anonymous_6)
FNDA:0,detectSuspiciousPatterns
FNDA:0,(anonymous_8)
FNDA:0,(anonymous_9)
FNDA:0,(anonymous_10)
FNDA:0,(anonymous_11)
FNDA:0,(anonymous_12)
FNDA:0,sanitizeLogData
FNDA:0,(anonymous_14)
FNDA:0,(anonymous_15)
FNDA:0,(anonymous_16)
DA:12,0
DA:13,0
DA:15,0
DA:16,0
DA:19,0
DA:20,0
DA:23,0
DA:24,0
DA:25,0
DA:28,0
DA:31,0
DA:34,0
DA:42,0
DA:43,0
DA:63,0
DA:64,0
DA:68,0
DA:69,0
DA:71,0
DA:82,0
DA:83,0
DA:87,0
DA:90,0
DA:98,0
DA:101,0
DA:120,0
DA:127,0
DA:130,0
DA:131,0
DA:132,0
DA:134,0
DA:135,0
DA:138,0
DA:141,0
DA:144,0
DA:153,0
DA:156,0
DA:158,0
DA:159,0
DA:171,0
DA:179,0
DA:180,0
DA:183,0
DA:184,0
DA:185,0
DA:193,0
DA:194,0
DA:196,0
DA:197,0
DA:205,0
DA:206,0
DA:207,0
DA:216,0
DA:217,0
DA:219,0
DA:220,0
DA:228,0
DA:229,0
DA:230,0
DA:231,0
DA:232,0
DA:236,0
DA:237,0
DA:243,0
DA:250,0
DA:252,0
DA:257,0
DA:259,0
DA:260,0
DA:261,0
DA:262,0
DA:266,0
DA:272,0
DA:273,0
DA:274,0
DA:275,0
DA:276,0
DA:277,0
DA:282,0
DA:283,0
DA:284,0
DA:286,0
DA:287,0
DA:288,0
DA:291,0
DA:292,0
DA:294,0
LF:87
LH:0
BRDA:12,0,0,0
BRDA:15,1,0,0
BRDA:15,1,1,0
BRDA:15,2,0,0
BRDA:15,2,1,0
BRDA:45,3,0,0
BRDA:45,3,1,0
BRDA:46,4,0,0
BRDA:46,4,1,0
BRDA:47,5,0,0
BRDA:47,5,1,0
BRDA:63,6,0,0
BRDA:63,6,1,0
BRDA:68,7,0,0
BRDA:68,7,1,0
BRDA:68,8,0,0
BRDA:68,8,1,0
BRDA:82,9,0,0
BRDA:82,9,1,0
BRDA:132,10,0,0
BRDA:132,10,1,0
BRDA:138,11,0,0
BRDA:138,11,1,0
BRDA:158,12,0,0
BRDA:158,12,1,0
BRDA:184,13,0,0
BRDA:184,13,1,0
BRDA:196,14,0,0
BRDA:196,14,1,0
BRDA:206,15,0,0
BRDA:206,15,1,0
BRDA:219,16,0,0
BRDA:219,16,1,0
BRDA:230,17,0,0
BRDA:230,17,1,0
BRDA:232,18,0,0
BRDA:232,18,1,0
BRDA:232,18,2,0
BRDA:236,19,0,0
BRDA:236,19,1,0
BRDA:250,20,0,0
BRDA:250,20,1,0
BRDA:250,21,0,0
BRDA:250,21,1,0
BRDA:261,22,0,0
BRDA:261,22,1,0
BRDA:291,23,0,0
BRDA:291,23,1,0
BRF:48
BRH:0
end_of_record
TN:
SF:middleware\auth.js
FN:9,(anonymous_0)
FN:25,(anonymous_1)
FN:64,(anonymous_2)
FN:79,(anonymous_3)
FN:96,(anonymous_4)
FN:97,(anonymous_5)
FN:132,(anonymous_6)
FN:144,(anonymous_7)
FNF:8
FNH:0
FNDA:0,(anonymous_0)
FNDA:0,(anonymous_1)
FNDA:0,(anonymous_2)
FNDA:0,(anonymous_3)
FNDA:0,(anonymous_4)
FNDA:0,(anonymous_5)
FNDA:0,(anonymous_6)
FNDA:0,(anonymous_7)
DA:9,0
DA:10,0
DA:11,0
DA:12,0
DA:14,0
DA:15,0
DA:16,0
DA:19,0
DA:20,0
DA:21,0
DA:22,0
DA:25,0
DA:26,0
DA:27,0
DA:29,0
DA:30,0
DA:31,0
DA:32,0
DA:34,0
DA:38,0
DA:39,0
DA:40,0
DA:43,0
DA:44,0
DA:51,0
DA:52,0
DA:64,0
DA:65,0
DA:66,0
DA:67,0
DA:69,0
DA:70,0
DA:73,0
DA:74,0
DA:75,0
DA:76,0
DA:79,0
DA:80,0
DA:81,0
DA:82,0
DA:84,0
DA:87,0
DA:88,0
DA:96,0
DA:97,0
DA:98,0
DA:99,0
DA:100,0
DA:103,0
DA:104,0
DA:105,0
DA:108,0
DA:109,0
DA:111,0
DA:112,0
DA:119,0
DA:120,0
DA:132,0
DA:133,0
DA:134,0
DA:135,0
DA:138,0
DA:144,0
DA:145,0
LF:64
LH:0
BRDA:12,0,0,0
BRDA:12,0,1,0
BRDA:14,1,0,0
BRDA:14,1,1,0
BRDA:20,2,0,0
BRDA:20,2,1,0
BRDA:26,3,0,0
BRDA:26,3,1,0
BRDA:29,4,0,0
BRDA:29,4,1,0
BRDA:31,5,0,0
BRDA:31,5,1,0
BRDA:43,6,0,0
BRDA:43,6,1,0
BRDA:67,7,0,0
BRDA:67,7,1,0
BRDA:69,8,0,0
BRDA:69,8,1,0
BRDA:74,9,0,0
BRDA:74,9,1,0
BRDA:80,10,0,0
BRDA:80,10,1,0
BRDA:80,11,0,0
BRDA:80,11,1,0
BRDA:99,12,0,0
BRDA:99,12,1,0
BRDA:103,13,0,0
BRDA:103,13,1,0
BRDA:103,14,0,0
BRDA:103,14,1,0
BRDA:111,15,0,0
BRDA:111,15,1,0
BRDA:132,16,0,0
BRDA:134,17,0,0
BRDA:134,17,1,0
BRF:35
BRH:0
end_of_record
TN:
SF:middleware\errorHandler.js
FN:8,(anonymous_0)
FN:36,(anonymous_1)
FNF:2
FNH:0
FNDA:0,(anonymous_0)
FNDA:0,(anonymous_1)
DA:8,0
DA:9,0
DA:10,0
DA:13,0
DA:23,0
DA:24,0
DA:25,0
DA:29,0
DA:30,0
DA:31,0
DA:35,0
DA:36,0
DA:37,0
DA:41,0
DA:42,0
DA:43,0
DA:46,0
DA:47,0
DA:48,0
DA:52,0
LF:20
LH:0
BRDA:23,0,0,0
BRDA:23,0,1,0
BRDA:29,1,0,0
BRDA:29,1,1,0
BRDA:35,2,0,0
BRDA:35,2,1,0
BRDA:41,3,0,0
BRDA:41,3,1,0
BRDA:46,4,0,0
BRDA:46,4,1,0
BRDA:52,5,0,0
BRDA:52,5,1,0
BRDA:54,6,0,0
BRDA:54,6,1,0
BRDA:55,7,0,0
BRDA:55,7,1,0
BRF:16
BRH:0
end_of_record
TN:
SF:middleware\gameIntegrity.js
FN:13,(anonymous_0)
FN:14,(anonymous_1)
FN:24,(anonymous_2)
FN:50,(anonymous_3)
FN:53,(anonymous_4)
FN:82,(anonymous_5)
FN:114,(anonymous_6)
FN:177,(anonymous_7)
FN:242,(anonymous_8)
FN:243,(anonymous_9)
FN:303,(anonymous_10)
FNF:11
FNH:0
FNDA:0,(anonymous_0)
FNDA:0,(anonymous_1)
FNDA:0,(anonymous_2)
FNDA:0,(anonymous_3)
FNDA:0,(anonymous_4)
FNDA:0,(anonymous_5)
FNDA:0,(anonymous_6)
FNDA:0,(anonymous_7)
FNDA:0,(anonymous_8)
FNDA:0,(anonymous_9)
FNDA:0,(anonymous_10)
DA:13,0
DA:14,0
DA:15,0
DA:18,0
DA:24,0
DA:25,0
DA:28,0
DA:29,0
DA:30,0
DA:34,0
DA:35,0
DA:36,0
DA:37,0
DA:38,0
DA:43,0
DA:50,0
DA:51,0
DA:53,0
DA:54,0
DA:55,0
DA:56,0
DA:59,0
DA:60,0
DA:61,0
DA:62,0
DA:66,0
DA:69,0
DA:70,0
DA:71,0
DA:75,0
DA:82,0
DA:83,0
DA:84,0
DA:85,0
DA:87,0
DA:88,0
DA:92,0
DA:109,0
DA:110,0
DA:114,0
DA:115,0
DA:117,0
DA:118,0
DA:119,0
DA:122,0
DA:123,0
DA:124,0
DA:128,0
DA:129,0
DA:132,0
DA:133,0
DA:137,0
DA:138,0
DA:142,0
DA:143,0
DA:147,0
DA:148,0
DA:150,0
DA:151,0
DA:152,0
DA:153,0
DA:157,0
DA:158,0
DA:159,0
DA:160,0
DA:165,0
DA:166,0
DA:169,0
DA:170,0
DA:177,0
DA:178,0
DA:179,0
DA:180,0
DA:182,0
DA:183,0
DA:187,0
DA:195,0
DA:196,0
DA:200,0
DA:201,0
DA:202,0
DA:206,0
DA:207,0
DA:211,0
DA:212,0
DA:216,0
DA:217,0
DA:218,0
DA:219,0
DA:220,0
DA:221,0
DA:226,0
DA:227,0
DA:228,0
DA:231,0
DA:234,0
DA:235,0
DA:242,0
DA:243,0
DA:244,0
DA:245,0
DA:246,0
DA:248,0
DA:249,0
DA:253,0
DA:258,0
DA:259,0
DA:263,0
DA:264,0
DA:265,0
DA:269,0
DA:270,0
DA:271,0
DA:276,0
DA:277,0
DA:278,0
DA:281,0
DA:286,0
DA:287,0
DA:291,0
DA:294,0
DA:295,0
DA:303,0
DA:304,0
DA:306,0
DA:307,0
DA:308,0
DA:309,0
DA:312,0
DA:313,0
DA:314,0
DA:319,0
DA:320,0
LF:133
LH:0
BRDA:13,0,0,0
BRDA:25,1,0,0
BRDA:25,1,1,0
BRDA:28,2,0,0
BRDA:28,2,1,0
BRDA:35,3,0,0
BRDA:35,3,1,0
BRDA:37,4,0,0
BRDA:37,4,1,0
BRDA:37,5,0,0
BRDA:37,5,1,0
BRDA:37,5,2,0
BRDA:60,6,0,0
BRDA:60,6,1,0
BRDA:60,7,0,0
BRDA:60,7,1,0
BRDA:70,8,0,0
BRDA:70,8,1,0
BRDA:87,9,0,0
BRDA:87,9,1,0
BRDA:87,10,0,0
BRDA:87,10,1,0
BRDA:109,11,0,0
BRDA:109,11,1,0
BRDA:109,12,0,0
BRDA:109,12,1,0
BRDA:115,13,0,0
BRDA:115,13,1,0
BRDA:117,14,0,0
BRDA:117,14,1,0
BRDA:117,15,0,0
BRDA:117,15,1,0
BRDA:122,16,0,0
BRDA:122,16,1,0
BRDA:128,17,0,0
BRDA:128,17,1,0
BRDA:128,18,0,0
BRDA:128,18,1,0
BRDA:132,19,0,0
BRDA:132,19,1,0
BRDA:132,20,0,0
BRDA:132,20,1,0
BRDA:137,21,0,0
BRDA:137,21,1,0
BRDA:137,22,0,0
BRDA:137,22,1,0
BRDA:142,23,0,0
BRDA:142,23,1,0
BRDA:142,24,0,0
BRDA:142,24,1,0
BRDA:150,25,0,0
BRDA:150,25,1,0
BRDA:152,26,0,0
BRDA:152,26,1,0
BRDA:157,27,0,0
BRDA:157,27,1,0
BRDA:159,28,0,0
BRDA:159,28,1,0
BRDA:182,29,0,0
BRDA:182,29,1,0
BRDA:182,30,0,0
BRDA:182,30,1,0
BRDA:195,31,0,0
BRDA:195,31,1,0
BRDA:200,32,0,0
BRDA:200,32,1,0
BRDA:200,33,0,0
BRDA:200,33,1,0
BRDA:206,34,0,0
BRDA:206,34,1,0
BRDA:211,35,0,0
BRDA:211,35,1,0
BRDA:216,36,0,0
BRDA:216,36,1,0
BRDA:219,37,0,0
BRDA:219,37,1,0
BRDA:227,38,0,0
BRDA:227,38,1,0
BRDA:248,39,0,0
BRDA:248,39,1,0
BRDA:248,40,0,0
BRDA:248,40,1,0
BRDA:258,41,0,0
BRDA:258,41,1,0
BRDA:263,42,0,0
BRDA:263,42,1,0
BRDA:264,43,0,0
BRDA:264,43,1,0
BRDA:269,44,0,0
BRDA:269,44,1,0
BRDA:276,45,0,0
BRDA:276,45,1,0
BRDA:276,46,0,0
BRDA:276,46,1,0
BRDA:277,47,0,0
BRDA:277,47,1,0
BRDA:286,48,0,0
BRDA:286,48,1,0
BRDA:304,49,0,0
BRDA:304,49,1,0
BRDA:306,50,0,0
BRDA:306,50,1,0
BRDA:312,51,0,0
BRDA:312,51,1,0
BRF:104
BRH:0
end_of_record
TN:
SF:middleware\requestLogger.mjs
FN:7,(anonymous_0)
FN:23,(anonymous_1)
FN:45,(anonymous_2)
FNF:3
FNH:0
FNDA:0,(anonymous_0)
FNDA:0,(anonymous_1)
FNDA:0,(anonymous_2)
DA:7,0
DA:8,0
DA:11,0
DA:22,0
DA:23,0
DA:24,0
DA:26,0
DA:35,0
DA:38,0
DA:45,0
DA:46,0
DA:59,0
LF:12
LH:0
BRDA:18,0,0,0
BRDA:18,0,1,0
BRDA:32,1,0,0
BRDA:32,1,1,0
BRDA:53,2,0,0
BRDA:53,2,1,0
BRF:6
BRH:0
end_of_record
TN:
SF:middleware\security.js
FN:13,(anonymous_0)
FN:42,(anonymous_1)
FN:53,(anonymous_2)
FN:98,(anonymous_3)
FNF:4
FNH:0
FNDA:0,(anonymous_0)
FNDA:0,(anonymous_1)
FNDA:0,(anonymous_2)
FNDA:0,(anonymous_3)
DA:12,0
DA:15,0
DA:17,0
DA:25,0
DA:26,0
DA:29,0
DA:30,0
DA:32,0
DA:33,0
DA:42,0
DA:43,0
DA:54,0
DA:60,0
DA:70,0
DA:93,0
DA:94,0
DA:95,0
DA:98,0
DA:99,0
LF:19
LH:0
BRDA:15,0,0,0
BRDA:15,0,1,0
BRDA:25,1,0,0
BRDA:25,1,1,0
BRDA:29,2,0,0
BRDA:29,2,1,0
BRDA:42,3,0,0
BRDA:42,4,0,0
BRF:8
BRH:0
end_of_record
TN:
SF:middleware\traitDiscoveryMiddleware.js
FN:17,autoDiscoveryMiddleware
FN:24,(anonymous_1)
FN:28,(anonymous_2)
FN:39,(anonymous_3)
FN:67,extractHorseId
FN:113,triggerAutoDiscovery
FN:160,getLastDiscoveryCheck
FN:179,updateLastDiscoveryCheck
FN:190,(anonymous_8)
FN:193,(anonymous_9)
FN:208,emitDiscoveryEvent
FN:229,enrichmentDiscoveryMiddleware
FN:241,trainingDiscoveryMiddleware
FN:253,bondingDiscoveryMiddleware
FN:265,manualDiscoveryTrigger
FNF:15
FNH:0
FNDA:0,autoDiscoveryMiddleware
FNDA:0,(anonymous_1)
FNDA:0,(anonymous_2)
FNDA:0,(anonymous_3)
FNDA:0,extractHorseId
FNDA:0,triggerAutoDiscovery
FNDA:0,getLastDiscoveryCheck
FNDA:0,updateLastDiscoveryCheck
FNDA:0,(anonymous_8)
FNDA:0,(anonymous_9)
FNDA:0,emitDiscoveryEvent
FNDA:0,enrichmentDiscoveryMiddleware
FNDA:0,trainingDiscoveryMiddleware
FNDA:0,bondingDiscoveryMiddleware
FNDA:0,manualDiscoveryTrigger
DA:22,0
DA:24,0
DA:26,0
DA:28,0
DA:30,0
DA:33,0
DA:35,0
DA:37,0
DA:39,0
DA:40,0
DA:41,0
DA:48,0
DA:54,0
DA:57,0
DA:69,0
DA:72,0
DA:73,0
DA:74,0
DA:75,0
DA:76,0
DA:77,0
DA:81,0
DA:82,0
DA:83,0
DA:84,0
DA:85,0
DA:90,0
DA:91,0
DA:92,0
DA:93,0
DA:94,0
DA:95,0
DA:96,0
DA:101,0
DA:102,0
DA:105,0
DA:119,0
DA:121,0
DA:122,0
DA:125,0
DA:126,0
DA:127,0
DA:128,0
DA:129,0
DA:134,0
DA:140,0
DA:143,0
DA:144,0
DA:147,0
DA:151,0
DA:161,0
DA:164,0
DA:165,0
DA:168,0
DA:170,0
DA:171,0
DA:180,0
DA:181,0
DA:182,0
DA:185,0
DA:188,0
DA:189,0
DA:190,0
DA:192,0
DA:193,0
DA:194,0
DA:199,0
DA:209,0
DA:211,0
DA:212,0
DA:218,0
DA:221,0
DA:230,0
DA:242,0
DA:254,0
DA:266,0
DA:267,0
DA:269,0
DA:276,0
DA:277,0
DA:280,0
DA:283,0
DA:284,0
LF:83
LH:0
BRDA:17,0,0,0
BRDA:19,1,0,0
BRDA:20,2,0,0
BRDA:21,3,0,0
BRDA:33,4,0,0
BRDA:33,4,1,0
BRDA:33,5,0,0
BRDA:33,5,1,0
BRDA:33,5,2,0
BRDA:33,5,3,0
BRDA:37,6,0,0
BRDA:37,6,1,0
BRDA:45,7,0,0
BRDA:45,7,1,0
BRDA:72,8,0,0
BRDA:72,8,1,0
BRDA:74,9,0,0
BRDA:74,9,1,0
BRDA:76,10,0,0
BRDA:76,10,1,0
BRDA:81,11,0,0
BRDA:81,11,1,0
BRDA:81,12,0,0
BRDA:81,12,1,0
BRDA:82,13,0,0
BRDA:82,13,1,0
BRDA:84,14,0,0
BRDA:84,14,1,0
BRDA:90,15,0,0
BRDA:90,15,1,0
BRDA:90,16,0,0
BRDA:90,16,1,0
BRDA:90,16,2,0
BRDA:91,17,0,0
BRDA:91,17,1,0
BRDA:93,18,0,0
BRDA:93,18,1,0
BRDA:95,19,0,0
BRDA:95,19,1,0
BRDA:95,20,0,0
BRDA:95,20,1,0
BRDA:101,21,0,0
BRDA:101,21,1,0
BRDA:101,22,0,0
BRDA:101,22,1,0
BRDA:113,23,0,0
BRDA:115,24,0,0
BRDA:116,25,0,0
BRDA:117,26,0,0
BRDA:118,27,0,0
BRDA:125,28,0,0
BRDA:125,28,1,0
BRDA:127,29,0,0
BRDA:127,29,1,0
BRDA:127,30,0,0
BRDA:127,30,1,0
BRDA:143,31,0,0
BRDA:143,31,1,0
BRDA:143,32,0,0
BRDA:143,32,1,0
BRDA:164,33,0,0
BRDA:164,33,1,0
BRDA:168,34,0,0
BRDA:168,34,1,0
BRDA:181,35,0,0
BRDA:181,35,1,0
BRDA:188,36,0,0
BRDA:188,36,1,0
BRDA:211,37,0,0
BRDA:211,37,1,0
BRDA:265,38,0,0
BRDA:276,39,0,0
BRDA:276,39,1,0
BRDA:276,40,0,0
BRDA:276,40,1,0
BRF:75
BRH:0
end_of_record
TN:
SF:middleware\validateHorse.js
FN:50,(anonymous_0)
FNF:1
FNH:0
FNDA:0,(anonymous_0)
DA:5,0
DA:51,0
DA:86,0
DA:96,0
LF:4
LH:0
BRF:0
BRH:0
end_of_record
TN:
SF:middleware\validatePing.js
FNF:0
FNH:0
DA:8,0
LF:1
LH:0
BRF:0
BRH:0
end_of_record
TN:
SF:middleware\validationErrorHandler.js
FN:8,handleValidationErrors
FNF:1
FNH:0
FNDA:0,handleValidationErrors
DA:9,0
DA:11,0
DA:12,0
DA:14,0
DA:20,0
DA:27,0
LF:6
LH:0
BRDA:11,0,0,0
BRDA:11,0,1,0
BRF:2
BRH:0
end_of_record
TN:
SF:migrations\20250527_fixed_user_schema.js
FN:8,main
FN:106,(anonymous_1)
FN:108,(anonymous_2)
FNF:3
FNH:0
FNDA:0,main
FNDA:0,(anonymous_1)
FNDA:0,(anonymous_2)
DA:9,0
DA:12,0
DA:15,0
DA:16,0
DA:18,0
DA:19,0
DA:20,0
DA:21,0
DA:23,0
DA:24,0
DA:25,0
DA:28,0
DA:29,0
DA:31,0
DA:32,0
DA:38,0
DA:39,0
DA:40,0
DA:42,0
DA:46,0
DA:51,0
DA:52,0
DA:53,0
DA:54,0
DA:56,0
DA:57,0
DA:58,0
DA:60,0
DA:64,0
DA:68,0
DA:69,0
DA:70,0
DA:71,0
DA:73,0
DA:74,0
DA:75,0
DA:76,0
DA:77,0
DA:80,0
DA:81,0
DA:83,0
DA:87,0
DA:91,0
DA:92,0
DA:101,0
DA:105,0
DA:108,0
DA:111,0
LF:48
LH:0
BRDA:18,0,0,0
BRDA:18,0,1,0
BRDA:20,1,0,0
BRDA:20,1,1,0
BRDA:20,2,0,0
BRDA:20,2,1,0
BRDA:24,3,0,0
BRDA:24,3,1,0
BRDA:38,4,0,0
BRDA:38,4,1,0
BRDA:51,5,0,0
BRDA:51,5,1,0
BRDA:53,6,0,0
BRDA:53,6,1,0
BRDA:53,7,0,0
BRDA:53,7,1,0
BRDA:56,8,0,0
BRDA:56,8,1,0
BRDA:57,9,0,0
BRDA:57,9,1,0
BRDA:57,10,0,0
BRDA:57,10,1,0
BRDA:68,11,0,0
BRDA:68,11,1,0
BRDA:70,12,0,0
BRDA:70,12,1,0
BRDA:70,13,0,0
BRDA:70,13,1,0
BRDA:74,14,0,0
BRDA:74,14,1,0
BRDA:76,15,0,0
BRDA:76,15,1,0
BRDA:80,16,0,0
BRDA:80,16,1,0
BRDA:80,17,0,0
BRDA:80,17,1,0
BRDA:91,18,0,0
BRDA:91,18,1,0
BRF:38
BRH:0
end_of_record
TN:
SF:migrations\20250527_update_user_schema.js
FN:8,main
FN:112,(anonymous_1)
FNF:2
FNH:0
FNDA:0,main
FNDA:0,(anonymous_1)
DA:9,0
DA:13,0
DA:17,0
DA:18,0
DA:20,0
DA:21,0
DA:22,0
DA:23,0
DA:25,0
DA:26,0
DA:27,0
DA:30,0
DA:31,0
DA:32,0
DA:35,0
DA:36,0
DA:43,0
DA:44,0
DA:46,0
DA:47,0
DA:51,0
DA:55,0
DA:60,0
DA:61,0
DA:62,0
DA:63,0
DA:65,0
DA:67,0
DA:68,0
DA:72,0
DA:78,0
DA:79,0
DA:80,0
DA:81,0
DA:83,0
DA:90,0
DA:96,0
DA:97,0
DA:108,0
DA:112,0
DA:114,0
DA:115,0
LF:42
LH:0
BRDA:20,0,0,0
BRDA:20,0,1,0
BRDA:22,1,0,0
BRDA:22,1,1,0
BRDA:22,2,0,0
BRDA:22,2,1,0
BRDA:26,3,0,0
BRDA:26,3,1,0
BRDA:43,4,0,0
BRDA:43,4,1,0
BRDA:60,5,0,0
BRDA:60,5,1,0
BRDA:62,6,0,0
BRDA:62,6,1,0
BRDA:62,7,0,0
BRDA:62,7,1,0
BRDA:65,8,0,0
BRDA:65,8,1,0
BRDA:67,9,0,0
BRDA:67,9,1,0
BRDA:78,10,0,0
BRDA:78,10,1,0
BRDA:80,11,0,0
BRDA:80,11,1,0
BRDA:80,12,0,0
BRDA:80,12,1,0
BRDA:83,13,0,0
BRDA:83,13,1,0
BRDA:84,14,0,0
BRDA:84,14,1,0
BRDA:96,15,0,0
BRDA:96,15,1,0
BRF:32
BRH:0
end_of_record
TN:
SF:models\foalModel.js
FN:10,getFoalDevelopment
FN:82,(anonymous_1)
FN:109,completeEnrichmentActivity
FN:151,(anonymous_3)
FN:158,(anonymous_4)
FN:229,completeActivity
FN:253,(anonymous_6)
FN:310,advanceDay
FN:355,getAvailableActivities
FN:399,(anonymous_9)
FN:407,calculateActivityOutcome
FNF:11
FNH:0
FNDA:0,getFoalDevelopment
FNDA:0,(anonymous_1)
FNDA:0,completeEnrichmentActivity
FNDA:0,(anonymous_3)
FNDA:0,(anonymous_4)
FNDA:0,completeActivity
FNDA:0,(anonymous_6)
FNDA:0,advanceDay
FNDA:0,getAvailableActivities
FNDA:0,(anonymous_9)
FNDA:0,calculateActivityOutcome
DA:11,0
DA:13,0
DA:14,0
DA:15,0
DA:18,0
DA:21,0
DA:30,0
DA:31,0
DA:35,0
DA:36,0
DA:40,0
DA:44,0
DA:46,0
DA:59,0
DA:65,0
DA:67,0
DA:82,0
DA:96,0
DA:97,0
DA:110,0
DA:112,0
DA:113,0
DA:114,0
DA:117,0
DA:118,0
DA:119,0
DA:122,0
DA:123,0
DA:126,0
DA:129,0
DA:140,0
DA:141,0
DA:145,0
DA:146,0
DA:150,0
DA:151,0
DA:152,0
DA:157,0
DA:158,0
DA:162,0
DA:165,0
DA:166,0
DA:169,0
DA:170,0
DA:173,0
DA:182,0
DA:193,0
DA:195,0
DA:217,0
DA:218,0
DA:230,0
DA:231,0
DA:232,0
DA:233,0
DA:236,0
DA:237,0
DA:240,0
DA:243,0
DA:247,0
DA:248,0
DA:252,0
DA:253,0
DA:255,0
DA:256,0
DA:260,0
DA:263,0
DA:264,0
DA:265,0
DA:267,0
DA:269,0
DA:270,0
DA:272,0
DA:282,0
DA:294,0
DA:297,0
DA:300,0
DA:301,0
DA:311,0
DA:312,0
DA:313,0
DA:314,0
DA:317,0
DA:319,0
DA:323,0
DA:324,0
DA:327,0
DA:328,0
DA:332,0
DA:339,0
DA:341,0
DA:344,0
DA:345,0
DA:356,0
DA:395,0
DA:396,0
DA:399,0
DA:408,0
DA:409,0
DA:411,0
DA:412,0
DA:415,0
DA:416,0
DA:417,0
DA:418,0
DA:419,0
DA:420,0
DA:423,0
LF:107
LH:0
BRDA:14,0,0,0
BRDA:14,0,1,0
BRDA:14,1,0,0
BRDA:14,1,1,0
BRDA:30,2,0,0
BRDA:30,2,1,0
BRDA:35,3,0,0
BRDA:35,3,1,0
BRDA:44,4,0,0
BRDA:44,4,1,0
BRDA:72,5,0,0
BRDA:72,5,1,0
BRDA:73,6,0,0
BRDA:73,6,1,0
BRDA:79,7,0,0
BRDA:79,7,1,0
BRDA:92,8,0,0
BRDA:92,8,1,0
BRDA:113,9,0,0
BRDA:113,9,1,0
BRDA:113,10,0,0
BRDA:113,10,1,0
BRDA:118,11,0,0
BRDA:118,11,1,0
BRDA:118,12,0,0
BRDA:118,12,1,0
BRDA:118,12,2,0
BRDA:122,13,0,0
BRDA:122,13,1,0
BRDA:122,14,0,0
BRDA:122,14,1,0
BRDA:140,15,0,0
BRDA:140,15,1,0
BRDA:145,16,0,0
BRDA:145,16,1,0
BRDA:152,17,0,0
BRDA:152,17,1,0
BRDA:152,17,2,0
BRDA:152,17,3,0
BRDA:157,18,0,0
BRDA:157,18,1,0
BRDA:165,19,0,0
BRDA:165,19,1,0
BRDA:166,20,0,0
BRDA:166,20,1,0
BRDA:232,21,0,0
BRDA:232,21,1,0
BRDA:232,22,0,0
BRDA:232,22,1,0
BRDA:236,23,0,0
BRDA:236,23,1,0
BRDA:247,24,0,0
BRDA:247,24,1,0
BRDA:252,25,0,0
BRDA:252,25,1,0
BRDA:255,26,0,0
BRDA:255,26,1,0
BRDA:264,27,0,0
BRDA:264,27,1,0
BRDA:313,28,0,0
BRDA:313,28,1,0
BRDA:313,29,0,0
BRDA:313,29,1,0
BRDA:323,30,0,0
BRDA:323,30,1,0
BRDA:327,31,0,0
BRDA:327,31,1,0
BRDA:355,32,0,0
BRDA:395,33,0,0
BRDA:395,33,1,0
BRDA:396,34,0,0
BRDA:396,34,1,0
BRDA:415,35,0,0
BRDA:415,35,1,0
BRDA:415,36,0,0
BRDA:415,36,1,0
BRDA:418,37,0,0
BRDA:418,37,1,0
BRDA:418,38,0,0
BRDA:418,38,1,0
BRF:80
BRH:0
end_of_record
TN:
SF:models\horseModel.js
FN:5,createHorse
FN:180,getHorseById
FN:215,updateDisciplineScore
FN:282,getDisciplineScores
FN:314,incrementDisciplineScore
FN:337,updateHorseStat
FN:396,getPositiveTraits
FN:438,hasTraitPresent
FN:494,addTraitSafely
FN:550,(anonymous_9)
FN:586,removeTraitSafely
FN:617,(anonymous_11)
FN:618,(anonymous_12)
FN:619,(anonymous_13)
FN:660,getAllTraits
FN:713,hasTrait
FN:763,getPositiveTraitsArray
FN:804,getNegativeTraitsArray
FN:847,addTrait
FNF:19
FNH:0
FNDA:0,createHorse
FNDA:0,getHorseById
FNDA:0,updateDisciplineScore
FNDA:0,getDisciplineScores
FNDA:0,incrementDisciplineScore
FNDA:0,updateHorseStat
FNDA:0,getPositiveTraits
FNDA:0,hasTraitPresent
FNDA:0,addTraitSafely
FNDA:0,(anonymous_9)
FNDA:0,removeTraitSafely
FNDA:0,(anonymous_11)
FNDA:0,(anonymous_12)
FNDA:0,(anonymous_13)
FNDA:0,getAllTraits
FNDA:0,hasTrait
FNDA:0,getPositiveTraitsArray
FNDA:0,getNegativeTraitsArray
FNDA:0,addTrait
DA:6,0
DA:41,0
DA:44,0
DA:45,0
DA:47,0
DA:48,0
DA:50,0
DA:51,0
DA:53,0
DA:54,0
DA:56,0
DA:57,0
DA:60,0
DA:62,0
DA:64,0
DA:65,0
DA:67,0
DA:69,0
DA:71,0
DA:72,0
DA:74,0
DA:75,0
DA:77,0
DA:84,0
DA:85,0
DA:87,0
DA:88,0
DA:90,0
DA:95,0
DA:97,0
DA:98,0
DA:99,0
DA:101,0
DA:109,0
DA:115,0
DA:118,0
DA:119,0
DA:120,0
DA:124,0
DA:128,0
DA:172,0
DA:173,0
DA:175,0
DA:176,0
DA:181,0
DA:183,0
DA:184,0
DA:185,0
DA:187,0
DA:196,0
DA:197,0
DA:200,0
DA:202,0
DA:203,0
DA:216,0
DA:218,0
DA:219,0
DA:220,0
DA:223,0
DA:224,0
DA:227,0
DA:228,0
DA:231,0
DA:234,0
DA:239,0
DA:240,0
DA:244,0
DA:247,0
DA:248,0
DA:250,0
DA:254,0
DA:267,0
DA:268,0
DA:271,0
DA:272,0
DA:283,0
DA:284,0
DA:285,0
DA:286,0
DA:289,0
DA:294,0
DA:295,0
DA:298,0
DA:301,0
DA:302,0
DA:315,0
DA:316,0
DA:319,0
DA:321,0
DA:322,0
DA:325,0
DA:326,0
DA:338,0
DA:339,0
DA:342,0
DA:343,0
DA:344,0
DA:348,0
DA:349,0
DA:353,0
DA:362,0
DA:363,0
DA:366,0
DA:367,0
DA:370,0
DA:381,0
DA:383,0
DA:386,0
DA:387,0
DA:397,0
DA:398,0
DA:401,0
DA:402,0
DA:403,0
DA:406,0
DA:415,0
DA:416,0
DA:419,0
DA:420,0
DA:422,0
DA:424,0
DA:427,0
DA:428,0
DA:439,0
DA:440,0
DA:443,0
DA:444,0
DA:445,0
DA:448,0
DA:449,0
DA:452,0
DA:461,0
DA:462,0
DA:465,0
DA:467,0
DA:468,0
DA:469,0
DA:471,0
DA:477,0
DA:479,0
DA:482,0
DA:483,0
DA:495,0
DA:496,0
DA:499,0
DA:500,0
DA:501,0
DA:504,0
DA:505,0
DA:508,0
DA:509,0
DA:510,0
DA:514,0
DA:523,0
DA:524,0
DA:528,0
DA:529,0
DA:536,0
DA:537,0
DA:538,0
DA:540,0
DA:541,0
DA:542,0
DA:545,0
DA:546,0
DA:550,0
DA:554,0
DA:557,0
DA:570,0
DA:572,0
DA:575,0
DA:576,0
DA:587,0
DA:588,0
DA:591,0
DA:592,0
DA:593,0
DA:596,0
DA:597,0
DA:601,0
DA:610,0
DA:611,0
DA:615,0
DA:616,0
DA:617,0
DA:618,0
DA:619,0
DA:623,0
DA:624,0
DA:626,0
DA:627,0
DA:628,0
DA:632,0
DA:645,0
DA:647,0
DA:650,0
DA:651,0
DA:661,0
DA:662,0
DA:665,0
DA:666,0
DA:667,0
DA:670,0
DA:679,0
DA:680,0
DA:683,0
DA:686,0
DA:693,0
DA:695,0
DA:698,0
DA:699,0
DA:714,0
DA:715,0
DA:718,0
DA:719,0
DA:720,0
DA:723,0
DA:724,0
DA:727,0
DA:736,0
DA:737,0
DA:740,0
DA:742,0
DA:743,0
DA:744,0
DA:746,0
DA:748,0
DA:750,0
DA:753,0
DA:754,0
DA:764,0
DA:765,0
DA:768,0
DA:769,0
DA:770,0
DA:773,0
DA:782,0
DA:783,0
DA:786,0
DA:787,0
DA:789,0
DA:791,0
DA:794,0
DA:795,0
DA:805,0
DA:806,0
DA:809,0
DA:810,0
DA:811,0
DA:814,0
DA:823,0
DA:824,0
DA:827,0
DA:828,0
DA:830,0
DA:832,0
DA:835,0
DA:836,0
DA:848,0
DA:849,0
DA:852,0
DA:853,0
DA:854,0
DA:857,0
DA:858,0
DA:862,0
DA:863,0
DA:864,0
DA:868,0
DA:870,0
DA:872,0
DA:875,0
DA:876,0
LF:273
LH:0
BRDA:44,0,0,0
BRDA:44,0,1,0
BRDA:47,1,0,0
BRDA:47,1,1,0
BRDA:47,2,0,0
BRDA:47,2,1,0
BRDA:50,3,0,0
BRDA:50,3,1,0
BRDA:50,4,0,0
BRDA:50,4,1,0
BRDA:54,5,0,0
BRDA:54,5,1,0
BRDA:54,6,0,0
BRDA:54,6,1,0
BRDA:54,6,2,0
BRDA:56,7,0,0
BRDA:56,7,1,0
BRDA:56,8,0,0
BRDA:56,8,1,0
BRDA:56,8,2,0
BRDA:62,9,0,0
BRDA:62,9,1,0
BRDA:65,10,0,0
BRDA:65,10,1,0
BRDA:65,11,0,0
BRDA:65,11,1,0
BRDA:72,12,0,0
BRDA:72,12,1,0
BRDA:74,13,0,0
BRDA:74,13,1,0
BRDA:85,14,0,0
BRDA:85,14,1,0
BRDA:87,15,0,0
BRDA:87,15,1,0
BRDA:95,16,0,0
BRDA:95,16,1,0
BRDA:97,17,0,0
BRDA:97,17,1,0
BRDA:97,18,0,0
BRDA:97,18,1,0
BRDA:97,18,2,0
BRDA:110,19,0,0
BRDA:110,19,1,0
BRDA:110,20,0,0
BRDA:110,20,1,0
BRDA:111,21,0,0
BRDA:111,21,1,0
BRDA:111,22,0,0
BRDA:111,22,1,0
BRDA:112,23,0,0
BRDA:112,23,1,0
BRDA:112,24,0,0
BRDA:112,24,1,0
BRDA:118,25,0,0
BRDA:118,25,1,0
BRDA:135,26,0,0
BRDA:135,26,1,0
BRDA:136,27,0,0
BRDA:136,27,1,0
BRDA:137,28,0,0
BRDA:137,28,1,0
BRDA:138,29,0,0
BRDA:138,29,1,0
BRDA:139,30,0,0
BRDA:139,30,1,0
BRDA:140,31,0,0
BRDA:140,31,1,0
BRDA:141,32,0,0
BRDA:141,32,1,0
BRDA:142,33,0,0
BRDA:142,33,1,0
BRDA:143,34,0,0
BRDA:143,34,1,0
BRDA:144,35,0,0
BRDA:144,35,1,0
BRDA:145,36,0,0
BRDA:145,36,1,0
BRDA:146,37,0,0
BRDA:146,37,1,0
BRDA:147,38,0,0
BRDA:147,38,1,0
BRDA:148,39,0,0
BRDA:148,39,1,0
BRDA:149,40,0,0
BRDA:149,40,1,0
BRDA:150,41,0,0
BRDA:150,41,1,0
BRDA:151,42,0,0
BRDA:151,42,1,0
BRDA:152,43,0,0
BRDA:152,43,1,0
BRDA:153,44,0,0
BRDA:153,44,1,0
BRDA:154,45,0,0
BRDA:154,45,1,0
BRDA:155,46,0,0
BRDA:155,46,1,0
BRDA:156,47,0,0
BRDA:156,47,1,0
BRDA:157,48,0,0
BRDA:157,48,1,0
BRDA:158,49,0,0
BRDA:158,49,1,0
BRDA:159,50,0,0
BRDA:159,50,1,0
BRDA:160,51,0,0
BRDA:160,51,1,0
BRDA:161,52,0,0
BRDA:161,52,1,0
BRDA:184,53,0,0
BRDA:184,53,1,0
BRDA:184,54,0,0
BRDA:184,54,1,0
BRDA:196,55,0,0
BRDA:196,55,1,0
BRDA:219,56,0,0
BRDA:219,56,1,0
BRDA:219,57,0,0
BRDA:219,57,1,0
BRDA:223,58,0,0
BRDA:223,58,1,0
BRDA:223,59,0,0
BRDA:223,59,1,0
BRDA:227,60,0,0
BRDA:227,60,1,0
BRDA:227,61,0,0
BRDA:227,61,1,0
BRDA:239,62,0,0
BRDA:239,62,1,0
BRDA:244,63,0,0
BRDA:244,63,1,0
BRDA:247,64,0,0
BRDA:247,64,1,0
BRDA:285,65,0,0
BRDA:285,65,1,0
BRDA:285,66,0,0
BRDA:285,66,1,0
BRDA:294,67,0,0
BRDA:294,67,1,0
BRDA:298,68,0,0
BRDA:298,68,1,0
BRDA:314,69,0,0
BRDA:343,70,0,0
BRDA:343,70,1,0
BRDA:348,71,0,0
BRDA:348,71,1,0
BRDA:348,72,0,0
BRDA:348,72,1,0
BRDA:362,73,0,0
BRDA:362,73,1,0
BRDA:366,74,0,0
BRDA:366,74,1,0
BRDA:402,75,0,0
BRDA:402,75,1,0
BRDA:402,76,0,0
BRDA:402,76,1,0
BRDA:415,77,0,0
BRDA:415,77,1,0
BRDA:419,78,0,0
BRDA:419,78,1,0
BRDA:420,79,0,0
BRDA:420,79,1,0
BRDA:444,80,0,0
BRDA:444,80,1,0
BRDA:444,81,0,0
BRDA:444,81,1,0
BRDA:448,82,0,0
BRDA:448,82,1,0
BRDA:448,83,0,0
BRDA:448,83,1,0
BRDA:461,84,0,0
BRDA:461,84,1,0
BRDA:465,85,0,0
BRDA:465,85,1,0
BRDA:467,86,0,0
BRDA:467,86,1,0
BRDA:468,87,0,0
BRDA:468,87,1,0
BRDA:469,88,0,0
BRDA:469,88,1,0
BRDA:472,89,0,0
BRDA:472,89,1,0
BRDA:472,89,2,0
BRDA:473,90,0,0
BRDA:473,90,1,0
BRDA:473,91,0,0
BRDA:473,91,1,0
BRDA:473,92,0,0
BRDA:473,92,1,0
BRDA:474,93,0,0
BRDA:474,93,1,0
BRDA:500,94,0,0
BRDA:500,94,1,0
BRDA:500,95,0,0
BRDA:500,95,1,0
BRDA:504,96,0,0
BRDA:504,96,1,0
BRDA:504,97,0,0
BRDA:504,97,1,0
BRDA:509,98,0,0
BRDA:509,98,1,0
BRDA:523,99,0,0
BRDA:523,99,1,0
BRDA:528,100,0,0
BRDA:528,100,1,0
BRDA:530,101,0,0
BRDA:530,101,1,0
BRDA:531,102,0,0
BRDA:531,102,1,0
BRDA:532,103,0,0
BRDA:532,103,1,0
BRDA:540,104,0,0
BRDA:540,104,1,0
BRDA:540,105,0,0
BRDA:540,105,1,0
BRDA:540,105,2,0
BRDA:541,106,0,0
BRDA:541,106,1,0
BRDA:541,107,0,0
BRDA:541,107,1,0
BRDA:545,108,0,0
BRDA:545,108,1,0
BRDA:592,109,0,0
BRDA:592,109,1,0
BRDA:592,110,0,0
BRDA:592,110,1,0
BRDA:596,111,0,0
BRDA:596,111,1,0
BRDA:596,112,0,0
BRDA:596,112,1,0
BRDA:610,113,0,0
BRDA:610,113,1,0
BRDA:615,114,0,0
BRDA:615,114,1,0
BRDA:617,115,0,0
BRDA:617,115,1,0
BRDA:618,116,0,0
BRDA:618,116,1,0
BRDA:619,117,0,0
BRDA:619,117,1,0
BRDA:623,118,0,0
BRDA:623,118,1,0
BRDA:623,119,0,0
BRDA:623,119,1,0
BRDA:623,120,0,0
BRDA:623,120,1,0
BRDA:626,121,0,0
BRDA:626,121,1,0
BRDA:666,122,0,0
BRDA:666,122,1,0
BRDA:666,123,0,0
BRDA:666,123,1,0
BRDA:679,124,0,0
BRDA:679,124,1,0
BRDA:683,125,0,0
BRDA:683,125,1,0
BRDA:687,126,0,0
BRDA:687,126,1,0
BRDA:688,127,0,0
BRDA:688,127,1,0
BRDA:689,128,0,0
BRDA:689,128,1,0
BRDA:690,129,0,0
BRDA:690,129,1,0
BRDA:690,130,0,0
BRDA:690,130,1,0
BRDA:690,131,0,0
BRDA:690,131,1,0
BRDA:719,132,0,0
BRDA:719,132,1,0
BRDA:719,133,0,0
BRDA:719,133,1,0
BRDA:723,134,0,0
BRDA:723,134,1,0
BRDA:723,135,0,0
BRDA:723,135,1,0
BRDA:736,136,0,0
BRDA:736,136,1,0
BRDA:740,137,0,0
BRDA:740,137,1,0
BRDA:742,138,0,0
BRDA:742,138,1,0
BRDA:743,139,0,0
BRDA:743,139,1,0
BRDA:744,140,0,0
BRDA:744,140,1,0
BRDA:746,141,0,0
BRDA:746,141,1,0
BRDA:746,141,2,0
BRDA:748,142,0,0
BRDA:748,142,1,0
BRDA:769,143,0,0
BRDA:769,143,1,0
BRDA:769,144,0,0
BRDA:769,144,1,0
BRDA:782,145,0,0
BRDA:782,145,1,0
BRDA:786,146,0,0
BRDA:786,146,1,0
BRDA:787,147,0,0
BRDA:787,147,1,0
BRDA:810,148,0,0
BRDA:810,148,1,0
BRDA:810,149,0,0
BRDA:810,149,1,0
BRDA:823,150,0,0
BRDA:823,150,1,0
BRDA:827,151,0,0
BRDA:827,151,1,0
BRDA:828,152,0,0
BRDA:828,152,1,0
BRDA:853,153,0,0
BRDA:853,153,1,0
BRDA:853,154,0,0
BRDA:853,154,1,0
BRDA:857,155,0,0
BRDA:857,155,1,0
BRDA:857,156,0,0
BRDA:857,156,1,0
BRDA:863,157,0,0
BRDA:863,157,1,0
BRF:321
BRH:0
end_of_record
TN:
SF:models\resultModel.js
FN:18,saveResult
FN:101,getResultsByHorse
FN:136,getResultsByShow
FN:171,getResultById
FNF:4
FNH:0
FNDA:0,saveResult
FNDA:0,getResultsByHorse
FNDA:0,getResultsByShow
FNDA:0,getResultById
DA:29,0
DA:32,0
DA:33,0
DA:35,0
DA:36,0
DA:38,0
DA:39,0
DA:41,0
DA:42,0
DA:44,0
DA:45,0
DA:48,0
DA:49,0
DA:53,0
DA:54,0
DA:56,0
DA:57,0
DA:59,0
DA:60,0
DA:63,0
DA:65,0
DA:87,0
DA:88,0
DA:91,0
DA:92,0
DA:103,0
DA:104,0
DA:105,0
DA:108,0
DA:109,0
DA:122,0
DA:123,0
DA:126,0
DA:127,0
DA:138,0
DA:139,0
DA:140,0
DA:143,0
DA:144,0
DA:157,0
DA:158,0
DA:161,0
DA:162,0
DA:173,0
DA:174,0
DA:175,0
DA:178,0
DA:179,0
DA:191,0
DA:192,0
DA:195,0
DA:198,0
DA:199,0
LF:53
LH:0
BRDA:27,0,0,0
BRDA:28,1,0,0
BRDA:32,2,0,0
BRDA:32,2,1,0
BRDA:32,3,0,0
BRDA:32,3,1,0
BRDA:35,4,0,0
BRDA:35,4,1,0
BRDA:35,5,0,0
BRDA:35,5,1,0
BRDA:38,6,0,0
BRDA:38,6,1,0
BRDA:38,7,0,0
BRDA:38,7,1,0
BRDA:41,8,0,0
BRDA:41,8,1,0
BRDA:44,9,0,0
BRDA:44,9,1,0
BRDA:48,10,0,0
BRDA:48,10,1,0
BRDA:48,11,0,0
BRDA:48,11,1,0
BRDA:53,12,0,0
BRDA:53,12,1,0
BRDA:56,13,0,0
BRDA:56,13,1,0
BRDA:56,14,0,0
BRDA:56,14,1,0
BRDA:59,15,0,0
BRDA:59,15,1,0
BRDA:59,16,0,0
BRDA:59,16,1,0
BRDA:75,17,0,0
BRDA:75,17,1,0
BRDA:104,18,0,0
BRDA:104,18,1,0
BRDA:104,19,0,0
BRDA:104,19,1,0
BRDA:139,20,0,0
BRDA:139,20,1,0
BRDA:139,21,0,0
BRDA:139,21,1,0
BRDA:174,22,0,0
BRDA:174,22,1,0
BRDA:174,23,0,0
BRDA:174,23,1,0
BRDA:191,24,0,0
BRDA:191,24,1,0
BRF:48
BRH:0
end_of_record
TN:
SF:models\trainingModel.js
FN:12,logTrainingSession
FN:57,getLastTrainingDate
FN:105,getHorseAge
FN:143,getAnyRecentTraining
FNF:4
FNH:0
FNDA:0,logTrainingSession
FNDA:0,getLastTrainingDate
FNDA:0,getHorseAge
FNDA:0,getAnyRecentTraining
DA:13,0
DA:15,0
DA:16,0
DA:19,0
DA:20,0
DA:24,0
DA:25,0
DA:26,0
DA:29,0
DA:32,0
DA:40,0
DA:42,0
DA:45,0
DA:46,0
DA:58,0
DA:60,0
DA:61,0
DA:62,0
DA:66,0
DA:67,0
DA:70,0
DA:73,0
DA:83,0
DA:84,0
DA:85,0
DA:88,0
DA:89,0
DA:91,0
DA:94,0
DA:95,0
DA:106,0
DA:108,0
DA:109,0
DA:110,0
DA:113,0
DA:116,0
DA:121,0
DA:122,0
DA:123,0
DA:126,0
DA:127,0
DA:129,0
DA:132,0
DA:133,0
DA:144,0
DA:146,0
DA:147,0
DA:148,0
DA:151,0
DA:154,0
DA:163,0
DA:164,0
DA:165,0
DA:168,0
DA:169,0
DA:171,0
DA:174,0
DA:175,0
LF:58
LH:0
BRDA:15,0,0,0
BRDA:15,0,1,0
BRDA:15,1,0,0
BRDA:15,1,1,0
BRDA:19,2,0,0
BRDA:19,2,1,0
BRDA:25,3,0,0
BRDA:25,3,1,0
BRDA:25,4,0,0
BRDA:25,4,1,0
BRDA:61,5,0,0
BRDA:61,5,1,0
BRDA:61,6,0,0
BRDA:61,6,1,0
BRDA:66,7,0,0
BRDA:66,7,1,0
BRDA:83,8,0,0
BRDA:83,8,1,0
BRDA:109,9,0,0
BRDA:109,9,1,0
BRDA:109,10,0,0
BRDA:109,10,1,0
BRDA:121,11,0,0
BRDA:121,11,1,0
BRDA:147,12,0,0
BRDA:147,12,1,0
BRDA:147,13,0,0
BRDA:147,13,1,0
BRDA:163,14,0,0
BRDA:163,14,1,0
BRF:30
BRH:0
end_of_record
TN:
SF:models\userModel.js
FN:11,createUser
FN:53,getUserWithHorses
FN:91,getUserById
FN:120,getUserByEmail
FN:150,updateUser
FN:186,deleteUser
FN:216,getUserProgress
FN:259,getUserStats
FN:279,(anonymous_8)
FN:307,xpThreshold
FN:318,addXpToUser
FN:385,addUserXp
FN:396,checkAndLevelUpUser
FNF:13
FNH:0
FNDA:0,createUser
FNDA:0,getUserWithHorses
FNDA:0,getUserById
FNDA:0,getUserByEmail
FNDA:0,updateUser
FNDA:0,deleteUser
FNDA:0,getUserProgress
FNDA:0,getUserStats
FNDA:0,(anonymous_8)
FNDA:0,xpThreshold
FNDA:0,addXpToUser
FNDA:0,addUserXp
FNDA:0,checkAndLevelUpUser
DA:12,0
DA:13,0
DA:14,0
DA:16,0
DA:17,0
DA:19,0
DA:20,0
DA:22,0
DA:23,0
DA:26,0
DA:31,0
DA:32,0
DA:34,0
DA:35,0
DA:36,0
DA:37,0
DA:39,0
DA:40,0
DA:42,0
DA:43,0
DA:54,0
DA:55,0
DA:56,0
DA:59,0
DA:71,0
DA:72,0
DA:73,0
DA:75,0
DA:77,0
DA:78,0
DA:80,0
DA:81,0
DA:92,0
DA:93,0
DA:94,0
DA:97,0
DA:101,0
DA:102,0
DA:104,0
DA:106,0
DA:107,0
DA:109,0
DA:110,0
DA:121,0
DA:122,0
DA:123,0
DA:126,0
DA:130,0
DA:131,0
DA:133,0
DA:135,0
DA:136,0
DA:138,0
DA:139,0
DA:151,0
DA:152,0
DA:153,0
DA:155,0
DA:156,0
DA:158,0
DA:159,0
DA:161,0
DA:165,0
DA:166,0
DA:168,0
DA:169,0
DA:170,0
DA:172,0
DA:173,0
DA:175,0
DA:176,0
DA:187,0
DA:188,0
DA:189,0
DA:192,0
DA:195,0
DA:196,0
DA:198,0
DA:199,0
DA:200,0
DA:202,0
DA:203,0
DA:205,0
DA:206,0
DA:217,0
DA:218,0
DA:219,0
DA:222,0
DA:223,0
DA:225,0
DA:226,0
DA:229,0
DA:230,0
DA:232,0
DA:242,0
DA:243,0
DA:245,0
DA:246,0
DA:248,0
DA:249,0
DA:260,0
DA:261,0
DA:262,0
DA:264,0
DA:271,0
DA:272,0
DA:273,0
DA:276,0
DA:278,0
DA:279,0
DA:282,0
DA:295,0
DA:296,0
DA:298,0
DA:299,0
DA:301,0
DA:302,0
DA:308,0
DA:319,0
DA:320,0
DA:321,0
DA:323,0
DA:324,0
DA:325,0
DA:328,0
DA:329,0
DA:330,0
DA:332,0
DA:333,0
DA:334,0
DA:337,0
DA:338,0
DA:339,0
DA:340,0
DA:341,0
DA:343,0
DA:345,0
DA:346,0
DA:347,0
DA:348,0
DA:349,0
DA:350,0
DA:351,0
DA:354,0
DA:362,0
DA:364,0
DA:373,0
DA:374,0
DA:386,0
DA:387,0
DA:397,0
DA:398,0
DA:399,0
DA:400,0
DA:402,0
DA:403,0
DA:404,0
DA:405,0
DA:408,0
DA:415,0
DA:417,0
LF:161
LH:0
BRDA:13,0,0,0
BRDA:13,0,1,0
BRDA:13,1,0,0
BRDA:13,1,1,0
BRDA:13,1,2,0
BRDA:16,2,0,0
BRDA:16,2,1,0
BRDA:16,3,0,0
BRDA:16,3,1,0
BRDA:16,3,2,0
BRDA:19,4,0,0
BRDA:19,4,1,0
BRDA:19,5,0,0
BRDA:19,5,1,0
BRDA:19,5,2,0
BRDA:22,6,0,0
BRDA:22,6,1,0
BRDA:22,7,0,0
BRDA:22,7,1,0
BRDA:22,7,2,0
BRDA:34,8,0,0
BRDA:34,8,1,0
BRDA:35,9,0,0
BRDA:35,9,1,0
BRDA:35,10,0,0
BRDA:35,10,1,0
BRDA:39,11,0,0
BRDA:39,11,1,0
BRDA:39,12,0,0
BRDA:39,12,1,0
BRDA:55,13,0,0
BRDA:55,13,1,0
BRDA:55,14,0,0
BRDA:55,14,1,0
BRDA:71,15,0,0
BRDA:71,15,1,0
BRDA:72,16,0,0
BRDA:72,16,1,0
BRDA:73,17,0,0
BRDA:73,17,1,0
BRDA:77,18,0,0
BRDA:77,18,1,0
BRDA:93,19,0,0
BRDA:93,19,1,0
BRDA:93,20,0,0
BRDA:93,20,1,0
BRDA:101,21,0,0
BRDA:101,21,1,0
BRDA:102,22,0,0
BRDA:102,22,1,0
BRDA:106,23,0,0
BRDA:106,23,1,0
BRDA:122,24,0,0
BRDA:122,24,1,0
BRDA:122,25,0,0
BRDA:122,25,1,0
BRDA:130,26,0,0
BRDA:130,26,1,0
BRDA:131,27,0,0
BRDA:131,27,1,0
BRDA:135,28,0,0
BRDA:135,28,1,0
BRDA:152,29,0,0
BRDA:152,29,1,0
BRDA:152,30,0,0
BRDA:152,30,1,0
BRDA:155,31,0,0
BRDA:155,31,1,0
BRDA:155,32,0,0
BRDA:155,32,1,0
BRDA:168,33,0,0
BRDA:168,33,1,0
BRDA:172,34,0,0
BRDA:172,34,1,0
BRDA:172,35,0,0
BRDA:172,35,1,0
BRDA:188,36,0,0
BRDA:188,36,1,0
BRDA:188,37,0,0
BRDA:188,37,1,0
BRDA:198,38,0,0
BRDA:198,38,1,0
BRDA:202,39,0,0
BRDA:202,39,1,0
BRDA:218,40,0,0
BRDA:218,40,1,0
BRDA:218,41,0,0
BRDA:218,41,1,0
BRDA:225,42,0,0
BRDA:225,42,1,0
BRDA:242,43,0,0
BRDA:242,43,1,0
BRDA:245,44,0,0
BRDA:245,44,1,0
BRDA:245,45,0,0
BRDA:245,45,1,0
BRDA:261,46,0,0
BRDA:261,46,1,0
BRDA:261,47,0,0
BRDA:261,47,1,0
BRDA:271,48,0,0
BRDA:271,48,1,0
BRDA:276,49,0,0
BRDA:276,49,1,0
BRDA:278,50,0,0
BRDA:278,50,1,0
BRDA:298,51,0,0
BRDA:298,51,1,0
BRDA:319,52,0,0
BRDA:319,52,1,0
BRDA:319,53,0,0
BRDA:319,53,1,0
BRDA:323,54,0,0
BRDA:323,54,1,0
BRDA:323,55,0,0
BRDA:323,55,1,0
BRDA:332,56,0,0
BRDA:332,56,1,0
BRDA:399,57,0,0
BRDA:399,57,1,0
BRDA:399,58,0,0
BRDA:399,58,1,0
BRDA:403,59,0,0
BRDA:403,59,1,0
BRF:124
BRH:0
end_of_record
TN:
SF:models\xpLogModel.js
FN:18,(anonymous_0)
FN:71,(anonymous_1)
FN:120,(anonymous_2)
FN:186,(anonymous_3)
FNF:4
FNH:0
FNDA:0,(anonymous_0)
FNDA:0,(anonymous_1)
FNDA:0,(anonymous_2)
FNDA:0,(anonymous_3)
DA:18,0
DA:19,0
DA:20,0
DA:23,0
DA:24,0
DA:27,0
DA:28,0
DA:31,0
DA:32,0
DA:36,0
DA:44,0
DA:46,0
DA:55,0
DA:56,0
DA:71,0
DA:72,0
DA:73,0
DA:75,0
DA:78,0
DA:82,0
DA:83,0
DA:84,0
DA:85,0
DA:87,0
DA:88,0
DA:93,0
DA:102,0
DA:104,0
DA:107,0
DA:108,0
DA:120,0
DA:121,0
DA:122,0
DA:125,0
DA:129,0
DA:130,0
DA:131,0
DA:132,0
DA:134,0
DA:135,0
DA:140,0
DA:148,0
DA:149,0
DA:150,0
DA:152,0
DA:153,0
DA:154,0
DA:156,0
DA:158,0
DA:161,0
DA:168,0
DA:170,0
DA:173,0
DA:174,0
DA:186,0
DA:187,0
DA:188,0
DA:190,0
DA:193,0
DA:209,0
DA:211,0
DA:214,0
DA:215,0
LF:63
LH:0
BRDA:23,0,0,0
BRDA:23,0,1,0
BRDA:27,1,0,0
BRDA:27,1,1,0
BRDA:31,2,0,0
BRDA:31,2,1,0
BRDA:31,3,0,0
BRDA:31,3,1,0
BRDA:71,4,0,0
BRDA:73,5,0,0
BRDA:73,6,0,0
BRDA:82,7,0,0
BRDA:82,7,1,0
BRDA:82,8,0,0
BRDA:82,8,1,0
BRDA:84,9,0,0
BRDA:84,9,1,0
BRDA:87,10,0,0
BRDA:87,10,1,0
BRDA:120,11,0,0
BRDA:120,12,0,0
BRDA:129,13,0,0
BRDA:129,13,1,0
BRDA:129,14,0,0
BRDA:129,14,1,0
BRDA:131,15,0,0
BRDA:131,15,1,0
BRDA:134,16,0,0
BRDA:134,16,1,0
BRDA:153,17,0,0
BRDA:153,17,1,0
BRDA:186,18,0,0
BRDA:188,19,0,0
BRDA:188,20,0,0
BRF:34
BRH:0
end_of_record
TN:
SF:routes\adminRoutes.js
FN:13,(anonymous_0)
FN:37,(anonymous_1)
FN:61,(anonymous_2)
FN:85,(anonymous_3)
FN:111,(anonymous_4)
FN:164,(anonymous_5)
FNF:6
FNH:0
FNDA:0,(anonymous_0)
FNDA:0,(anonymous_1)
FNDA:0,(anonymous_2)
FNDA:0,(anonymous_3)
FNDA:0,(anonymous_4)
FNDA:0,(anonymous_5)
DA:7,0
DA:13,0
DA:14,0
DA:15,0
DA:17,0
DA:19,0
DA:25,0
DA:26,0
DA:37,0
DA:38,0
DA:39,0
DA:41,0
DA:43,0
DA:49,0
DA:50,0
DA:61,0
DA:62,0
DA:63,0
DA:65,0
DA:67,0
DA:73,0
DA:74,0
DA:85,0
DA:86,0
DA:87,0
DA:89,0
DA:91,0
DA:98,0
DA:99,0
DA:111,0
DA:112,0
DA:113,0
DA:115,0
DA:143,0
DA:152,0
DA:153,0
DA:164,0
DA:165,0
DA:166,0
DA:168,0
DA:169,0
DA:171,0
DA:177,0
DA:178,0
LF:44
LH:0
BRF:0
BRH:0
end_of_record
TN:
SF:routes\authRoutes.js
FNF:0
FNH:0
DA:7,0
DA:148,0
DA:216,0
DA:280,0
DA:319,0
DA:388,0
LF:6
LH:0
BRF:0
BRH:0
end_of_record
TN:
SF:routes\breedRoutes.js
FNF:0
FNH:0
DA:6,0
DA:63,0
DA:100,0
DA:142,0
LF:4
LH:0
BRF:0
BRH:0
end_of_record
TN:
SF:routes\competitionRoutes.js
FN:44,(anonymous_0)
FN:106,(anonymous_1)
FN:144,(anonymous_2)
FNF:3
FNH:0
FNDA:0,(anonymous_0)
FNDA:0,(anonymous_1)
FNDA:0,(anonymous_2)
DA:6,0
DA:9,0
DA:44,0
DA:45,0
DA:47,0
DA:48,0
DA:49,0
DA:50,0
DA:57,0
DA:59,0
DA:64,0
DA:76,0
DA:79,0
DA:82,0
DA:83,0
DA:85,0
DA:89,0
DA:90,0
DA:93,0
DA:94,0
DA:106,0
DA:107,0
DA:108,0
DA:110,0
DA:111,0
DA:118,0
DA:119,0
DA:121,0
DA:123,0
DA:131,0
DA:132,0
DA:144,0
DA:145,0
DA:146,0
DA:148,0
DA:149,0
DA:156,0
DA:157,0
DA:159,0
DA:161,0
DA:169,0
DA:170,0
LF:42
LH:0
BRDA:48,0,0,0
BRDA:48,0,1,0
BRDA:82,1,0,0
BRDA:82,1,1,0
BRDA:89,2,0,0
BRDA:89,2,1,0
BRDA:97,3,0,0
BRDA:97,3,1,0
BRDA:110,4,0,0
BRDA:110,4,1,0
BRDA:110,5,0,0
BRDA:110,5,1,0
BRDA:135,6,0,0
BRDA:135,6,1,0
BRDA:148,7,0,0
BRDA:148,7,1,0
BRDA:148,8,0,0
BRDA:148,8,1,0
BRDA:173,9,0,0
BRDA:173,9,1,0
BRF:20
BRH:0
end_of_record
TN:
SF:routes\foalRoutes.js
FN:16,(anonymous_0)
FN:71,(anonymous_1)
FN:126,(anonymous_2)
FN:183,(anonymous_3)
FNF:4
FNH:0
FNDA:0,(anonymous_0)
FNDA:0,(anonymous_1)
FNDA:0,(anonymous_2)
FNDA:0,(anonymous_3)
DA:8,0
DA:14,0
DA:17,0
DA:19,0
DA:20,0
DA:21,0
DA:28,0
DA:29,0
DA:31,0
DA:34,0
DA:35,0
DA:36,0
DA:38,0
DA:41,0
DA:47,0
DA:49,0
DA:50,0
DA:56,0
DA:67,0
DA:72,0
DA:74,0
DA:75,0
DA:76,0
DA:83,0
DA:84,0
DA:86,0
DA:88,0
DA:90,0
DA:97,0
DA:99,0
DA:100,0
DA:106,0
DA:107,0
DA:113,0
DA:124,0
DA:127,0
DA:129,0
DA:130,0
DA:131,0
DA:138,0
DA:139,0
DA:141,0
DA:143,0
DA:150,0
DA:152,0
DA:153,0
DA:159,0
DA:160,0
DA:166,0
DA:177,0
DA:184,0
DA:186,0
DA:187,0
DA:188,0
DA:195,0
DA:196,0
DA:198,0
DA:200,0
DA:202,0
DA:221,0
DA:223,0
DA:224,0
DA:230,0
DA:231,0
DA:237,0
LF:65
LH:0
BRDA:20,0,0,0
BRDA:20,0,1,0
BRDA:35,1,0,0
BRDA:35,1,1,0
BRDA:49,2,0,0
BRDA:49,2,1,0
BRDA:49,3,0,0
BRDA:49,3,1,0
BRDA:75,4,0,0
BRDA:75,4,1,0
BRDA:99,5,0,0
BRDA:99,5,1,0
BRDA:99,6,0,0
BRDA:99,6,1,0
BRDA:106,7,0,0
BRDA:106,7,1,0
BRDA:106,8,0,0
BRDA:106,8,1,0
BRDA:130,9,0,0
BRDA:130,9,1,0
BRDA:152,10,0,0
BRDA:152,10,1,0
BRDA:159,11,0,0
BRDA:159,11,1,0
BRDA:187,12,0,0
BRDA:187,12,1,0
BRDA:223,13,0,0
BRDA:223,13,1,0
BRDA:223,14,0,0
BRDA:223,14,1,0
BRDA:230,15,0,0
BRDA:230,15,1,0
BRDA:230,16,0,0
BRDA:230,16,1,0
BRF:34
BRH:0
end_of_record
TN:
SF:routes\groomRoutes.js
FN:24,(anonymous_0)
FNF:1
FNH:0
FNDA:0,(anonymous_0)
DA:19,0
DA:24,0
DA:25,0
DA:26,0
DA:27,0
DA:28,0
DA:34,0
DA:86,0
DA:126,0
DA:155,0
DA:215,0
DA:258,0
DA:325,0
DA:369,0
LF:14
LH:0
BRDA:26,0,0,0
BRDA:26,0,1,0
BRF:2
BRH:0
end_of_record
TN:
SF:routes\horseRoutes.js
FN:16,(anonymous_0)
FN:37,(anonymous_1)
FN:54,(anonymous_2)
FN:78,(anonymous_3)
FN:129,(anonymous_4)
FN:146,(anonymous_5)
FN:164,(anonymous_6)
FNF:7
FNH:0
FNDA:0,(anonymous_0)
FNDA:0,(anonymous_1)
FNDA:0,(anonymous_2)
FNDA:0,(anonymous_3)
FNDA:0,(anonymous_4)
FNDA:0,(anonymous_5)
FNDA:0,(anonymous_6)
DA:6,0
DA:11,0
DA:17,0
DA:18,0
DA:19,0
DA:25,0
DA:32,0
DA:38,0
[...]
DA:36,0
DA:40,0
DA:43,0
DA:44,0
DA:46,0
DA:47,0
DA:48,0
DA:49,0
DA:54,0
DA:56,0
DA:61,0
DA:63,0
DA:66,0
DA:67,0
DA:78,0
DA:79,0
DA:83,0
DA:84,0
DA:88,0
DA:89,0
DA:93,0
DA:94,0
DA:98,0
DA:99,0
DA:102,0
DA:111,0
DA:112,0
DA:115,0
DA:116,0
DA:117,0
DA:118,0
DA:122,0
DA:123,0
DA:124,0
DA:125,0
DA:126,0
DA:127,0
DA:131,0
DA:140,0
DA:141,0
DA:144,0
DA:145,0
DA:147,0
DA:148,0
DA:149,0
DA:150,0
DA:154,0
DA:163,0
DA:164,0
DA:166,0
DA:167,0
DA:177,0
DA:178,0
DA:180,0
DA:181,0
DA:182,0
DA:183,0
DA:184,0
DA:189,0
DA:190,0
DA:193,0
DA:203,0
DA:204,0
DA:223,0
DA:224,0
DA:225,0
DA:233,0
DA:234,0
DA:236,0
DA:237,0
DA:238,0
DA:239,0
DA:240,0
DA:244,0
DA:246,0
DA:248,0
DA:258,0
DA:259,0
LF:88
LH:0
BRDA:19,0,0,0
BRDA:19,0,1,0
BRDA:22,1,0,0
BRDA:22,1,1,0
BRDA:22,2,0,0
BRDA:22,2,1,0
BRDA:34,3,0,0
BRDA:34,3,1,0
BRDA:35,4,0,0
BRDA:35,4,1,0
BRDA:36,5,0,0
BRDA:36,5,1,0
BRDA:47,6,0,0
BRDA:47,6,1,0
BRDA:58,7,0,0
BRDA:58,7,1,0
BRDA:78,8,0,0
BRDA:78,8,1,0
BRDA:83,9,0,0
BRDA:83,9,1,0
BRDA:83,10,0,0
BRDA:83,10,1,0
BRDA:88,11,0,0
BRDA:88,11,1,0
BRDA:88,12,0,0
BRDA:88,12,1,0
BRDA:93,13,0,0
BRDA:93,13,1,0
BRDA:93,14,0,0
BRDA:93,14,1,0
BRDA:98,15,0,0
BRDA:98,15,1,0
BRDA:111,16,0,0
BRDA:111,16,1,0
BRDA:111,17,0,0
BRDA:111,17,1,0
BRDA:117,18,0,0
BRDA:117,18,1,0
BRDA:118,19,0,0
BRDA:118,19,1,0
BRDA:125,20,0,0
BRDA:125,20,1,0
BRDA:140,21,0,0
BRDA:140,21,1,0
BRDA:140,22,0,0
BRDA:140,22,1,0
BRDA:148,23,0,0
BRDA:148,23,1,0
BRDA:148,24,0,0
BRDA:148,24,1,0
BRDA:166,25,0,0
BRDA:166,25,1,0
BRDA:166,26,0,0
BRDA:166,26,1,0
BRDA:182,27,0,0
BRDA:182,27,1,0
BRDA:183,28,0,0
BRDA:183,28,1,0
BRDA:190,29,0,0
BRDA:190,29,1,0
BRDA:222,30,0,0
BRDA:224,31,0,0
BRDA:224,31,1,0
BRDA:224,32,0,0
BRDA:224,32,1,0
BRDA:224,32,2,0
BRDA:238,33,0,0
BRDA:238,33,1,0
BRDA:240,34,0,0
BRDA:240,34,1,0
BRF:70
BRH:0
end_of_record
TN:
SF:utils\logger.mjs
FN:4,(anonymous_0)
FN:18,(anonymous_1)
FNF:2
FNH:0
FNDA:0,(anonymous_0)
FNDA:0,(anonymous_1)
DA:4,0
DA:5,0
DA:6,0
DA:8,0
DA:11,0
DA:18,0
LF:6
LH:0
BRDA:5,0,0,0
BRDA:5,0,1,0
BRDA:12,1,0,0
BRDA:12,1,1,0
BRDA:16,2,0,0
BRDA:16,2,1,0
BRF:6
BRH:0
end_of_record
TN:
SF:utils\riderBonus.js
FN:8,applyRiderModifiers
FNF:1
FNH:0
FNDA:0,applyRiderModifiers
DA:10,0
DA:11,0
DA:14,0
DA:15,0
DA:18,0
DA:19,0
DA:23,0
LF:7
LH:0
BRDA:8,0,0,0
BRDA:8,1,0,0
BRDA:10,2,0,0
BRDA:10,2,1,0
BRDA:10,3,0,0
BRDA:10,3,1,0
BRDA:14,4,0,0
BRDA:14,4,1,0
BRDA:14,5,0,0
BRDA:14,5,1,0
BRDA:14,5,2,0
BRDA:18,6,0,0
BRDA:18,6,1,0
BRDA:18,7,0,0
BRDA:18,7,1,0
BRDA:18,7,2,0
BRF:16
BRH:0
end_of_record
TN:
SF:utils\securityValidation.js
FN:12,(anonymous_0)
FN:99,(anonymous_1)
FN:173,(anonymous_2)
FN:218,(anonymous_3)
FN:258,(anonymous_4)
FN:299,(anonymous_5)
FN:307,(anonymous_6)
FN:315,(anonymous_7)
FN:330,(anonymous_8)
FN:341,(anonymous_9)
FN:353,(anonymous_10)
FN:368,(anonymous_11)
FNF:12
FNH:0
FNDA:0,(anonymous_0)
FNDA:0,(anonymous_1)
FNDA:0,(anonymous_2)
FNDA:0,(anonymous_3)
FNDA:0,(anonymous_4)
FNDA:0,(anonymous_5)
FNDA:0,(anonymous_6)
FNDA:0,(anonymous_7)
FNDA:0,(anonymous_8)
FNDA:0,(anonymous_9)
FNDA:0,(anonymous_10)
FNDA:0,(anonymous_11)
DA:12,0
DA:13,0
DA:14,0
DA:17,0
DA:18,0
DA:19,0
DA:20,0
DA:23,0
DA:24,0
DA:29,0
DA:30,0
DA:31,0
DA:32,0
DA:34,0
DA:38,0
DA:39,0
DA:40,0
DA:41,0
DA:46,0
DA:47,0
DA:48,0
DA:49,0
DA:50,0
DA:51,0
DA:53,0
DA:58,0
DA:59,0
DA:60,0
DA:61,0
DA:63,0
DA:66,0
DA:67,0
DA:68,0
DA:69,0
DA:71,0
DA:74,0
DA:75,0
DA:76,0
DA:77,0
DA:79,0
DA:83,0
DA:84,0
DA:85,0
DA:86,0
DA:87,0
DA:88,0
DA:93,0
DA:99,0
DA:100,0
DA:101,0
DA:104,0
DA:105,0
DA:106,0
DA:107,0
DA:109,0
DA:110,0
DA:115,0
DA:116,0
DA:117,0
DA:118,0
DA:120,0
DA:124,0
DA:125,0
DA:126,0
DA:127,0
DA:129,0
DA:133,0
DA:134,0
DA:135,0
DA:136,0
DA:138,0
DA:142,0
DA:143,0
DA:144,0
DA:145,0
DA:147,0
DA:151,0
DA:152,0
DA:153,0
DA:156,0
DA:157,0
DA:158,0
DA:159,0
DA:160,0
DA:161,0
DA:167,0
DA:173,0
DA:174,0
DA:175,0
DA:178,0
DA:179,0
DA:182,0
DA:183,0
DA:184,0
DA:185,0
DA:187,0
DA:190,0
DA:191,0
DA:192,0
DA:193,0
DA:195,0
DA:199,0
DA:200,0
DA:204,0
DA:205,0
DA:206,0
DA:207,0
DA:209,0
DA:212,0
DA:218,0
DA:219,0
DA:220,0
DA:223,0
DA:224,0
DA:226,0
DA:227,0
DA:228,0
DA:230,0
DA:234,0
DA:235,0
DA:237,0
DA:238,0
DA:239,0
DA:244,0
DA:245,0
DA:246,0
DA:247,0
DA:248,0
DA:252,0
DA:258,0
DA:259,0
DA:260,0
DA:263,0
DA:264,0
DA:266,0
DA:267,0
DA:268,0
DA:270,0
DA:274,0
DA:275,0
DA:277,0
DA:278,0
DA:279,0
DA:284,0
DA:285,0
DA:286,0
DA:287,0
DA:290,0
DA:293,0
DA:299,0
DA:300,0
DA:301,0
DA:307,0
DA:308,0
DA:309,0
DA:315,0
DA:316,0
DA:318,0
DA:330,0
DA:331,0
DA:332,0
DA:333,0
DA:335,0
DA:341,0
DA:344,0
DA:345,0
DA:348,0
DA:349,0
DA:350,0
DA:352,0
DA:353,0
DA:355,0
DA:356,0
DA:359,0
DA:360,0
DA:362,0
DA:368,0
DA:369,0
DA:371,0
DA:372,0
DA:373,0
DA:377,0
DA:378,0
DA:379,0
DA:383,0
DA:384,0
DA:385,0
DA:389,0
DA:390,0
DA:391,0
DA:394,0
LF:191
LH:0
BRDA:12,0,0,0
BRDA:17,1,0,0
BRDA:17,1,1,0
BRDA:19,2,0,0
BRDA:19,2,1,0
BRDA:19,3,0,0
BRDA:19,3,1,0
BRDA:23,4,0,0
BRDA:23,4,1,0
BRDA:29,5,0,0
BRDA:29,5,1,0
BRDA:31,6,0,0
BRDA:31,6,1,0
BRDA:31,7,0,0
BRDA:31,7,1,0
BRDA:31,7,2,0
BRDA:38,8,0,0
BRDA:38,8,1,0
BRDA:40,9,0,0
BRDA:40,9,1,0
BRDA:48,10,0,0
BRDA:48,10,1,0
BRDA:50,11,0,0
BRDA:50,11,1,0
BRDA:50,12,0,0
BRDA:50,12,1,0
BRDA:50,12,2,0
BRDA:58,13,0,0
BRDA:58,13,1,0
BRDA:60,14,0,0
BRDA:60,14,1,0
BRDA:60,15,0,0
BRDA:60,15,1,0
BRDA:60,15,2,0
BRDA:66,16,0,0
BRDA:66,16,1,0
BRDA:68,17,0,0
BRDA:68,17,1,0
BRDA:68,18,0,0
BRDA:68,18,1,0
BRDA:68,18,2,0
BRDA:74,19,0,0
BRDA:74,19,1,0
BRDA:76,20,0,0
BRDA:76,20,1,0
BRDA:76,21,0,0
BRDA:76,21,1,0
BRDA:76,21,2,0
BRDA:83,22,0,0
BRDA:83,22,1,0
BRDA:86,23,0,0
BRDA:86,23,1,0
BRDA:99,24,0,0
BRDA:104,25,0,0
BRDA:104,25,1,0
BRDA:106,26,0,0
BRDA:106,26,1,0
BRDA:106,27,0,0
BRDA:106,27,1,0
BRDA:109,28,0,0
BRDA:109,28,1,0
BRDA:115,29,0,0
BRDA:115,29,1,0
BRDA:117,30,0,0
BRDA:117,30,1,0
BRDA:124,31,0,0
BRDA:124,31,1,0
BRDA:126,32,0,0
BRDA:126,32,1,0
BRDA:126,33,0,0
BRDA:126,33,1,0
BRDA:126,33,2,0
BRDA:133,34,0,0
BRDA:133,34,1,0
BRDA:135,35,0,0
BRDA:135,35,1,0
BRDA:135,36,0,0
BRDA:135,36,1,0
BRDA:135,36,2,0
BRDA:142,37,0,0
BRDA:142,37,1,0
BRDA:144,38,0,0
BRDA:144,38,1,0
BRDA:144,39,0,0
BRDA:144,39,1,0
BRDA:144,39,2,0
BRDA:151,40,0,0
BRDA:151,40,1,0
BRDA:152,41,0,0
BRDA:152,41,1,0
BRDA:159,42,0,0
BRDA:159,42,1,0
BRDA:178,43,0,0
BRDA:178,43,1,0
BRDA:178,44,0,0
BRDA:178,44,1,0
BRDA:182,45,0,0
BRDA:182,45,1,0
BRDA:184,46,0,0
BRDA:184,46,1,0
BRDA:184,47,0,0
BRDA:184,47,1,0
BRDA:190,48,0,0
BRDA:190,48,1,0
BRDA:192,49,0,0
BRDA:192,49,1,0
BRDA:192,50,0,0
BRDA:192,50,1,0
BRDA:199,51,0,0
BRDA:199,51,1,0
BRDA:204,52,0,0
BRDA:204,52,1,0
BRDA:206,53,0,0
BRDA:206,53,1,0
BRDA:206,54,0,0
BRDA:206,54,1,0
BRDA:206,54,2,0
BRDA:223,55,0,0
BRDA:223,55,1,0
BRDA:227,56,0,0
BRDA:227,56,1,0
BRDA:227,57,0,0
BRDA:227,57,1,0
BRDA:234,58,0,0
BRDA:234,58,1,0
BRDA:238,59,0,0
BRDA:238,59,1,0
BRDA:246,60,0,0
BRDA:246,60,1,0
BRDA:263,61,0,0
BRDA:263,61,1,0
BRDA:267,62,0,0
BRDA:267,62,1,0
BRDA:267,63,0,0
BRDA:267,63,1,0
BRDA:267,63,2,0
BRDA:274,64,0,0
BRDA:274,64,1,0
BRDA:278,65,0,0
BRDA:278,65,1,0
BRDA:284,66,0,0
BRDA:284,66,1,0
BRDA:286,67,0,0
BRDA:286,67,1,0
BRDA:316,68,0,0
BRDA:316,68,1,0
BRDA:330,69,0,0
BRDA:332,70,0,0
BRDA:332,70,1,0
BRDA:332,71,0,0
BRDA:332,71,1,0
BRDA:332,71,2,0
BRDA:341,72,0,0
BRDA:341,73,0,0
BRDA:344,74,0,0
BRDA:344,74,1,0
BRDA:352,75,0,0
BRDA:352,75,1,0
BRDA:355,76,0,0
BRDA:355,76,1,0
BRDA:371,77,0,0
BRDA:371,77,1,0
BRDA:378,78,0,0
BRDA:378,78,1,0
BRDA:384,79,0,0
BRDA:384,79,1,0
BRDA:389,80,0,0
BRDA:389,80,1,0
BRDA:389,80,2,0
BRDA:390,81,0,0
BRDA:390,81,1,0
BRF:171
BRH:0
end_of_record
TN:
SF:utils\statMap.js
FN:43,getStatsForDiscipline
FN:51,getAllDisciplines
FN:59,getAllStatCategories
FN:69,isDisciplineValid
FNF:4
FNH:0
FNDA:0,getStatsForDiscipline
FNDA:0,getAllDisciplines
FNDA:0,getAllStatCategories
FNDA:0,isDisciplineValid
DA:12,0
DA:44,0
DA:52,0
DA:60,0
DA:61,0
DA:70,0
LF:6
LH:0
BRDA:44,0,0,0
BRDA:44,0,1,0
BRF:2
BRH:0
end_of_record
TN:
SF:utils\temperamentDrift.js
FN:58,calculateTemperamentDrift
FN:74,(anonymous_1)
FN:184,selectNewTemperament
FN:188,(anonymous_3)
FN:193,(anonymous_4)
FN:219,(anonymous_5)
FN:239,applyTemperamentDrift
FN:268,getTemperamentCharacteristics
FN:277,isTemperamentStable
FNF:9
FNH:0
FNDA:0,calculateTemperamentDrift
FNDA:0,(anonymous_1)
FNDA:0,selectNewTemperament
FNDA:0,(anonymous_3)
FNDA:0,(anonymous_4)
FNDA:0,(anonymous_5)
FNDA:0,applyTemperamentDrift
FNDA:0,getTemperamentCharacteristics
FNDA:0,isTemperamentStable
DA:13,0
DA:59,0
DA:60,0
DA:63,0
DA:64,0
DA:65,0
DA:68,0
DA:69,0
DA:70,0
DA:75,0
DA:81,0
DA:91,0
DA:94,0
DA:95,0
DA:99,0
DA:100,0
DA:103,0
DA:104,0
DA:108,0
DA:109,0
DA:113,0
DA:114,0
DA:118,0
DA:119,0
DA:123,0
DA:124,0
DA:127,0
DA:128,0
DA:132,0
DA:134,0
DA:137,0
DA:138,0
DA:147,0
DA:149,0
DA:151,0
DA:168,0
DA:169,0
DA:185,0
DA:188,0
DA:191,0
DA:193,0
DA:194,0
DA:197,0
DA:198,0
DA:199,0
DA:204,0
DA:205,0
DA:206,0
DA:211,0
DA:212,0
DA:213,0
DA:219,0
DA:220,0
DA:222,0
DA:223,0
DA:224,0
DA:225,0
DA:230,0
DA:240,0
DA:243,0
DA:251,0
DA:258,0
DA:259,0
DA:269,0
DA:278,0
DA:279,0
DA:280,0
DA:282,0
LF:68
LH:0
BRDA:58,0,0,0
BRDA:63,1,0,0
BRDA:63,1,1,0
BRDA:64,2,0,0
BRDA:64,2,1,0
BRDA:64,3,0,0
BRDA:64,3,1,0
BRDA:68,4,0,0
BRDA:68,4,1,0
BRDA:85,5,0,0
BRDA:85,6,0,0
BRDA:85,6,1,0
BRDA:86,7,0,0
BRDA:87,8,0,0
BRDA:88,9,0,0
BRDA:88,10,0,0
BRDA:88,10,1,0
BRDA:89,11,0,0
BRDA:89,12,0,0
BRDA:89,12,1,0
BRDA:90,13,0,0
BRDA:90,14,0,0
BRDA:90,14,1,0
BRDA:94,15,0,0
BRDA:94,15,1,0
BRDA:99,16,0,0
BRDA:99,16,1,0
BRDA:103,17,0,0
BRDA:103,17,1,0
BRDA:108,18,0,0
BRDA:108,18,1,0
BRDA:108,19,0,0
BRDA:108,19,1,0
BRDA:113,20,0,0
BRDA:113,20,1,0
BRDA:118,21,0,0
BRDA:118,21,1,0
BRDA:123,22,0,0
BRDA:123,22,1,0
BRDA:127,23,0,0
BRDA:127,23,1,0
BRDA:137,24,0,0
BRDA:137,24,1,0
BRDA:197,25,0,0
BRDA:197,25,1,0
BRDA:198,26,0,0
BRDA:198,26,1,0
BRDA:198,27,0,0
BRDA:198,27,1,0
BRDA:204,28,0,0
BRDA:204,28,1,0
BRDA:205,29,0,0
BRDA:205,29,1,0
BRDA:205,30,0,0
BRDA:205,30,1,0
BRDA:211,31,0,0
BRDA:211,31,1,0
BRDA:211,32,0,0
BRDA:211,32,1,0
BRDA:212,33,0,0
BRDA:212,33,1,0
BRDA:212,34,0,0
BRDA:212,34,1,0
BRDA:224,35,0,0
BRDA:224,35,1,0
BRDA:239,36,0,0
BRDA:269,37,0,0
BRDA:269,37,1,0
BRDA:278,38,0,0
BRDA:278,38,1,0
BRDA:279,39,0,0
BRDA:279,39,1,0
BRDA:279,40,0,0
BRDA:279,40,1,0
BRDA:282,41,0,0
BRDA:282,41,1,0
BRF:76
BRH:0
end_of_record
TN:
SF:utils\trainingCooldown.js
FN:8,canTrain
FN:30,getCooldownTimeRemaining
FN:58,setCooldown
FN:103,formatCooldown
FNF:4
FNH:0
FNDA:0,canTrain
FNDA:0,getCooldownTimeRemaining
FNDA:0,setCooldown
FNDA:0,formatCooldown
DA:9,0
DA:10,0
DA:14,0
DA:15,0
DA:19,0
DA:20,0
DA:22,0
DA:31,0
DA:32,0
DA:36,0
DA:37,0
DA:40,0
DA:41,0
DA:44,0
DA:45,0
DA:49,0
DA:59,0
DA:60,0
DA:64,0
DA:65,0
DA:66,0
DA:69,0
DA:71,0
DA:72,0
DA:75,0
DA:86,0
DA:89,0
DA:90,0
DA:94,0
DA:104,0
DA:105,0
DA:108,0
DA:109,0
DA:110,0
DA:112,0
DA:113,0
DA:114,0
DA:115,0
DA:117,0
LF:39
LH:0
BRDA:9,0,0,0
BRDA:9,0,1,0
BRDA:14,1,0,0
BRDA:14,1,1,0
BRDA:31,2,0,0
BRDA:31,2,1,0
BRDA:36,3,0,0
BRDA:36,3,1,0
BRDA:44,4,0,0
BRDA:44,4,1,0
BRDA:59,5,0,0
BRDA:59,5,1,0
BRDA:59,6,0,0
BRDA:59,6,1,0
BRDA:65,7,0,0
BRDA:65,7,1,0
BRDA:65,8,0,0
BRDA:65,8,1,0
BRDA:89,9,0,0
BRDA:89,9,1,0
BRDA:104,10,0,0
BRDA:104,10,1,0
BRDA:104,11,0,0
BRDA:104,11,1,0
BRDA:112,12,0,0
BRDA:112,12,1,0
BRDA:114,13,0,0
BRDA:114,13,1,0
BRF:28
BRH:0
end_of_record
TN:
SF:utils\traitCompetitionImpact.js
FN:232,calculateTraitCompetitionImpact
FN:261,(anonymous_1)
FN:347,calculateDiminishingReturns
FN:361,getTraitCompetitionEffect
FN:369,getAllTraitCompetitionEffects
FN:379,hasSpecializedEffect
FNF:6
FNH:0
FNDA:0,calculateTraitCompetitionImpact
FNDA:0,(anonymous_1)
FNDA:0,calculateDiminishingReturns
FNDA:0,getTraitCompetitionEffect
FNDA:0,getAllTraitCompetitionEffects
FNDA:0,hasSpecializedEffect
DA:12,0
DA:233,0
DA:234,0
DA:237,0
DA:252,0
DA:253,0
DA:255,0
DA:256,0
DA:257,0
DA:261,0
DA:262,0
DA:263,0
DA:264,0
DA:265,0
DA:269,0
DA:270,0
DA:271,0
DA:274,0
DA:275,0
DA:276,0
DA:277,0
DA:278,0
DA:279,0
DA:281,0
DA:282,0
DA:283,0
DA:287,0
DA:289,0
DA:292,0
DA:301,0
DA:304,0
DA:305,0
DA:306,0
DA:307,0
DA:308,0
DA:309,0
DA:313,0
DA:318,0
DA:319,0
DA:322,0
DA:324,0
DA:326,0
DA:329,0
DA:330,0
DA:348,0
DA:349,0
DA:350,0
DA:351,0
DA:352,0
DA:353,0
DA:362,0
DA:370,0
DA:380,0
DA:381,0
LF:54
LH:0
BRDA:252,0,0,0
BRDA:252,0,1,0
BRDA:253,1,0,0
BRDA:253,1,1,0
BRDA:253,2,0,0
BRDA:253,2,1,0
BRDA:255,3,0,0
BRDA:255,3,1,0
BRDA:263,4,0,0
BRDA:263,4,1,0
BRDA:274,5,0,0
BRDA:274,5,1,0
BRDA:274,6,0,0
BRDA:274,6,1,0
BRDA:279,7,0,0
BRDA:279,7,1,0
BRDA:279,8,0,0
BRDA:279,8,1,0
BRDA:287,9,0,0
BRDA:287,9,1,0
BRDA:289,10,0,0
BRDA:289,10,1,0
BRDA:298,11,0,0
BRDA:298,11,1,0
BRDA:304,12,0,0
BRDA:304,12,1,0
BRDA:307,13,0,0
BRDA:307,13,1,0
BRDA:348,14,0,0
BRDA:348,14,1,0
BRDA:349,15,0,0
BRDA:349,15,1,0
BRDA:350,16,0,0
BRDA:350,16,1,0
BRDA:351,17,0,0
BRDA:351,17,1,0
BRDA:352,18,0,0
BRDA:352,18,1,0
BRDA:362,19,0,0
BRDA:362,19,1,0
BRDA:381,20,0,0
BRDA:381,20,1,0
BRDA:381,20,2,0
BRF:43
BRH:0
end_of_record
TN:
SF:utils\traitDiscovery.js
FN:16,(anonymous_0)
FN:22,(anonymous_1)
FN:29,(anonymous_2)
FN:35,(anonymous_3)
FN:42,(anonymous_4)
FN:49,(anonymous_5)
FN:56,(anonymous_6)
FN:114,revealTraits
FN:189,(anonymous_8)
FN:210,checkDiscoveryConditions
FN:244,checkEnrichmentDiscoveries
FN:249,(anonymous_11)
FN:254,(anonymous_12)
FN:279,selectTraitsToReveal
FN:284,(anonymous_14)
FN:292,(anonymous_15)
FN:323,updateHorseTraits
FN:331,(anonymous_17)
FN:335,(anonymous_18)
FN:363,getDiscoveryReason
FN:368,(anonymous_20)
FNF:21
FNH:0
FNDA:0,(anonymous_0)
FNDA:0,(anonymous_1)
FNDA:0,(anonymous_2)
FNDA:0,(anonymous_3)
FNDA:0,(anonymous_4)
FNDA:0,(anonymous_5)
FNDA:0,(anonymous_6)
FNDA:0,revealTraits
FNDA:0,(anonymous_8)
FNDA:0,checkDiscoveryConditions
FNDA:0,checkEnrichmentDiscoveries
FNDA:0,(anonymous_11)
FNDA:0,(anonymous_12)
FNDA:0,selectTraitsToReveal
FNDA:0,(anonymous_14)
FNDA:0,(anonymous_15)
FNDA:0,updateHorseTraits
FNDA:0,(anonymous_17)
FNDA:0,(anonymous_18)
FNDA:0,getDiscoveryReason
FNDA:0,(anonymous_20)
DA:13,0
DA:16,0
DA:22,0
DA:29,0
DA:35,0
DA:42,0
DA:49,0
DA:57,0
DA:65,0
DA:76,0
DA:115,0
DA:116,0
DA:119,0
DA:130,0
DA:131,0
DA:135,0
DA:136,0
DA:138,0
DA:139,0
DA:140,0
DA:149,0
DA:152,0
DA:153,0
DA:154,0
DA:157,0
DA:159,0
DA:160,0
DA:161,0
DA:170,0
DA:172,0
DA:173,0
DA:174,0
DA:183,0
DA:185,0
DA:187,0
DA:189,0
DA:200,0
DA:201,0
DA:211,0
DA:213,0
DA:214,0
DA:215,0
DA:217,0
DA:218,0
DA:220,0
DA:223,0
DA:224,0
DA:232,0
DA:236,0
DA:245,0
DA:248,0
DA:249,0
DA:250,0
DA:253,0
DA:254,0
DA:255,0
DA:258,0
DA:259,0
DA:270,0
DA:280,0
DA:281,0
DA:284,0
DA:285,0
DA:289,0
DA:290,0
DA:292,0
DA:293,0
DA:295,0
DA:296,0
DA:299,0
DA:300,0
DA:301,0
DA:303,0
DA:306,0
DA:308,0
DA:309,0
DA:313,0
DA:324,0
DA:331,0
DA:332,0
DA:333,0
DA:335,0
DA:338,0
DA:339,0
DA:341,0
DA:347,0
DA:354,0
DA:364,0
DA:365,0
DA:368,0
DA:369,0
DA:370,0
DA:371,0
DA:374,0
LF:94
LH:0
BRDA:42,0,0,0
BRDA:42,0,1,0
BRDA:49,1,0,0
BRDA:49,1,1,0
BRDA:114,2,0,0
BRDA:123,3,0,0
BRDA:123,3,1,0
BRDA:130,4,0,0
BRDA:130,4,1,0
BRDA:135,5,0,0
BRDA:135,5,1,0
BRDA:136,6,0,0
BRDA:136,6,1,0
BRDA:138,7,0,0
BRDA:138,7,1,0
BRDA:153,8,0,0
BRDA:153,8,1,0
BRDA:153,9,0,0
BRDA:153,9,1,0
BRDA:159,10,0,0
BRDA:159,10,1,0
BRDA:172,11,0,0
BRDA:172,11,1,0
BRDA:196,12,0,0
BRDA:196,12,1,0
BRDA:217,13,0,0
BRDA:217,13,1,0
BRDA:223,14,0,0
BRDA:223,14,1,0
BRDA:250,15,0,0
BRDA:250,15,1,0
BRDA:255,16,0,0
BRDA:255,16,1,0
BRDA:258,17,0,0
BRDA:258,17,1,0
BRDA:290,18,0,0
BRDA:290,18,1,0
BRDA:293,19,0,0
BRDA:293,19,1,0
BRDA:296,20,0,0
BRDA:296,20,1,0
BRDA:299,21,0,0
BRDA:299,21,1,0
BRDA:299,22,0,0
BRDA:299,22,1,0
BRDA:300,23,0,0
BRDA:300,23,1,0
BRDA:300,24,0,0
BRDA:300,24,1,0
BRDA:301,25,0,0
BRDA:301,25,1,0
BRDA:301,26,0,0
BRDA:301,26,1,0
BRDA:306,27,0,0
BRDA:306,27,1,0
BRDA:325,28,0,0
BRDA:325,28,1,0
BRDA:326,29,0,0
BRDA:326,29,1,0
BRDA:327,30,0,0
BRDA:327,30,1,0
BRDA:333,31,0,0
BRDA:333,31,1,0
BRDA:338,32,0,0
BRDA:338,32,1,0
BRDA:365,33,0,0
BRDA:365,33,1,0
BRDA:369,34,0,0
BRDA:369,34,1,0
BRDA:369,35,0,0
BRDA:369,35,1,0
BRDA:370,36,0,0
BRDA:370,36,1,0
BRDA:370,37,0,0
BRDA:370,37,1,0
BRDA:371,38,0,0
BRDA:371,38,1,0
BRDA:374,39,0,0
BRDA:374,39,1,0
BRF:79
BRH:0
end_of_record
TN:
SF:utils\traitEffects.js
FN:618,getTraitEffects
FN:637,getAllTraitEffects
FN:647,hasTraitEffect
FN:657,getCombinedTraitEffects
FN:665,(anonymous_4)
FN:669,(anonymous_5)
FN:685,(anonymous_6)
FNF:7
FNH:0
FNDA:0,getTraitEffects
FNDA:0,getAllTraitEffects
FNDA:0,hasTraitEffect
FNDA:0,getCombinedTraitEffects
FNDA:0,(anonymous_4)
FNDA:0,(anonymous_5)
FNDA:0,(anonymous_6)
DA:13,0
DA:619,0
DA:620,0
DA:621,0
DA:624,0
DA:625,0
DA:626,0
DA:627,0
DA:630,0
DA:638,0
DA:648,0
DA:649,0
DA:658,0
DA:659,0
DA:660,0
DA:663,0
DA:665,0
DA:666,0
DA:667,0
DA:669,0
DA:670,0
DA:671,0
DA:674,0
DA:676,0
DA:677,0
DA:679,0
DA:680,0
DA:682,0
DA:684,0
DA:685,0
DA:686,0
DA:687,0
DA:689,0
DA:692,0
DA:694,0
DA:702,0
LF:36
LH:0
BRDA:619,0,0,0
BRDA:619,0,1,0
BRDA:619,1,0,0
BRDA:619,1,1,0
BRDA:625,2,0,0
BRDA:625,2,1,0
BRDA:649,3,0,0
BRDA:649,3,1,0
BRDA:658,4,0,0
BRDA:658,4,1,0
BRDA:667,5,0,0
BRDA:667,5,1,0
BRDA:670,6,0,0
BRDA:670,6,1,0
BRDA:674,7,0,0
BRDA:674,7,1,0
BRDA:674,8,0,0
BRDA:674,8,1,0
BRDA:677,9,0,0
BRDA:677,9,1,0
BRDA:679,10,0,0
BRDA:679,10,1,0
BRDA:680,11,0,0
BRDA:680,11,1,0
BRDA:680,12,0,0
BRDA:680,12,1,0
BRDA:682,13,0,0
BRDA:682,13,1,0
BRDA:682,14,0,0
BRDA:682,14,1,0
BRDA:686,15,0,0
BRDA:686,15,1,0
BRDA:686,16,0,0
BRDA:686,16,1,0
BRF:34
BRH:0
end_of_record
TN:
SF:utils\traitEvaluation.js
FN:198,evaluateTraitRevelation
FN:305,shouldRevealTrait
FN:338,hasTraitConflict
FN:340,(anonymous_3)
FN:350,shouldTraitBeHidden
FN:381,getTraitDefinition
FN:394,getAllTraitDefinitions
FNF:7
FNH:0
FNDA:0,evaluateTraitRevelation
FNDA:0,shouldRevealTrait
FNDA:0,hasTraitConflict
FNDA:0,(anonymous_3)
FNDA:0,shouldTraitBeHidden
FNDA:0,getTraitDefinition
FNDA:0,getAllTraitDefinitions
DA:6,0
DA:177,0
DA:199,0
DA:200,0
DA:202,0
DA:203,0
DA:204,0
DA:207,0
DA:209,0
DA:216,0
DA:223,0
DA:224,0
DA:226,0
DA:227,0
DA:229,0
DA:231,0
DA:232,0
DA:233,0
DA:235,0
DA:237,0
DA:238,0
DA:245,0
DA:246,0
DA:248,0
DA:249,0
DA:251,0
DA:253,0
DA:254,0
DA:255,0
DA:257,0
DA:259,0
DA:260,0
DA:267,0
DA:268,0
DA:270,0
DA:271,0
DA:273,0
DA:275,0
DA:276,0
DA:277,0
DA:279,0
DA:281,0
DA:282,0
DA:288,0
DA:289,0
DA:292,0
DA:293,0
DA:306,0
DA:309,0
DA:310,0
DA:314,0
DA:315,0
DA:317,0
DA:318,0
DA:322,0
DA:323,0
DA:325,0
DA:326,0
DA:329,0
DA:339,0
DA:340,0
DA:352,0
DA:353,0
DA:357,0
DA:358,0
DA:362,0
DA:363,0
DA:364,0
DA:368,0
DA:369,0
DA:373,0
DA:382,0
DA:383,0
DA:384,0
DA:387,0
DA:395,0
LF:76
LH:0
BRDA:202,0,0,0
BRDA:202,0,1,0
BRDA:203,1,0,0
BRDA:203,1,1,0
BRDA:204,2,0,0
BRDA:204,2,1,0
BRDA:207,3,0,0
BRDA:207,3,1,0
BRDA:217,4,0,0
BRDA:217,4,1,0
BRDA:218,5,0,0
BRDA:218,5,1,0
BRDA:219,6,0,0
BRDA:219,6,1,0
BRDA:224,7,0,0
BRDA:224,7,1,0
BRDA:226,8,0,0
BRDA:226,8,1,0
BRDA:227,9,0,0
BRDA:227,9,1,0
BRDA:229,10,0,0
BRDA:229,10,1,0
BRDA:232,11,0,0
BRDA:232,11,1,0
BRDA:238,12,0,0
BRDA:238,12,1,0
BRDA:246,13,0,0
BRDA:246,13,1,0
BRDA:248,14,0,0
BRDA:248,14,1,0
BRDA:249,15,0,0
BRDA:249,15,1,0
BRDA:251,16,0,0
BRDA:251,16,1,0
BRDA:254,17,0,0
BRDA:254,17,1,0
BRDA:260,18,0,0
BRDA:260,18,1,0
BRDA:268,19,0,0
BRDA:268,19,1,0
BRDA:270,20,0,0
BRDA:270,20,1,0
BRDA:271,21,0,0
BRDA:271,21,1,0
BRDA:273,22,0,0
BRDA:273,22,1,0
BRDA:276,23,0,0
BRDA:276,23,1,0
BRDA:276,24,0,0
BRDA:276,24,1,0
BRDA:282,25,0,0
BRDA:282,25,1,0
BRDA:309,26,0,0
BRDA:309,26,1,0
BRDA:314,27,0,0
BRDA:314,27,1,0
BRDA:314,28,0,0
BRDA:314,28,1,0
BRDA:317,29,0,0
BRDA:317,29,1,0
BRDA:317,30,0,0
BRDA:317,30,1,0
BRDA:322,31,0,0
BRDA:322,31,1,0
BRDA:322,32,0,0
BRDA:322,32,1,0
BRDA:325,33,0,0
BRDA:325,33,1,0
BRDA:325,34,0,0
BRDA:325,34,1,0
BRDA:339,35,0,0
BRDA:339,35,1,0
BRDA:352,36,0,0
BRDA:352,36,1,0
BRDA:357,37,0,0
BRDA:357,37,1,0
BRDA:363,38,0,0
BRDA:363,38,1,0
BRDA:368,39,0,0
BRDA:368,39,1,0
BRDA:383,40,0,0
BRDA:383,40,1,0
BRF:82
BRH:0
end_of_record
TN:
SF:utils\userUpdates.js
FN:10,updateUserMoney
FN:50,transferEntryFees
FNF:2
FNH:0
FNDA:0,updateUserMoney
FNDA:0,transferEntryFees
DA:11,0
DA:12,0
DA:13,0
DA:16,0
DA:17,0
DA:20,0
DA:29,0
DA:30,0
DA:33,0
DA:34,0
DA:35,0
DA:38,0
DA:39,0
DA:51,0
DA:52,0
DA:53,0
DA:54,0
DA:57,0
DA:58,0
DA:60,0
DA:61,0
DA:64,0
DA:65,0
LF:23
LH:0
BRDA:12,0,0,0
BRDA:12,0,1,0
BRDA:12,1,0,0
BRDA:12,1,1,0
BRDA:16,2,0,0
BRDA:16,2,1,0
BRDA:33,3,0,0
BRDA:33,3,1,0
BRDA:52,4,0,0
BRDA:52,4,1,0
BRF:10
BRH:0
end_of_record
