<?xml version="1.0" encoding="UTF-8"?>
<testsuites name="jest tests" tests="4" failures="0" errors="0" time="3.44">
  <testsuite name="captureRankSnapshots perf-shape (Equoria-fiiy)" errors="0" failures="0" skipped="0" timestamp="2026-08-18T12:15:16" time="0.527" tests="1">
    <testcase classname="captureRankSnapshots perf-shape (Equoria-fiiy)" name="issues a bounded (constant) number of DB operations, not O(users)" time="0.143">
    </testcase>
  </testsuite>
  <testsuite name="captureAllUserRankSnapshots set-based rewrite (Equoria-ky0x)" errors="0" failures="0" skipped="0" timestamp="2026-08-18T12:15:16" time="0.567" tests="1">
    <testcase classname="captureAllUserRankSnapshots set-based rewrite (Equoria-ky0x)" name="completes within the cron window and ranks the fixture users correctly" time="0.095">
    </testcase>
  </testsuite>
  <testsuite name="Color &amp; Genetics Routes — performance NFRs (Equoria-z594)" errors="0" failures="0" skipped="0" timestamp="2026-08-18T12:15:17" time="2.271" tests="2">
    <testcase classname="Color &amp; Genetics Routes — performance NFRs (Equoria-z594)" name="GET /horses/:id/genetics warm response &lt; 300ms (FR-33)" time="0.007">
    </testcase>
    <testcase classname="Color &amp; Genetics Routes — performance NFRs (Equoria-z594)" name="GET /horses/:id/color warm response &lt; 200ms (FR-34)" time="0.005">
    </testcase>
  </testsuite>
</testsuites>