{"total": {"lines":{"total":12459,"covered":1216,"skipped":0,"pct":9.76},"statements":{"total":13293,"covered":1248,"skipped":0,"pct":9.38},"functions":{"total":2115,"covered":215,"skipped":0,"pct":10.16},"branches":{"total":8324,"covered":622,"skipped":0,"pct":7.47},"branchesTrue":{"total":0,"covered":0,"skipped":0,"pct":100}}
,"C:\\Users\\heirr\\OneDrive\\Desktop\\Equoria\\backend\\middleware\\auditLog.mjs": {"lines":{"total":89,"covered":0,"skipped":0,"pct":0},"functions":{"total":17,"covered":0,"skipped":0,"pct":0},"statements":{"total":94,"covered":0,"skipped":0,"pct":0},"branches":{"total":48,"covered":0,"skipped":0,"pct":0}}
,"C:\\Users\\heirr\\OneDrive\\Desktop\\Equoria\\backend\\middleware\\auth.mjs": {"lines":{"total":71,"covered":27,"skipped":0,"pct":38.02},"functions":{"total":8,"covered":2,"skipped":0,"pct":25},"statements":{"total":71,"covered":27,"skipped":0,"pct":38.02},"branches":{"total":43,"covered":13,"skipped":0,"pct":30.23}}
,"C:\\Users\\heirr\\OneDrive\\Desktop\\Equoria\\backend\\middleware\\authRateLimiter.mjs": {"lines":{"total":40,"covered":18,"skipped":0,"pct":45},"functions":{"total":9,"covered":2,"skipped":0,"pct":22.22},"statements":{"total":44,"covered":18,"skipped":0,"pct":40.9},"branches":{"total":19,"covered":5,"skipped":0,"pct":26.31}}
,"C:\\Users\\heirr\\OneDrive\\Desktop\\Equoria\\backend\\middleware\\errorHandler.mjs": {"lines":{"total":32,"covered":0,"skipped":0,"pct":0},"functions":{"total":2,"covered":0,"skipped":0,"pct":0},"statements":{"total":33,"covered":0,"skipped":0,"pct":0},"branches":{"total":26,"covered":0,"skipped":0,"pct":0}}
,"C:\\Users\\heirr\\OneDrive\\Desktop\\Equoria\\backend\\middleware\\gameIntegrity.mjs": {"lines":{"total":132,"covered":0,"skipped":0,"pct":0},"functions":{"total":11,"covered":0,"skipped":0,"pct":0},"statements":{"total":133,"covered":0,"skipped":0,"pct":0},"branches":{"total":104,"covered":0,"skipped":0,"pct":0}}
,"C:\\Users\\heirr\\OneDrive\\Desktop\\Equoria\\backend\\middleware\\requestLogger.mjs": {"lines":{"total":12,"covered":0,"skipped":0,"pct":0},"functions":{"total":3,"covered":0,"skipped":0,"pct":0},"statements":{"total":12,"covered":0,"skipped":0,"pct":0},"branches":{"total":6,"covered":0,"skipped":0,"pct":0}}
,"C:\\Users\\heirr\\OneDrive\\Desktop\\Equoria\\backend\\middleware\\resourceManagement.mjs": {"lines":{"total":163,"covered":125,"skipped":0,"pct":76.68},"functions":{"total":24,"covered":21,"skipped":0,"pct":87.5},"statements":{"total":163,"covered":125,"skipped":0,"pct":76.68},"branches":{"total":94,"covered":69,"skipped":0,"pct":73.4}}
,"C:\\Users\\heirr\\OneDrive\\Desktop\\Equoria\\backend\\middleware\\responseOptimization.mjs": {"lines":{"total":89,"covered":67,"skipped":0,"pct":75.28},"functions":{"total":18,"covered":12,"skipped":0,"pct":66.66},"statements":{"total":94,"covered":68,"skipped":0,"pct":72.34},"branches":{"total":87,"covered":58,"skipped":0,"pct":66.66}}
,"C:\\Users\\heirr\\OneDrive\\Desktop\\Equoria\\backend\\middleware\\security.mjs": {"lines":{"total":52,"covered":49,"skipped":0,"pct":94.23},"functions":{"total":7,"covered":5,"skipped":0,"pct":71.42},"statements":{"total":52,"covered":49,"skipped":0,"pct":94.23},"branches":{"total":25,"covered":22,"skipped":0,"pct":88}}
,"C:\\Users\\heirr\\OneDrive\\Desktop\\Equoria\\backend\\middleware\\sessionManagement.mjs": {"lines":{"total":67,"covered":51,"skipped":0,"pct":76.11},"functions":{"total":7,"covered":5,"skipped":0,"pct":71.42},"statements":{"total":67,"covered":51,"skipped":0,"pct":76.11},"branches":{"total":38,"covered":30,"skipped":0,"pct":78.94}}
,"C:\\Users\\heirr\\OneDrive\\Desktop\\Equoria\\backend\\middleware\\swaggerSetup.mjs": {"lines":{"total":47,"covered":0,"skipped":0,"pct":0},"functions":{"total":9,"covered":0,"skipped":0,"pct":0},"statements":{"total":47,"covered":0,"skipped":0,"pct":0},"branches":{"total":10,"covered":0,"skipped":0,"pct":0}}
,"C:\\Users\\heirr\\OneDrive\\Desktop\\Equoria\\backend\\middleware\\traitDiscoveryMiddleware.mjs": {"lines":{"total":83,"covered":0,"skipped":0,"pct":0},"functions":{"total":15,"covered":0,"skipped":0,"pct":0},"statements":{"total":84,"covered":0,"skipped":0,"pct":0},"branches":{"total":75,"covered":0,"skipped":0,"pct":0}}
,"C:\\Users\\heirr\\OneDrive\\Desktop\\Equoria\\backend\\middleware\\validateHorse.mjs": {"lines":{"total":4,"covered":0,"skipped":0,"pct":0},"functions":{"total":1,"covered":0,"skipped":0,"pct":0},"statements":{"total":4,"covered":0,"skipped":0,"pct":0},"branches":{"total":0,"covered":0,"skipped":0,"pct":100}}
,"C:\\Users\\heirr\\OneDrive\\Desktop\\Equoria\\backend\\middleware\\validatePing.mjs": {"lines":{"total":1,"covered":0,"skipped":0,"pct":0},"functions":{"total":0,"covered":0,"skipped":0,"pct":100},"statements":{"total":1,"covered":0,"skipped":0,"pct":0},"branches":{"total":0,"covered":0,"skipped":0,"pct":100}}
,"C:\\Users\\heirr\\OneDrive\\Desktop\\Equoria\\backend\\middleware\\validationErrorHandler.mjs": {"lines":{"total":24,"covered":24,"skipped":0,"pct":100},"functions":{"total":3,"covered":3,"skipped":0,"pct":100},"statements":{"total":30,"covered":30,"skipped":0,"pct":100},"branches":{"total":26,"covered":25,"skipped":0,"pct":96.15}}
,"C:\\Users\\heirr\\OneDrive\\Desktop\\Equoria\\backend\\services\\advancedLineageAnalysisService.mjs": {"lines":{"total":303,"covered":0,"skipped":0,"pct":0},"functions":{"total":73,"covered":0,"skipped":0,"pct":0},"statements":{"total":332,"covered":0,"skipped":0,"pct":0},"branches":{"total":261,"covered":0,"skipped":0,"pct":0}}
,"C:\\Users\\heirr\\OneDrive\\Desktop\\Equoria\\backend\\services\\apiDocumentationService.mjs": {"lines":{"total":151,"covered":124,"skipped":0,"pct":82.11},"functions":{"total":23,"covered":20,"skipped":0,"pct":86.95},"statements":{"total":156,"covered":126,"skipped":0,"pct":80.76},"branches":{"total":134,"covered":99,"skipped":0,"pct":73.88}}
,"C:\\Users\\heirr\\OneDrive\\Desktop\\Equoria\\backend\\services\\apiResponseOptimizationService.mjs": {"lines":{"total":103,"covered":87,"skipped":0,"pct":84.46},"functions":{"total":22,"covered":19,"skipped":0,"pct":86.36},"statements":{"total":113,"covered":92,"skipped":0,"pct":81.41},"branches":{"total":99,"covered":50,"skipped":0,"pct":50.5}}
,"C:\\Users\\heirr\\OneDrive\\Desktop\\Equoria\\backend\\services\\breedingAnalyticsService.mjs": {"lines":{"total":81,"covered":0,"skipped":0,"pct":0},"functions":{"total":25,"covered":0,"skipped":0,"pct":0},"statements":{"total":89,"covered":0,"skipped":0,"pct":0},"branches":{"total":40,"covered":0,"skipped":0,"pct":0}}
,"C:\\Users\\heirr\\OneDrive\\Desktop\\Equoria\\backend\\services\\breedingPredictionService.mjs": {"lines":{"total":154,"covered":0,"skipped":0,"pct":0},"functions":{"total":38,"covered":0,"skipped":0,"pct":0},"statements":{"total":171,"covered":0,"skipped":0,"pct":0},"branches":{"total":118,"covered":0,"skipped":0,"pct":0}}
,"C:\\Users\\heirr\\OneDrive\\Desktop\\Equoria\\backend\\services\\carePatternAnalyzer.mjs": {"lines":{"total":294,"covered":0,"skipped":0,"pct":0},"functions":{"total":90,"covered":0,"skipped":0,"pct":0},"statements":{"total":363,"covered":0,"skipped":0,"pct":0},"branches":{"total":148,"covered":0,"skipped":0,"pct":0}}
,"C:\\Users\\heirr\\OneDrive\\Desktop\\Equoria\\backend\\services\\conformationShowService.mjs": {"lines":{"total":92,"covered":0,"skipped":0,"pct":0},"functions":{"total":6,"covered":0,"skipped":0,"pct":0},"statements":{"total":92,"covered":0,"skipped":0,"pct":0},"branches":{"total":54,"covered":0,"skipped":0,"pct":0}}
,"C:\\Users\\heirr\\OneDrive\\Desktop\\Equoria\\backend\\services\\cronJobService.mjs": {"lines":{"total":61,"covered":33,"skipped":0,"pct":54.09},"functions":{"total":10,"covered":5,"skipped":0,"pct":50},"statements":{"total":61,"covered":33,"skipped":0,"pct":54.09},"branches":{"total":4,"covered":0,"skipped":0,"pct":0}}
,"C:\\Users\\heirr\\OneDrive\\Desktop\\Equoria\\backend\\services\\cronJobs.mjs": {"lines":{"total":102,"covered":0,"skipped":0,"pct":0},"functions":{"total":17,"covered":0,"skipped":0,"pct":0},"statements":{"total":102,"covered":0,"skipped":0,"pct":0},"branches":{"total":22,"covered":0,"skipped":0,"pct":0}}
,"C:\\Users\\heirr\\OneDrive\\Desktop\\Equoria\\backend\\services\\databaseOptimizationService.mjs": {"lines":{"total":152,"covered":112,"skipped":0,"pct":73.68},"functions":{"total":27,"covered":24,"skipped":0,"pct":88.88},"statements":{"total":155,"covered":115,"skipped":0,"pct":74.19},"branches":{"total":86,"covered":54,"skipped":0,"pct":62.79}}
,"C:\\Users\\heirr\\OneDrive\\Desktop\\Equoria\\backend\\services\\developmentalWindowSystem.mjs": {"lines":{"total":393,"covered":0,"skipped":0,"pct":0},"functions":{"total":66,"covered":0,"skipped":0,"pct":0},"statements":{"total":436,"covered":0,"skipped":0,"pct":0},"branches":{"total":250,"covered":0,"skipped":0,"pct":0}}
,"C:\\Users\\heirr\\OneDrive\\Desktop\\Equoria\\backend\\services\\dynamicCompatibilityScoring.mjs": {"lines":{"total":265,"covered":0,"skipped":0,"pct":0},"functions":{"total":46,"covered":0,"skipped":0,"pct":0},"statements":{"total":321,"covered":0,"skipped":0,"pct":0},"branches":{"total":205,"covered":0,"skipped":0,"pct":0}}
,"C:\\Users\\heirr\\OneDrive\\Desktop\\Equoria\\backend\\services\\enhancedGeneticProbabilityService.mjs": {"lines":{"total":547,"covered":0,"skipped":0,"pct":0},"functions":{"total":114,"covered":0,"skipped":0,"pct":0},"statements":{"total":574,"covered":0,"skipped":0,"pct":0},"branches":{"total":412,"covered":0,"skipped":0,"pct":0}}
,"C:\\Users\\heirr\\OneDrive\\Desktop\\Equoria\\backend\\services\\enhancedGroomInteractions.mjs": {"lines":{"total":102,"covered":0,"skipped":0,"pct":0},"functions":{"total":13,"covered":0,"skipped":0,"pct":0},"statements":{"total":110,"covered":0,"skipped":0,"pct":0},"branches":{"total":77,"covered":0,"skipped":0,"pct":0}}
,"C:\\Users\\heirr\\OneDrive\\Desktop\\Equoria\\backend\\services\\enhancedReportingService.mjs": {"lines":{"total":241,"covered":0,"skipped":0,"pct":0},"functions":{"total":69,"covered":0,"skipped":0,"pct":0},"statements":{"total":269,"covered":0,"skipped":0,"pct":0},"branches":{"total":134,"covered":0,"skipped":0,"pct":0}}
,"C:\\Users\\heirr\\OneDrive\\Desktop\\Equoria\\backend\\services\\environmentalFactorEngineService.mjs": {"lines":{"total":367,"covered":0,"skipped":0,"pct":0},"functions":{"total":30,"covered":0,"skipped":0,"pct":0},"statements":{"total":396,"covered":0,"skipped":0,"pct":0},"branches":{"total":226,"covered":0,"skipped":0,"pct":0}}
,"C:\\Users\\heirr\\OneDrive\\Desktop\\Equoria\\backend\\services\\environmentalTriggerSystem.mjs": {"lines":{"total":269,"covered":0,"skipped":0,"pct":0},"functions":{"total":47,"covered":0,"skipped":0,"pct":0},"statements":{"total":308,"covered":0,"skipped":0,"pct":0},"branches":{"total":165,"covered":0,"skipped":0,"pct":0}}
,"C:\\Users\\heirr\\OneDrive\\Desktop\\Equoria\\backend\\services\\facilityManagementService.mjs": {"lines":{"total":357,"covered":0,"skipped":0,"pct":0},"functions":{"total":45,"covered":0,"skipped":0,"pct":0},"statements":{"total":367,"covered":0,"skipped":0,"pct":0},"branches":{"total":200,"covered":0,"skipped":0,"pct":0}}
,"C:\\Users\\heirr\\OneDrive\\Desktop\\Equoria\\backend\\services\\flagAssignmentEngine.mjs": {"lines":{"total":261,"covered":0,"skipped":0,"pct":0},"functions":{"total":39,"covered":0,"skipped":0,"pct":0},"statements":{"total":274,"covered":0,"skipped":0,"pct":0},"branches":{"total":218,"covered":0,"skipped":0,"pct":0}}
,"C:\\Users\\heirr\\OneDrive\\Desktop\\Equoria\\backend\\services\\flagEffectIntegration.mjs": {"lines":{"total":199,"covered":0,"skipped":0,"pct":0},"functions":{"total":24,"covered":0,"skipped":0,"pct":0},"statements":{"total":228,"covered":0,"skipped":0,"pct":0},"branches":{"total":152,"covered":0,"skipped":0,"pct":0}}
,"C:\\Users\\heirr\\OneDrive\\Desktop\\Equoria\\backend\\services\\geneticDiversityTrackingService.mjs": {"lines":{"total":562,"covered":0,"skipped":0,"pct":0},"functions":{"total":132,"covered":0,"skipped":0,"pct":0},"statements":{"total":630,"covered":0,"skipped":0,"pct":0},"branches":{"total":352,"covered":0,"skipped":0,"pct":0}}
,"C:\\Users\\heirr\\OneDrive\\Desktop\\Equoria\\backend\\services\\groomAssignmentService.mjs": {"lines":{"total":88,"covered":0,"skipped":0,"pct":0},"functions":{"total":11,"covered":0,"skipped":0,"pct":0},"statements":{"total":88,"covered":0,"skipped":0,"pct":0},"branches":{"total":66,"covered":0,"skipped":0,"pct":0}}
,"C:\\Users\\heirr\\OneDrive\\Desktop\\Equoria\\backend\\services\\groomBonusTraitService.mjs": {"lines":{"total":71,"covered":0,"skipped":0,"pct":0},"functions":{"total":7,"covered":0,"skipped":0,"pct":0},"statements":{"total":72,"covered":0,"skipped":0,"pct":0},"branches":{"total":41,"covered":0,"skipped":0,"pct":0}}
,"C:\\Users\\heirr\\OneDrive\\Desktop\\Equoria\\backend\\services\\groomHandlerService.mjs": {"lines":{"total":55,"covered":0,"skipped":0,"pct":0},"functions":{"total":5,"covered":0,"skipped":0,"pct":0},"statements":{"total":55,"covered":0,"skipped":0,"pct":0},"branches":{"total":26,"covered":0,"skipped":0,"pct":0}}
,"C:\\Users\\heirr\\OneDrive\\Desktop\\Equoria\\backend\\services\\groomLegacyService.mjs": {"lines":{"total":47,"covered":0,"skipped":0,"pct":0},"functions":{"total":7,"covered":0,"skipped":0,"pct":0},"statements":{"total":48,"covered":0,"skipped":0,"pct":0},"branches":{"total":18,"covered":0,"skipped":0,"pct":0}}
,"C:\\Users\\heirr\\OneDrive\\Desktop\\Equoria\\backend\\services\\groomMarketplace.mjs": {"lines":{"total":51,"covered":0,"skipped":0,"pct":0},"functions":{"total":9,"covered":0,"skipped":0,"pct":0},"statements":{"total":53,"covered":0,"skipped":0,"pct":0},"branches":{"total":13,"covered":0,"skipped":0,"pct":0}}
,"C:\\Users\\heirr\\OneDrive\\Desktop\\Equoria\\backend\\services\\groomPerformanceService.mjs": {"lines":{"total":69,"covered":0,"skipped":0,"pct":0},"functions":{"total":23,"covered":0,"skipped":0,"pct":0},"statements":{"total":86,"covered":0,"skipped":0,"pct":0},"branches":{"total":38,"covered":0,"skipped":0,"pct":0}}
,"C:\\Users\\heirr\\OneDrive\\Desktop\\Equoria\\backend\\services\\groomPersonalityTraits.mjs": {"lines":{"total":155,"covered":0,"skipped":0,"pct":0},"functions":{"total":22,"covered":0,"skipped":0,"pct":0},"statements":{"total":164,"covered":0,"skipped":0,"pct":0},"branches":{"total":106,"covered":0,"skipped":0,"pct":0}}
,"C:\\Users\\heirr\\OneDrive\\Desktop\\Equoria\\backend\\services\\groomProgressionService.mjs": {"lines":{"total":71,"covered":0,"skipped":0,"pct":0},"functions":{"total":7,"covered":0,"skipped":0,"pct":0},"statements":{"total":74,"covered":0,"skipped":0,"pct":0},"branches":{"total":38,"covered":0,"skipped":0,"pct":0}}
,"C:\\Users\\heirr\\OneDrive\\Desktop\\Equoria\\backend\\services\\groomRetirementService.mjs": {"lines":{"total":78,"covered":0,"skipped":0,"pct":0},"functions":{"total":9,"covered":0,"skipped":0,"pct":0},"statements":{"total":78,"covered":0,"skipped":0,"pct":0},"branches":{"total":28,"covered":0,"skipped":0,"pct":0}}
,"C:\\Users\\heirr\\OneDrive\\Desktop\\Equoria\\backend\\services\\groomSalaryService.mjs": {"lines":{"total":82,"covered":1,"skipped":0,"pct":1.21},"functions":{"total":6,"covered":0,"skipped":0,"pct":0},"statements":{"total":82,"covered":1,"skipped":0,"pct":1.21},"branches":{"total":13,"covered":0,"skipped":0,"pct":0}}
,"C:\\Users\\heirr\\OneDrive\\Desktop\\Equoria\\backend\\services\\groomTalentService.mjs": {"lines":{"total":71,"covered":0,"skipped":0,"pct":0},"functions":{"total":9,"covered":0,"skipped":0,"pct":0},"statements":{"total":73,"covered":0,"skipped":0,"pct":0},"branches":{"total":51,"covered":0,"skipped":0,"pct":0}}
,"C:\\Users\\heirr\\OneDrive\\Desktop\\Equoria\\backend\\services\\horseTemperamentAnalysis.mjs": {"lines":{"total":239,"covered":0,"skipped":0,"pct":0},"functions":{"total":55,"covered":0,"skipped":0,"pct":0},"statements":{"total":283,"covered":0,"skipped":0,"pct":0},"branches":{"total":180,"covered":0,"skipped":0,"pct":0}}
,"C:\\Users\\heirr\\OneDrive\\Desktop\\Equoria\\backend\\services\\leaderboardService.mjs": {"lines":{"total":45,"covered":0,"skipped":0,"pct":0},"functions":{"total":8,"covered":0,"skipped":0,"pct":0},"statements":{"total":48,"covered":0,"skipped":0,"pct":0},"branches":{"total":29,"covered":0,"skipped":0,"pct":0}}
,"C:\\Users\\heirr\\OneDrive\\Desktop\\Equoria\\backend\\services\\legacyScoreCalculator.mjs": {"lines":{"total":67,"covered":0,"skipped":0,"pct":0},"functions":{"total":12,"covered":0,"skipped":0,"pct":0},"statements":{"total":84,"covered":0,"skipped":0,"pct":0},"branches":{"total":92,"covered":0,"skipped":0,"pct":0}}
,"C:\\Users\\heirr\\OneDrive\\Desktop\\Equoria\\backend\\services\\legacyScoreTraitCalculator.mjs": {"lines":{"total":72,"covered":0,"skipped":0,"pct":0},"functions":{"total":17,"covered":0,"skipped":0,"pct":0},"statements":{"total":79,"covered":0,"skipped":0,"pct":0},"branches":{"total":28,"covered":0,"skipped":0,"pct":0}}
,"C:\\Users\\heirr\\OneDrive\\Desktop\\Equoria\\backend\\services\\memoryResourceManagementService.mjs": {"lines":{"total":189,"covered":144,"skipped":0,"pct":76.19},"functions":{"total":38,"covered":34,"skipped":0,"pct":89.47},"statements":{"total":200,"covered":154,"skipped":0,"pct":77},"branches":{"total":85,"covered":52,"skipped":0,"pct":61.17}}
,"C:\\Users\\heirr\\OneDrive\\Desktop\\Equoria\\backend\\services\\performanceAnalyticsService.mjs": {"lines":{"total":74,"covered":0,"skipped":0,"pct":0},"functions":{"total":21,"covered":0,"skipped":0,"pct":0},"statements":{"total":83,"covered":0,"skipped":0,"pct":0},"branches":{"total":28,"covered":0,"skipped":0,"pct":0}}
,"C:\\Users\\heirr\\OneDrive\\Desktop\\Equoria\\backend\\services\\personalityEvolutionSystem.mjs": {"lines":{"total":139,"covered":0,"skipped":0,"pct":0},"functions":{"total":35,"covered":0,"skipped":0,"pct":0},"statements":{"total":145,"covered":0,"skipped":0,"pct":0},"branches":{"total":85,"covered":0,"skipped":0,"pct":0}}
,"C:\\Users\\heirr\\OneDrive\\Desktop\\Equoria\\backend\\services\\trainingAnalyticsService.mjs": {"lines":{"total":38,"covered":0,"skipped":0,"pct":0},"functions":{"total":8,"covered":0,"skipped":0,"pct":0},"statements":{"total":38,"covered":0,"skipped":0,"pct":0},"branches":{"total":16,"covered":0,"skipped":0,"pct":0}}
,"C:\\Users\\heirr\\OneDrive\\Desktop\\Equoria\\backend\\services\\traitHistoryService.mjs": {"lines":{"total":107,"covered":0,"skipped":0,"pct":0},"functions":{"total":27,"covered":0,"skipped":0,"pct":0},"statements":{"total":119,"covered":0,"skipped":0,"pct":0},"branches":{"total":74,"covered":0,"skipped":0,"pct":0}}
,"C:\\Users\\heirr\\OneDrive\\Desktop\\Equoria\\backend\\services\\traitInteractionMatrix.mjs": {"lines":{"total":257,"covered":0,"skipped":0,"pct":0},"functions":{"total":59,"covered":0,"skipped":0,"pct":0},"statements":{"total":276,"covered":0,"skipped":0,"pct":0},"branches":{"total":111,"covered":0,"skipped":0,"pct":0}}
,"C:\\Users\\heirr\\OneDrive\\Desktop\\Equoria\\backend\\services\\traitTimelineService.mjs": {"lines":{"total":94,"covered":0,"skipped":0,"pct":0},"functions":{"total":32,"covered":0,"skipped":0,"pct":0},"statements":{"total":123,"covered":0,"skipped":0,"pct":0},"branches":{"total":74,"covered":0,"skipped":0,"pct":0}}
,"C:\\Users\\heirr\\OneDrive\\Desktop\\Equoria\\backend\\services\\userDocumentationService.mjs": {"lines":{"total":164,"covered":146,"skipped":0,"pct":89.02},"functions":{"total":36,"covered":36,"skipped":0,"pct":100},"statements":{"total":165,"covered":147,"skipped":0,"pct":89.09},"branches":{"total":47,"covered":41,"skipped":0,"pct":87.23}}
,"C:\\Users\\heirr\\OneDrive\\Desktop\\Equoria\\backend\\services\\weeklyFlagEvaluationService.mjs": {"lines":{"total":61,"covered":0,"skipped":0,"pct":0},"functions":{"total":4,"covered":0,"skipped":0,"pct":0},"statements":{"total":61,"covered":0,"skipped":0,"pct":0},"branches":{"total":22,"covered":0,"skipped":0,"pct":0}}
,"C:\\Users\\heirr\\OneDrive\\Desktop\\Equoria\\backend\\utils\\_logger.mjs": {"lines":{"total":0,"covered":0,"skipped":0,"pct":0},"functions":{"total":0,"covered":0,"skipped":0,"pct":0},"statements":{"total":0,"covered":0,"skipped":0,"pct":0},"branches":{"total":0,"covered":0,"skipped":0,"pct":0}}
,"C:\\Users\\heirr\\OneDrive\\Desktop\\Equoria\\backend\\utils\\apiResponse.mjs": {"lines":{"total":51,"covered":12,"skipped":0,"pct":23.52},"functions":{"total":23,"covered":1,"skipped":0,"pct":4.34},"statements":{"total":51,"covered":12,"skipped":0,"pct":23.52},"branches":{"total":44,"covered":0,"skipped":0,"pct":0}}
,"C:\\Users\\heirr\\OneDrive\\Desktop\\Equoria\\backend\\utils\\applyEpigeneticTraitsAtBirth.mjs": {"lines":{"total":106,"covered":0,"skipped":0,"pct":0},"functions":{"total":8,"covered":0,"skipped":0,"pct":0},"statements":{"total":106,"covered":0,"skipped":0,"pct":0},"branches":{"total":112,"covered":0,"skipped":0,"pct":0}}
,"C:\\Users\\heirr\\OneDrive\\Desktop\\Equoria\\backend\\utils\\atBirthTraits.mjs": {"lines":{"total":217,"covered":0,"skipped":0,"pct":0},"functions":{"total":18,"covered":0,"skipped":0,"pct":0},"statements":{"total":223,"covered":0,"skipped":0,"pct":0},"branches":{"total":129,"covered":0,"skipped":0,"pct":0}}
,"C:\\Users\\heirr\\OneDrive\\Desktop\\Equoria\\backend\\utils\\bondingModifiers.mjs": {"lines":{"total":104,"covered":0,"skipped":0,"pct":0},"functions":{"total":9,"covered":0,"skipped":0,"pct":0},"statements":{"total":104,"covered":0,"skipped":0,"pct":0},"branches":{"total":87,"covered":0,"skipped":0,"pct":0}}
,"C:\\Users\\heirr\\OneDrive\\Desktop\\Equoria\\backend\\utils\\carePatternAnalysis.mjs": {"lines":{"total":82,"covered":0,"skipped":0,"pct":0},"functions":{"total":30,"covered":0,"skipped":0,"pct":0},"statements":{"total":92,"covered":0,"skipped":0,"pct":0},"branches":{"total":50,"covered":0,"skipped":0,"pct":0}}
,"C:\\Users\\heirr\\OneDrive\\Desktop\\Equoria\\backend\\utils\\competitionLogic.mjs": {"lines":{"total":126,"covered":0,"skipped":0,"pct":0},"functions":{"total":19,"covered":0,"skipped":0,"pct":0},"statements":{"total":129,"covered":0,"skipped":0,"pct":0},"branches":{"total":82,"covered":0,"skipped":0,"pct":0}}
,"C:\\Users\\heirr\\OneDrive\\Desktop\\Equoria\\backend\\utils\\competitionRewards.mjs": {"lines":{"total":13,"covered":0,"skipped":0,"pct":0},"functions":{"total":5,"covered":0,"skipped":0,"pct":0},"statements":{"total":13,"covered":0,"skipped":0,"pct":0},"branches":{"total":9,"covered":0,"skipped":0,"pct":0}}
,"C:\\Users\\heirr\\OneDrive\\Desktop\\Equoria\\backend\\utils\\competitionScore.mjs": {"lines":{"total":48,"covered":0,"skipped":0,"pct":0},"functions":{"total":5,"covered":0,"skipped":0,"pct":0},"statements":{"total":48,"covered":0,"skipped":0,"pct":0},"branches":{"total":83,"covered":0,"skipped":0,"pct":0}}
,"C:\\Users\\heirr\\OneDrive\\Desktop\\Equoria\\backend\\utils\\dailyCareAutomation.mjs": {"lines":{"total":76,"covered":0,"skipped":0,"pct":0},"functions":{"total":11,"covered":0,"skipped":0,"pct":0},"statements":{"total":80,"covered":0,"skipped":0,"pct":0},"branches":{"total":33,"covered":0,"skipped":0,"pct":0}}
,"C:\\Users\\heirr\\OneDrive\\Desktop\\Equoria\\backend\\utils\\emailService.mjs": {"lines":{"total":40,"covered":0,"skipped":0,"pct":0},"functions":{"total":4,"covered":0,"skipped":0,"pct":0},"statements":{"total":40,"covered":0,"skipped":0,"pct":0},"branches":{"total":22,"covered":0,"skipped":0,"pct":0}}
,"C:\\Users\\heirr\\OneDrive\\Desktop\\Equoria\\backend\\utils\\emailVerificationService.mjs": {"lines":{"total":77,"covered":68,"skipped":0,"pct":88.31},"functions":{"total":9,"covered":9,"skipped":0,"pct":100},"statements":{"total":78,"covered":69,"skipped":0,"pct":88.46},"branches":{"total":35,"covered":31,"skipped":0,"pct":88.57}}
,"C:\\Users\\heirr\\OneDrive\\Desktop\\Equoria\\backend\\utils\\enhancedMilestoneEvaluation.mjs": {"lines":{"total":136,"covered":0,"skipped":0,"pct":0},"functions":{"total":36,"covered":0,"skipped":0,"pct":0},"statements":{"total":172,"covered":0,"skipped":0,"pct":0},"branches":{"total":90,"covered":0,"skipped":0,"pct":0}}
,"C:\\Users\\heirr\\OneDrive\\Desktop\\Equoria\\backend\\utils\\enhancedMilestoneEvaluationSystem.mjs": {"lines":{"total":81,"covered":0,"skipped":0,"pct":0},"functions":{"total":9,"covered":0,"skipped":0,"pct":0},"statements":{"total":86,"covered":0,"skipped":0,"pct":0},"branches":{"total":72,"covered":0,"skipped":0,"pct":0}}
,"C:\\Users\\heirr\\OneDrive\\Desktop\\Equoria\\backend\\utils\\envValidator.mjs": {"lines":{"total":51,"covered":0,"skipped":0,"pct":0},"functions":{"total":7,"covered":0,"skipped":0,"pct":0},"statements":{"total":51,"covered":0,"skipped":0,"pct":0},"branches":{"total":51,"covered":0,"skipped":0,"pct":0}}
,"C:\\Users\\heirr\\OneDrive\\Desktop\\Equoria\\backend\\utils\\epigeneticFlagInfluence.mjs": {"lines":{"total":129,"covered":0,"skipped":0,"pct":0},"functions":{"total":15,"covered":0,"skipped":0,"pct":0},"statements":{"total":131,"covered":0,"skipped":0,"pct":0},"branches":{"total":64,"covered":0,"skipped":0,"pct":0}}
,"C:\\Users\\heirr\\OneDrive\\Desktop\\Equoria\\backend\\utils\\epigeneticFlags.mjs": {"lines":{"total":31,"covered":0,"skipped":0,"pct":0},"functions":{"total":9,"covered":0,"skipped":0,"pct":0},"statements":{"total":34,"covered":0,"skipped":0,"pct":0},"branches":{"total":28,"covered":0,"skipped":0,"pct":0}}
,"C:\\Users\\heirr\\OneDrive\\Desktop\\Equoria\\backend\\utils\\epigeneticTraits.mjs": {"lines":{"total":116,"covered":0,"skipped":0,"pct":0},"functions":{"total":17,"covered":0,"skipped":0,"pct":0},"statements":{"total":119,"covered":0,"skipped":0,"pct":0},"branches":{"total":93,"covered":0,"skipped":0,"pct":0}}
,"C:\\Users\\heirr\\OneDrive\\Desktop\\Equoria\\backend\\utils\\flagEvaluationEngine.mjs": {"lines":{"total":107,"covered":0,"skipped":0,"pct":0},"functions":{"total":15,"covered":0,"skipped":0,"pct":0},"statements":{"total":108,"covered":0,"skipped":0,"pct":0},"branches":{"total":60,"covered":0,"skipped":0,"pct":0}}
,"C:\\Users\\heirr\\OneDrive\\Desktop\\Equoria\\backend\\utils\\foalTaskLogManager.mjs": {"lines":{"total":76,"covered":0,"skipped":0,"pct":0},"functions":{"total":15,"covered":0,"skipped":0,"pct":0},"statements":{"total":76,"covered":0,"skipped":0,"pct":0},"branches":{"total":68,"covered":0,"skipped":0,"pct":0}}
,"C:\\Users\\heirr\\OneDrive\\Desktop\\Equoria\\backend\\utils\\generateMockShows.mjs": {"lines":{"total":24,"covered":0,"skipped":0,"pct":0},"functions":{"total":2,"covered":0,"skipped":0,"pct":0},"statements":{"total":25,"covered":0,"skipped":0,"pct":0},"branches":{"total":6,"covered":0,"skipped":0,"pct":0}}
,"C:\\Users\\heirr\\OneDrive\\Desktop\\Equoria\\backend\\utils\\getStatScore.mjs": {"lines":{"total":15,"covered":0,"skipped":0,"pct":0},"functions":{"total":1,"covered":0,"skipped":0,"pct":0},"statements":{"total":15,"covered":0,"skipped":0,"pct":0},"branches":{"total":17,"covered":0,"skipped":0,"pct":0}}
,"C:\\Users\\heirr\\OneDrive\\Desktop\\Equoria\\backend\\utils\\groomBondingSystem.mjs": {"lines":{"total":85,"covered":0,"skipped":0,"pct":0},"functions":{"total":12,"covered":0,"skipped":0,"pct":0},"statements":{"total":86,"covered":0,"skipped":0,"pct":0},"branches":{"total":67,"covered":0,"skipped":0,"pct":0}}
,"C:\\Users\\heirr\\OneDrive\\Desktop\\Equoria\\backend\\utils\\groomPersonalityEffects.mjs": {"lines":{"total":74,"covered":0,"skipped":0,"pct":0},"functions":{"total":6,"covered":0,"skipped":0,"pct":0},"statements":{"total":75,"covered":0,"skipped":0,"pct":0},"branches":{"total":56,"covered":0,"skipped":0,"pct":0}}
,"C:\\Users\\heirr\\OneDrive\\Desktop\\Equoria\\backend\\utils\\groomPersonalityTraitBonus.mjs": {"lines":{"total":30,"covered":0,"skipped":0,"pct":0},"functions":{"total":4,"covered":0,"skipped":0,"pct":0},"statements":{"total":30,"covered":0,"skipped":0,"pct":0},"branches":{"total":13,"covered":0,"skipped":0,"pct":0}}
,"C:\\Users\\heirr\\OneDrive\\Desktop\\Equoria\\backend\\utils\\groomRareTraitPerks.mjs": {"lines":{"total":64,"covered":0,"skipped":0,"pct":0},"functions":{"total":8,"covered":0,"skipped":0,"pct":0},"statements":{"total":65,"covered":0,"skipped":0,"pct":0},"branches":{"total":40,"covered":0,"skipped":0,"pct":0}}
,"C:\\Users\\heirr\\OneDrive\\Desktop\\Equoria\\backend\\utils\\groomSystem.mjs": {"lines":{"total":122,"covered":0,"skipped":0,"pct":0},"functions":{"total":8,"covered":0,"skipped":0,"pct":0},"statements":{"total":122,"covered":0,"skipped":0,"pct":0},"branches":{"total":66,"covered":0,"skipped":0,"pct":0}}
,"C:\\Users\\heirr\\OneDrive\\Desktop\\Equoria\\backend\\utils\\healthBonus.mjs": {"lines":{"total":2,"covered":0,"skipped":0,"pct":0},"functions":{"total":1,"covered":0,"skipped":0,"pct":0},"statements":{"total":2,"covered":0,"skipped":0,"pct":0},"branches":{"total":2,"covered":0,"skipped":0,"pct":0}}
,"C:\\Users\\heirr\\OneDrive\\Desktop\\Equoria\\backend\\utils\\healthCheck.mjs": {"lines":{"total":50,"covered":0,"skipped":0,"pct":0},"functions":{"total":10,"covered":0,"skipped":0,"pct":0},"statements":{"total":51,"covered":0,"skipped":0,"pct":0},"branches":{"total":26,"covered":0,"skipped":0,"pct":0}}
,"C:\\Users\\heirr\\OneDrive\\Desktop\\Equoria\\backend\\utils\\horseAgingSystem.mjs": {"lines":{"total":125,"covered":0,"skipped":0,"pct":0},"functions":{"total":6,"covered":0,"skipped":0,"pct":0},"statements":{"total":125,"covered":0,"skipped":0,"pct":0},"branches":{"total":72,"covered":0,"skipped":0,"pct":0}}
,"C:\\Users\\heirr\\OneDrive\\Desktop\\Equoria\\backend\\utils\\horseModelTraitHelpers.mjs": {"lines":{"total":90,"covered":0,"skipped":0,"pct":0},"functions":{"total":10,"covered":0,"skipped":0,"pct":0},"statements":{"total":94,"covered":0,"skipped":0,"pct":0},"branches":{"total":106,"covered":0,"skipped":0,"pct":0}}
,"C:\\Users\\heirr\\OneDrive\\Desktop\\Equoria\\backend\\utils\\horseUpdates.mjs": {"lines":{"total":33,"covered":0,"skipped":0,"pct":0},"functions":{"total":3,"covered":0,"skipped":0,"pct":0},"statements":{"total":33,"covered":0,"skipped":0,"pct":0},"branches":{"total":33,"covered":0,"skipped":0,"pct":0}}
,"C:\\Users\\heirr\\OneDrive\\Desktop\\Equoria\\backend\\utils\\isHorseEligible.mjs": {"lines":{"total":17,"covered":0,"skipped":0,"pct":0},"functions":{"total":1,"covered":0,"skipped":0,"pct":0},"statements":{"total":17,"covered":0,"skipped":0,"pct":0},"branches":{"total":24,"covered":0,"skipped":0,"pct":0}}
,"C:\\Users\\heirr\\OneDrive\\Desktop\\Equoria\\backend\\utils\\lineageTraitCheck.mjs": {"lines":{"total":88,"covered":0,"skipped":0,"pct":0},"functions":{"total":6,"covered":0,"skipped":0,"pct":0},"statements":{"total":88,"covered":0,"skipped":0,"pct":0},"branches":{"total":70,"covered":0,"skipped":0,"pct":0}}
,"C:\\Users\\heirr\\OneDrive\\Desktop\\Equoria\\backend\\utils\\logger.mjs": {"lines":{"total":6,"covered":5,"skipped":0,"pct":83.33},"functions":{"total":2,"covered":2,"skipped":0,"pct":100},"statements":{"total":6,"covered":5,"skipped":0,"pct":83.33},"branches":{"total":6,"covered":3,"skipped":0,"pct":50}}
,"C:\\Users\\heirr\\OneDrive\\Desktop\\Equoria\\backend\\utils\\milestoneTraitEvaluator.mjs": {"lines":{"total":79,"covered":0,"skipped":0,"pct":0},"functions":{"total":13,"covered":0,"skipped":0,"pct":0},"statements":{"total":79,"covered":0,"skipped":0,"pct":0},"branches":{"total":57,"covered":0,"skipped":0,"pct":0}}
,"C:\\Users\\heirr\\OneDrive\\Desktop\\Equoria\\backend\\utils\\personalityModifierEngine.mjs": {"lines":{"total":45,"covered":0,"skipped":0,"pct":0},"functions":{"total":3,"covered":0,"skipped":0,"pct":0},"statements":{"total":45,"covered":0,"skipped":0,"pct":0},"branches":{"total":39,"covered":0,"skipped":0,"pct":0}}
,"C:\\Users\\heirr\\OneDrive\\Desktop\\Equoria\\backend\\utils\\rateLimitStore.mjs": {"lines":{"total":44,"covered":7,"skipped":0,"pct":15.9},"functions":{"total":11,"covered":2,"skipped":0,"pct":18.18},"statements":{"total":45,"covered":7,"skipped":0,"pct":15.55},"branches":{"total":25,"covered":6,"skipped":0,"pct":24}}
,"C:\\Users\\heirr\\OneDrive\\Desktop\\Equoria\\backend\\utils\\riderBonus.mjs": {"lines":{"total":7,"covered":0,"skipped":0,"pct":0},"functions":{"total":1,"covered":0,"skipped":0,"pct":0},"statements":{"total":7,"covered":0,"skipped":0,"pct":0},"branches":{"total":16,"covered":0,"skipped":0,"pct":0}}
,"C:\\Users\\heirr\\OneDrive\\Desktop\\Equoria\\backend\\utils\\schemaValidator.mjs": {"lines":{"total":37,"covered":0,"skipped":0,"pct":0},"functions":{"total":4,"covered":0,"skipped":0,"pct":0},"statements":{"total":38,"covered":0,"skipped":0,"pct":0},"branches":{"total":18,"covered":0,"skipped":0,"pct":0}}
,"C:\\Users\\heirr\\OneDrive\\Desktop\\Equoria\\backend\\utils\\securityValidation.mjs": {"lines":{"total":192,"covered":0,"skipped":0,"pct":0},"functions":{"total":12,"covered":0,"skipped":0,"pct":0},"statements":{"total":193,"covered":0,"skipped":0,"pct":0},"branches":{"total":170,"covered":0,"skipped":0,"pct":0}}
,"C:\\Users\\heirr\\OneDrive\\Desktop\\Equoria\\backend\\utils\\statMap.mjs": {"lines":{"total":6,"covered":0,"skipped":0,"pct":0},"functions":{"total":4,"covered":0,"skipped":0,"pct":0},"statements":{"total":6,"covered":0,"skipped":0,"pct":0},"branches":{"total":2,"covered":0,"skipped":0,"pct":0}}
,"C:\\Users\\heirr\\OneDrive\\Desktop\\Equoria\\backend\\utils\\taskTraitInfluenceMap.mjs": {"lines":{"total":27,"covered":0,"skipped":0,"pct":0},"functions":{"total":10,"covered":0,"skipped":0,"pct":0},"statements":{"total":29,"covered":0,"skipped":0,"pct":0},"branches":{"total":18,"covered":0,"skipped":0,"pct":0}}
,"C:\\Users\\heirr\\OneDrive\\Desktop\\Equoria\\backend\\utils\\temperamentDrift.mjs": {"lines":{"total":68,"covered":0,"skipped":0,"pct":0},"functions":{"total":9,"covered":0,"skipped":0,"pct":0},"statements":{"total":70,"covered":0,"skipped":0,"pct":0},"branches":{"total":75,"covered":0,"skipped":0,"pct":0}}
,"C:\\Users\\heirr\\OneDrive\\Desktop\\Equoria\\backend\\utils\\tokenRotationService.mjs": {"lines":{"total":83,"covered":67,"skipped":0,"pct":80.72},"functions":{"total":9,"covered":9,"skipped":0,"pct":100},"statements":{"total":83,"covered":67,"skipped":0,"pct":80.72},"branches":{"total":30,"covered":22,"skipped":0,"pct":73.33}}
,"C:\\Users\\heirr\\OneDrive\\Desktop\\Equoria\\backend\\utils\\trainingCooldown.mjs": {"lines":{"total":39,"covered":0,"skipped":0,"pct":0},"functions":{"total":4,"covered":0,"skipped":0,"pct":0},"statements":{"total":39,"covered":0,"skipped":0,"pct":0},"branches":{"total":28,"covered":0,"skipped":0,"pct":0}}
,"C:\\Users\\heirr\\OneDrive\\Desktop\\Equoria\\backend\\utils\\traitAssignmentLogic.mjs": {"lines":{"total":73,"covered":0,"skipped":0,"pct":0},"functions":{"total":8,"covered":0,"skipped":0,"pct":0},"statements":{"total":76,"covered":0,"skipped":0,"pct":0},"branches":{"total":24,"covered":0,"skipped":0,"pct":0}}
,"C:\\Users\\heirr\\OneDrive\\Desktop\\Equoria\\backend\\utils\\traitCompetitionImpact.mjs": {"lines":{"total":59,"covered":0,"skipped":0,"pct":0},"functions":{"total":6,"covered":0,"skipped":0,"pct":0},"statements":{"total":59,"covered":0,"skipped":0,"pct":0},"branches":{"total":43,"covered":0,"skipped":0,"pct":0}}
,"C:\\Users\\heirr\\OneDrive\\Desktop\\Equoria\\backend\\utils\\traitDiscovery.mjs": {"lines":{"total":143,"covered":0,"skipped":0,"pct":0},"functions":{"total":25,"covered":0,"skipped":0,"pct":0},"statements":{"total":144,"covered":0,"skipped":0,"pct":0},"branches":{"total":138,"covered":0,"skipped":0,"pct":0}}
,"C:\\Users\\heirr\\OneDrive\\Desktop\\Equoria\\backend\\utils\\traitEffects.mjs": {"lines":{"total":36,"covered":0,"skipped":0,"pct":0},"functions":{"total":7,"covered":0,"skipped":0,"pct":0},"statements":{"total":36,"covered":0,"skipped":0,"pct":0},"branches":{"total":34,"covered":0,"skipped":0,"pct":0}}
,"C:\\Users\\heirr\\OneDrive\\Desktop\\Equoria\\backend\\utils\\traitEvaluation.mjs": {"lines":{"total":135,"covered":0,"skipped":0,"pct":0},"functions":{"total":11,"covered":0,"skipped":0,"pct":0},"statements":{"total":136,"covered":0,"skipped":0,"pct":0},"branches":{"total":115,"covered":0,"skipped":0,"pct":0}}
,"C:\\Users\\heirr\\OneDrive\\Desktop\\Equoria\\backend\\utils\\ultraRareMechanicalEffects.mjs": {"lines":{"total":217,"covered":0,"skipped":0,"pct":0},"functions":{"total":8,"covered":0,"skipped":0,"pct":0},"statements":{"total":232,"covered":0,"skipped":0,"pct":0},"branches":{"total":161,"covered":0,"skipped":0,"pct":0}}
,"C:\\Users\\heirr\\OneDrive\\Desktop\\Equoria\\backend\\utils\\ultraRareTraits.mjs": {"lines":{"total":13,"covered":0,"skipped":0,"pct":0},"functions":{"total":5,"covered":0,"skipped":0,"pct":0},"statements":{"total":13,"covered":0,"skipped":0,"pct":0},"branches":{"total":6,"covered":0,"skipped":0,"pct":0}}
,"C:\\Users\\heirr\\OneDrive\\Desktop\\Equoria\\backend\\utils\\ultraRareTriggerEngine.mjs": {"lines":{"total":244,"covered":0,"skipped":0,"pct":0},"functions":{"total":58,"covered":0,"skipped":0,"pct":0},"statements":{"total":258,"covered":0,"skipped":0,"pct":0},"branches":{"total":185,"covered":0,"skipped":0,"pct":0}}
,"C:\\Users\\heirr\\OneDrive\\Desktop\\Equoria\\backend\\utils\\userUpdates.mjs": {"lines":{"total":23,"covered":0,"skipped":0,"pct":0},"functions":{"total":2,"covered":0,"skipped":0,"pct":0},"statements":{"total":23,"covered":0,"skipped":0,"pct":0},"branches":{"total":10,"covered":0,"skipped":0,"pct":0}}
,"C:\\Users\\heirr\\OneDrive\\Desktop\\Equoria\\backend\\utils\\validateEnvironment.mjs": {"lines":{"total":51,"covered":49,"skipped":0,"pct":96.07},"functions":{"total":4,"covered":4,"skipped":0,"pct":100},"statements":{"total":54,"covered":52,"skipped":0,"pct":96.29},"branches":{"total":47,"covered":42,"skipped":0,"pct":89.36}}
}
