TN:
SF:middleware\auditLog.mjs
FN:12,(anonymous_0)
FN:13,(anonymous_1)
FN:23,(anonymous_2)
FN:41,logOperation
FN:96,storeAuditLog
FN:127,checkSuspiciousActivity
FN:141,(anonymous_6)
FN:177,detectSuspiciousPatterns
FN:182,(anonymous_8)
FN:193,(anonymous_9)
FN:204,(anonymous_10)
FN:215,(anonymous_11)
FN:228,(anonymous_12)
FN:253,sanitizeLogData
FN:277,(anonymous_14)
FN:299,(anonymous_15)
FN:304,(anonymous_16)
FNF:17
FNH:0
FNDA:0,(anonymous_0)
FNDA:0,(anonymous_1)
FNDA:0,(anonymous_2)
FNDA:0,logOperation
FNDA:0,storeAuditLog
FNDA:0,checkSuspiciousActivity
FNDA:0,(anonymous_6)
FNDA:0,detectSuspiciousPatterns
FNDA:0,(anonymous_8)
FNDA:0,(anonymous_9)
FNDA:0,(anonymous_10)
FNDA:0,(anonymous_11)
FNDA:0,(anonymous_12)
FNDA:0,sanitizeLogData
FNDA:0,(anonymous_14)
FNDA:0,(anonymous_15)
FNDA:0,(anonymous_16)
DA:12,0
DA:13,0
DA:15,0
DA:16,0
DA:19,0
DA:20,0
DA:23,0
DA:24,0
DA:25,0
DA:28,0
DA:31,0
DA:34,0
DA:42,0
DA:43,0
DA:63,0
DA:64,0
DA:68,0
DA:69,0
DA:71,0
DA:82,0
DA:83,0
DA:87,0
DA:89,0
DA:97,0
DA:100,0
DA:118,0
DA:125,0
DA:128,0
DA:129,0
DA:130,0
DA:131,0
DA:134,0
DA:135,0
DA:138,0
DA:141,0
DA:144,0
DA:153,0
DA:156,0
DA:158,0
DA:159,0
DA:170,0
DA:178,0
DA:179,0
DA:182,0
DA:183,0
DA:184,0
DA:192,0
DA:193,0
DA:195,0
DA:196,0
DA:204,0
DA:205,0
DA:206,0
DA:215,0
DA:216,0
DA:218,0
DA:219,0
DA:227,0
DA:228,0
DA:229,0
DA:230,0
DA:232,0
DA:233,0
DA:240,0
DA:241,0
DA:247,0
DA:254,0
DA:255,0
DA:258,0
DA:273,0
DA:275,0
DA:276,0
DA:277,0
DA:278,0
DA:282,0
DA:288,0
DA:289,0
DA:290,0
DA:291,0
DA:292,0
DA:293,0
DA:298,0
DA:300,0
DA:301,0
DA:303,0
DA:304,0
DA:306,0
DA:307,0
DA:309,0
LF:89
LH:0
BRDA:12,0,0,0
BRDA:15,1,0,0
BRDA:15,1,1,0
BRDA:15,2,0,0
BRDA:15,2,1,0
BRDA:45,3,0,0
BRDA:45,3,1,0
BRDA:46,4,0,0
BRDA:46,4,1,0
BRDA:47,5,0,0
BRDA:47,5,1,0
BRDA:63,6,0,0
BRDA:63,6,1,0
BRDA:68,7,0,0
BRDA:68,7,1,0
BRDA:68,8,0,0
BRDA:68,8,1,0
BRDA:82,9,0,0
BRDA:82,9,1,0
BRDA:130,10,0,0
BRDA:130,10,1,0
BRDA:138,11,0,0
BRDA:138,11,1,0
BRDA:158,12,0,0
BRDA:158,12,1,0
BRDA:183,13,0,0
BRDA:183,13,1,0
BRDA:195,14,0,0
BRDA:195,14,1,0
BRDA:205,15,0,0
BRDA:205,15,1,0
BRDA:218,16,0,0
BRDA:218,16,1,0
BRDA:229,17,0,0
BRDA:229,17,1,0
BRDA:234,18,0,0
BRDA:234,18,1,0
BRDA:234,18,2,0
BRDA:240,19,0,0
BRDA:240,19,1,0
BRDA:254,20,0,0
BRDA:254,20,1,0
BRDA:254,21,0,0
BRDA:254,21,1,0
BRDA:277,22,0,0
BRDA:277,22,1,0
BRDA:306,23,0,0
BRDA:306,23,1,0
BRF:48
BRH:0
end_of_record
TN:
SF:middleware\auth.mjs
FN:9,(anonymous_0)
FN:31,(anonymous_1)
FN:78,(anonymous_2)
FN:99,(anonymous_3)
FN:121,(anonymous_4)
FN:122,(anonymous_5)
FN:161,(anonymous_6)
FN:173,(anonymous_7)
FNF:8
FNH:2
FNDA:87,(anonymous_0)
FNDA:81,(anonymous_1)
FNDA:0,(anonymous_2)
FNDA:0,(anonymous_3)
FNDA:0,(anonymous_4)
FNDA:0,(anonymous_5)
FNDA:0,(anonymous_6)
FNDA:0,(anonymous_7)
DA:9,6
DA:10,87
DA:12,87
DA:15,87
DA:16,87
DA:17,87
DA:20,87
DA:21,6
DA:22,6
DA:25,81
DA:26,81
DA:27,0
DA:28,0
DA:31,81
DA:32,81
DA:33,3
DA:37,3
DA:38,0
DA:39,3
DA:40,3
DA:42,0
DA:47,78
DA:52,78
DA:53,78
DA:54,78
DA:57,9
DA:58,9
DA:65,0
DA:66,0
DA:78,6
DA:79,0
DA:81,0
DA:84,0
DA:85,0
DA:86,0
DA:89,0
DA:90,0
DA:93,0
DA:94,0
DA:95,0
DA:96,0
DA:99,0
DA:100,0
DA:102,0
DA:106,0
DA:107,0
DA:109,0
DA:112,0
DA:113,0
DA:121,6
DA:122,0
DA:123,0
DA:124,0
DA:125,0
DA:128,0
DA:129,0
DA:132,0
DA:135,0
DA:138,0
DA:140,0
DA:141,0
DA:148,0
DA:149,0
DA:161,6
DA:162,0
DA:163,0
DA:164,0
DA:167,0
DA:173,6
DA:175,0
DA:180,0
LF:71
LH:27
BRDA:15,0,0,87
BRDA:15,0,1,0
BRDA:17,1,0,87
BRDA:17,1,1,81
BRDA:20,2,0,6
BRDA:20,2,1,81
BRDA:26,3,0,0
BRDA:26,3,1,81
BRDA:32,4,0,3
BRDA:32,4,1,78
BRDA:37,5,0,0
BRDA:37,5,1,3
BRDA:39,6,0,3
BRDA:39,6,1,0
BRDA:49,7,0,78
BRDA:49,7,1,78
BRDA:57,8,0,9
BRDA:57,8,1,0
BRDA:84,9,0,0
BRDA:84,9,1,0
BRDA:86,10,0,0
BRDA:86,10,1,0
BRDA:89,11,0,0
BRDA:89,11,1,0
BRDA:94,12,0,0
BRDA:94,12,1,0
BRDA:100,13,0,0
BRDA:100,13,1,0
BRDA:100,14,0,0
BRDA:100,14,1,0
BRDA:104,15,0,0
BRDA:104,15,1,0
BRDA:124,16,0,0
BRDA:124,16,1,0
BRDA:128,17,0,0
BRDA:128,17,1,0
BRDA:128,18,0,0
BRDA:128,18,1,0
BRDA:140,19,0,0
BRDA:140,19,1,0
BRDA:161,20,0,0
BRDA:163,21,0,0
BRDA:163,21,1,0
BRF:43
BRH:13
end_of_record
TN:
SF:middleware\authRateLimiter.mjs
FN:28,createAuthRateLimiter
FN:43,(anonymous_1)
FN:90,(anonymous_2)
FN:91,(anonymous_3)
FN:92,(anonymous_4)
FN:93,(anonymous_5)
FN:102,resetAuthRateLimit
FN:115,resetAllAuthRateLimits
FN:123,getAuthRateLimitStore
FNF:9
FNH:2
FNDA:25,createAuthRateLimiter
FNDA:0,(anonymous_1)
FNDA:0,(anonymous_2)
FNDA:0,(anonymous_3)
FNDA:0,(anonymous_4)
FNDA:0,(anonymous_5)
FNDA:0,resetAuthRateLimit
FNDA:24,resetAllAuthRateLimits
FNDA:0,getAuthRateLimitStore
DA:16,1
DA:30,25
DA:31,25
DA:34,25
DA:35,0
DA:38,25
DA:39,0
DA:43,25
DA:45,0
DA:48,0
DA:49,0
DA:52,0
DA:53,0
DA:56,0
DA:57,0
DA:58,0
DA:61,0
DA:62,0
DA:64,0
DA:72,0
DA:74,0
DA:82,0
DA:86,25
DA:87,25
DA:90,25
DA:91,25
DA:92,25
DA:93,25
DA:95,25
DA:103,0
DA:104,0
DA:105,0
DA:108,0
DA:109,0
DA:116,24
DA:117,24
DA:124,0
DA:129,1
DA:130,1
DA:132,1
LF:40
LH:18
BRDA:28,0,0,0
BRDA:30,1,0,25
BRDA:30,1,1,0
BRDA:31,2,0,25
BRDA:31,2,1,0
BRDA:34,3,0,0
BRDA:34,3,1,25
BRDA:38,4,0,0
BRDA:38,4,1,25
BRDA:45,5,0,0
BRDA:45,5,1,0
BRDA:45,5,2,0
BRDA:45,5,3,0
BRDA:61,6,0,0
BRDA:61,6,1,0
BRDA:103,7,0,0
BRDA:103,7,1,0
BRDA:133,8,0,1
BRDA:133,8,1,0
BRF:19
BRH:5
end_of_record
TN:
SF:middleware\errorHandler.mjs
FN:8,(anonymous_0)
FN:61,(anonymous_1)
FNF:2
FNH:0
FNDA:0,(anonymous_0)
FNDA:0,(anonymous_1)
DA:8,0
DA:10,0
DA:11,0
DA:17,0
DA:21,0
DA:22,0
DA:27,0
DA:30,0
DA:40,0
DA:43,0
DA:44,0
DA:45,0
DA:48,0
DA:49,0
DA:50,0
DA:54,0
DA:55,0
DA:56,0
DA:60,0
DA:61,0
DA:62,0
DA:67,0
DA:68,0
DA:69,0
DA:72,0
DA:73,0
DA:74,0
DA:78,0
DA:79,0
DA:80,0
DA:87,0
DA:91,0
LF:32
LH:0
BRDA:10,0,0,0
BRDA:10,0,1,0
BRDA:10,1,0,0
BRDA:10,1,1,0
BRDA:21,2,0,0
BRDA:21,2,1,0
BRDA:43,3,0,0
BRDA:43,3,1,0
BRDA:48,4,0,0
BRDA:48,4,1,0
BRDA:54,5,0,0
BRDA:54,5,1,0
BRDA:60,6,0,0
BRDA:60,6,1,0
BRDA:60,7,0,0
BRDA:60,7,1,0
BRDA:67,8,0,0
BRDA:67,8,1,0
BRDA:72,9,0,0
BRDA:72,9,1,0
BRDA:79,10,0,0
BRDA:79,10,1,0
BRDA:80,11,0,0
BRDA:80,11,1,0
BRDA:84,12,0,0
BRDA:84,12,1,0
BRF:26
BRH:0
end_of_record
TN:
SF:middleware\gameIntegrity.mjs
FN:13,(anonymous_0)
FN:14,(anonymous_1)
FN:32,(anonymous_2)
FN:59,(anonymous_3)
FN:62,(anonymous_4)
FN:95,(anonymous_5)
FN:138,(anonymous_6)
FN:205,(anonymous_7)
FN:281,(anonymous_8)
FN:282,(anonymous_9)
FN:343,(anonymous_10)
FNF:11
FNH:0
FNDA:0,(anonymous_0)
FNDA:0,(anonymous_1)
FNDA:0,(anonymous_2)
FNDA:0,(anonymous_3)
FNDA:0,(anonymous_4)
FNDA:0,(anonymous_5)
FNDA:0,(anonymous_6)
FNDA:0,(anonymous_7)
FNDA:0,(anonymous_8)
FNDA:0,(anonymous_9)
FNDA:0,(anonymous_10)
DA:13,0
DA:14,0
DA:15,0
DA:18,0
DA:31,0
DA:32,0
DA:35,0
DA:36,0
DA:39,0
DA:43,0
DA:44,0
DA:45,0
DA:46,0
DA:47,0
DA:52,0
DA:59,0
DA:60,0
DA:62,0
DA:63,0
DA:64,0
DA:65,0
DA:68,0
DA:69,0
DA:70,0
DA:73,0
DA:79,0
DA:82,0
DA:83,0
DA:84,0
DA:88,0
DA:95,0
DA:96,0
DA:97,0
DA:98,0
DA:100,0
DA:101,0
DA:105,0
DA:133,0
DA:134,0
DA:138,0
DA:140,0
DA:141,0
DA:144,0
DA:147,0
DA:148,0
DA:151,0
DA:155,0
DA:156,0
DA:159,0
DA:160,0
DA:164,0
DA:165,0
DA:171,0
DA:172,0
DA:176,0
DA:177,0
DA:179,0
DA:180,0
DA:181,0
DA:182,0
DA:186,0
DA:187,0
DA:188,0
DA:189,0
DA:194,0
DA:195,0
DA:197,0
DA:198,0
DA:205,0
DA:206,0
DA:207,0
DA:208,0
DA:210,0
DA:211,0
DA:215,0
DA:227,0
DA:228,0
DA:232,0
DA:233,0
DA:236,0
DA:240,0
DA:241,0
DA:247,0
DA:248,0
DA:252,0
DA:253,0
DA:254,0
DA:255,0
DA:256,0
DA:257,0
DA:266,0
DA:267,0
DA:268,0
DA:271,0
DA:273,0
DA:274,0
DA:281,0
DA:282,0
DA:283,0
DA:284,0
DA:285,0
DA:287,0
DA:288,0
DA:292,0
DA:297,0
DA:298,0
DA:302,0
DA:303,0
DA:304,0
DA:308,0
DA:309,0
DA:312,0
DA:317,0
DA:318,0
DA:319,0
DA:322,0
DA:327,0
DA:328,0
DA:332,0
DA:334,0
DA:335,0
DA:343,0
DA:344,0
DA:346,0
DA:347,0
DA:348,0
DA:349,0
DA:352,0
DA:353,0
DA:356,0
DA:361,0
DA:362,0
LF:132
LH:0
BRDA:13,0,0,0
BRDA:32,1,0,0
BRDA:32,1,1,0
BRDA:35,2,0,0
BRDA:35,2,1,0
BRDA:44,3,0,0
BRDA:44,3,1,0
BRDA:46,4,0,0
BRDA:46,4,1,0
BRDA:46,5,0,0
BRDA:46,5,1,0
BRDA:46,5,2,0
BRDA:69,6,0,0
BRDA:69,6,1,0
BRDA:69,7,0,0
BRDA:69,7,1,0
BRDA:83,8,0,0
BRDA:83,8,1,0
BRDA:100,9,0,0
BRDA:100,9,1,0
BRDA:100,10,0,0
BRDA:100,10,1,0
BRDA:133,11,0,0
BRDA:133,11,1,0
BRDA:133,12,0,0
BRDA:133,12,1,0
BRDA:138,13,0,0
BRDA:138,13,1,0
BRDA:140,14,0,0
BRDA:140,14,1,0
BRDA:140,15,0,0
BRDA:140,15,1,0
BRDA:147,16,0,0
BRDA:147,16,1,0
BRDA:155,17,0,0
BRDA:155,17,1,0
BRDA:155,18,0,0
BRDA:155,18,1,0
BRDA:159,19,0,0
BRDA:159,19,1,0
BRDA:159,20,0,0
BRDA:159,20,1,0
BRDA:164,21,0,0
BRDA:164,21,1,0
BRDA:164,22,0,0
BRDA:164,22,1,0
BRDA:171,23,0,0
BRDA:171,23,1,0
BRDA:171,24,0,0
BRDA:171,24,1,0
BRDA:179,25,0,0
BRDA:179,25,1,0
BRDA:181,26,0,0
BRDA:181,26,1,0
BRDA:186,27,0,0
BRDA:186,27,1,0
BRDA:188,28,0,0
BRDA:188,28,1,0
BRDA:210,29,0,0
BRDA:210,29,1,0
BRDA:210,30,0,0
BRDA:210,30,1,0
BRDA:227,31,0,0
BRDA:227,31,1,0
BRDA:232,32,0,0
BRDA:232,32,1,0
BRDA:232,33,0,0
BRDA:232,33,1,0
BRDA:240,34,0,0
BRDA:240,34,1,0
BRDA:247,35,0,0
BRDA:247,35,1,0
BRDA:252,36,0,0
BRDA:252,36,1,0
BRDA:255,37,0,0
BRDA:255,37,1,0
BRDA:267,38,0,0
BRDA:267,38,1,0
BRDA:287,39,0,0
BRDA:287,39,1,0
BRDA:287,40,0,0
BRDA:287,40,1,0
BRDA:297,41,0,0
BRDA:297,41,1,0
BRDA:302,42,0,0
BRDA:302,42,1,0
BRDA:303,43,0,0
BRDA:303,43,1,0
BRDA:308,44,0,0
BRDA:308,44,1,0
BRDA:317,45,0,0
BRDA:317,45,1,0
BRDA:317,46,0,0
BRDA:317,46,1,0
BRDA:318,47,0,0
BRDA:318,47,1,0
BRDA:327,48,0,0
BRDA:327,48,1,0
BRDA:344,49,0,0
BRDA:344,49,1,0
BRDA:346,50,0,0
BRDA:346,50,1,0
BRDA:352,51,0,0
BRDA:352,51,1,0
BRF:104
BRH:0
end_of_record
TN:
SF:middleware\requestLogger.mjs
FN:7,(anonymous_0)
FN:23,(anonymous_1)
FN:45,(anonymous_2)
FNF:3
FNH:0
FNDA:0,(anonymous_0)
FNDA:0,(anonymous_1)
FNDA:0,(anonymous_2)
DA:7,0
DA:8,0
DA:11,0
DA:22,0
DA:23,0
DA:24,0
DA:26,0
DA:35,0
DA:38,0
DA:45,0
DA:46,0
DA:59,0
LF:12
LH:0
BRDA:18,0,0,0
BRDA:18,0,1,0
BRDA:32,1,0,0
BRDA:32,1,1,0
BRDA:53,2,0,0
BRDA:53,2,1,0
BRF:6
BRH:0
end_of_record
TN:
SF:middleware\resourceManagement.mjs
FN:26,createResourceManagementMiddleware
FN:37,(anonymous_1)
FN:55,(anonymous_2)
FN:65,(anonymous_3)
FN:77,(anonymous_4)
FN:78,(anonymous_5)
FN:89,(anonymous_6)
FN:96,(anonymous_7)
FN:172,(anonymous_8)
FN:205,(anonymous_9)
FN:252,(anonymous_10)
FN:256,(anonymous_11)
FN:269,memoryMonitoringMiddleware
FN:279,(anonymous_13)
FN:307,databaseConnectionMiddleware
FN:308,(anonymous_15)
FN:316,(anonymous_16)
FN:321,(anonymous_17)
FN:328,(anonymous_18)
FN:345,(anonymous_19)
FN:364,requestTimeoutMiddleware
FN:365,(anonymous_21)
FN:366,(anonymous_22)
FN:389,(anonymous_23)
FNF:24
FNH:21
FNDA:11,createResourceManagementMiddleware
FNDA:11,(anonymous_1)
FNDA:3,(anonymous_2)
FNDA:2,(anonymous_3)
FNDA:1,(anonymous_4)
FNDA:0,(anonymous_5)
FNDA:0,(anonymous_6)
FNDA:20,(anonymous_7)
FNDA:11,(anonymous_8)
FNDA:10,(anonymous_9)
FNDA:10,(anonymous_10)
FNDA:0,(anonymous_11)
FNDA:4,memoryMonitoringMiddleware
FNDA:4,(anonymous_13)
FNDA:3,databaseConnectionMiddleware
FNDA:3,(anonymous_15)
FNDA:17,(anonymous_16)
FNDA:1,(anonymous_17)
FNDA:3,(anonymous_18)
FNDA:3,(anonymous_19)
FNDA:5,requestTimeoutMiddleware
FNDA:5,(anonymous_21)
FNDA:1,(anonymous_22)
FNDA:5,(anonymous_23)
DA:27,11
DA:37,11
DA:38,11
DA:39,11
DA:40,11
DA:43,11
DA:55,11
DA:56,3
DA:57,3
DA:59,3
DA:60,1
DA:65,11
DA:66,2
DA:67,2
DA:69,2
DA:70,0
DA:76,11
DA:77,11
DA:78,1
DA:79,0
DA:80,0
DA:83,1
DA:84,1
DA:88,11
DA:89,11
DA:90,0
DA:91,0
DA:92,0
DA:96,11
DA:97,20
DA:100,20
DA:101,3
DA:102,3
DA:103,3
DA:105,0
DA:108,20
DA:111,20
DA:112,0
DA:113,0
DA:114,0
DA:116,0
DA:119,20
DA:122,20
DA:123,0
DA:124,0
DA:125,0
DA:126,0
DA:129,0
DA:132,20
DA:135,20
DA:136,0
DA:137,0
DA:138,0
DA:139,0
DA:142,0
DA:145,20
DA:148,20
DA:149,0
DA:150,0
DA:151,0
DA:152,0
DA:153,0
DA:154,0
DA:155,0
DA:158,0
DA:161,20
DA:163,20
DA:164,1
DA:167,20
DA:171,11
DA:172,11
DA:173,11
DA:174,11
DA:175,11
DA:178,11
DA:179,11
DA:180,10
DA:189,11
DA:190,10
DA:191,10
DA:192,10
DA:193,10
DA:195,0
DA:200,11
DA:204,11
DA:205,10
DA:206,10
DA:207,10
DA:208,10
DA:211,10
DA:214,10
DA:215,10
DA:216,10
DA:225,10
DA:226,10
DA:237,10
DA:238,2
DA:241,10
DA:242,1
DA:245,10
DA:246,1
DA:252,10
DA:253,10
DA:256,10
DA:257,0
DA:258,0
DA:262,11
DA:270,4
DA:277,4
DA:279,4
DA:281,4
DA:282,4
DA:283,4
DA:284,4
DA:287,4
DA:288,1
DA:290,1
DA:291,0
DA:292,0
DA:293,0
DA:295,0
DA:300,4
DA:308,3
DA:309,3
DA:310,3
DA:312,3
DA:313,3
DA:316,3
DA:317,17
DA:318,17
DA:321,3
DA:322,1
DA:323,1
DA:327,3
DA:328,3
DA:329,3
DA:331,3
DA:332,3
DA:333,3
DA:334,3
DA:336,0
DA:341,3
DA:345,3
DA:346,3
DA:348,3
DA:349,1
DA:353,3
DA:354,3
DA:357,3
DA:365,5
DA:366,5
DA:367,1
DA:368,1
DA:371,1
DA:372,0
DA:375,1
DA:384,5
DA:385,2
DA:389,5
DA:390,5
DA:391,5
DA:392,2
DA:396,5
LF:163
LH:125
BRDA:26,0,0,3
BRDA:31,1,0,11
BRDA:31,1,1,10
BRDA:32,2,0,11
BRDA:32,2,1,10
BRDA:33,3,0,11
BRDA:33,3,1,9
BRDA:38,4,0,11
BRDA:38,4,1,11
BRDA:40,5,0,10
BRDA:40,5,1,1
BRDA:55,6,0,3
BRDA:56,7,0,3
BRDA:56,7,1,0
BRDA:59,8,0,1
BRDA:59,8,1,2
BRDA:66,9,0,2
BRDA:66,9,1,0
BRDA:69,10,0,0
BRDA:69,10,1,2
BRDA:137,11,0,0
BRDA:137,11,1,0
BRDA:137,12,0,0
BRDA:137,12,1,0
BRDA:150,13,0,0
BRDA:150,13,1,0
BRDA:150,14,0,0
BRDA:150,14,1,0
BRDA:153,15,0,0
BRDA:153,15,1,0
BRDA:153,16,0,0
BRDA:153,16,1,0
BRDA:163,17,0,1
BRDA:163,17,1,19
BRDA:163,18,0,20
BRDA:163,18,1,2
BRDA:175,19,0,10
BRDA:175,19,1,1
BRDA:179,20,0,10
BRDA:179,20,1,1
BRDA:179,21,0,11
BRDA:179,21,1,10
BRDA:189,22,0,10
BRDA:189,22,1,1
BRDA:189,23,0,11
BRDA:189,23,1,10
BRDA:192,24,0,10
BRDA:192,24,1,0
BRDA:204,25,0,10
BRDA:204,25,1,1
BRDA:208,26,0,10
BRDA:208,26,1,0
BRDA:215,27,0,10
BRDA:215,27,1,0
BRDA:215,28,0,10
BRDA:215,28,1,10
BRDA:225,29,0,10
BRDA:225,29,1,0
BRDA:237,30,0,2
BRDA:237,30,1,8
BRDA:241,31,0,1
BRDA:241,31,1,9
BRDA:241,32,0,10
BRDA:241,32,1,10
BRDA:245,33,0,1
BRDA:245,33,1,9
BRDA:269,34,0,3
BRDA:271,35,0,4
BRDA:271,35,1,4
BRDA:272,36,0,4
BRDA:272,36,1,3
BRDA:273,37,0,4
BRDA:273,37,1,4
BRDA:287,38,0,1
BRDA:287,38,1,3
BRDA:290,39,0,0
BRDA:290,39,1,1
BRDA:290,40,0,1
BRDA:290,40,1,0
BRDA:331,41,0,3
BRDA:331,41,1,0
BRDA:331,42,0,3
BRDA:331,42,1,3
BRDA:348,43,0,1
BRDA:348,43,1,2
BRDA:364,44,0,0
BRDA:367,45,0,1
BRDA:367,45,1,0
BRDA:371,46,0,0
BRDA:371,46,1,1
BRDA:384,47,0,2
BRDA:384,47,1,3
BRDA:391,48,0,2
BRDA:391,48,1,3
BRF:94
BRH:69
end_of_record
TN:
SF:middleware\responseOptimization.mjs
FN:30,responseOptimization
FN:39,(anonymous_1)
FN:43,(anonymous_2)
FN:49,(anonymous_3)
FN:60,(anonymous_4)
FN:146,paginationMiddleware
FN:153,(anonymous_6)
FN:194,lazyLoadingMiddleware
FN:200,(anonymous_8)
FN:206,(anonymous_9)
FN:207,(anonymous_10)
FN:210,(anonymous_11)
FN:225,compressionMiddleware
FN:232,(anonymous_13)
FN:249,performanceMonitoring
FN:256,(anonymous_15)
FN:264,(anonymous_16)
FN:287,getOptimizationMetrics
FNF:18
FNH:12
FNDA:2,responseOptimization
FNDA:9,(anonymous_1)
FNDA:9,(anonymous_2)
FNDA:4,(anonymous_3)
FNDA:0,(anonymous_4)
FNDA:1,paginationMiddleware
FNDA:8,(anonymous_6)
FNDA:1,lazyLoadingMiddleware
FNDA:8,(anonymous_8)
FNDA:0,(anonymous_9)
FNDA:0,(anonymous_10)
FNDA:0,(anonymous_11)
FNDA:0,compressionMiddleware
FNDA:0,(anonymous_13)
FNDA:1,performanceMonitoring
FNDA:8,(anonymous_15)
FNDA:8,(anonymous_16)
FNDA:1,getOptimizationMetrics
DA:37,2
DA:39,2
DA:40,9
DA:41,9
DA:43,9
DA:44,9
DA:45,9
DA:48,9
DA:49,4
DA:50,2
DA:51,2
DA:59,9
DA:60,0
DA:61,0
DA:62,0
DA:70,9
DA:71,9
DA:77,9
DA:78,8
DA:81,8
DA:82,0
DA:85,8
DA:86,8
DA:94,9
DA:95,9
DA:97,9
DA:98,1
DA:99,1
DA:106,8
DA:107,0
DA:111,8
DA:115,8
DA:116,8
DA:119,8
DA:120,1
DA:132,8
DA:134,0
DA:135,0
DA:139,9
DA:151,1
DA:153,1
DA:155,8
DA:156,8
DA:157,8
DA:158,8
DA:159,8
DA:162,8
DA:163,0
DA:169,8
DA:170,0
DA:177,8
DA:187,8
DA:198,1
DA:200,1
DA:201,8
DA:202,0
DA:206,8
DA:207,8
DA:210,8
DA:212,8
DA:218,8
DA:230,0
DA:232,0
DA:234,0
DA:236,0
DA:237,0
DA:238,0
DA:239,0
DA:242,0
DA:254,1
DA:256,1
DA:257,8
DA:258,0
DA:261,8
DA:262,8
DA:264,8
DA:265,8
DA:266,8
DA:269,8
DA:270,0
DA:274,8
DA:275,8
DA:277,8
DA:280,8
DA:288,1
DA:289,1
DA:291,1
DA:302,0
DA:303,0
LF:89
LH:67
BRDA:30,0,0,1
BRDA:32,1,0,2
BRDA:33,2,0,2
BRDA:34,3,0,2
BRDA:35,4,0,1
BRDA:36,5,0,2
BRDA:48,6,0,2
BRDA:48,6,1,7
BRDA:48,7,0,9
BRDA:48,7,1,9
BRDA:50,8,0,2
BRDA:50,8,1,0
BRDA:50,9,0,2
BRDA:50,9,1,2
BRDA:59,10,0,0
BRDA:59,10,1,9
BRDA:59,11,0,9
BRDA:59,11,1,9
BRDA:61,12,0,0
BRDA:61,12,1,0
BRDA:61,13,0,0
BRDA:61,13,1,0
BRDA:70,14,0,9
BRDA:70,14,1,0
BRDA:77,15,0,8
BRDA:77,15,1,1
BRDA:77,16,0,9
BRDA:77,16,1,9
BRDA:81,17,0,0
BRDA:81,17,1,8
BRDA:94,18,0,9
BRDA:94,18,1,0
BRDA:97,19,0,1
BRDA:97,19,1,8
BRDA:106,20,0,0
BRDA:106,20,1,8
BRDA:119,21,0,1
BRDA:119,21,1,7
BRDA:146,22,0,1
BRDA:148,23,0,1
BRDA:149,24,0,1
BRDA:150,25,0,1
BRDA:155,26,0,8
BRDA:155,26,1,7
BRDA:156,27,0,8
BRDA:156,27,1,4
BRDA:158,28,0,8
BRDA:158,28,1,8
BRDA:159,29,0,8
BRDA:159,29,1,8
BRDA:162,30,0,0
BRDA:162,30,1,8
BRDA:169,31,0,0
BRDA:169,31,1,8
BRDA:184,32,0,8
BRDA:184,32,1,8
BRDA:194,33,0,1
BRDA:196,34,0,1
BRDA:197,35,0,1
BRDA:201,36,0,0
BRDA:201,36,1,8
BRDA:206,37,0,0
BRDA:206,37,1,8
BRDA:207,38,0,0
BRDA:207,38,1,8
BRDA:225,39,0,0
BRDA:227,40,0,0
BRDA:228,41,0,0
BRDA:229,42,0,0
BRDA:234,43,0,0
BRDA:234,43,1,0
BRDA:236,44,0,0
BRDA:236,44,1,0
BRDA:236,45,0,0
BRDA:236,45,1,0
BRDA:238,46,0,0
BRDA:238,46,1,0
BRDA:249,47,0,1
BRDA:251,48,0,1
BRDA:252,49,0,1
BRDA:253,50,0,1
BRDA:257,51,0,0
BRDA:257,51,1,8
BRDA:269,52,0,0
BRDA:269,52,1,8
BRDA:269,53,0,8
BRDA:269,53,1,8
BRF:87
BRH:58
end_of_record
TN:
SF:middleware\security.mjs
FN:13,(anonymous_0)
FN:46,(anonymous_1)
FN:57,(anonymous_2)
FN:105,(anonymous_3)
FN:144,(anonymous_4)
FN:176,(anonymous_5)
FN:201,(anonymous_6)
FNF:7
FNH:5
FNDA:7,(anonymous_0)
FNDA:3,(anonymous_1)
FNDA:0,(anonymous_2)
FNDA:8,(anonymous_3)
FNDA:6,(anonymous_4)
FNDA:8,(anonymous_5)
FNDA:0,(anonymous_6)
DA:12,1
DA:14,7
DA:22,7
DA:23,7
DA:28,7
DA:29,2
DA:30,2
DA:33,5
DA:34,4
DA:36,1
DA:37,1
DA:46,1
DA:47,3
DA:58,0
DA:64,0
DA:74,1
DA:97,1
DA:98,1
DA:99,1
DA:105,1
DA:107,8
DA:109,8
DA:110,6
DA:111,6
DA:114,6
DA:115,2
DA:116,2
DA:120,4
DA:121,3
DA:128,3
DA:134,1
DA:137,3
DA:144,1
DA:146,6
DA:147,1
DA:152,5
DA:156,5
DA:157,2
DA:165,2
DA:166,2
DA:169,3
DA:176,1
DA:178,8
DA:179,7
DA:183,8
DA:186,8
DA:189,8
DA:192,8
DA:195,8
DA:197,8
DA:201,1
DA:202,0
LF:52
LH:49
BRDA:22,0,0,7
BRDA:22,0,1,0
BRDA:28,1,0,2
BRDA:28,1,1,5
BRDA:33,2,0,4
BRDA:33,2,1,1
BRDA:46,3,0,0
BRDA:46,4,0,0
BRDA:109,5,0,6
BRDA:109,5,1,2
BRDA:114,6,0,2
BRDA:114,6,1,4
BRDA:120,7,0,3
BRDA:120,7,1,1
BRDA:120,8,0,4
BRDA:120,8,1,3
BRDA:146,9,0,1
BRDA:146,9,1,5
BRDA:152,10,0,5
BRDA:152,10,1,4
BRDA:152,10,2,3
BRDA:156,11,0,2
BRDA:156,11,1,3
BRDA:178,12,0,7
BRDA:178,12,1,1
BRF:25
BRH:22
end_of_record
TN:
SF:middleware\sessionManagement.mjs
FN:19,(anonymous_0)
FN:96,(anonymous_1)
FN:128,(anonymous_2)
FN:150,(anonymous_3)
FN:165,(anonymous_4)
FN:189,(anonymous_5)
FN:209,(anonymous_6)
FNF:7
FNH:5
FNDA:4,(anonymous_0)
FNDA:3,(anonymous_1)
FNDA:0,(anonymous_2)
FNDA:4,(anonymous_3)
FNDA:4,(anonymous_4)
FNDA:0,(anonymous_5)
FNDA:6,(anonymous_6)
DA:12,1
DA:13,1
DA:19,1
DA:21,4
DA:22,2
DA:25,2
DA:26,2
DA:29,2
DA:31,2
DA:32,1
DA:34,1
DA:41,1
DA:42,1
DA:46,1
DA:49,1
DA:50,0
DA:57,0
DA:62,0
DA:63,0
DA:65,0
DA:73,1
DA:78,0
DA:84,1
DA:89,2
DA:96,1
DA:98,3
DA:99,1
DA:102,2
DA:104,2
DA:106,2
DA:110,2
DA:111,0
DA:118,0
DA:124,0
DA:125,0
DA:128,0
DA:133,0
DA:140,0
DA:144,2
DA:150,1
DA:155,4
DA:156,4
DA:157,4
DA:159,4
DA:165,1
DA:166,4
DA:167,4
DA:168,1
DA:174,3
DA:186,3
DA:189,0
DA:201,0
DA:202,0
DA:209,1
DA:210,6
DA:211,6
DA:212,1
DA:218,5
DA:220,5
DA:221,1
DA:228,4
DA:235,3
DA:236,2
DA:242,1
DA:247,1
DA:252,1
DA:253,1
LF:67
LH:51
BRDA:12,0,0,1
BRDA:12,0,1,1
BRDA:13,1,0,1
BRDA:13,1,1,1
BRDA:21,2,0,2
BRDA:21,2,1,2
BRDA:21,3,0,4
BRDA:21,3,1,3
BRDA:31,4,0,1
BRDA:31,4,1,1
BRDA:41,5,0,1
BRDA:41,5,1,0
BRDA:42,6,0,1
BRDA:42,6,1,0
BRDA:49,7,0,0
BRDA:49,7,1,1
BRDA:98,8,0,1
BRDA:98,8,1,2
BRDA:98,9,0,3
BRDA:98,9,1,2
BRDA:110,10,0,0
BRDA:110,10,1,2
BRDA:124,11,0,0
BRDA:124,11,1,0
BRDA:167,12,0,1
BRDA:167,12,1,3
BRDA:167,13,0,4
BRDA:167,13,1,3
BRDA:192,14,0,0
BRDA:192,14,1,0
BRDA:211,15,0,1
BRDA:211,15,1,5
BRDA:211,16,0,6
BRDA:211,16,1,5
BRDA:220,17,0,1
BRDA:220,17,1,4
BRDA:235,18,0,2
BRDA:235,18,1,1
BRF:38
BRH:30
end_of_record
TN:
SF:middleware\swaggerSetup.mjs
FN:30,loadSwaggerSpec
FN:70,(anonymous_1)
FN:75,(anonymous_2)
FN:225,setupSwaggerDocs
FN:237,(anonymous_4)
FN:243,(anonymous_5)
FN:255,(anonymous_6)
FN:283,addDocumentationHeaders
FN:284,(anonymous_8)
FNF:9
FNH:0
FNDA:0,loadSwaggerSpec
FNDA:0,(anonymous_1)
FNDA:0,(anonymous_2)
FNDA:0,setupSwaggerDocs
FNDA:0,(anonymous_4)
FNDA:0,(anonymous_5)
FNDA:0,(anonymous_6)
FNDA:0,addDocumentationHeaders
FNDA:0,(anonymous_8)
DA:24,0
DA:25,0
DA:31,0
DA:32,0
DA:33,0
DA:36,0
DA:37,0
DA:45,0
DA:46,0
DA:52,0
DA:53,0
DA:55,0
DA:56,0
DA:63,0
DA:72,0
DA:73,0
DA:77,0
DA:78,0
DA:80,0
DA:111,0
DA:226,0
DA:227,0
DA:230,0
DA:231,0
DA:237,0
DA:238,0
DA:239,0
DA:243,0
DA:244,0
DA:245,0
DA:246,0
DA:247,0
DA:249,0
DA:250,0
DA:255,0
DA:256,0
DA:269,0
DA:270,0
DA:271,0
DA:272,0
DA:275,0
DA:276,0
DA:284,0
DA:286,0
DA:287,0
DA:288,0
DA:290,0
LF:47
LH:0
BRDA:36,0,0,0
BRDA:36,0,1,0
BRDA:40,1,0,0
BRDA:40,1,1,0
BRDA:45,2,0,0
BRDA:45,2,1,0
BRDA:48,3,0,0
BRDA:48,3,1,0
BRDA:77,4,0,0
BRDA:77,4,1,0
BRF:10
BRH:0
end_of_record
TN:
SF:middleware\traitDiscoveryMiddleware.mjs
FN:17,autoDiscoveryMiddleware
FN:24,(anonymous_1)
FN:28,(anonymous_2)
FN:39,(anonymous_3)
FN:69,extractHorseId
FN:115,triggerAutoDiscovery
FN:169,getLastDiscoveryCheck
FN:190,updateLastDiscoveryCheck
FN:201,(anonymous_8)
FN:204,(anonymous_9)
FN:220,emitDiscoveryEvent
FN:245,enrichmentDiscoveryMiddleware
FN:257,trainingDiscoveryMiddleware
FN:269,bondingDiscoveryMiddleware
FN:281,manualDiscoveryTrigger
FNF:15
FNH:0
FNDA:0,autoDiscoveryMiddleware
FNDA:0,(anonymous_1)
FNDA:0,(anonymous_2)
FNDA:0,(anonymous_3)
FNDA:0,extractHorseId
FNDA:0,triggerAutoDiscovery
FNDA:0,getLastDiscoveryCheck
FNDA:0,updateLastDiscoveryCheck
FNDA:0,(anonymous_8)
FNDA:0,(anonymous_9)
FNDA:0,emitDiscoveryEvent
FNDA:0,enrichmentDiscoveryMiddleware
FNDA:0,trainingDiscoveryMiddleware
FNDA:0,bondingDiscoveryMiddleware
FNDA:0,manualDiscoveryTrigger
DA:22,0
DA:24,0
DA:26,0
DA:28,0
DA:30,0
DA:33,0
DA:35,0
DA:37,0
DA:39,0
DA:40,0
DA:41,0
DA:48,0
DA:56,0
DA:59,0
DA:71,0
DA:74,0
DA:75,0
DA:76,0
DA:77,0
DA:78,0
DA:79,0
DA:83,0
DA:84,0
DA:85,0
DA:86,0
DA:87,0
DA:92,0
DA:93,0
DA:94,0
DA:95,0
DA:96,0
DA:97,0
DA:98,0
DA:103,0
DA:104,0
DA:107,0
DA:121,0
DA:123,0
DA:124,0
DA:129,0
DA:130,0
DA:131,0
DA:132,0
DA:135,0
DA:140,0
DA:146,0
DA:149,0
DA:150,0
DA:155,0
DA:158,0
DA:170,0
DA:173,0
DA:174,0
DA:177,0
DA:179,0
DA:182,0
DA:191,0
DA:192,0
DA:193,0
DA:196,0
DA:199,0
DA:200,0
DA:201,0
DA:203,0
DA:204,0
DA:205,0
DA:209,0
DA:221,0
DA:223,0
DA:224,0
DA:230,0
DA:235,0
DA:246,0
DA:258,0
DA:270,0
DA:282,0
DA:283,0
DA:287,0
DA:294,0
DA:295,0
DA:298,0
DA:300,0
DA:303,0
LF:83
LH:0
BRDA:17,0,0,0
BRDA:19,1,0,0
BRDA:20,2,0,0
BRDA:21,3,0,0
BRDA:33,4,0,0
BRDA:33,4,1,0
BRDA:33,5,0,0
BRDA:33,5,1,0
BRDA:33,5,2,0
BRDA:33,5,3,0
BRDA:37,6,0,0
BRDA:37,6,1,0
BRDA:45,7,0,0
BRDA:45,7,1,0
BRDA:74,8,0,0
BRDA:74,8,1,0
BRDA:76,9,0,0
BRDA:76,9,1,0
BRDA:78,10,0,0
BRDA:78,10,1,0
BRDA:83,11,0,0
BRDA:83,11,1,0
BRDA:83,12,0,0
BRDA:83,12,1,0
BRDA:84,13,0,0
BRDA:84,13,1,0
BRDA:86,14,0,0
BRDA:86,14,1,0
BRDA:92,15,0,0
BRDA:92,15,1,0
BRDA:92,16,0,0
BRDA:92,16,1,0
BRDA:92,16,2,0
BRDA:93,17,0,0
BRDA:93,17,1,0
BRDA:95,18,0,0
BRDA:95,18,1,0
BRDA:97,19,0,0
BRDA:97,19,1,0
BRDA:97,20,0,0
BRDA:97,20,1,0
BRDA:103,21,0,0
BRDA:103,21,1,0
BRDA:103,22,0,0
BRDA:103,22,1,0
BRDA:115,23,0,0
BRDA:117,24,0,0
BRDA:118,25,0,0
BRDA:119,26,0,0
BRDA:120,27,0,0
BRDA:129,28,0,0
BRDA:129,28,1,0
BRDA:131,29,0,0
BRDA:131,29,1,0
BRDA:131,30,0,0
BRDA:131,30,1,0
BRDA:149,31,0,0
BRDA:149,31,1,0
BRDA:149,32,0,0
BRDA:149,32,1,0
BRDA:173,33,0,0
BRDA:173,33,1,0
BRDA:177,34,0,0
BRDA:177,34,1,0
BRDA:192,35,0,0
BRDA:192,35,1,0
BRDA:199,36,0,0
BRDA:199,36,1,0
BRDA:223,37,0,0
BRDA:223,37,1,0
BRDA:281,38,0,0
BRDA:294,39,0,0
BRDA:294,39,1,0
BRDA:294,40,0,0
BRDA:294,40,1,0
BRF:75
BRH:0
end_of_record
TN:
SF:middleware\validateHorse.mjs
FN:64,(anonymous_0)
FNF:1
FNH:0
FNDA:0,(anonymous_0)
DA:6,0
DA:65,0
DA:123,0
DA:133,0
LF:4
LH:0
BRF:0
BRH:0
end_of_record
TN:
SF:middleware\validatePing.mjs
FNF:0
FNH:0
DA:8,0
LF:1
LH:0
BRF:0
BRH:0
end_of_record
TN:
SF:middleware\validationErrorHandler.mjs
FN:10,handleValidationErrors
FN:21,(anonymous_1)
FN:46,sanitizeRequestData
FNF:3
FNH:3
FNDA:4,handleValidationErrors
FNDA:4,(anonymous_1)
FNDA:16,sanitizeRequestData
DA:11,4
DA:13,4
DA:14,3
DA:16,3
DA:21,4
DA:25,3
DA:29,3
DA:36,1
DA:47,16
DA:50,16
DA:52,14
DA:56,14
DA:58,13
DA:59,13
DA:60,13
DA:62,13
DA:63,20
DA:64,20
DA:65,20
DA:69,13
DA:70,13
DA:71,13
DA:73,13
DA:80,16
LF:24
LH:24
BRDA:13,0,0,3
BRDA:13,0,1,1
BRDA:25,1,0,0
BRDA:25,1,1,3
BRDA:50,2,0,14
BRDA:50,2,1,2
BRDA:56,3,0,13
BRDA:56,3,1,1
BRDA:63,4,0,12
BRDA:63,4,1,8
BRDA:63,5,0,20
BRDA:63,5,1,20
BRDA:64,6,0,6
BRDA:64,6,1,14
BRDA:64,7,0,20
BRDA:64,7,1,20
BRDA:65,8,0,2
BRDA:65,8,1,18
BRDA:65,9,0,20
BRDA:65,9,1,20
BRDA:69,10,0,9
BRDA:69,10,1,4
BRDA:70,11,0,4
BRDA:70,11,1,9
BRDA:71,12,0,2
BRDA:71,12,1,11
BRF:26
BRH:25
end_of_record
TN:
SF:services\advancedLineageAnalysisService.mjs
FN:18,generateLineageTree
FN:65,(anonymous_1)
FN:83,buildHorseNode
FN:136,organizeByGenerations
FN:201,calculateGeneticDiversityMetrics
FN:205,(anonymous_5)
FN:210,(anonymous_6)
FN:224,(anonymous_7)
FN:232,(anonymous_8)
FN:240,(anonymous_9)
FN:243,(anonymous_10)
FN:244,(anonymous_11)
FN:255,(anonymous_12)
FN:281,calculateInbreedingRisk
FN:282,(anonymous_14)
FN:286,(anonymous_15)
FN:310,identifyGeneticBottlenecks
FN:313,(anonymous_17)
FN:318,(anonymous_18)
FN:320,(anonymous_19)
FN:327,(anonymous_20)
FN:351,calculateInbreedingCoefficient
FN:357,(anonymous_22)
FN:365,(anonymous_23)
FN:376,(anonymous_24)
FN:401,isAncestorOf
FN:402,(anonymous_26)
FN:425,analyzeLineagePerformance
FN:434,(anonymous_28)
FN:440,(anonymous_29)
FN:443,(anonymous_30)
FN:450,(anonymous_31)
FN:459,(anonymous_32)
FN:461,(anonymous_33)
FN:471,(anonymous_34)
FN:472,(anonymous_35)
FN:481,(anonymous_36)
FN:482,(anonymous_37)
FN:489,(anonymous_38)
FN:491,(anonymous_39)
FN:496,(anonymous_40)
FN:499,(anonymous_41)
FN:523,(anonymous_42)
FN:526,(anonymous_43)
FN:545,analyzeDisciplineStrengths
FN:549,(anonymous_45)
FN:551,(anonymous_46)
FN:552,(anonymous_47)
FN:560,(anonymous_48)
FN:566,(anonymous_49)
FN:569,(anonymous_50)
FN:573,(anonymous_51)
FN:577,(anonymous_52)
FN:577,(anonymous_53)
FN:589,identifyImprovementAreas
FN:599,(anonymous_55)
FN:633,createVisualizationData
FN:642,processNode
FN:654,(anonymous_58)
FN:718,generateBreedingRecommendations
FN:783,calculateBreedingCompatibility
FN:843,calculateTraitCompatibility
FN:855,(anonymous_62)
FN:872,calculatePerformancePotential
FN:884,calculateAverageStats
FN:891,(anonymous_65)
FN:901,identifyBreedingStrengths
FN:918,(anonymous_67)
FN:948,identifyBreedingRisks
FN:992,generateBreedingSuggestions
FN:996,(anonymous_70)
FN:1030,predictBreedingOutcomes
FN:1042,(anonymous_72)
FNF:73
FNH:0
FNDA:0,generateLineageTree
FNDA:0,(anonymous_1)
FNDA:0,buildHorseNode
FNDA:0,organizeByGenerations
FNDA:0,calculateGeneticDiversityMetrics
FNDA:0,(anonymous_5)
FNDA:0,(anonymous_6)
FNDA:0,(anonymous_7)
FNDA:0,(anonymous_8)
FNDA:0,(anonymous_9)
FNDA:0,(anonymous_10)
FNDA:0,(anonymous_11)
FNDA:0,(anonymous_12)
FNDA:0,calculateInbreedingRisk
FNDA:0,(anonymous_14)
FNDA:0,(anonymous_15)
FNDA:0,identifyGeneticBottlenecks
FNDA:0,(anonymous_17)
FNDA:0,(anonymous_18)
FNDA:0,(anonymous_19)
FNDA:0,(anonymous_20)
FNDA:0,calculateInbreedingCoefficient
FNDA:0,(anonymous_22)
FNDA:0,(anonymous_23)
FNDA:0,(anonymous_24)
FNDA:0,isAncestorOf
FNDA:0,(anonymous_26)
FNDA:0,analyzeLineagePerformance
FNDA:0,(anonymous_28)
FNDA:0,(anonymous_29)
FNDA:0,(anonymous_30)
FNDA:0,(anonymous_31)
FNDA:0,(anonymous_32)
FNDA:0,(anonymous_33)
FNDA:0,(anonymous_34)
FNDA:0,(anonymous_35)
FNDA:0,(anonymous_36)
FNDA:0,(anonymous_37)
FNDA:0,(anonymous_38)
FNDA:0,(anonymous_39)
FNDA:0,(anonymous_40)
FNDA:0,(anonymous_41)
FNDA:0,(anonymous_42)
FNDA:0,(anonymous_43)
FNDA:0,analyzeDisciplineStrengths
FNDA:0,(anonymous_45)
FNDA:0,(anonymous_46)
FNDA:0,(anonymous_47)
FNDA:0,(anonymous_48)
FNDA:0,(anonymous_49)
FNDA:0,(anonymous_50)
FNDA:0,(anonymous_51)
FNDA:0,(anonymous_52)
FNDA:0,(anonymous_53)
FNDA:0,identifyImprovementAreas
FNDA:0,(anonymous_55)
FNDA:0,createVisualizationData
FNDA:0,processNode
FNDA:0,(anonymous_58)
FNDA:0,generateBreedingRecommendations
FNDA:0,calculateBreedingCompatibility
FNDA:0,calculateTraitCompatibility
FNDA:0,(anonymous_62)
FNDA:0,calculatePerformancePotential
FNDA:0,calculateAverageStats
FNDA:0,(anonymous_65)
FNDA:0,identifyBreedingStrengths
FNDA:0,(anonymous_67)
FNDA:0,identifyBreedingRisks
FNDA:0,generateBreedingSuggestions
FNDA:0,(anonymous_70)
FNDA:0,predictBreedingOutcomes
FNDA:0,(anonymous_72)
DA:19,0
DA:20,0
DA:23,0
DA:42,0
DA:43,0
DA:44,0
DA:53,0
DA:64,0
DA:65,0
DA:67,0
DA:68,0
DA:71,0
DA:72,0
DA:84,0
DA:85,0
DA:88,0
DA:110,0
DA:111,0
DA:115,0
DA:118,0
DA:119,0
DA:123,0
DA:126,0
DA:137,0
DA:138,0
DA:139,0
DA:141,0
DA:142,0
DA:143,0
DA:145,0
DA:146,0
DA:147,0
DA:149,0
DA:156,0
DA:157,0
DA:178,0
DA:179,0
DA:183,0
DA:184,0
DA:190,0
DA:193,0
DA:202,0
DA:203,0
DA:205,0
DA:206,0
DA:207,0
DA:210,0
DA:211,0
DA:212,0
DA:214,0
DA:215,0
DA:216,0
DA:217,0
DA:218,0
DA:222,0
DA:223,0
DA:224,0
DA:225,0
DA:229,0
DA:230,0
DA:231,0
DA:232,0
DA:233,0
DA:234,0
DA:239,0
DA:240,0
DA:241,0
DA:242,0
DA:243,0
DA:244,0
DA:245,0
DA:254,0
DA:255,0
DA:256,0
DA:258,0
DA:271,0
DA:272,0
DA:282,0
DA:283,0
DA:284,0
DA:286,0
DA:287,0
DA:288,0
DA:290,0
DA:294,0
DA:297,0
DA:311,0
DA:313,0
DA:314,0
DA:315,0
DA:318,0
DA:319,0
DA:320,0
DA:321,0
DA:326,0
DA:327,0
DA:328,0
DA:329,0
DA:330,0
DA:342,0
DA:352,0
DA:353,0
DA:356,0
DA:357,0
DA:360,0
DA:361,0
DA:362,0
DA:365,0
DA:367,0
DA:368,0
DA:370,0
DA:371,0
DA:376,0
DA:377,0
DA:378,0
DA:383,0
DA:385,0
DA:386,0
DA:389,0
DA:390,0
DA:402,0
DA:403,0
DA:405,0
DA:406,0
DA:410,0
DA:411,0
DA:413,0
DA:414,0
DA:417,0
DA:426,0
DA:427,0
DA:429,0
DA:430,0
DA:431,0
DA:434,0
DA:435,0
DA:436,0
DA:437,0
DA:438,0
DA:440,0
DA:442,0
DA:443,0
DA:444,0
DA:449,0
DA:450,0
DA:451,0
DA:452,0
DA:453,0
DA:458,0
DA:459,0
DA:460,0
DA:461,0
DA:463,0
DA:465,0
DA:471,0
DA:472,0
DA:475,0
DA:476,0
DA:481,0
DA:482,0
DA:488,0
DA:489,0
DA:490,0
DA:491,0
DA:495,0
DA:496,0
DA:497,0
DA:498,0
DA:499,0
DA:503,0
DA:513,0
DA:516,0
DA:518,0
DA:523,0
DA:526,0
DA:534,0
DA:535,0
DA:546,0
DA:549,0
DA:550,0
DA:551,0
DA:552,0
DA:553,0
DA:554,0
DA:559,0
DA:560,0
DA:565,0
DA:566,0
DA:568,0
DA:569,0
DA:573,0
DA:577,0
DA:590,0
DA:592,0
DA:595,0
DA:596,0
DA:599,0
DA:600,0
DA:601,0
DA:603,0
DA:604,0
DA:614,0
DA:615,0
DA:623,0
DA:634,0
DA:635,0
DA:637,0
DA:638,0
DA:639,0
DA:643,0
DA:645,0
DA:648,0
DA:654,0
DA:663,0
DA:664,0
DA:673,0
DA:674,0
DA:676,0
DA:677,0
DA:682,0
DA:683,0
DA:685,0
DA:686,0
DA:689,0
DA:707,0
DA:708,0
DA:719,0
DA:720,0
DA:723,0
DA:734,0
DA:735,0
DA:739,0
DA:742,0
DA:743,0
DA:744,0
DA:747,0
DA:750,0
DA:753,0
DA:756,0
DA:759,0
DA:761,0
DA:770,0
DA:771,0
DA:784,0
DA:785,0
DA:788,0
DA:789,0
DA:790,0
DA:791,0
DA:799,0
DA:800,0
DA:801,0
DA:802,0
DA:810,0
DA:811,0
DA:812,0
DA:813,0
DA:821,0
DA:822,0
DA:823,0
DA:824,0
DA:831,0
DA:844,0
DA:849,0
DA:855,0
DA:856,0
DA:859,0
DA:861,0
DA:862,0
DA:863,0
DA:873,0
DA:874,0
DA:876,0
DA:885,0
DA:891,0
DA:902,0
DA:905,0
DA:911,0
DA:918,0
DA:919,0
DA:920,0
DA:929,0
DA:930,0
DA:937,0
DA:949,0
DA:952,0
DA:953,0
DA:962,0
DA:963,0
DA:972,0
DA:973,0
DA:981,0
DA:993,0
DA:996,0
DA:997,0
DA:1005,0
DA:1006,0
DA:1014,0
DA:1020,0
DA:1031,0
DA:1032,0
DA:1034,0
DA:1042,0
LF:303
LH:0
BRDA:18,0,0,0
BRDA:42,1,0,0
BRDA:42,1,1,0
BRDA:42,2,0,0
BRDA:42,2,1,0
BRDA:84,3,0,0
BRDA:84,3,1,0
BRDA:84,4,0,0
BRDA:84,4,1,0
BRDA:93,5,0,0
BRDA:93,5,1,0
BRDA:94,6,0,0
BRDA:94,6,1,0
BRDA:95,7,0,0
BRDA:95,7,1,0
BRDA:96,8,0,0
BRDA:96,8,1,0
BRDA:99,9,0,0
BRDA:99,9,1,0
BRDA:100,10,0,0
BRDA:100,10,1,0
BRDA:101,11,0,0
BRDA:101,11,1,0
BRDA:103,12,0,0
BRDA:103,12,1,0
BRDA:104,13,0,0
BRDA:104,13,1,0
BRDA:110,14,0,0
BRDA:110,14,1,0
BRDA:110,15,0,0
BRDA:110,15,1,0
BRDA:118,16,0,0
BRDA:118,16,1,0
BRDA:118,17,0,0
BRDA:118,17,1,0
BRDA:141,18,0,0
BRDA:141,18,1,0
BRDA:146,19,0,0
BRDA:146,19,1,0
BRDA:156,20,0,0
BRDA:156,20,1,0
BRDA:163,21,0,0
BRDA:163,21,1,0
BRDA:164,22,0,0
BRDA:164,22,1,0
BRDA:165,23,0,0
BRDA:165,23,1,0
BRDA:166,24,0,0
BRDA:166,24,1,0
BRDA:169,25,0,0
BRDA:169,25,1,0
BRDA:170,26,0,0
BRDA:170,26,1,0
BRDA:171,27,0,0
BRDA:171,27,1,0
BRDA:173,28,0,0
BRDA:173,28,1,0
BRDA:174,29,0,0
BRDA:174,29,1,0
BRDA:178,30,0,0
BRDA:178,30,1,0
BRDA:179,31,0,0
BRDA:179,31,1,0
BRDA:183,32,0,0
BRDA:183,32,1,0
BRDA:211,33,0,0
BRDA:211,33,1,0
BRDA:214,34,0,0
BRDA:214,34,1,0
BRDA:215,35,0,0
BRDA:215,35,1,0
BRDA:216,36,0,0
BRDA:216,36,1,0
BRDA:217,37,0,0
BRDA:217,37,1,0
BRDA:218,38,0,0
BRDA:218,38,1,0
BRDA:225,39,0,0
BRDA:225,39,1,0
BRDA:231,40,0,0
BRDA:231,40,1,0
BRDA:242,41,0,0
BRDA:242,41,1,0
BRDA:287,42,0,0
BRDA:287,42,1,0
BRDA:294,43,0,0
BRDA:294,43,1,0
BRDA:295,44,0,0
BRDA:295,44,1,0
BRDA:319,45,0,0
BRDA:319,45,1,0
BRDA:321,46,0,0
BRDA:321,46,1,0
BRDA:329,47,0,0
BRDA:329,47,1,0
BRDA:329,48,0,0
BRDA:329,48,1,0
BRDA:334,49,0,0
BRDA:334,49,1,0
BRDA:367,50,0,0
BRDA:367,50,1,0
BRDA:367,51,0,0
BRDA:367,51,1,0
BRDA:370,52,0,0
BRDA:370,52,1,0
BRDA:370,53,0,0
BRDA:370,53,1,0
BRDA:377,54,0,0
BRDA:377,54,1,0
BRDA:377,55,0,0
BRDA:377,55,1,0
BRDA:377,55,2,0
BRDA:403,56,0,0
BRDA:403,56,1,0
BRDA:405,57,0,0
BRDA:405,57,1,0
BRDA:405,58,0,0
BRDA:405,58,1,0
BRDA:410,59,0,0
BRDA:410,59,1,0
BRDA:410,60,0,0
BRDA:410,60,1,0
BRDA:413,61,0,0
BRDA:413,61,1,0
BRDA:413,62,0,0
BRDA:413,62,1,0
BRDA:442,63,0,0
BRDA:442,63,1,0
BRDA:444,64,0,0
BRDA:444,64,1,0
BRDA:449,65,0,0
BRDA:449,65,1,0
BRDA:452,66,0,0
BRDA:452,66,1,0
BRDA:458,67,0,0
BRDA:458,67,1,0
BRDA:460,68,0,0
BRDA:460,68,1,0
BRDA:470,69,0,0
BRDA:470,69,1,0
BRDA:475,70,0,0
BRDA:475,70,1,0
BRDA:480,71,0,0
BRDA:480,71,1,0
BRDA:490,72,0,0
BRDA:490,72,1,0
BRDA:498,73,0,0
BRDA:498,73,1,0
BRDA:553,74,0,0
BRDA:553,74,1,0
BRDA:553,75,0,0
BRDA:553,75,1,0
BRDA:559,76,0,0
BRDA:559,76,1,0
BRDA:577,77,0,0
BRDA:577,77,1,0
BRDA:592,78,0,0
BRDA:592,78,1,0
BRDA:599,79,0,0
BRDA:599,79,1,0
BRDA:603,80,0,0
BRDA:603,80,1,0
BRDA:603,81,0,0
BRDA:603,81,1,0
BRDA:614,82,0,0
BRDA:614,82,1,0
BRDA:633,83,0,0
BRDA:642,84,0,0
BRDA:642,85,0,0
BRDA:643,86,0,0
BRDA:643,86,1,0
BRDA:658,87,0,0
BRDA:658,87,1,0
BRDA:663,88,0,0
BRDA:663,88,1,0
BRDA:663,89,0,0
BRDA:663,89,1,0
BRDA:673,90,0,0
BRDA:673,90,1,0
BRDA:676,91,0,0
BRDA:676,91,1,0
BRDA:682,92,0,0
BRDA:682,92,1,0
BRDA:685,93,0,0
BRDA:685,93,1,0
BRDA:734,94,0,0
BRDA:734,94,1,0
BRDA:734,95,0,0
BRDA:734,95,1,0
BRDA:845,96,0,0
BRDA:845,96,1,0
BRDA:846,97,0,0
BRDA:846,97,1,0
BRDA:847,98,0,0
BRDA:847,98,1,0
BRDA:850,99,0,0
BRDA:850,99,1,0
BRDA:851,100,0,0
BRDA:851,100,1,0
BRDA:852,101,0,0
BRDA:852,101,1,0
BRDA:861,102,0,0
BRDA:861,102,1,0
BRDA:862,103,0,0
BRDA:862,103,1,0
BRDA:886,104,0,0
BRDA:886,104,1,0
BRDA:887,105,0,0
BRDA:887,105,1,0
BRDA:888,106,0,0
BRDA:888,106,1,0
BRDA:889,107,0,0
BRDA:889,107,1,0
BRDA:906,108,0,0
BRDA:906,108,1,0
BRDA:907,109,0,0
BRDA:907,109,1,0
BRDA:908,110,0,0
BRDA:908,110,1,0
BRDA:909,111,0,0
BRDA:909,111,1,0
BRDA:912,112,0,0
BRDA:912,112,1,0
BRDA:913,113,0,0
BRDA:913,113,1,0
BRDA:914,114,0,0
BRDA:914,114,1,0
BRDA:915,115,0,0
BRDA:915,115,1,0
BRDA:919,116,0,0
BRDA:919,116,1,0
BRDA:919,117,0,0
BRDA:919,117,1,0
BRDA:922,118,0,0
BRDA:922,118,1,0
BRDA:929,119,0,0
BRDA:929,119,1,0
BRDA:952,120,0,0
BRDA:952,120,1,0
BRDA:955,121,0,0
BRDA:955,121,1,0
BRDA:962,122,0,0
BRDA:962,122,1,0
BRDA:972,123,0,0
BRDA:972,123,1,0
BRDA:1000,124,0,0
BRDA:1000,124,1,0
BRDA:1005,125,0,0
BRDA:1005,125,1,0
BRDA:1036,126,0,0
BRDA:1036,126,1,0
BRDA:1036,126,2,0
BRDA:1037,127,0,0
BRDA:1037,127,1,0
BRDA:1037,127,2,0
BRDA:1038,128,0,0
BRDA:1038,128,1,0
BRDA:1038,128,2,0
BRDA:1039,129,0,0
BRDA:1039,129,1,0
BRDA:1039,129,2,0
BRF:261
BRH:0
end_of_record
TN:
SF:services\apiDocumentationService.mjs
FN:27,(anonymous_0)
FN:43,(anonymous_1)
FN:61,(anonymous_2)
FN:75,(anonymous_3)
FN:102,(anonymous_4)
FN:114,(anonymous_5)
FN:178,(anonymous_6)
FN:244,(anonymous_7)
FN:271,(anonymous_8)
FN:272,(anonymous_9)
FN:285,(anonymous_10)
FN:293,(anonymous_11)
FN:317,(anonymous_12)
FN:356,(anonymous_13)
FN:368,(anonymous_14)
FN:387,(anonymous_15)
FN:403,(anonymous_16)
FN:436,getApiDocumentationService
FN:446,registerEndpoint
FN:454,registerSchema
FN:462,generateDocumentation
FN:470,getDocumentationMetrics
FN:478,getDocumentationHealth
FNF:23
FNH:20
FNDA:2,(anonymous_0)
FNDA:54,(anonymous_1)
FNDA:9,(anonymous_2)
FNDA:27,(anonymous_3)
FNDA:13,(anonymous_4)
FNDA:8,(anonymous_5)
FNDA:13,(anonymous_6)
FNDA:28,(anonymous_7)
FNDA:246,(anonymous_8)
FNDA:315,(anonymous_9)
FNDA:20,(anonymous_10)
FNDA:0,(anonymous_11)
FNDA:12,(anonymous_12)
FNDA:0,(anonymous_13)
FNDA:0,(anonymous_14)
FNDA:8,(anonymous_15)
FNDA:8,(anonymous_16)
FNDA:64,getApiDocumentationService
FNDA:10,registerEndpoint
FNDA:4,registerSchema
FNDA:2,generateDocumentation
FNDA:11,getDocumentationMetrics
FNDA:6,getDocumentationHealth
DA:23,2
DA:24,2
DA:28,2
DA:29,2
DA:30,2
DA:31,2
DA:44,54
DA:45,54
DA:46,1
DA:49,53
DA:50,53
DA:51,53
DA:53,1
DA:54,1
DA:62,9
DA:63,9
DA:64,9
DA:65,9
DA:67,0
DA:68,0
DA:76,27
DA:78,27
DA:93,27
DA:94,27
DA:96,27
DA:103,13
DA:108,13
DA:115,8
DA:116,8
DA:119,8
DA:120,33
DA:121,33
DA:123,33
DA:124,20
DA:127,33
DA:139,33
DA:140,0
DA:145,8
DA:146,0
DA:148,8
DA:149,0
DA:152,8
DA:153,25
DA:157,8
DA:164,8
DA:165,8
DA:167,8
DA:168,8
DA:170,0
DA:171,0
DA:179,13
DA:180,13
DA:181,13
DA:184,13
DA:185,0
DA:188,13
DA:189,0
DA:192,13
DA:193,0
DA:197,13
DA:198,87
DA:199,109
DA:200,1
DA:203,109
DA:204,1
DA:207,109
DA:208,3
DA:214,13
DA:215,10
DA:216,88
DA:217,0
DA:222,13
DA:224,13
DA:225,9
DA:227,4
DA:230,13
DA:236,0
DA:237,0
DA:245,28
DA:246,28
DA:248,28
DA:249,28
DA:251,28
DA:252,246
DA:253,315
DA:256,315
DA:257,271
DA:262,28
DA:271,246
DA:272,315
DA:276,28
DA:278,0
DA:286,20
DA:287,20
DA:294,0
DA:295,0
DA:297,0
DA:309,0
DA:310,0
DA:318,12
DA:319,0
DA:322,12
DA:324,7
DA:325,6
DA:326,6
DA:327,4
DA:328,4
DA:331,1
DA:334,0
DA:337,1
DA:340,1
DA:341,1
DA:345,2
DA:346,2
DA:347,2
DA:348,6
DA:351,2
DA:355,0
DA:356,0
DA:361,0
DA:369,0
DA:381,0
DA:388,8
DA:389,8
DA:391,8
DA:404,8
DA:406,8
DA:407,0
DA:410,8
DA:411,2
DA:414,8
DA:415,1
DA:418,8
DA:419,3
DA:422,8
DA:423,3
DA:426,8
DA:431,2
DA:437,64
DA:438,2
DA:440,64
DA:447,10
DA:448,10
DA:455,4
DA:456,4
DA:463,2
DA:464,2
DA:471,11
DA:472,11
DA:479,6
DA:480,6
LF:151
LH:124
BRDA:45,0,0,1
BRDA:45,0,1,53
BRDA:75,1,0,1
BRDA:81,2,0,27
BRDA:81,2,1,1
BRDA:82,3,0,27
BRDA:82,3,1,15
BRDA:83,4,0,27
BRDA:83,4,1,4
BRDA:84,5,0,27
BRDA:84,5,1,17
BRDA:85,6,0,27
BRDA:85,6,1,27
BRDA:86,7,0,27
BRDA:86,7,1,8
BRDA:87,8,0,27
BRDA:87,8,1,18
BRDA:88,9,0,27
BRDA:88,9,1,27
BRDA:89,10,0,27
BRDA:89,10,1,27
BRDA:123,11,0,20
BRDA:123,11,1,13
BRDA:139,12,0,0
BRDA:139,12,1,33
BRDA:139,13,0,33
BRDA:139,13,1,33
BRDA:145,14,0,0
BRDA:145,14,1,8
BRDA:148,15,0,0
BRDA:148,15,1,8
BRDA:184,16,0,0
BRDA:184,16,1,13
BRDA:188,17,0,0
BRDA:188,17,1,13
BRDA:188,18,0,13
BRDA:188,18,1,13
BRDA:188,18,2,13
BRDA:192,19,0,0
BRDA:192,19,1,13
BRDA:192,20,0,13
BRDA:192,20,1,13
BRDA:197,21,0,13
BRDA:197,21,1,0
BRDA:199,22,0,1
BRDA:199,22,1,108
BRDA:203,23,0,1
BRDA:203,23,1,108
BRDA:207,24,0,3
BRDA:207,24,1,106
BRDA:207,25,0,109
BRDA:207,25,1,108
BRDA:214,26,0,10
BRDA:214,26,1,3
BRDA:214,27,0,13
BRDA:214,27,1,10
BRDA:216,28,0,0
BRDA:216,28,1,88
BRDA:216,29,0,88
BRDA:216,29,1,6
BRDA:216,29,2,0
BRDA:216,29,3,0
BRDA:224,30,0,9
BRDA:224,30,1,4
BRDA:251,31,0,28
BRDA:251,31,1,0
BRDA:256,32,0,271
BRDA:256,32,1,44
BRDA:256,33,0,315
BRDA:256,33,1,313
BRDA:256,33,2,271
BRDA:266,34,0,28
BRDA:266,34,1,0
BRDA:267,35,0,28
BRDA:267,35,1,0
BRDA:268,36,0,28
BRDA:268,36,1,0
BRDA:270,37,0,28
BRDA:270,37,1,0
BRDA:272,38,0,315
BRDA:272,38,1,0
BRDA:293,39,0,0
BRDA:318,40,0,0
BRDA:318,40,1,12
BRDA:318,41,0,12
BRDA:318,41,1,12
BRDA:322,42,0,7
BRDA:322,42,1,1
BRDA:322,42,2,0
BRDA:322,42,3,1
BRDA:322,42,4,1
BRDA:322,42,5,2
BRDA:322,42,6,0
BRDA:324,43,0,1
BRDA:324,43,1,6
BRDA:325,44,0,0
BRDA:325,44,1,6
BRDA:326,45,0,2
BRDA:326,45,1,4
BRDA:327,46,0,0
BRDA:327,46,1,4
BRDA:328,47,0,4
BRDA:328,47,1,2
BRDA:331,48,0,1
BRDA:331,48,1,0
BRDA:334,49,0,0
BRDA:334,49,1,0
BRDA:337,50,0,1
BRDA:337,50,1,0
BRDA:346,51,0,2
BRDA:346,51,1,0
BRDA:355,52,0,0
BRDA:355,52,1,0
BRDA:361,53,0,0
BRDA:361,53,1,0
BRDA:381,54,0,0
BRDA:381,54,1,0
BRDA:392,55,0,6
BRDA:392,55,1,2
BRDA:392,56,0,8
BRDA:392,56,1,7
BRDA:406,57,0,0
BRDA:406,57,1,8
BRDA:410,58,0,2
BRDA:410,58,1,6
BRDA:414,59,0,1
BRDA:414,59,1,7
BRDA:418,60,0,3
BRDA:418,60,1,5
BRDA:422,61,0,3
BRDA:422,61,1,5
BRDA:437,62,0,2
BRDA:437,62,1,62
BRDA:446,63,0,0
BRF:134
BRH:99
end_of_record
TN:
SF:services\apiResponseOptimizationService.mjs
FN:37,createCompressionMiddleware
FN:41,(anonymous_1)
FN:71,(anonymous_2)
FN:105,(anonymous_3)
FN:135,(anonymous_4)
FN:166,(anonymous_5)
FN:207,(anonymous_6)
FN:209,(anonymous_7)
FN:217,(anonymous_8)
FN:219,(anonymous_9)
FN:227,(anonymous_10)
FN:248,(anonymous_11)
FN:269,(anonymous_12)
FN:271,(anonymous_13)
FN:271,(anonymous_14)
FN:296,(anonymous_15)
FN:316,(anonymous_16)
FN:334,(anonymous_17)
FN:352,(anonymous_18)
FN:361,(anonymous_19)
FN:377,(anonymous_20)
FN:395,getPerformanceMetrics
FNF:22
FNH:19
FNDA:0,createCompressionMiddleware
FNDA:0,(anonymous_1)
FNDA:2,(anonymous_2)
FNDA:7,(anonymous_3)
FNDA:1,(anonymous_4)
FNDA:15,(anonymous_5)
FNDA:4,(anonymous_6)
FNDA:10,(anonymous_7)
FNDA:1,(anonymous_8)
FNDA:0,(anonymous_9)
FNDA:13,(anonymous_10)
FNDA:1,(anonymous_11)
FNDA:27362,(anonymous_12)
FNDA:8668,(anonymous_13)
FNDA:8668,(anonymous_14)
FNDA:1,(anonymous_15)
FNDA:1,(anonymous_16)
FNDA:1,(anonymous_17)
FNDA:15,(anonymous_18)
FNDA:12,(anonymous_19)
FNDA:8,(anonymous_20)
FNDA:10,getPerformanceMetrics
DA:26,2
DA:38,0
DA:43,0
DA:46,0
DA:47,0
DA:53,0
DA:56,0
DA:61,0
DA:79,2
DA:81,2
DA:82,2
DA:84,2
DA:85,2
DA:87,2
DA:111,7
DA:113,7
DA:114,7
DA:115,7
DA:117,7
DA:142,1
DA:144,1
DA:150,1
DA:151,1
DA:152,1
DA:155,1
DA:167,15
DA:174,15
DA:176,15
DA:179,15
DA:180,0
DA:184,15
DA:185,0
DA:189,15
DA:190,0
DA:194,15
DA:195,15
DA:198,15
DA:199,15
DA:201,15
DA:208,4
DA:209,10
DA:211,1
DA:218,1
DA:219,0
DA:221,1
DA:228,13
DA:230,13
DA:231,13
DA:232,25
DA:234,2
DA:235,2
DA:236,2
DA:238,23
DA:239,23
DA:242,13
DA:249,1
DA:251,1
DA:252,1
DA:253,1
DA:255,0
DA:256,0
DA:257,0
DA:260,1
DA:263,1
DA:270,27362
DA:271,8668
DA:274,25147
DA:275,6695
DA:276,6695
DA:278,18679
DA:279,18679
DA:282,6695
DA:285,18452
DA:297,1
DA:300,1
DA:301,1
DA:302,1
DA:303,3
DA:304,1
DA:307,1
DA:310,1
DA:317,1
DA:319,1
DA:320,1
DA:321,1
DA:323,0
DA:324,0
DA:328,1
DA:335,1
DA:340,1
DA:341,1
DA:353,15
DA:354,15
DA:355,15
DA:363,12
DA:366,11
DA:369,9
DA:371,9
DA:382,8
DA:384,8
DA:386,8
DA:387,8
DA:396,10
LF:103
LH:87
BRDA:37,0,0,0
BRDA:43,1,0,0
BRDA:43,1,1,0
BRDA:47,2,0,0
BRDA:47,2,1,0
BRDA:47,3,0,0
BRDA:47,3,1,0
BRDA:47,3,2,0
BRDA:47,3,3,0
BRDA:47,3,4,0
BRDA:75,4,0,0
BRDA:76,5,0,1
BRDA:77,6,0,2
BRDA:84,7,0,2
BRDA:84,7,1,0
BRDA:85,8,0,0
BRDA:85,8,1,2
BRDA:97,9,0,2
BRDA:97,9,1,0
BRDA:108,10,0,0
BRDA:109,11,0,0
BRDA:126,12,0,7
BRDA:126,12,1,0
BRDA:127,13,0,0
BRDA:127,13,1,7
BRDA:138,14,0,0
BRDA:139,15,0,0
BRDA:140,16,0,0
BRDA:141,17,0,0
BRDA:150,18,0,1
BRDA:150,18,1,0
BRDA:166,19,0,0
BRDA:173,20,0,0
BRDA:179,21,0,0
BRDA:179,21,1,15
BRDA:179,22,0,15
BRDA:179,22,1,0
BRDA:184,23,0,0
BRDA:184,23,1,15
BRDA:184,24,0,15
BRDA:184,24,1,0
BRDA:189,25,0,0
BRDA:189,25,1,15
BRDA:189,26,0,15
BRDA:189,26,1,0
BRDA:194,27,0,15
BRDA:194,27,1,0
BRDA:208,28,0,3
BRDA:208,28,1,1
BRDA:218,29,0,0
BRDA:218,29,1,1
BRDA:228,30,0,0
BRDA:228,30,1,13
BRDA:228,31,0,13
BRDA:228,31,1,13
BRDA:232,32,0,2
BRDA:232,32,1,23
BRDA:235,33,0,2
BRDA:235,33,1,0
BRDA:238,34,0,23
BRDA:238,34,1,0
BRDA:249,35,0,0
BRDA:249,35,1,1
BRDA:249,36,0,1
BRDA:249,36,1,1
BRDA:253,37,0,0
BRDA:253,37,1,1
BRDA:256,38,0,0
BRDA:256,38,1,0
BRDA:270,39,0,2215
BRDA:270,39,1,25147
BRDA:271,40,0,8668
BRDA:271,40,1,8668
BRDA:274,41,0,6695
BRDA:274,41,1,18452
BRDA:274,42,0,25147
BRDA:274,42,1,24631
BRDA:278,43,0,18679
BRDA:278,43,1,0
BRDA:296,44,0,0
BRDA:300,45,0,1
BRDA:300,45,1,0
BRDA:303,46,0,1
BRDA:303,46,1,2
BRDA:341,47,0,1
BRDA:341,47,1,0
BRDA:363,48,0,1
BRDA:363,48,1,11
BRDA:366,49,0,2
BRDA:366,49,1,9
BRDA:369,50,0,0
BRDA:369,50,1,9
BRDA:377,51,0,0
BRDA:379,52,0,0
BRDA:380,53,0,0
BRDA:386,54,0,8
BRDA:386,54,1,0
BRDA:400,55,0,10
BRDA:400,55,1,10
BRF:99
BRH:50
end_of_record
TN:
SF:services\breedingAnalyticsService.mjs
FN:21,(anonymous_0)
FN:46,(anonymous_1)
FN:47,(anonymous_2)
FN:69,(anonymous_3)
FN:100,(anonymous_4)
FN:103,(anonymous_5)
FN:128,(anonymous_6)
FN:133,(anonymous_7)
FN:137,(anonymous_8)
FN:143,(anonymous_9)
FN:152,(anonymous_10)
FN:155,(anonymous_11)
FN:173,(anonymous_12)
FN:175,(anonymous_13)
FN:192,(anonymous_14)
FN:216,(anonymous_15)
FN:217,(anonymous_16)
FN:223,(anonymous_17)
FN:238,(anonymous_18)
FN:249,(anonymous_19)
FN:262,(anonymous_20)
FN:278,(anonymous_21)
FN:294,(anonymous_22)
FN:295,(anonymous_23)
FN:301,(anonymous_24)
FNF:25
FNH:0
FNDA:0,(anonymous_0)
FNDA:0,(anonymous_1)
FNDA:0,(anonymous_2)
FNDA:0,(anonymous_3)
FNDA:0,(anonymous_4)
FNDA:0,(anonymous_5)
FNDA:0,(anonymous_6)
FNDA:0,(anonymous_7)
FNDA:0,(anonymous_8)
FNDA:0,(anonymous_9)
FNDA:0,(anonymous_10)
FNDA:0,(anonymous_11)
FNDA:0,(anonymous_12)
FNDA:0,(anonymous_13)
FNDA:0,(anonymous_14)
FNDA:0,(anonymous_15)
FNDA:0,(anonymous_16)
FNDA:0,(anonymous_17)
FNDA:0,(anonymous_18)
FNDA:0,(anonymous_19)
FNDA:0,(anonymous_20)
FNDA:0,(anonymous_21)
FNDA:0,(anonymous_22)
FNDA:0,(anonymous_23)
FNDA:0,(anonymous_24)
DA:15,0
DA:23,0
DA:27,0
DA:28,0
DA:32,0
DA:41,0
DA:42,0
DA:46,0
DA:47,0
DA:50,0
DA:51,0
DA:52,0
DA:53,0
DA:54,0
DA:56,0
DA:70,0
DA:101,0
DA:103,0
DA:104,0
DA:106,0
DA:107,0
DA:115,0
DA:116,0
DA:117,0
DA:120,0
DA:129,0
DA:130,0
DA:131,0
DA:133,0
DA:134,0
DA:137,0
DA:138,0
DA:139,0
DA:143,0
DA:144,0
DA:145,0
DA:150,0
DA:151,0
DA:152,0
DA:153,0
DA:155,0
DA:156,0
DA:160,0
DA:174,0
DA:175,0
DA:176,0
DA:177,0
DA:179,0
DA:193,0
DA:195,0
DA:196,0
DA:203,0
DA:216,0
DA:217,0
DA:218,0
DA:222,0
DA:223,0
DA:224,0
DA:227,0
DA:239,0
DA:240,0
DA:248,0
DA:249,0
DA:250,0
DA:251,0
DA:254,0
DA:257,0
DA:258,0
DA:261,0
DA:262,0
DA:263,0
DA:266,0
DA:279,0
DA:281,0
DA:294,0
DA:295,0
DA:296,0
DA:300,0
DA:301,0
DA:302,0
DA:305,0
LF:81
LH:0
BRDA:27,0,0,0
BRDA:27,0,1,0
BRDA:41,1,0,0
BRDA:41,1,1,0
BRDA:46,2,0,0
BRDA:46,2,1,0
BRDA:47,3,0,0
BRDA:47,3,1,0
BRDA:106,4,0,0
BRDA:106,4,1,0
BRDA:134,5,0,0
BRDA:134,5,1,0
BRDA:137,6,0,0
BRDA:137,6,1,0
BRDA:138,7,0,0
BRDA:138,7,1,0
BRDA:143,8,0,0
BRDA:143,8,1,0
BRDA:144,9,0,0
BRDA:144,9,1,0
BRDA:151,10,0,0
BRDA:151,10,1,0
BRDA:176,11,0,0
BRDA:176,11,1,0
BRDA:177,12,0,0
BRDA:177,12,1,0
BRDA:195,13,0,0
BRDA:195,13,1,0
BRDA:218,14,0,0
BRDA:218,14,1,0
BRDA:239,15,0,0
BRDA:239,15,1,0
BRDA:250,16,0,0
BRDA:250,16,1,0
BRDA:251,17,0,0
BRDA:251,17,1,0
BRDA:279,18,0,0
BRDA:279,18,1,0
BRDA:296,19,0,0
BRDA:296,19,1,0
BRF:40
BRH:0
end_of_record
TN:
SF:services\breedingPredictionService.mjs
FN:59,calculateInheritanceProbabilities
FN:85,(anonymous_1)
FN:111,(anonymous_2)
FN:161,(anonymous_3)
FN:166,(anonymous_4)
FN:167,(anonymous_5)
FN:168,(anonymous_6)
FN:169,(anonymous_7)
FN:171,(anonymous_8)
FN:199,calculateFlagInheritanceScore
FN:207,(anonymous_10)
FN:211,(anonymous_11)
FN:212,(anonymous_12)
FN:224,(anonymous_13)
FN:250,calculateIndividualFlags
FN:259,(anonymous_15)
FN:260,(anonymous_16)
FN:268,(anonymous_17)
FN:270,(anonymous_18)
FN:271,(anonymous_19)
FN:273,(anonymous_20)
FN:283,calculateTemperamentInfluence
FN:362,predictOffspringTraits
FN:415,generateBreedingData
FN:447,(anonymous_24)
FN:448,(anonymous_25)
FN:449,(anonymous_26)
FN:452,(anonymous_27)
FN:453,(anonymous_28)
FN:454,(anonymous_29)
FN:455,(anonymous_30)
FN:458,(anonymous_31)
FN:461,(anonymous_32)
FN:466,(anonymous_33)
FN:467,(anonymous_34)
FN:527,getCompatibleTemperaments
FN:541,getIncompatibleTemperaments
FN:556,calculateBreedingQuality
FNF:38
FNH:0
FNDA:0,calculateInheritanceProbabilities
FNDA:0,(anonymous_1)
FNDA:0,(anonymous_2)
FNDA:0,(anonymous_3)
FNDA:0,(anonymous_4)
FNDA:0,(anonymous_5)
FNDA:0,(anonymous_6)
FNDA:0,(anonymous_7)
FNDA:0,(anonymous_8)
FNDA:0,calculateFlagInheritanceScore
FNDA:0,(anonymous_10)
FNDA:0,(anonymous_11)
FNDA:0,(anonymous_12)
FNDA:0,(anonymous_13)
FNDA:0,calculateIndividualFlags
FNDA:0,(anonymous_15)
FNDA:0,(anonymous_16)
FNDA:0,(anonymous_17)
FNDA:0,(anonymous_18)
FNDA:0,(anonymous_19)
FNDA:0,(anonymous_20)
FNDA:0,calculateTemperamentInfluence
FNDA:0,predictOffspringTraits
FNDA:0,generateBreedingData
FNDA:0,(anonymous_24)
FNDA:0,(anonymous_25)
FNDA:0,(anonymous_26)
FNDA:0,(anonymous_27)
FNDA:0,(anonymous_28)
FNDA:0,(anonymous_29)
FNDA:0,(anonymous_30)
FNDA:0,(anonymous_31)
FNDA:0,(anonymous_32)
FNDA:0,(anonymous_33)
FNDA:0,(anonymous_34)
FNDA:0,getCompatibleTemperaments
FNDA:0,getIncompatibleTemperaments
FNDA:0,calculateBreedingQuality
DA:28,0
DA:29,0
DA:30,0
DA:31,0
DA:34,0
DA:43,0
DA:48,0
DA:60,0
DA:61,0
DA:64,0
DA:72,0
DA:81,0
DA:82,0
DA:85,0
DA:86,0
DA:87,0
DA:88,0
DA:100,0
DA:101,0
DA:102,0
DA:103,0
DA:105,0
DA:106,0
DA:111,0
DA:112,0
DA:113,0
DA:114,0
DA:116,0
DA:118,0
DA:119,0
DA:120,0
DA:121,0
DA:122,0
DA:124,0
DA:127,0
DA:128,0
DA:132,0
DA:133,0
DA:137,0
DA:138,0
DA:141,0
DA:144,0
DA:161,0
DA:164,0
DA:166,0
DA:167,0
DA:168,0
DA:169,0
DA:171,0
DA:175,0
DA:184,0
DA:186,0
DA:188,0
DA:189,0
DA:200,0
DA:201,0
DA:203,0
DA:206,0
DA:207,0
DA:208,0
DA:211,0
DA:212,0
DA:213,0
DA:214,0
DA:220,0
DA:221,0
DA:224,0
DA:226,0
DA:236,0
DA:238,0
DA:240,0
DA:241,0
DA:251,0
DA:258,0
DA:259,0
DA:260,0
DA:261,0
DA:265,0
DA:268,0
DA:270,0
DA:271,0
DA:273,0
DA:284,0
DA:285,0
DA:288,0
DA:293,0
DA:298,0
DA:299,0
DA:303,0
DA:315,0
DA:316,0
DA:319,0
DA:326,0
DA:329,0
DA:336,0
DA:347,0
DA:349,0
DA:351,0
DA:352,0
DA:363,0
DA:364,0
DA:366,0
DA:367,0
DA:370,0
DA:373,0
DA:374,0
DA:381,0
DA:386,0
DA:401,0
DA:403,0
DA:405,0
DA:406,0
DA:416,0
DA:417,0
DA:420,0
DA:431,0
DA:432,0
DA:436,0
DA:445,0
DA:447,0
DA:448,0
DA:449,0
DA:452,0
DA:453,0
DA:454,0
DA:455,0
DA:458,0
DA:461,0
DA:466,0
DA:467,0
DA:468,0
DA:473,0
DA:476,0
DA:486,0
DA:500,0
DA:513,0
DA:515,0
DA:517,0
DA:518,0
DA:528,0
DA:533,0
DA:542,0
DA:547,0
DA:557,0
DA:560,0
DA:563,0
DA:566,0
DA:569,0
DA:572,0
DA:575,0
DA:576,0
DA:577,0
DA:578,0
DA:579,0
LF:154
LH:0
BRDA:87,0,0,0
BRDA:87,0,1,0
BRDA:101,1,0,0
BRDA:101,1,1,0
BRDA:116,2,0,0
BRDA:116,2,1,0
BRDA:116,3,0,0
BRDA:116,3,1,0
BRDA:122,4,0,0
BRDA:122,4,1,0
BRDA:122,5,0,0
BRDA:122,5,1,0
BRDA:127,6,0,0
BRDA:127,6,1,0
BRDA:132,7,0,0
BRDA:132,7,1,0
BRDA:137,8,0,0
BRDA:137,8,1,0
BRDA:170,9,0,0
BRDA:170,9,1,0
BRDA:213,10,0,0
BRDA:213,10,1,0
BRDA:298,11,0,0
BRDA:298,11,1,0
BRDA:298,12,0,0
BRDA:298,12,1,0
BRDA:316,13,0,0
BRDA:316,13,1,0
BRDA:326,14,0,0
BRDA:326,14,1,0
BRDA:330,15,0,0
BRDA:330,15,1,0
BRDA:330,16,0,0
BRDA:330,16,1,0
BRDA:331,17,0,0
BRDA:331,17,1,0
BRDA:331,18,0,0
BRDA:331,18,1,0
BRDA:332,19,0,0
BRDA:332,19,1,0
BRDA:332,20,0,0
BRDA:332,20,1,0
BRDA:333,21,0,0
BRDA:333,21,1,0
BRDA:333,22,0,0
BRDA:333,22,1,0
BRDA:381,23,0,0
BRDA:381,23,1,0
BRDA:382,24,0,0
BRDA:382,24,1,0
BRDA:383,25,0,0
BRDA:383,25,1,0
BRDA:431,26,0,0
BRDA:431,26,1,0
BRDA:457,27,0,0
BRDA:457,27,1,0
BRDA:458,28,0,0
BRDA:458,28,1,0
BRDA:460,29,0,0
BRDA:460,29,1,0
BRDA:461,30,0,0
BRDA:461,30,1,0
BRDA:477,31,0,0
BRDA:477,31,1,0
BRDA:478,32,0,0
BRDA:478,32,1,0
BRDA:479,33,0,0
BRDA:479,33,1,0
BRDA:480,34,0,0
BRDA:480,34,1,0
BRDA:481,35,0,0
BRDA:481,35,1,0
BRDA:482,36,0,0
BRDA:482,36,1,0
BRDA:489,37,0,0
BRDA:489,37,1,0
BRDA:489,38,0,0
BRDA:489,38,1,0
BRDA:490,39,0,0
BRDA:490,39,1,0
BRDA:490,40,0,0
BRDA:490,40,1,0
BRDA:491,41,0,0
BRDA:491,41,1,0
BRDA:491,42,0,0
BRDA:491,42,1,0
BRDA:492,43,0,0
BRDA:492,43,1,0
BRDA:492,44,0,0
BRDA:492,44,1,0
BRDA:533,45,0,0
BRDA:533,45,1,0
BRDA:547,46,0,0
BRDA:547,46,1,0
BRDA:560,47,0,0
BRDA:560,47,1,0
BRDA:560,48,0,0
BRDA:560,48,1,0
BRDA:560,49,0,0
BRDA:560,49,1,0
BRDA:563,50,0,0
BRDA:563,50,1,0
BRDA:563,51,0,0
BRDA:563,51,1,0
BRDA:566,52,0,0
BRDA:566,52,1,0
BRDA:566,53,0,0
BRDA:566,53,1,0
BRDA:572,54,0,0
BRDA:572,54,1,0
BRDA:575,55,0,0
BRDA:575,55,1,0
BRDA:576,56,0,0
BRDA:576,56,1,0
BRDA:577,57,0,0
BRDA:577,57,1,0
BRDA:578,58,0,0
BRDA:578,58,1,0
BRF:118
BRH:0
end_of_record
TN:
SF:services\carePatternAnalyzer.mjs
FN:22,analyzeCarePatterns
FN:124,analyzeCareConsistency
FN:128,(anonymous_2)
FN:140,(anonymous_3)
FN:165,analyzeBondTrends
FN:171,(anonymous_5)
FN:172,(anonymous_6)
FN:174,(anonymous_7)
FN:182,(anonymous_8)
FN:198,analyzeStressPatterns
FN:204,(anonymous_10)
FN:205,(anonymous_11)
FN:209,(anonymous_12)
FN:210,(anonymous_13)
FN:217,(anonymous_14)
FN:219,(anonymous_15)
FN:226,(anonymous_16)
FN:234,analyzeTaskDiversity
FN:239,(anonymous_18)
FN:242,(anonymous_19)
FN:262,analyzeGroomConsistency
FN:264,(anonymous_21)
FN:265,(anonymous_22)
FN:281,detectNeglectPatterns
FN:286,(anonymous_24)
FN:312,calculateAdvancedConsistencyScore
FN:399,detectCareQualityTrends
FN:464,analyzeGroomEffectiveness
FN:492,(anonymous_28)
FN:504,(anonymous_29)
FN:510,(anonymous_30)
FN:512,(anonymous_31)
FN:539,calculateCareRiskScore
FN:616,calculateFrequencyConsistency
FN:627,(anonymous_34)
FN:628,(anonymous_35)
FN:639,calculateQualityConsistency
FN:643,(anonymous_37)
FN:647,(anonymous_38)
FN:648,(anonymous_39)
FN:661,calculateDurationConsistency
FN:664,(anonymous_41)
FN:668,(anonymous_42)
FN:669,(anonymous_43)
FN:680,calculateGroomConsistency
FN:683,(anonymous_45)
FN:696,calculateTimingConsistency
FN:700,(anonymous_47)
FN:703,(anonymous_48)
FN:704,(anonymous_49)
FN:717,analyzeQualityTrend
FN:719,(anonymous_51)
FN:727,analyzeBondTrend
FN:728,(anonymous_53)
FN:735,analyzeStressTrend
FN:736,(anonymous_55)
FN:743,calculateLinearTrend
FN:749,(anonymous_57)
FN:750,(anonymous_58)
FN:751,(anonymous_59)
FN:752,(anonymous_60)
FN:753,(anonymous_61)
FN:767,calculateTrendStrength
FN:769,(anonymous_63)
FN:775,projectOutcome
FN:777,(anonymous_65)
FN:779,(anonymous_66)
FN:789,calculateGroomStats
FN:790,(anonymous_68)
FN:791,(anonymous_69)
FN:794,(anonymous_70)
FN:795,(anonymous_71)
FN:799,(anonymous_72)
FN:804,(anonymous_73)
FN:830,generateGroomRecommendations
FN:838,(anonymous_75)
FN:857,(anonymous_76)
FN:863,(anonymous_77)
FN:864,(anonymous_78)
FN:876,calculateConsistencyRisk
FN:890,calculateQualityRisk
FN:894,(anonymous_81)
FN:903,calculateFrequencyRisk
FN:917,calculateGroomStabilityRisk
FN:920,(anonymous_84)
FN:930,calculateStressRisk
FN:933,(anonymous_86)
FN:934,(anonymous_87)
FN:935,(anonymous_88)
FN:947,generateRiskRecommendations
FNF:90
FNH:0
FNDA:0,analyzeCarePatterns
FNDA:0,analyzeCareConsistency
FNDA:0,(anonymous_2)
FNDA:0,(anonymous_3)
FNDA:0,analyzeBondTrends
FNDA:0,(anonymous_5)
FNDA:0,(anonymous_6)
FNDA:0,(anonymous_7)
FNDA:0,(anonymous_8)
FNDA:0,analyzeStressPatterns
FNDA:0,(anonymous_10)
FNDA:0,(anonymous_11)
FNDA:0,(anonymous_12)
FNDA:0,(anonymous_13)
FNDA:0,(anonymous_14)
FNDA:0,(anonymous_15)
FNDA:0,(anonymous_16)
FNDA:0,analyzeTaskDiversity
FNDA:0,(anonymous_18)
FNDA:0,(anonymous_19)
FNDA:0,analyzeGroomConsistency
FNDA:0,(anonymous_21)
FNDA:0,(anonymous_22)
FNDA:0,detectNeglectPatterns
FNDA:0,(anonymous_24)
FNDA:0,calculateAdvancedConsistencyScore
FNDA:0,detectCareQualityTrends
FNDA:0,analyzeGroomEffectiveness
FNDA:0,(anonymous_28)
FNDA:0,(anonymous_29)
FNDA:0,(anonymous_30)
FNDA:0,(anonymous_31)
FNDA:0,calculateCareRiskScore
FNDA:0,calculateFrequencyConsistency
FNDA:0,(anonymous_34)
FNDA:0,(anonymous_35)
FNDA:0,calculateQualityConsistency
FNDA:0,(anonymous_37)
FNDA:0,(anonymous_38)
FNDA:0,(anonymous_39)
FNDA:0,calculateDurationConsistency
FNDA:0,(anonymous_41)
FNDA:0,(anonymous_42)
FNDA:0,(anonymous_43)
FNDA:0,calculateGroomConsistency
FNDA:0,(anonymous_45)
FNDA:0,calculateTimingConsistency
FNDA:0,(anonymous_47)
FNDA:0,(anonymous_48)
FNDA:0,(anonymous_49)
FNDA:0,analyzeQualityTrend
FNDA:0,(anonymous_51)
FNDA:0,analyzeBondTrend
FNDA:0,(anonymous_53)
FNDA:0,analyzeStressTrend
FNDA:0,(anonymous_55)
FNDA:0,calculateLinearTrend
FNDA:0,(anonymous_57)
FNDA:0,(anonymous_58)
FNDA:0,(anonymous_59)
FNDA:0,(anonymous_60)
FNDA:0,(anonymous_61)
FNDA:0,calculateTrendStrength
FNDA:0,(anonymous_63)
FNDA:0,projectOutcome
FNDA:0,(anonymous_65)
FNDA:0,(anonymous_66)
FNDA:0,calculateGroomStats
FNDA:0,(anonymous_68)
FNDA:0,(anonymous_69)
FNDA:0,(anonymous_70)
FNDA:0,(anonymous_71)
FNDA:0,(anonymous_72)
FNDA:0,(anonymous_73)
FNDA:0,generateGroomRecommendations
FNDA:0,(anonymous_75)
FNDA:0,(anonymous_76)
FNDA:0,(anonymous_77)
FNDA:0,(anonymous_78)
FNDA:0,calculateConsistencyRisk
FNDA:0,calculateQualityRisk
FNDA:0,(anonymous_81)
FNDA:0,calculateFrequencyRisk
FNDA:0,calculateGroomStabilityRisk
FNDA:0,(anonymous_84)
FNDA:0,calculateStressRisk
FNDA:0,(anonymous_86)
FNDA:0,(anonymous_87)
FNDA:0,(anonymous_88)
FNDA:0,generateRiskRecommendations
DA:23,0
DA:25,0
DA:36,0
DA:37,0
DA:41,0
DA:42,0
DA:43,0
DA:44,0
DA:47,0
DA:63,0
DA:79,0
DA:82,0
DA:85,0
DA:88,0
DA:91,0
DA:94,0
DA:96,0
DA:116,0
DA:117,0
DA:125,0
DA:126,0
DA:128,0
DA:129,0
DA:130,0
DA:133,0
DA:134,0
DA:137,0
DA:138,0
DA:140,0
DA:141,0
DA:142,0
DA:143,0
DA:149,0
DA:152,0
DA:166,0
DA:167,0
DA:170,0
DA:171,0
DA:172,0
DA:174,0
DA:175,0
DA:178,0
DA:179,0
DA:182,0
DA:183,0
DA:185,0
DA:199,0
DA:200,0
DA:203,0
DA:204,0
DA:205,0
DA:208,0
DA:209,0
DA:210,0
DA:217,0
DA:218,0
DA:219,0
DA:222,0
DA:226,0
DA:235,0
DA:236,0
DA:239,0
DA:240,0
DA:242,0
DA:243,0
DA:244,0
DA:247,0
DA:248,0
DA:250,0
DA:263,0
DA:264,0
DA:265,0
DA:267,0
DA:268,0
DA:270,0
DA:282,0
DA:285,0
DA:286,0
DA:287,0
DA:288,0
DA:291,0
DA:292,0
DA:295,0
DA:298,0
DA:313,0
DA:315,0
DA:330,0
DA:331,0
DA:345,0
DA:348,0
DA:351,0
DA:354,0
DA:357,0
DA:360,0
DA:369,0
DA:375,0
DA:389,0
DA:390,0
DA:400,0
DA:402,0
DA:412,0
DA:413,0
DA:424,0
DA:427,0
DA:430,0
DA:433,0
DA:436,0
DA:438,0
DA:454,0
DA:455,0
DA:465,0
DA:466,0
DA:480,0
DA:481,0
DA:491,0
DA:492,0
DA:493,0
DA:494,0
DA:495,0
DA:500,0
DA:504,0
DA:505,0
DA:506,0
DA:510,0
DA:512,0
DA:513,0
DA:514,0
DA:517,0
DA:519,0
DA:529,0
DA:530,0
DA:540,0
DA:541,0
DA:557,0
DA:558,0
DA:559,0
DA:560,0
DA:561,0
DA:564,0
DA:573,0
DA:581,0
DA:584,0
DA:592,0
DA:608,0
DA:609,0
DA:617,0
DA:620,0
DA:621,0
DA:622,0
DA:623,0
DA:627,0
DA:628,0
DA:629,0
DA:630,0
DA:633,0
DA:640,0
DA:642,0
DA:643,0
DA:645,0
DA:647,0
DA:648,0
DA:649,0
DA:652,0
DA:653,0
DA:655,0
DA:662,0
DA:664,0
DA:666,0
DA:668,0
DA:669,0
DA:670,0
DA:671,0
DA:674,0
DA:681,0
DA:683,0
DA:684,0
DA:687,0
DA:688,0
DA:690,0
DA:697,0
DA:700,0
DA:703,0
DA:704,0
DA:705,0
DA:708,0
DA:709,0
DA:711,0
DA:718,0
DA:719,0
DA:721,0
DA:728,0
DA:729,0
DA:736,0
DA:737,0
DA:744,0
DA:745,0
DA:748,0
DA:749,0
DA:750,0
DA:751,0
DA:752,0
DA:753,0
DA:755,0
DA:756,0
DA:759,0
DA:761,0
DA:768,0
DA:769,0
DA:776,0
DA:777,0
DA:778,0
DA:779,0
DA:781,0
DA:782,0
DA:783,0
DA:790,0
DA:791,0
DA:792,0
DA:794,0
DA:795,0
DA:798,0
DA:799,0
DA:800,0
DA:801,0
DA:804,0
DA:807,0
DA:808,0
DA:809,0
DA:811,0
DA:813,0
DA:831,0
DA:833,0
DA:834,0
DA:835,0
DA:838,0
DA:840,0
DA:841,0
DA:844,0
DA:845,0
DA:847,0
DA:848,0
DA:851,0
DA:852,0
DA:856,0
DA:857,0
DA:858,0
DA:859,0
DA:860,0
DA:863,0
DA:864,0
DA:865,0
DA:866,0
DA:870,0
DA:877,0
DA:879,0
DA:880,0
DA:883,0
DA:884,0
DA:891,0
DA:893,0
DA:894,0
DA:897,0
DA:904,0
DA:905,0
DA:907,0
DA:908,0
DA:911,0
DA:918,0
DA:920,0
DA:921,0
DA:922,0
DA:924,0
DA:931,0
DA:933,0
DA:934,0
DA:935,0
DA:938,0
DA:939,0
DA:941,0
DA:948,0
DA:949,0
DA:951,0
DA:952,0
DA:955,0
DA:956,0
DA:959,0
DA:960,0
DA:963,0
DA:964,0
DA:967,0
DA:968,0
DA:971,0
DA:972,0
DA:975,0
LF:294
LH:0
BRDA:36,0,0,0
BRDA:36,0,1,0
BRDA:44,1,0,0
BRDA:44,1,1,0
BRDA:142,2,0,0
BRDA:142,2,1,0
BRDA:166,3,0,0
BRDA:166,3,1,0
BRDA:171,4,0,0
BRDA:171,4,1,0
BRDA:175,5,0,0
BRDA:175,5,1,0
BRDA:179,6,0,0
BRDA:179,6,1,0
BRDA:179,7,0,0
BRDA:179,7,1,0
BRDA:183,8,0,0
BRDA:183,8,1,0
BRDA:199,9,0,0
BRDA:199,9,1,0
BRDA:204,10,0,0
BRDA:204,10,1,0
BRDA:218,11,0,0
BRDA:218,11,1,0
BRDA:223,12,0,0
BRDA:223,12,1,0
BRDA:235,13,0,0
BRDA:235,13,1,0
BRDA:243,14,0,0
BRDA:243,14,1,0
BRDA:244,15,0,0
BRDA:244,15,1,0
BRDA:248,16,0,0
BRDA:248,16,1,0
BRDA:268,17,0,0
BRDA:268,17,1,0
BRDA:303,18,0,0
BRDA:303,18,1,0
BRDA:303,19,0,0
BRDA:303,19,1,0
BRDA:330,20,0,0
BRDA:330,20,1,0
BRDA:412,21,0,0
BRDA:412,21,1,0
BRDA:480,22,0,0
BRDA:480,22,1,0
BRDA:494,23,0,0
BRDA:494,23,1,0
BRDA:513,24,0,0
BRDA:513,24,1,0
BRDA:514,25,0,0
BRDA:514,25,1,0
BRDA:581,26,0,0
BRDA:581,26,1,0
BRDA:581,27,0,0
BRDA:581,27,1,0
BRDA:581,28,0,0
BRDA:581,28,1,0
BRDA:617,29,0,0
BRDA:617,29,1,0
BRDA:630,30,0,0
BRDA:630,30,1,0
BRDA:640,31,0,0
BRDA:640,31,1,0
BRDA:643,32,0,0
BRDA:643,32,1,0
BRDA:645,33,0,0
BRDA:645,33,1,0
BRDA:645,34,0,0
BRDA:645,34,1,0
BRDA:662,35,0,0
BRDA:662,35,1,0
BRDA:664,36,0,0
BRDA:664,36,1,0
BRDA:666,37,0,0
BRDA:666,37,1,0
BRDA:671,38,0,0
BRDA:671,38,1,0
BRDA:681,39,0,0
BRDA:681,39,1,0
BRDA:697,40,0,0
BRDA:697,40,1,0
BRDA:719,41,0,0
BRDA:719,41,1,0
BRDA:728,42,0,0
BRDA:728,42,1,0
BRDA:736,43,0,0
BRDA:736,43,1,0
BRDA:744,44,0,0
BRDA:744,44,1,0
BRDA:759,45,0,0
BRDA:759,45,1,0
BRDA:759,46,0,0
BRDA:759,46,1,0
BRDA:781,47,0,0
BRDA:781,47,1,0
BRDA:781,48,0,0
BRDA:781,48,1,0
BRDA:782,49,0,0
BRDA:782,49,1,0
BRDA:782,50,0,0
BRDA:782,50,1,0
BRDA:790,51,0,0
BRDA:790,51,1,0
BRDA:791,52,0,0
BRDA:791,52,1,0
BRDA:800,53,0,0
BRDA:800,53,1,0
BRDA:801,54,0,0
BRDA:801,54,1,0
BRDA:804,55,0,0
BRDA:804,55,1,0
BRDA:833,56,0,0
BRDA:833,56,1,0
BRDA:840,57,0,0
BRDA:840,57,1,0
BRDA:847,58,0,0
BRDA:847,58,1,0
BRDA:851,59,0,0
BRDA:851,59,1,0
BRDA:859,60,0,0
BRDA:859,60,1,0
BRDA:865,61,0,0
BRDA:865,61,1,0
BRDA:877,62,0,0
BRDA:877,62,1,0
BRDA:891,63,0,0
BRDA:891,63,1,0
BRDA:894,64,0,0
BRDA:894,64,1,0
BRDA:918,65,0,0
BRDA:918,65,1,0
BRDA:931,66,0,0
BRDA:931,66,1,0
BRDA:933,67,0,0
BRDA:933,67,1,0
BRDA:951,68,0,0
BRDA:951,68,1,0
BRDA:955,69,0,0
BRDA:955,69,1,0
BRDA:959,70,0,0
BRDA:959,70,1,0
BRDA:963,71,0,0
BRDA:963,71,1,0
BRDA:967,72,0,0
BRDA:967,72,1,0
BRDA:971,73,0,0
BRDA:971,73,1,0
BRF:148
BRH:0
end_of_record
TN:
SF:services\conformationShowService.mjs
FN:39,isValidConformationClass
FN:48,calculateConformationScore
FN:84,calculateHandlerEffectiveness
FN:137,calculateTemperamentSynergy
FN:206,calculateConformationShowScore
FN:287,validateConformationEntry
FNF:6
FNH:0
FNDA:0,isValidConformationClass
FNDA:0,calculateConformationScore
FNDA:0,calculateHandlerEffectiveness
FNDA:0,calculateTemperamentSynergy
FNDA:0,calculateConformationShowScore
FNDA:0,validateConformationEntry
DA:19,0
DA:40,0
DA:49,0
DA:50,0
DA:51,0
DA:52,0
DA:55,0
DA:66,0
DA:67,0
DA:68,0
DA:69,0
DA:72,0
DA:74,0
DA:75,0
DA:85,0
DA:86,0
DA:93,0
DA:94,0
DA:97,0
DA:101,0
DA:104,0
DA:105,0
DA:109,0
DA:111,0
DA:120,0
DA:121,0
DA:138,0
DA:139,0
DA:140,0
DA:142,0
DA:165,0
DA:166,0
DA:168,0
DA:169,0
DA:170,0
DA:171,0
DA:172,0
DA:173,0
DA:174,0
DA:175,0
DA:177,0
DA:178,0
DA:182,0
DA:189,0
DA:190,0
DA:207,0
DA:208,0
DA:209,0
DA:213,0
DA:214,0
DA:217,0
DA:218,0
DA:221,0
DA:222,0
DA:225,0
DA:226,0
DA:227,0
DA:230,0
DA:233,0
DA:234,0
DA:236,0
DA:238,0
DA:260,0
DA:261,0
DA:288,0
DA:289,0
DA:290,0
DA:293,0
DA:294,0
DA:298,0
DA:299,0
DA:303,0
DA:304,0
DA:308,0
DA:317,0
DA:318,0
DA:321,0
DA:322,0
DA:324,0
DA:325,0
DA:330,0
DA:331,0
DA:332,0
DA:336,0
DA:337,0
DA:341,0
DA:342,0
DA:346,0
DA:347,0
DA:350,0
DA:358,0
DA:359,0
LF:92
LH:0
BRDA:50,0,0,0
BRDA:50,0,1,0
BRDA:50,1,0,0
BRDA:50,1,1,0
BRDA:68,2,0,0
BRDA:68,2,1,0
BRDA:93,3,0,0
BRDA:93,3,1,0
BRDA:98,4,0,0
BRDA:98,4,1,0
BRDA:104,5,0,0
BRDA:104,5,1,0
BRDA:115,6,0,0
BRDA:115,6,1,0
BRDA:139,7,0,0
BRDA:139,7,1,0
BRDA:140,8,0,0
BRDA:140,8,1,0
BRDA:169,9,0,0
BRDA:169,9,1,0
BRDA:170,10,0,0
BRDA:170,10,1,0
BRDA:173,11,0,0
BRDA:173,11,1,0
BRDA:208,12,0,0
BRDA:208,12,1,0
BRDA:225,13,0,0
BRDA:225,13,1,0
BRDA:236,14,0,0
BRDA:236,14,1,0
BRDA:293,15,0,0
BRDA:293,15,1,0
BRDA:298,16,0,0
BRDA:298,16,1,0
BRDA:303,17,0,0
BRDA:303,17,1,0
BRDA:317,18,0,0
BRDA:317,18,1,0
BRDA:324,19,0,0
BRDA:324,19,1,0
BRDA:330,20,0,0
BRDA:330,20,1,0
BRDA:331,21,0,0
BRDA:331,21,1,0
BRDA:336,22,0,0
BRDA:336,22,1,0
BRDA:336,23,0,0
BRDA:336,23,1,0
BRDA:341,24,0,0
BRDA:341,24,1,0
BRDA:341,25,0,0
BRDA:341,25,1,0
BRDA:346,26,0,0
BRDA:346,26,1,0
BRF:54
BRH:0
end_of_record
TN:
SF:services\cronJobService.mjs
FN:18,initializeCronJobs
FN:23,(anonymous_1)
FN:33,(anonymous_2)
FN:56,runSalaryProcessing
FN:71,(anonymous_4)
FN:84,stopCronJobs
FN:105,getCronJobStatus
FN:134,runTokenCleanup
FN:170,triggerSalaryProcessing
FN:197,triggerTokenCleanup
FNF:10
FNH:5
FNDA:11,initializeCronJobs
FNDA:0,(anonymous_1)
FNDA:0,(anonymous_2)
FNDA:0,runSalaryProcessing
FNDA:0,(anonymous_4)
FNDA:30,stopCronJobs
FNDA:4,getCronJobStatus
FNDA:7,runTokenCleanup
FNDA:0,triggerSalaryProcessing
FNDA:7,triggerTokenCleanup
DA:13,1
DA:19,11
DA:20,11
DA:23,11
DA:24,0
DA:30,11
DA:33,11
DA:34,0
DA:40,11
DA:43,11
DA:44,11
DA:46,11
DA:49,0
DA:57,0
DA:58,0
DA:60,0
DA:62,0
DA:65,0
DA:66,0
DA:69,0
DA:70,0
DA:71,0
DA:72,0
DA:77,0
DA:85,30
DA:86,30
DA:88,30
DA:89,22
DA:90,22
DA:93,30
DA:94,30
DA:97,0
DA:106,4
DA:107,4
DA:109,4
DA:110,4
DA:116,4
DA:122,0
DA:123,0
DA:135,7
DA:136,7
DA:138,7
DA:141,7
DA:149,7
DA:151,7
DA:157,0
DA:158,0
DA:171,0
DA:172,0
DA:174,0
DA:176,0
DA:178,0
DA:181,0
DA:182,0
DA:198,7
DA:199,7
DA:201,7
DA:203,7
DA:205,7
DA:208,0
DA:209,0
LF:61
LH:33
BRDA:65,0,0,0
BRDA:65,0,1,0
BRDA:69,1,0,0
BRDA:69,1,1,0
BRF:4
BRH:0
end_of_record
TN:
SF:services\cronJobs.mjs
FN:12,(anonymous_0)
FN:20,(anonymous_1)
FN:31,(anonymous_2)
FN:43,(anonymous_3)
FN:56,(anonymous_4)
FN:68,(anonymous_5)
FN:76,(anonymous_6)
FN:89,(anonymous_7)
FN:161,(anonymous_8)
FN:239,(anonymous_9)
FN:270,(anonymous_10)
FN:295,(anonymous_11)
FN:326,(anonymous_12)
FN:352,(anonymous_13)
FN:361,(anonymous_14)
FN:370,(anonymous_15)
FN:372,(anonymous_16)
FNF:17
FNH:0
FNDA:0,(anonymous_0)
FNDA:0,(anonymous_1)
FNDA:0,(anonymous_2)
FNDA:0,(anonymous_3)
FNDA:0,(anonymous_4)
FNDA:0,(anonymous_5)
FNDA:0,(anonymous_6)
FNDA:0,(anonymous_7)
FNDA:0,(anonymous_8)
FNDA:0,(anonymous_9)
FNDA:0,(anonymous_10)
FNDA:0,(anonymous_11)
FNDA:0,(anonymous_12)
FNDA:0,(anonymous_13)
FNDA:0,(anonymous_14)
FNDA:0,(anonymous_15)
FNDA:0,(anonymous_16)
DA:13,0
DA:14,0
DA:21,0
DA:22,0
DA:23,0
DA:26,0
DA:29,0
DA:32,0
DA:41,0
DA:44,0
DA:52,0
DA:53,0
DA:56,0
DA:57,0
DA:58,0
DA:61,0
DA:62,0
DA:69,0
DA:70,0
DA:71,0
DA:74,0
DA:76,0
DA:77,0
DA:78,0
DA:81,0
DA:82,0
DA:90,0
DA:91,0
DA:93,0
DA:95,0
DA:106,0
DA:107,0
DA:108,0
DA:111,0
DA:115,0
DA:116,0
DA:117,0
DA:120,0
DA:121,0
DA:122,0
DA:123,0
DA:125,0
DA:126,0
DA:129,0
DA:130,0
DA:136,0
DA:137,0
DA:138,0
DA:143,0
DA:151,0
DA:152,0
DA:162,0
DA:163,0
DA:166,0
DA:169,0
DA:170,0
DA:173,0
DA:177,0
DA:184,0
DA:188,0
DA:190,0
DA:191,0
DA:194,0
DA:198,0
DA:205,0
DA:213,0
DA:215,0
DA:219,0
DA:225,0
DA:228,0
DA:240,0
DA:241,0
DA:255,0
DA:260,0
DA:271,0
DA:272,0
DA:283,0
DA:285,0
DA:296,0
DA:297,0
DA:299,0
DA:300,0
DA:302,0
DA:303,0
DA:304,0
DA:309,0
DA:315,0
DA:317,0
DA:318,0
DA:327,0
DA:328,0
DA:340,0
DA:342,0
DA:353,0
DA:354,0
DA:362,0
DA:363,0
DA:371,0
DA:372,0
DA:373,0
DA:379,0
DA:388,0
LF:102
LH:0
BRDA:21,0,0,0
BRDA:21,0,1,0
BRDA:69,1,0,0
BRDA:69,1,1,0
BRDA:106,2,0,0
BRDA:106,2,1,0
BRDA:125,3,0,0
BRDA:125,3,1,0
BRDA:166,4,0,0
BRDA:166,4,1,0
BRDA:169,5,0,0
BRDA:169,5,1,0
BRDA:177,6,0,0
BRDA:177,6,1,0
BRDA:190,7,0,0
BRDA:190,7,1,0
BRDA:199,8,0,0
BRDA:199,8,1,0
BRDA:200,9,0,0
BRDA:200,9,1,0
BRDA:201,10,0,0
BRDA:201,10,1,0
BRF:22
BRH:0
end_of_record
TN:
SF:services\databaseOptimizationService.mjs
FN:36,initializeRedis
FN:48,(anonymous_1)
FN:69,analyzeQueryPerformance
FN:122,analyzeEpigeneticTraitQuery
FN:153,analyzeJsonbQuery
FN:182,analyzeComplexJoinQuery
FN:213,createOptimizedIndexes
FN:260,(anonymous_7)
FN:289,(anonymous_8)
FN:290,(anonymous_9)
FN:305,implementConnectionPooling
FN:359,setupQueryCaching
FN:400,optimizeEpigeneticQueries
FN:460,benchmarkDatabaseOperations
FN:495,calculateAverageTime
FN:502,_calculateQueryComplexity
FN:506,calculateIndexImpact
FN:514,estimatePerformanceGains
FN:522,benchmarkConcurrentLoad
FN:531,benchmarkProductionScenario
FN:552,generateCacheKey
FN:556,_extractIndexUsage
FN:561,generateIndexQuery
FN:565,generateOptimizationRecommendations
FN:573,executeUserEpigeneticAnalysis
FN:582,executeHorseEpigeneticAnalysis
FN:590,benchmarkSingleOperation
FNF:27
FNH:24
FNDA:1,initializeRedis
FNDA:0,(anonymous_1)
FNDA:3,analyzeQueryPerformance
FNDA:1,analyzeEpigeneticTraitQuery
FNDA:1,analyzeJsonbQuery
FNDA:1,analyzeComplexJoinQuery
FNDA:3,createOptimizedIndexes
FNDA:9,(anonymous_7)
FNDA:12,(anonymous_8)
FNDA:12,(anonymous_9)
FNDA:3,implementConnectionPooling
FNDA:1,setupQueryCaching
FNDA:4,optimizeEpigeneticQueries
FNDA:8,benchmarkDatabaseOperations
FNDA:3,calculateAverageTime
FNDA:0,_calculateQueryComplexity
FNDA:3,calculateIndexImpact
FNDA:3,estimatePerformanceGains
FNDA:1,benchmarkConcurrentLoad
FNDA:3,benchmarkProductionScenario
FNDA:4,generateCacheKey
FNDA:0,_extractIndexUsage
FNDA:4,generateIndexQuery
FNDA:3,generateOptimizationRecommendations
FNDA:2,executeUserEpigeneticAnalysis
FNDA:2,executeHorseEpigeneticAnalysis
FNDA:7,benchmarkSingleOperation
DA:23,1
DA:26,1
DA:37,1
DA:38,0
DA:39,0
DA:48,0
DA:49,0
DA:50,0
DA:54,0
DA:55,0
DA:57,0
DA:58,0
DA:61,1
DA:70,3
DA:72,3
DA:73,3
DA:78,3
DA:80,1
DA:81,1
DA:83,1
DA:84,1
DA:86,1
DA:87,1
DA:89,0
DA:92,3
DA:95,3
DA:101,3
DA:114,0
DA:115,0
DA:123,1
DA:126,1
DA:141,1
DA:154,1
DA:156,1
DA:171,1
DA:183,1
DA:185,1
DA:200,1
DA:214,3
DA:215,3
DA:217,3
DA:218,3
DA:220,3
DA:222,1
DA:223,4
DA:224,4
DA:225,4
DA:230,3
DA:232,1
DA:240,1
DA:241,4
DA:242,4
DA:246,3
DA:248,1
DA:259,1
DA:260,9
DA:261,4
DA:262,4
DA:263,4
DA:268,3
DA:269,12
DA:270,12
DA:271,7
DA:277,5
DA:278,5
DA:286,3
DA:289,12
DA:290,12
DA:295,0
DA:296,0
DA:306,3
DA:307,3
DA:309,3
DA:310,1
DA:317,2
DA:319,1
DA:328,1
DA:336,1
DA:338,1
DA:349,0
DA:350,0
DA:360,1
DA:361,1
DA:363,1
DA:365,1
DA:367,0
DA:368,0
DA:369,0
DA:371,0
DA:375,1
DA:383,0
DA:384,0
DA:401,4
DA:402,4
DA:404,4
DA:405,0
DA:407,0
DA:408,0
DA:409,0
DA:410,0
DA:416,0
DA:418,0
DA:419,0
DA:423,4
DA:427,4
DA:428,2
DA:429,2
DA:430,2
DA:433,4
DA:436,4
DA:437,0
DA:438,0
DA:440,0
DA:444,4
DA:450,0
DA:451,0
DA:461,8
DA:462,8
DA:464,8
DA:465,3
DA:466,3
DA:467,7
DA:469,3
DA:472,5
DA:473,1
DA:476,4
DA:477,3
DA:481,1
DA:489,0
DA:490,0
DA:496,3
DA:497,3
DA:498,0
DA:503,0
DA:507,3
DA:515,3
DA:523,1
DA:532,3
DA:553,4
DA:557,0
DA:562,4
DA:566,3
DA:574,2
DA:579,2
DA:583,2
DA:587,2
DA:591,7
DA:592,7
DA:593,510
DA:595,7
DA:596,7
DA:597,7
LF:152
LH:112
BRDA:37,0,0,0
BRDA:37,0,1,1
BRDA:37,1,0,1
BRDA:37,1,1,1
BRDA:40,2,0,0
BRDA:40,2,1,0
BRDA:41,3,0,0
BRDA:41,3,1,0
BRDA:78,4,0,1
BRDA:78,4,1,1
BRDA:78,4,2,1
BRDA:78,4,3,0
BRDA:129,5,0,1
BRDA:129,5,1,0
BRDA:130,6,0,1
BRDA:130,6,1,0
BRDA:189,7,0,1
BRDA:189,7,1,0
BRDA:193,8,0,1
BRDA:193,8,1,0
BRDA:220,9,0,1
BRDA:220,9,1,2
BRDA:224,10,0,4
BRDA:224,10,1,0
BRDA:230,11,0,1
BRDA:230,11,1,2
BRDA:241,12,0,4
BRDA:241,12,1,2
BRDA:246,13,0,1
BRDA:246,13,1,2
BRDA:260,14,0,9
BRDA:260,14,1,0
BRDA:291,15,0,3
BRDA:291,15,1,2
BRDA:309,16,0,1
BRDA:309,16,1,2
BRDA:317,17,0,1
BRDA:317,17,1,1
BRDA:329,18,0,1
BRDA:329,18,1,0
BRDA:330,19,0,1
BRDA:330,19,1,0
BRDA:331,20,0,1
BRDA:331,20,1,0
BRDA:332,21,0,1
BRDA:332,21,1,0
BRDA:365,22,0,0
BRDA:365,22,1,1
BRDA:368,23,0,0
BRDA:368,23,1,0
BRDA:369,24,0,0
BRDA:369,24,1,0
BRDA:376,25,0,0
BRDA:376,25,1,1
BRDA:378,26,0,1
BRDA:378,26,1,1
BRDA:379,27,0,0
BRDA:379,27,1,1
BRDA:380,28,0,1
BRDA:380,28,1,0
BRDA:404,29,0,0
BRDA:404,29,1,4
BRDA:404,30,0,4
BRDA:404,30,1,4
BRDA:408,31,0,0
BRDA:408,31,1,0
BRDA:427,32,0,2
BRDA:427,32,1,2
BRDA:429,33,0,2
BRDA:429,33,1,0
BRDA:436,34,0,0
BRDA:436,34,1,4
BRDA:436,35,0,4
BRDA:436,35,1,4
BRDA:436,35,2,0
BRDA:460,36,0,1
BRDA:464,37,0,3
BRDA:464,37,1,5
BRDA:467,38,0,7
BRDA:467,38,1,0
BRDA:472,39,0,1
BRDA:472,39,1,4
BRDA:476,40,0,3
BRDA:476,40,1,1
BRDA:497,41,0,3
BRDA:497,41,1,0
BRF:86
BRH:54
end_of_record
TN:
SF:services\developmentalWindowSystem.mjs
FN:119,identifyDevelopmentalWindows
FN:136,(anonymous_1)
FN:170,(anonymous_2)
FN:197,calculateWindowSensitivity
FN:277,evaluateTraitDevelopmentOpportunity
FN:304,(anonymous_5)
FN:305,(anonymous_6)
FN:359,trackDevelopmentalMilestones
FN:378,(anonymous_8)
FN:402,(anonymous_9)
FN:403,(anonymous_10)
FN:431,assessWindowClosure
FN:515,coordinateMultiWindowDevelopment
FN:564,analyzeCriticalPeriodSensitivity
FN:574,(anonymous_14)
FN:645,generateDevelopmentalForecast
FN:656,(anonymous_16)
FN:658,(anonymous_17)
FN:701,getRelatedTraits
FN:718,generateDevelopmentRecommendations
FN:751,assessMilestoneProgress
FN:757,(anonymous_21)
FN:772,(anonymous_22)
FN:799,assessMilestoneAchievement
FN:802,(anonymous_24)
FN:804,(anonymous_25)
FN:806,(anonymous_26)
FN:808,(anonymous_27)
FN:812,(anonymous_28)
FN:825,calculatePartialCompletion
FN:828,(anonymous_30)
FN:842,identifyNextMilestones
FN:843,(anonymous_32)
FN:846,(anonymous_33)
FN:850,(anonymous_34)
FN:862,generateCompensatoryMechanisms
FN:907,analyzeWindowInteractions
FN:916,(anonymous_37)
FN:921,(anonymous_38)
FN:942,createPriorityMatrix
FN:945,(anonymous_40)
FN:963,generateCoordinatedPlan
FN:967,(anonymous_42)
FN:979,(anonymous_43)
FN:980,(anonymous_44)
FN:983,(anonymous_45)
FN:1012,resolveWindowConflicts
FN:1013,(anonymous_47)
FN:1016,(anonymous_48)
FN:1034,generateInterventionRecommendations
FN:1043,(anonymous_50)
FN:1072,generateTrajectory
FN:1077,(anonymous_52)
FN:1084,(anonymous_53)
FN:1085,(anonymous_54)
FN:1087,(anonymous_55)
FN:1097,generateTraitPredictions
FN:1134,projectMilestones
FN:1137,(anonymous_58)
FN:1157,assessDevelopmentalRisks
FN:1176,(anonymous_60)
FN:1194,generateForecastRecommendations
FN:1198,(anonymous_62)
FN:1210,(anonymous_63)
FN:1220,(anonymous_64)
FN:1224,(anonymous_65)
FNF:66
FNH:0
FNDA:0,identifyDevelopmentalWindows
FNDA:0,(anonymous_1)
FNDA:0,(anonymous_2)
FNDA:0,calculateWindowSensitivity
FNDA:0,evaluateTraitDevelopmentOpportunity
FNDA:0,(anonymous_5)
FNDA:0,(anonymous_6)
FNDA:0,trackDevelopmentalMilestones
FNDA:0,(anonymous_8)
FNDA:0,(anonymous_9)
FNDA:0,(anonymous_10)
FNDA:0,assessWindowClosure
FNDA:0,coordinateMultiWindowDevelopment
FNDA:0,analyzeCriticalPeriodSensitivity
FNDA:0,(anonymous_14)
FNDA:0,generateDevelopmentalForecast
FNDA:0,(anonymous_16)
FNDA:0,(anonymous_17)
FNDA:0,getRelatedTraits
FNDA:0,generateDevelopmentRecommendations
FNDA:0,assessMilestoneProgress
FNDA:0,(anonymous_21)
FNDA:0,(anonymous_22)
FNDA:0,assessMilestoneAchievement
FNDA:0,(anonymous_24)
FNDA:0,(anonymous_25)
FNDA:0,(anonymous_26)
FNDA:0,(anonymous_27)
FNDA:0,(anonymous_28)
FNDA:0,calculatePartialCompletion
FNDA:0,(anonymous_30)
FNDA:0,identifyNextMilestones
FNDA:0,(anonymous_32)
FNDA:0,(anonymous_33)
FNDA:0,(anonymous_34)
FNDA:0,generateCompensatoryMechanisms
FNDA:0,analyzeWindowInteractions
FNDA:0,(anonymous_37)
FNDA:0,(anonymous_38)
FNDA:0,createPriorityMatrix
FNDA:0,(anonymous_40)
FNDA:0,generateCoordinatedPlan
FNDA:0,(anonymous_42)
FNDA:0,(anonymous_43)
FNDA:0,(anonymous_44)
FNDA:0,(anonymous_45)
FNDA:0,resolveWindowConflicts
FNDA:0,(anonymous_47)
FNDA:0,(anonymous_48)
FNDA:0,generateInterventionRecommendations
FNDA:0,(anonymous_50)
FNDA:0,generateTrajectory
FNDA:0,(anonymous_52)
FNDA:0,(anonymous_53)
FNDA:0,(anonymous_54)
FNDA:0,(anonymous_55)
FNDA:0,generateTraitPredictions
FNDA:0,projectMilestones
FNDA:0,(anonymous_58)
FNDA:0,assessDevelopmentalRisks
FNDA:0,(anonymous_60)
FNDA:0,generateForecastRecommendations
FNDA:0,(anonymous_62)
FNDA:0,(anonymous_63)
FNDA:0,(anonymous_64)
FNDA:0,(anonymous_65)
DA:23,0
DA:104,0
DA:120,0
DA:121,0
DA:126,0
DA:127,0
DA:130,0
DA:132,0
DA:133,0
DA:134,0
DA:136,0
DA:137,0
DA:139,0
DA:140,0
DA:141,0
DA:143,0
DA:150,0
DA:152,0
DA:153,0
DA:160,0
DA:161,0
DA:170,0
DA:171,0
DA:172,0
DA:175,0
DA:186,0
DA:187,0
DA:198,0
DA:199,0
DA:204,0
DA:205,0
DA:206,0
DA:209,0
DA:212,0
DA:215,0
DA:216,0
DA:217,0
DA:218,0
DA:219,0
DA:220,0
DA:222,0
DA:225,0
DA:229,0
DA:232,0
DA:234,0
DA:237,0
DA:241,0
DA:242,0
DA:245,0
DA:247,0
DA:251,0
DA:253,0
DA:265,0
DA:266,0
DA:278,0
DA:279,0
DA:280,0
DA:281,0
DA:284,0
DA:287,0
DA:289,0
DA:290,0
DA:291,0
DA:293,0
DA:294,0
DA:296,0
DA:298,0
DA:300,0
DA:303,0
DA:304,0
DA:305,0
DA:307,0
DA:311,0
DA:316,0
DA:319,0
DA:320,0
DA:321,0
DA:322,0
DA:325,0
DA:328,0
DA:331,0
DA:334,0
DA:336,0
DA:349,0
DA:350,0
DA:360,0
DA:361,0
DA:366,0
DA:369,0
DA:374,0
DA:375,0
DA:376,0
DA:378,0
DA:379,0
DA:380,0
DA:382,0
DA:384,0
DA:385,0
DA:391,0
DA:392,0
DA:402,0
DA:403,0
DA:404,0
DA:407,0
DA:409,0
DA:420,0
DA:421,0
DA:432,0
DA:433,0
DA:434,0
DA:435,0
DA:438,0
DA:443,0
DA:446,0
DA:448,0
DA:449,0
DA:450,0
DA:451,0
DA:453,0
DA:454,0
DA:458,0
DA:459,0
DA:460,0
DA:462,0
DA:464,0
DA:474,0
DA:475,0
DA:476,0
DA:480,0
DA:483,0
DA:484,0
DA:485,0
DA:486,0
DA:487,0
DA:489,0
DA:493,0
DA:505,0
DA:506,0
DA:516,0
DA:517,0
DA:519,0
DA:520,0
DA:532,0
DA:535,0
DA:538,0
DA:541,0
DA:543,0
DA:554,0
DA:555,0
DA:565,0
DA:566,0
DA:571,0
DA:574,0
DA:577,0
DA:583,0
DA:584,0
DA:585,0
DA:586,0
DA:588,0
DA:589,0
DA:595,0
DA:596,0
DA:600,0
DA:603,0
DA:604,0
DA:605,0
DA:606,0
DA:607,0
DA:610,0
DA:611,0
DA:612,0
DA:613,0
DA:616,0
DA:623,0
DA:634,0
DA:635,0
DA:646,0
DA:647,0
DA:652,0
DA:653,0
DA:656,0
DA:657,0
DA:658,0
DA:666,0
DA:669,0
DA:672,0
DA:675,0
DA:678,0
DA:680,0
DA:693,0
DA:694,0
DA:702,0
DA:712,0
DA:719,0
DA:720,0
DA:722,0
DA:723,0
DA:724,0
DA:725,0
DA:726,0
DA:727,0
DA:728,0
DA:729,0
DA:730,0
DA:732,0
DA:733,0
DA:737,0
DA:738,0
DA:739,0
DA:740,0
DA:741,0
DA:742,0
DA:745,0
DA:752,0
DA:755,0
DA:757,0
DA:758,0
DA:759,0
DA:762,0
DA:764,0
DA:770,0
DA:772,0
DA:773,0
DA:774,0
DA:777,0
DA:779,0
DA:787,0
DA:800,0
DA:802,0
DA:804,0
DA:806,0
DA:808,0
DA:810,0
DA:812,0
DA:813,0
DA:816,0
DA:818,0
DA:826,0
DA:828,0
DA:829,0
DA:830,0
DA:833,0
DA:834,0
DA:836,0
DA:843,0
DA:845,0
DA:847,0
DA:848,0
DA:850,0
DA:863,0
DA:865,0
DA:867,0
DA:868,0
DA:869,0
DA:870,0
DA:872,0
DA:873,0
DA:874,0
DA:875,0
DA:878,0
DA:879,0
DA:880,0
DA:881,0
DA:883,0
DA:884,0
DA:885,0
DA:886,0
DA:888,0
DA:889,0
DA:890,0
DA:891,0
DA:893,0
DA:894,0
DA:895,0
DA:896,0
DA:898,0
DA:901,0
DA:908,0
DA:910,0
DA:911,0
DA:912,0
DA:913,0
DA:916,0
DA:917,0
DA:921,0
DA:922,0
DA:925,0
DA:936,0
DA:943,0
DA:945,0
DA:946,0
DA:949,0
DA:952,0
DA:954,0
DA:957,0
DA:964,0
DA:967,0
DA:968,0
DA:972,0
DA:979,0
DA:980,0
DA:981,0
DA:983,0
DA:986,0
DA:987,0
DA:988,0
DA:990,0
DA:991,0
DA:993,0
DA:1002,0
DA:1003,0
DA:1006,0
DA:1013,0
DA:1014,0
DA:1016,0
DA:1017,0
DA:1025,0
DA:1035,0
DA:1037,0
DA:1038,0
DA:1039,0
DA:1040,0
DA:1043,0
DA:1044,0
DA:1045,0
DA:1046,0
DA:1047,0
DA:1048,0
DA:1049,0
DA:1050,0
DA:1051,0
DA:1052,0
DA:1056,0
DA:1057,0
DA:1060,0
DA:1061,0
DA:1062,0
DA:1063,0
DA:1066,0
DA:1073,0
DA:1075,0
DA:1076,0
DA:1077,0
DA:1078,0
DA:1081,0
DA:1084,0
DA:1085,0
DA:1087,0
DA:1091,0
DA:1098,0
DA:1099,0
DA:1101,0
DA:1102,0
DA:1103,0
DA:1104,0
DA:1107,0
DA:1108,0
DA:1109,0
DA:1110,0
DA:1111,0
DA:1112,0
DA:1113,0
DA:1114,0
DA:1115,0
DA:1119,0
DA:1128,0
DA:1135,0
DA:1137,0
DA:1138,0
DA:1139,0
DA:1141,0
DA:1142,0
DA:1151,0
DA:1158,0
DA:1160,0
DA:1161,0
DA:1168,0
DA:1169,0
DA:1176,0
DA:1177,0
DA:1178,0
DA:1185,0
DA:1195,0
DA:1198,0
DA:1199,0
DA:1200,0
DA:1210,0
DA:1211,0
DA:1220,0
DA:1221,0
DA:1224,0
DA:1225,0
DA:1233,0
LF:393
LH:0
BRDA:126,0,0,0
BRDA:126,0,1,0
BRDA:137,1,0,0
BRDA:137,1,1,0
BRDA:137,2,0,0
BRDA:137,2,1,0
BRDA:148,3,0,0
BRDA:148,3,1,0
BRDA:148,4,0,0
BRDA:148,4,1,0
BRDA:150,5,0,0
BRDA:150,5,1,0
BRDA:156,6,0,0
BRDA:156,6,1,0
BRDA:156,7,0,0
BRDA:156,7,1,0
BRDA:171,8,0,0
BRDA:171,8,1,0
BRDA:171,9,0,0
BRDA:171,9,1,0
BRDA:205,10,0,0
BRDA:205,10,1,0
BRDA:216,11,0,0
BRDA:216,11,1,0
BRDA:216,12,0,0
BRDA:216,12,1,0
BRDA:220,13,0,0
BRDA:220,13,1,0
BRDA:232,14,0,0
BRDA:232,14,1,0
BRDA:241,15,0,0
BRDA:241,15,1,0
BRDA:251,16,0,0
BRDA:251,16,1,0
BRDA:251,17,0,0
BRDA:251,17,1,0
BRDA:251,18,0,0
BRDA:251,18,1,0
BRDA:251,19,0,0
BRDA:251,19,1,0
BRDA:280,20,0,0
BRDA:280,20,1,0
BRDA:289,21,0,0
BRDA:289,21,1,0
BRDA:291,22,0,0
BRDA:291,22,1,0
BRDA:293,23,0,0
BRDA:293,23,1,0
BRDA:293,24,0,0
BRDA:293,24,1,0
BRDA:298,25,0,0
BRDA:298,25,1,0
BRDA:298,26,0,0
BRDA:298,26,1,0
BRDA:307,27,0,0
BRDA:307,27,1,0
BRDA:307,28,0,0
BRDA:307,28,1,0
BRDA:320,29,0,0
BRDA:320,29,1,0
BRDA:384,30,0,0
BRDA:384,30,1,0
BRDA:391,31,0,0
BRDA:391,31,1,0
BRDA:391,32,0,0
BRDA:391,32,1,0
BRDA:434,33,0,0
BRDA:434,33,1,0
BRDA:448,34,0,0
BRDA:448,34,1,0
BRDA:450,35,0,0
BRDA:450,35,1,0
BRDA:450,36,0,0
BRDA:450,36,1,0
BRDA:462,37,0,0
BRDA:462,37,1,0
BRDA:474,38,0,0
BRDA:474,38,1,0
BRDA:484,39,0,0
BRDA:484,39,1,0
BRDA:486,40,0,0
BRDA:486,40,1,0
BRDA:519,41,0,0
BRDA:519,41,1,0
BRDA:588,42,0,0
BRDA:588,42,1,0
BRDA:595,43,0,0
BRDA:595,43,1,0
BRDA:595,44,0,0
BRDA:595,44,1,0
BRDA:604,45,0,0
BRDA:604,45,1,0
BRDA:605,46,0,0
BRDA:605,46,1,0
BRDA:606,47,0,0
BRDA:606,47,1,0
BRDA:606,48,0,0
BRDA:606,48,1,0
BRDA:607,49,0,0
BRDA:607,49,1,0
BRDA:607,50,0,0
BRDA:607,50,1,0
BRDA:611,51,0,0
BRDA:611,51,1,0
BRDA:612,52,0,0
BRDA:612,52,1,0
BRDA:613,53,0,0
BRDA:613,53,1,0
BRDA:657,54,0,0
BRDA:657,54,1,0
BRDA:662,55,0,0
BRDA:662,55,1,0
BRDA:712,56,0,0
BRDA:712,56,1,0
BRDA:722,57,0,0
BRDA:722,57,1,0
BRDA:725,58,0,0
BRDA:725,58,1,0
BRDA:728,59,0,0
BRDA:728,59,1,0
BRDA:737,60,0,0
BRDA:737,60,1,0
BRDA:739,61,0,0
BRDA:739,61,1,0
BRDA:741,62,0,0
BRDA:741,62,1,0
BRDA:755,63,0,0
BRDA:755,63,1,0
BRDA:759,64,0,0
BRDA:759,64,1,0
BRDA:766,65,0,0
BRDA:766,65,1,0
BRDA:767,66,0,0
BRDA:767,66,1,0
BRDA:768,67,0,0
BRDA:768,67,1,0
BRDA:770,68,0,0
BRDA:770,68,1,0
[...]
BRDA:621,2,1,0
BRDA:645,3,0,0
BRDA:645,3,1,0
BRDA:654,4,0,0
BRDA:654,4,1,0
BRDA:663,5,0,0
BRDA:663,5,1,0
BRDA:666,6,0,0
BRDA:666,6,1,0
BRDA:670,7,0,0
BRDA:670,7,1,0
BRDA:671,8,0,0
BRDA:671,8,1,0
BRDA:676,9,0,0
BRDA:676,9,1,0
BRDA:678,10,0,0
BRDA:678,10,1,0
BRDA:679,11,0,0
BRDA:679,11,1,0
BRDA:679,12,0,0
BRDA:679,12,1,0
BRDA:681,13,0,0
BRDA:681,13,1,0
BRDA:682,14,0,0
BRDA:682,14,1,0
BRDA:688,15,0,0
BRDA:688,15,1,0
BRDA:689,16,0,0
BRDA:689,16,1,0
BRF:34
BRH:0
end_of_record
TN:
SF:utils\traitEvaluation.mjs
FN:231,evaluateTraitRevelation
FN:354,shouldRevealTrait
FN:387,hasTraitConflict
FN:389,(anonymous_3)
FN:399,shouldTraitBeHidden
FN:430,getTraitDefinition
FN:443,getAllTraitDefinitions
FN:453,evaluateEpigeneticTagsFromFoalTasks
FN:544,applyGroomTraitInfluence
FN:567,(anonymous_9)
FN:591,(anonymous_10)
FNF:11
FNH:0
FNDA:0,evaluateTraitRevelation
FNDA:0,shouldRevealTrait
FNDA:0,hasTraitConflict
FNDA:0,(anonymous_3)
FNDA:0,shouldTraitBeHidden
FNDA:0,getTraitDefinition
FNDA:0,getAllTraitDefinitions
FNDA:0,evaluateEpigeneticTagsFromFoalTasks
FNDA:0,applyGroomTraitInfluence
FNDA:0,(anonymous_9)
FNDA:0,(anonymous_10)
DA:39,0
DA:210,0
DA:232,0
DA:233,0
DA:237,0
DA:238,0
DA:239,0
DA:242,0
DA:244,0
DA:251,0
DA:258,0
DA:259,0
DA:260,0
DA:263,0
DA:264,0
DA:266,0
DA:268,0
DA:269,0
DA:270,0
DA:272,0
DA:274,0
DA:275,0
DA:285,0
DA:286,0
DA:287,0
DA:290,0
DA:291,0
DA:293,0
DA:295,0
DA:296,0
DA:297,0
DA:299,0
DA:301,0
DA:302,0
DA:312,0
DA:313,0
DA:314,0
DA:317,0
DA:318,0
DA:320,0
DA:322,0
DA:323,0
DA:324,0
DA:326,0
DA:328,0
DA:329,0
DA:338,0
DA:339,0
DA:341,0
DA:342,0
DA:355,0
DA:358,0
DA:359,0
DA:363,0
DA:364,0
DA:366,0
DA:367,0
DA:371,0
DA:372,0
DA:374,0
DA:375,0
DA:378,0
DA:388,0
DA:389,0
DA:401,0
DA:402,0
DA:406,0
DA:407,0
DA:411,0
DA:412,0
DA:413,0
DA:417,0
DA:418,0
DA:422,0
DA:431,0
DA:432,0
DA:433,0
DA:436,0
DA:444,0
DA:454,0
DA:455,0
DA:459,0
DA:462,0
DA:463,0
DA:466,0
DA:470,0
DA:471,0
DA:476,0
DA:478,0
DA:479,0
DA:482,0
DA:483,0
DA:486,0
DA:491,0
DA:492,0
DA:493,0
DA:495,0
DA:502,0
DA:503,0
DA:504,0
DA:506,0
DA:511,0
DA:512,0
DA:513,0
DA:514,0
DA:518,0
DA:524,0
DA:525,0
DA:529,0
DA:531,0
DA:532,0
DA:545,0
DA:546,0
DA:550,0
DA:551,0
DA:552,0
DA:555,0
DA:562,0
DA:563,0
DA:564,0
DA:567,0
DA:568,0
DA:571,0
DA:576,0
DA:577,0
DA:584,0
DA:591,0
DA:592,0
DA:595,0
DA:600,0
DA:601,0
DA:608,0
DA:614,0
DA:620,0
DA:621,0
LF:135
LH:0
BRDA:237,0,0,0
BRDA:237,0,1,0
BRDA:238,1,0,0
BRDA:238,1,1,0
BRDA:239,2,0,0
BRDA:239,2,1,0
BRDA:242,3,0,0
BRDA:242,3,1,0
BRDA:252,4,0,0
BRDA:252,4,1,0
BRDA:253,5,0,0
BRDA:253,5,1,0
BRDA:254,6,0,0
BRDA:254,6,1,0
BRDA:259,7,0,0
BRDA:259,7,1,0
BRDA:263,8,0,0
BRDA:263,8,1,0
BRDA:264,9,0,0
BRDA:264,9,1,0
BRDA:266,10,0,0
BRDA:266,10,1,0
BRDA:269,11,0,0
BRDA:269,11,1,0
BRDA:276,12,0,0
BRDA:276,12,1,0
BRDA:277,13,0,0
BRDA:277,13,1,0
BRDA:286,14,0,0
BRDA:286,14,1,0
BRDA:290,15,0,0
BRDA:290,15,1,0
BRDA:291,16,0,0
BRDA:291,16,1,0
BRDA:293,17,0,0
BRDA:293,17,1,0
BRDA:296,18,0,0
BRDA:296,18,1,0
BRDA:303,19,0,0
BRDA:303,19,1,0
BRDA:304,20,0,0
BRDA:304,20,1,0
BRDA:313,21,0,0
BRDA:313,21,1,0
BRDA:317,22,0,0
BRDA:317,22,1,0
BRDA:318,23,0,0
BRDA:318,23,1,0
BRDA:320,24,0,0
BRDA:320,24,1,0
BRDA:323,25,0,0
BRDA:323,25,1,0
BRDA:323,26,0,0
BRDA:323,26,1,0
BRDA:330,27,0,0
BRDA:330,27,1,0
BRDA:331,28,0,0
BRDA:331,28,1,0
BRDA:358,29,0,0
BRDA:358,29,1,0
BRDA:363,30,0,0
BRDA:363,30,1,0
BRDA:363,31,0,0
BRDA:363,31,1,0
BRDA:366,32,0,0
BRDA:366,32,1,0
BRDA:366,33,0,0
BRDA:366,33,1,0
BRDA:371,34,0,0
BRDA:371,34,1,0
BRDA:371,35,0,0
BRDA:371,35,1,0
BRDA:374,36,0,0
BRDA:374,36,1,0
BRDA:374,37,0,0
BRDA:374,37,1,0
BRDA:388,38,0,0
BRDA:388,38,1,0
BRDA:401,39,0,0
BRDA:401,39,1,0
BRDA:406,40,0,0
BRDA:406,40,1,0
BRDA:412,41,0,0
BRDA:412,41,1,0
BRDA:417,42,0,0
BRDA:417,42,1,0
BRDA:432,43,0,0
BRDA:432,43,1,0
BRDA:453,44,0,0
BRDA:462,45,0,0
BRDA:462,45,1,0
BRDA:462,46,0,0
BRDA:462,46,1,0
BRDA:470,47,0,0
BRDA:470,47,1,0
BRDA:482,48,0,0
BRDA:482,48,1,0
BRDA:482,49,0,0
BRDA:482,49,1,0
BRDA:482,49,2,0
BRDA:493,50,0,0
BRDA:493,50,1,0
BRDA:512,51,0,0
BRDA:512,51,1,0
BRDA:544,52,0,0
BRDA:551,53,0,0
BRDA:551,53,1,0
BRDA:569,54,0,0
BRDA:569,54,1,0
BRDA:576,55,0,0
BRDA:576,55,1,0
BRDA:593,56,0,0
BRDA:593,56,1,0
BRDA:600,57,0,0
BRDA:600,57,1,0
BRF:115
BRH:0
end_of_record
TN:
SF:utils\ultraRareMechanicalEffects.mjs
FN:17,applyUltraRareStressEffects
FN:106,applyUltraRareStressDecayEffects
FN:156,applyUltraRareTrainingEffects
FN:247,applyUltraRareCompetitionEffects
FN:382,applyUltraRareBondingEffects
FN:471,applyUltraRareBurnoutEffects
FN:536,applyUltraRareStatEffects
FN:595,hasUltraRareAbility
FNF:8
FNH:0
FNDA:0,applyUltraRareStressEffects
FNDA:0,applyUltraRareStressDecayEffects
FNDA:0,applyUltraRareTrainingEffects
FNDA:0,applyUltraRareCompetitionEffects
FNDA:0,applyUltraRareBondingEffects
FNDA:0,applyUltraRareBurnoutEffects
FNDA:0,applyUltraRareStatEffects
FNDA:0,hasUltraRareAbility
DA:18,0
DA:19,0
DA:20,0
DA:22,0
DA:23,0
DA:25,0
DA:26,0
DA:27,0
DA:29,0
DA:32,0
DA:33,0
DA:34,0
DA:35,0
DA:44,0
DA:45,0
DA:46,0
DA:47,0
DA:56,0
DA:57,0
DA:58,0
DA:64,0
DA:68,0
DA:69,0
DA:70,0
DA:71,0
DA:81,0
DA:83,0
DA:90,0
DA:91,0
DA:107,0
DA:108,0
DA:109,0
DA:111,0
DA:112,0
DA:114,0
DA:115,0
DA:116,0
DA:118,0
DA:121,0
DA:122,0
DA:123,0
DA:124,0
DA:133,0
DA:140,0
DA:141,0
DA:157,0
DA:158,0
DA:159,0
DA:161,0
DA:162,0
DA:164,0
DA:165,0
DA:166,0
DA:168,0
DA:171,0
DA:172,0
DA:173,0
DA:181,0
DA:182,0
DA:183,0
DA:184,0
DA:192,0
DA:193,0
DA:194,0
DA:195,0
DA:203,0
DA:204,0
DA:205,0
DA:206,0
DA:214,0
DA:215,0
DA:216,0
DA:217,0
DA:225,0
DA:231,0
DA:232,0
DA:248,0
DA:249,0
DA:250,0
DA:252,0
DA:253,0
DA:255,0
DA:256,0
DA:257,0
DA:259,0
DA:262,0
DA:263,0
DA:264,0
DA:265,0
DA:274,0
DA:275,0
DA:276,0
DA:277,0
DA:286,0
DA:287,0
DA:288,0
DA:289,0
DA:298,0
DA:299,0
DA:300,0
DA:301,0
DA:310,0
DA:311,0
DA:312,0
DA:313,0
DA:322,0
DA:323,0
DA:324,0
DA:325,0
DA:334,0
DA:335,0
DA:336,0
DA:337,0
DA:346,0
DA:347,0
DA:348,0
DA:349,0
DA:358,0
DA:365,0
DA:366,0
DA:383,0
DA:384,0
DA:385,0
DA:387,0
DA:388,0
DA:390,0
DA:391,0
DA:392,0
DA:394,0
DA:397,0
DA:398,0
DA:399,0
DA:400,0
DA:409,0
DA:410,0
DA:411,0
DA:412,0
DA:421,0
DA:422,0
DA:423,0
DA:424,0
DA:433,0
DA:434,0
DA:435,0
DA:436,0
DA:437,0
DA:438,0
DA:448,0
DA:455,0
DA:456,0
DA:472,0
DA:473,0
DA:474,0
DA:476,0
DA:477,0
DA:479,0
DA:480,0
DA:481,0
DA:483,0
DA:486,0
DA:487,0
DA:488,0
DA:494,0
DA:498,0
DA:499,0
DA:500,0
DA:501,0
DA:511,0
DA:513,0
DA:520,0
DA:521,0
DA:537,0
DA:538,0
DA:539,0
DA:541,0
DA:542,0
DA:544,0
DA:545,0
DA:546,0
DA:548,0
DA:551,0
DA:552,0
DA:553,0
DA:561,0
DA:562,0
DA:563,0
DA:564,0
DA:566,0
DA:574,0
DA:580,0
DA:581,0
DA:596,0
DA:597,0
DA:598,0
DA:600,0
DA:601,0
DA:602,0
DA:604,0
DA:606,0
DA:608,0
DA:609,0
DA:611,0
DA:612,0
DA:614,0
DA:615,0
DA:617,0
DA:618,0
DA:620,0
DA:621,0
DA:623,0
DA:624,0
DA:626,0
DA:627,0
DA:629,0
DA:633,0
DA:635,0
DA:636,0
LF:217
LH:0
BRDA:17,0,0,0
BRDA:19,1,0,0
BRDA:19,1,1,0
BRDA:27,2,0,0
BRDA:27,2,1,0
BRDA:27,3,0,0
BRDA:27,3,1,0
BRDA:32,4,0,0
BRDA:32,4,1,0
BRDA:44,5,0,0
BRDA:44,5,1,0
BRDA:44,6,0,0
BRDA:44,6,1,0
BRDA:56,7,0,0
BRDA:56,7,1,0
BRDA:68,8,0,0
BRDA:68,8,1,0
BRDA:108,9,0,0
BRDA:108,9,1,0
BRDA:116,10,0,0
BRDA:116,10,1,0
BRDA:116,11,0,0
BRDA:116,11,1,0
BRDA:121,12,0,0
BRDA:121,12,1,0
BRDA:158,13,0,0
BRDA:158,13,1,0
BRDA:166,14,0,0
BRDA:166,14,1,0
BRDA:166,15,0,0
BRDA:166,15,1,0
BRDA:171,16,0,0
BRDA:171,16,1,0
BRDA:181,17,0,0
BRDA:181,17,1,0
BRDA:183,18,0,0
BRDA:183,18,1,0
BRDA:192,19,0,0
BRDA:192,19,1,0
BRDA:194,20,0,0
BRDA:194,20,1,0
BRDA:203,21,0,0
BRDA:203,21,1,0
BRDA:203,22,0,0
BRDA:203,22,1,0
BRDA:205,23,0,0
BRDA:205,23,1,0
BRDA:214,24,0,0
BRDA:214,24,1,0
BRDA:214,25,0,0
BRDA:214,25,1,0
BRDA:216,26,0,0
BRDA:216,26,1,0
BRDA:247,27,0,0
BRDA:249,28,0,0
BRDA:249,28,1,0
BRDA:257,29,0,0
BRDA:257,29,1,0
BRDA:257,30,0,0
BRDA:257,30,1,0
BRDA:262,31,0,0
BRDA:262,31,1,0
BRDA:274,32,0,0
BRDA:274,32,1,0
BRDA:286,33,0,0
BRDA:286,33,1,0
BRDA:298,34,0,0
BRDA:298,34,1,0
BRDA:298,35,0,0
BRDA:298,35,1,0
BRDA:310,36,0,0
BRDA:310,36,1,0
BRDA:310,37,0,0
BRDA:310,37,1,0
BRDA:322,38,0,0
BRDA:322,38,1,0
BRDA:322,39,0,0
BRDA:322,39,1,0
BRDA:334,40,0,0
BRDA:334,40,1,0
BRDA:334,41,0,0
BRDA:334,41,1,0
BRDA:346,42,0,0
BRDA:346,42,1,0
BRDA:346,43,0,0
BRDA:346,43,1,0
BRDA:382,44,0,0
BRDA:384,45,0,0
BRDA:384,45,1,0
BRDA:392,46,0,0
BRDA:392,46,1,0
BRDA:392,47,0,0
BRDA:392,47,1,0
BRDA:397,48,0,0
BRDA:397,48,1,0
BRDA:409,49,0,0
BRDA:409,49,1,0
BRDA:409,50,0,0
BRDA:409,50,1,0
BRDA:421,51,0,0
BRDA:421,51,1,0
BRDA:421,52,0,0
BRDA:421,52,1,0
BRDA:433,53,0,0
BRDA:433,53,1,0
BRDA:434,54,0,0
BRDA:434,54,1,0
BRDA:436,55,0,0
BRDA:436,55,1,0
BRDA:473,56,0,0
BRDA:473,56,1,0
BRDA:481,57,0,0
BRDA:481,57,1,0
BRDA:481,58,0,0
BRDA:481,58,1,0
BRDA:486,59,0,0
BRDA:486,59,1,0
BRDA:498,60,0,0
BRDA:498,60,1,0
BRDA:538,61,0,0
BRDA:538,61,1,0
BRDA:546,62,0,0
BRDA:546,62,1,0
BRDA:546,63,0,0
BRDA:546,63,1,0
BRDA:551,64,0,0
BRDA:551,64,1,0
BRDA:552,65,0,0
BRDA:552,65,1,0
BRDA:561,66,0,0
BRDA:561,66,1,0
BRDA:564,67,0,0
BRDA:564,67,1,0
BRDA:597,68,0,0
BRDA:597,68,1,0
BRDA:602,69,0,0
BRDA:602,69,1,0
BRDA:602,70,0,0
BRDA:602,70,1,0
BRDA:606,71,0,0
BRDA:606,71,1,0
BRDA:606,71,2,0
BRDA:606,71,3,0
BRDA:606,71,4,0
BRDA:606,71,5,0
BRDA:606,71,6,0
BRDA:606,71,7,0
BRDA:608,72,0,0
BRDA:608,72,1,0
BRDA:611,73,0,0
BRDA:611,73,1,0
BRDA:614,74,0,0
BRDA:614,74,1,0
BRDA:617,75,0,0
BRDA:617,75,1,0
BRDA:620,76,0,0
BRDA:620,76,1,0
BRDA:623,77,0,0
BRDA:623,77,1,0
BRDA:626,78,0,0
BRDA:626,78,1,0
BRF:161
BRH:0
end_of_record
TN:
SF:utils\ultraRareTraits.mjs
FN:361,getUltraRareTraitDefinition
FN:387,getAllUltraRareTraits
FN:395,getAllExoticTraits
FN:404,isUltraRareOrExotic
FN:413,getTraitRarityTier
FNF:5
FNH:0
FNDA:0,getUltraRareTraitDefinition
FNDA:0,getAllUltraRareTraits
FNDA:0,getAllExoticTraits
FNDA:0,isUltraRareOrExotic
FNDA:0,getTraitRarityTier
DA:13,0
DA:186,0
DA:362,0
DA:365,0
DA:366,0
DA:373,0
DA:374,0
DA:380,0
DA:388,0
DA:396,0
DA:405,0
DA:414,0
DA:415,0
LF:13
LH:0
BRDA:365,0,0,0
BRDA:365,0,1,0
BRDA:373,1,0,0
BRDA:373,1,1,0
BRDA:415,2,0,0
BRDA:415,2,1,0
BRF:6
BRH:0
end_of_record
TN:
SF:utils\ultraRareTriggerEngine.mjs
FN:17,evaluateUltraRareTriggers
FN:58,evaluateExoticUnlocks
FN:97,getHorseWithHistory
FN:146,evaluateTraitTriggerConditions
FN:178,evaluateExoticUnlockConditions
FN:206,evaluatePhoenixBornConditions
FN:213,(anonymous_6)
FN:215,(anonymous_7)
FN:220,(anonymous_8)
FN:243,evaluateIronWilledConditions
FN:256,(anonymous_10)
FN:257,(anonymous_11)
FN:264,(anonymous_12)
FN:285,evaluateEmpathicMirrorConditions
FN:289,(anonymous_14)
FN:295,(anonymous_15)
FN:296,(anonymous_16)
FN:306,(anonymous_17)
FN:325,evaluateBornLeaderConditions
FN:329,(anonymous_19)
FN:330,(anonymous_20)
FN:333,(anonymous_21)
FN:343,(anonymous_22)
FN:369,evaluateStormtouchedConditions
FN:377,(anonymous_24)
FN:378,(anonymous_25)
FN:389,(anonymous_26)
FN:425,evaluateShadowFollowerConditions
FN:428,(anonymous_28)
FN:442,(anonymous_29)
FN:442,(anonymous_30)
FN:446,(anonymous_31)
FN:446,(anonymous_32)
FN:466,evaluateGhostwalkerConditions
FN:471,(anonymous_34)
FN:472,(anonymous_35)
FN:478,(anonymous_36)
FN:484,(anonymous_37)
FN:506,evaluateSoulbondedConditions
FN:510,(anonymous_39)
FN:511,(anonymous_40)
FN:518,(anonymous_41)
FN:519,(anonymous_42)
FN:522,(anonymous_43)
FN:525,(anonymous_44)
FN:526,(anonymous_45)
FN:553,evaluateFeyKissedConditions
FN:556,(anonymous_47)
FN:560,(anonymous_48)
FN:568,(anonymous_49)
FN:577,(anonymous_50)
FN:593,evaluateDreamtwinConditions
FN:597,(anonymous_52)
FN:617,(anonymous_53)
FN:618,(anonymous_54)
FN:623,(anonymous_55)
FN:624,(anonymous_56)
FN:626,(anonymous_57)
FNF:58
FNH:0
FNDA:0,evaluateUltraRareTriggers
FNDA:0,evaluateExoticUnlocks
FNDA:0,getHorseWithHistory
FNDA:0,evaluateTraitTriggerConditions
FNDA:0,evaluateExoticUnlockConditions
FNDA:0,evaluatePhoenixBornConditions
FNDA:0,(anonymous_6)
FNDA:0,(anonymous_7)
FNDA:0,(anonymous_8)
FNDA:0,evaluateIronWilledConditions
FNDA:0,(anonymous_10)
FNDA:0,(anonymous_11)
FNDA:0,(anonymous_12)
FNDA:0,evaluateEmpathicMirrorConditions
FNDA:0,(anonymous_14)
FNDA:0,(anonymous_15)
FNDA:0,(anonymous_16)
FNDA:0,(anonymous_17)
FNDA:0,evaluateBornLeaderConditions
FNDA:0,(anonymous_19)
FNDA:0,(anonymous_20)
FNDA:0,(anonymous_21)
FNDA:0,(anonymous_22)
FNDA:0,evaluateStormtouchedConditions
FNDA:0,(anonymous_24)
FNDA:0,(anonymous_25)
FNDA:0,(anonymous_26)
FNDA:0,evaluateShadowFollowerConditions
FNDA:0,(anonymous_28)
FNDA:0,(anonymous_29)
FNDA:0,(anonymous_30)
FNDA:0,(anonymous_31)
FNDA:0,(anonymous_32)
FNDA:0,evaluateGhostwalkerConditions
FNDA:0,(anonymous_34)
FNDA:0,(anonymous_35)
FNDA:0,(anonymous_36)
FNDA:0,(anonymous_37)
FNDA:0,evaluateSoulbondedConditions
FNDA:0,(anonymous_39)
FNDA:0,(anonymous_40)
FNDA:0,(anonymous_41)
FNDA:0,(anonymous_42)
FNDA:0,(anonymous_43)
FNDA:0,(anonymous_44)
FNDA:0,(anonymous_45)
FNDA:0,evaluateFeyKissedConditions
FNDA:0,(anonymous_47)
FNDA:0,(anonymous_48)
FNDA:0,(anonymous_49)
FNDA:0,(anonymous_50)
FNDA:0,evaluateDreamtwinConditions
FNDA:0,(anonymous_52)
FNDA:0,(anonymous_53)
FNDA:0,(anonymous_54)
FNDA:0,(anonymous_55)
FNDA:0,(anonymous_56)
FNDA:0,(anonymous_57)
DA:18,0
DA:19,0
DA:21,0
DA:24,0
DA:25,0
DA:26,0
DA:30,0
DA:31,0
DA:33,0
DA:34,0
DA:35,0
DA:45,0
DA:47,0
DA:48,0
DA:59,0
DA:60,0
DA:62,0
DA:65,0
DA:66,0
DA:67,0
DA:71,0
DA:72,0
DA:74,0
DA:75,0
DA:76,0
DA:85,0
DA:87,0
DA:88,0
DA:98,0
DA:147,0
DA:149,0
DA:151,0
DA:154,0
DA:157,0
DA:160,0
DA:163,0
DA:166,0
DA:167,0
DA:179,0
DA:181,0
DA:183,0
DA:186,0
DA:189,0
DA:192,0
DA:195,0
DA:198,0
DA:199,0
DA:207,0
DA:209,0
DA:210,0
DA:213,0
DA:214,0
DA:216,0
DA:220,0
DA:221,0
DA:225,0
DA:226,0
DA:229,0
DA:231,0
DA:233,0
DA:235,0
DA:236,0
DA:244,0
DA:246,0
DA:247,0
DA:250,0
DA:251,0
DA:254,0
DA:255,0
DA:256,0
DA:257,0
DA:260,0
DA:261,0
DA:263,0
DA:264,0
DA:267,0
DA:269,0
DA:273,0
DA:275,0
DA:277,0
DA:278,0
DA:286,0
DA:288,0
DA:289,0
DA:290,0
DA:291,0
DA:294,0
DA:295,0
DA:296,0
DA:299,0
DA:300,0
DA:301,0
DA:304,0
DA:305,0
DA:306,0
DA:309,0
DA:313,0
DA:315,0
DA:317,0
DA:318,0
DA:326,0
DA:328,0
DA:329,0
DA:330,0
DA:332,0
DA:333,0
DA:336,0
DA:339,0
DA:340,0
DA:343,0
DA:344,0
DA:350,0
DA:352,0
DA:357,0
DA:359,0
DA:361,0
DA:362,0
DA:370,0
DA:372,0
DA:373,0
DA:376,0
DA:377,0
DA:378,0
DA:380,0
DA:381,0
DA:382,0
DA:383,0
DA:384,0
DA:389,0
DA:390,0
DA:395,0
DA:398,0
DA:399,0
DA:400,0
DA:401,0
DA:403,0
DA:404,0
DA:408,0
DA:413,0
DA:415,0
DA:417,0
DA:418,0
DA:426,0
DA:428,0
DA:429,0
DA:433,0
DA:434,0
DA:437,0
DA:438,0
DA:439,0
DA:441,0
DA:442,0
DA:445,0
DA:446,0
DA:449,0
DA:451,0
DA:454,0
DA:456,0
DA:458,0
DA:459,0
DA:467,0
DA:469,0
DA:470,0
DA:471,0
DA:472,0
DA:474,0
DA:475,0
DA:478,0
DA:479,0
DA:484,0
DA:485,0
DA:490,0
DA:494,0
DA:496,0
DA:498,0
DA:499,0
DA:507,0
DA:509,0
DA:510,0
DA:511,0
DA:513,0
DA:514,0
DA:517,0
DA:518,0
DA:519,0
DA:521,0
DA:522,0
DA:525,0
DA:526,0
DA:528,0
DA:529,0
DA:530,0
DA:531,0
DA:532,0
DA:533,0
DA:537,0
DA:541,0
DA:543,0
DA:545,0
DA:546,0
DA:554,0
DA:556,0
DA:557,0
DA:560,0
DA:561,0
DA:564,0
DA:567,0
DA:568,0
DA:569,0
DA:570,0
DA:571,0
DA:572,0
DA:576,0
DA:577,0
DA:579,0
DA:581,0
DA:583,0
DA:585,0
DA:586,0
DA:594,0
DA:596,0
DA:597,0
DA:598,0
DA:599,0
DA:600,0
DA:603,0
DA:605,0
DA:606,0
DA:609,0
DA:612,0
DA:613,0
DA:614,0
DA:617,0
DA:618,0
DA:619,0
DA:623,0
DA:624,0
DA:625,0
DA:626,0
DA:628,0
DA:630,0
DA:632,0
DA:634,0
DA:635,0
LF:244
LH:0
BRDA:17,0,0,0
BRDA:25,1,0,0
BRDA:25,1,1,0
BRDA:33,2,0,0
BRDA:33,2,1,0
BRDA:58,3,0,0
BRDA:66,4,0,0
BRDA:66,4,1,0
BRDA:74,5,0,0
BRDA:74,5,1,0
BRDA:149,6,0,0
BRDA:149,6,1,0
BRDA:149,6,2,0
BRDA:149,6,3,0
BRDA:149,6,4,0
BRDA:149,6,5,0
BRDA:181,7,0,0
BRDA:181,7,1,0
BRDA:181,7,2,0
BRDA:181,7,3,0
BRDA:181,7,4,0
BRDA:181,7,5,0
BRDA:209,8,0,0
BRDA:209,8,1,0
BRDA:210,9,0,0
BRDA:210,9,1,0
BRDA:214,10,0,0
BRDA:214,10,1,0
BRDA:221,11,0,0
BRDA:221,11,1,0
BRDA:225,12,0,0
BRDA:225,12,1,0
BRDA:229,13,0,0
BRDA:229,13,1,0
BRDA:229,13,2,0
BRDA:250,14,0,0
BRDA:250,14,1,0
BRDA:251,15,0,0
BRDA:251,15,1,0
BRDA:254,16,0,0
BRDA:254,16,1,0
BRDA:260,17,0,0
BRDA:260,17,1,0
BRDA:263,18,0,0
BRDA:263,18,1,0
BRDA:269,19,0,0
BRDA:269,19,1,0
BRDA:269,19,2,0
BRDA:288,20,0,0
BRDA:288,20,1,0
BRDA:299,21,0,0
BRDA:299,21,1,0
BRDA:300,22,0,0
BRDA:300,22,1,0
BRDA:304,23,0,0
BRDA:304,23,1,0
BRDA:305,24,0,0
BRDA:305,24,1,0
BRDA:309,25,0,0
BRDA:309,25,1,0
BRDA:309,25,2,0
BRDA:328,26,0,0
BRDA:328,26,1,0
BRDA:332,27,0,0
BRDA:332,27,1,0
BRDA:340,28,0,0
BRDA:340,28,1,0
BRDA:344,29,0,0
BRDA:344,29,1,0
BRDA:344,29,2,0
BRDA:352,30,0,0
BRDA:352,30,1,0
BRDA:352,30,2,0
BRDA:352,30,3,0
BRDA:373,31,0,0
BRDA:373,31,1,0
BRDA:377,32,0,0
BRDA:377,32,1,0
BRDA:382,33,0,0
BRDA:382,33,1,0
BRDA:389,34,0,0
BRDA:389,34,1,0
BRDA:390,35,0,0
BRDA:390,35,1,0
BRDA:390,35,2,0
BRDA:399,36,0,0
BRDA:399,36,1,0
BRDA:400,37,0,0
BRDA:400,37,1,0
BRDA:401,38,0,0
BRDA:401,38,1,0
BRDA:403,39,0,0
BRDA:403,39,1,0
BRDA:408,40,0,0
BRDA:408,40,1,0
BRDA:408,40,2,0
BRDA:408,40,3,0
BRDA:428,41,0,0
BRDA:428,41,1,0
BRDA:429,42,0,0
BRDA:429,42,1,0
BRDA:437,43,0,0
BRDA:437,43,1,0
BRDA:438,44,0,0
BRDA:438,44,1,0
BRDA:438,45,0,0
BRDA:438,45,1,0
BRDA:439,46,0,0
BRDA:439,46,1,0
BRDA:441,47,0,0
BRDA:441,47,1,0
BRDA:445,48,0,0
BRDA:445,48,1,0
BRDA:449,49,0,0
BRDA:449,49,1,0
BRDA:451,50,0,0
BRDA:451,50,1,0
BRDA:469,51,0,0
BRDA:469,51,1,0
BRDA:469,52,0,0
BRDA:469,52,1,0
BRDA:474,53,0,0
BRDA:474,53,1,0
BRDA:478,54,0,0
BRDA:478,54,1,0
BRDA:479,55,0,0
BRDA:479,55,1,0
BRDA:484,56,0,0
BRDA:484,56,1,0
BRDA:485,57,0,0
BRDA:485,57,1,0
BRDA:485,57,2,0
BRDA:490,58,0,0
BRDA:490,58,1,0
BRDA:490,58,2,0
BRDA:509,59,0,0
BRDA:509,59,1,0
BRDA:514,60,0,0
BRDA:514,60,1,0
BRDA:517,61,0,0
BRDA:517,61,1,0
BRDA:521,62,0,0
BRDA:521,62,1,0
BRDA:531,63,0,0
BRDA:531,63,1,0
BRDA:537,64,0,0
BRDA:537,64,1,0
BRDA:537,64,2,0
BRDA:556,65,0,0
BRDA:556,65,1,0
BRDA:560,66,0,0
BRDA:560,66,1,0
BRDA:564,67,0,0
BRDA:564,67,1,0
BRDA:567,68,0,0
BRDA:567,68,1,0
BRDA:567,69,0,0
BRDA:567,69,1,0
BRDA:568,70,0,0
BRDA:568,70,1,0
BRDA:576,71,0,0
BRDA:576,71,1,0
BRDA:579,72,0,0
BRDA:579,72,1,0
BRDA:596,73,0,0
BRDA:596,73,1,0
BRDA:605,74,0,0
BRDA:605,74,1,0
BRDA:613,75,0,0
BRDA:613,75,1,0
BRDA:618,76,0,0
BRDA:618,76,1,0
BRDA:619,77,0,0
BRDA:619,77,1,0
BRDA:619,77,2,0
BRDA:623,78,0,0
BRDA:623,78,1,0
BRDA:624,79,0,0
BRDA:624,79,1,0
BRDA:625,80,0,0
BRDA:625,80,1,0
BRDA:628,81,0,0
BRDA:628,81,1,0
BRDA:628,81,2,0
BRDA:628,81,3,0
BRF:185
BRH:0
end_of_record
TN:
SF:utils\userUpdates.mjs
FN:10,updateUserMoney
FN:51,transferEntryFees
FNF:2
FNH:0
FNDA:0,updateUserMoney
FNDA:0,transferEntryFees
DA:11,0
DA:12,0
DA:13,0
DA:16,0
DA:17,0
DA:20,0
DA:29,0
DA:32,0
DA:34,0
DA:35,0
DA:36,0
DA:39,0
DA:40,0
DA:52,0
DA:53,0
DA:54,0
DA:57,0
DA:60,0
DA:61,0
DA:63,0
DA:66,0
DA:68,0
DA:69,0
LF:23
LH:0
BRDA:12,0,0,0
BRDA:12,0,1,0
BRDA:12,1,0,0
BRDA:12,1,1,0
BRDA:16,2,0,0
BRDA:16,2,1,0
BRDA:34,3,0,0
BRDA:34,3,1,0
BRDA:53,4,0,0
BRDA:53,4,1,0
BRF:10
BRH:0
end_of_record
TN:
SF:utils\validateEnvironment.mjs
FN:18,validateEnvironment
FN:59,(anonymous_1)
FN:102,(anonymous_2)
FN:129,(anonymous_3)
FNF:4
FNH:4
FNDA:30,validateEnvironment
FNDA:110,(anonymous_1)
FNDA:10,(anonymous_2)
FNDA:18,(anonymous_3)
DA:6,1
DA:19,30
DA:21,30
DA:22,120
DA:25,120
DA:26,4
DA:27,4
DA:31,116
DA:32,4
DA:38,116
DA:39,2
DA:43,116
DA:44,2
DA:49,30
DA:50,29
DA:53,29
DA:59,110
DA:60,4
DA:66,29
DA:67,29
DA:68,29
DA:70,29
DA:72,0
DA:79,30
DA:80,29
DA:82,29
DA:83,2
DA:87,29
DA:88,29
DA:89,29
DA:90,28
DA:91,28
DA:92,0
DA:98,30
DA:100,5
DA:101,5
DA:102,10
DA:104,5
DA:105,4
DA:108,4
DA:111,4
DA:117,5
DA:118,5
DA:119,1
DA:122,1
DA:127,30
DA:128,14
DA:129,18
DA:130,14
DA:131,14
DA:134,30
LF:51
LH:49
BRDA:25,0,0,4
BRDA:25,0,1,116
BRDA:31,1,0,4
BRDA:31,1,1,112
BRDA:31,2,0,116
BRDA:31,2,1,58
BRDA:38,3,0,2
BRDA:38,3,1,114
BRDA:38,4,0,116
BRDA:38,4,1,29
BRDA:43,5,0,2
BRDA:43,5,1,114
BRDA:43,6,0,116
BRDA:43,6,1,29
BRDA:49,7,0,29
BRDA:49,7,1,1
BRDA:59,8,0,4
BRDA:59,8,1,25
BRDA:70,9,0,0
BRDA:70,9,1,29
BRDA:70,10,0,29
BRDA:70,10,1,27
BRDA:70,11,0,27
BRDA:70,11,1,26
BRDA:70,11,2,0
BRDA:79,12,0,29
BRDA:79,12,1,1
BRDA:82,13,0,2
BRDA:82,13,1,27
BRDA:82,14,0,29
BRDA:82,14,1,3
BRDA:89,15,0,28
BRDA:89,15,1,1
BRDA:91,16,0,0
BRDA:91,16,1,28
BRDA:98,17,0,5
BRDA:98,17,1,25
BRDA:100,18,0,5
BRDA:100,18,1,0
BRDA:104,19,0,4
BRDA:104,19,1,1
BRDA:117,20,0,5
BRDA:117,20,1,0
BRDA:118,21,0,1
BRDA:118,21,1,4
BRDA:127,22,0,14
BRDA:127,22,1,16
BRF:47
BRH:42
end_of_record
