{"C:\\Users\\heirr\\OneDrive\\Desktop\\Equoria\\equoria-mobile\\App.tsx": {"path":"C:\\Users\\heirr\\OneDrive\\Desktop\\Equoria\\equoria-mobile\\App.tsx","statementMap":{"0":{"start":{"line":7,"column":42},"end":{"line":7,"column":72}},"1":{"start":{"line":8,"column":38},"end":{"line":8,"column":53}},"2":{"start":{"line":10,"column":29},"end":{"line":15,"column":8}},"3":{"start":{"line":11,"column":4},"end":{"line":11,"column":24}},"4":{"start":{"line":12,"column":22},"end":{"line":12,"column":47}},"5":{"start":{"line":13,"column":4},"end":{"line":13,"column":31}},"6":{"start":{"line":14,"column":4},"end":{"line":14,"column":25}},"7":{"start":{"line":17,"column":2},"end":{"line":19,"column":27}},"8":{"start":{"line":18,"column":4},"end":{"line":18,"column":25}},"9":{"start":{"line":21,"column":2},"end":{"line":71,"column":4}},"10":{"start":{"line":74,"column":15},"end":{"line":137,"column":2}}},"fnMap":{"0":{"name":"App","decl":{"start":{"line":6,"column":24},"end":{"line":6,"column":27}},"loc":{"start":{"line":6,"column":30},"end":{"line":72,"column":1}},"line":6},"1":{"name":"(anonymous_1)","decl":{"start":{"line":10,"column":41},"end":{"line":10,"column":42}},"loc":{"start":{"line":10,"column":53},"end":{"line":15,"column":3}},"line":10},"2":{"name":"(anonymous_2)","decl":{"start":{"line":17,"column":12},"end":{"line":17,"column":13}},"loc":{"start":{"line":17,"column":18},"end":{"line":19,"column":3}},"line":17}},"branchMap":{"0":{"loc":{"start":{"line":29,"column":9},"end":{"line":44,"column":9}},"type":"cond-expr","locations":[{"start":{"line":30,"column":10},"end":{"line":30,"column":60}},{"start":{"line":32,"column":10},"end":{"line":43,"column":17}}],"line":29},"1":{"loc":{"start":{"line":35,"column":23},"end":{"line":35,"column":59}},"type":"cond-expr","locations":[{"start":{"line":35,"column":38},"end":{"line":35,"column":47}},{"start":{"line":35,"column":50},"end":{"line":35,"column":59}}],"line":35},"2":{"loc":{"start":{"line":38,"column":13},"end":{"line":42,"column":27}},"type":"cond-expr","locations":[{"start":{"line":39,"column":16},"end":{"line":39,"column":28}},{"start":{"line":40,"column":16},"end":{"line":42,"column":27}}],"line":38},"3":{"loc":{"start":{"line":40,"column":16},"end":{"line":42,"column":27}},"type":"cond-expr","locations":[{"start":{"line":41,"column":16},"end":{"line":41,"column":29}},{"start":{"line":42,"column":16},"end":{"line":42,"column":27}}],"line":40},"4":{"loc":{"start":{"line":47,"column":7},"end":{"line":51,"column":7}},"type":"binary-expr","locations":[{"start":{"line":47,"column":7},"end":{"line":47,"column":20}},{"start":{"line":47,"column":24},"end":{"line":47,"column":45}},{"start":{"line":48,"column":8},"end":{"line":50,"column":15}}],"line":47},"5":{"loc":{"start":{"line":54,"column":15},"end":{"line":54,"column":60}},"type":"cond-expr","locations":[{"start":{"line":54,"column":28},"end":{"line":54,"column":40}},{"start":{"line":54,"column":43},"end":{"line":54,"column":60}}],"line":54}},"s":{"0":83,"1":83,"2":83,"3":30,"4":30,"5":30,"6":30,"7":83,"8":26,"9":83,"10":1},"f":{"0":83,"1":30,"2":26},"b":{"0":[30,53],"1":[22,31],"2":[26,27],"3":[22,5],"4":[83,57,5],"5":[30,53]},"_coverageSchema":"1a1c01bbd47fc00a2c39e90264f33305004495a9","hash":"df16453e13ae62e02c1b67ec49e4d42d158241d8"}
,"C:\\Users\\heirr\\OneDrive\\Desktop\\Equoria\\equoria-mobile\\src\\api\\client.ts": {"path":"C:\\Users\\heirr\\OneDrive\\Desktop\\Equoria\\equoria-mobile\\src\\api\\client.ts","statementMap":{"0":{"start":{"line":7,"column":39},"end":{"line":7,"column":43}},"1":{"start":{"line":8,"column":25},"end":{"line":8,"column":30}},"2":{"start":{"line":9,"column":63},"end":{"line":9,"column":65}},"3":{"start":{"line":12,"column":4},"end":{"line":18,"column":7}},"4":{"start":{"line":20,"column":4},"end":{"line":20,"column":27}},"5":{"start":{"line":21,"column":4},"end":{"line":21,"column":29}},"6":{"start":{"line":28,"column":4},"end":{"line":32,"column":5}},"7":{"start":{"line":29,"column":6},"end":{"line":29,"column":62}},"8":{"start":{"line":31,"column":6},"end":{"line":31,"column":56}},"9":{"start":{"line":39,"column":4},"end":{"line":39,"column":29}},"10":{"start":{"line":40,"column":4},"end":{"line":40,"column":46}},"11":{"start":{"line":47,"column":4},"end":{"line":47,"column":28}},"12":{"start":{"line":48,"column":4},"end":{"line":48,"column":40}},"13":{"start":{"line":53,"column":4},"end":{"line":76,"column":6}},"14":{"start":{"line":56,"column":8},"end":{"line":58,"column":9}},"15":{"start":{"line":57,"column":10},"end":{"line":57,"column":66}},"16":{"start":{"line":60,"column":8},"end":{"line":62,"column":9}},"17":{"start":{"line":61,"column":10},"end":{"line":61,"column":70}},"18":{"start":{"line":64,"column":8},"end":{"line":66,"column":9}},"19":{"start":{"line":65,"column":10},"end":{"line":65,"column":80}},"20":{"start":{"line":68,"column":8},"end":{"line":68,"column":22}},"21":{"start":{"line":71,"column":8},"end":{"line":73,"column":9}},"22":{"start":{"line":72,"column":10},"end":{"line":72,"column":53}},"23":{"start":{"line":74,"column":8},"end":{"line":74,"column":37}},"24":{"start":{"line":79,"column":4},"end":{"line":132,"column":6}},"25":{"start":{"line":81,"column":8},"end":{"line":83,"column":9}},"26":{"start":{"line":82,"column":10},"end":{"line":82,"column":77}},"27":{"start":{"line":84,"column":8},"end":{"line":84,"column":24}},"28":{"start":{"line":87,"column":32},"end":{"line":87,"column":44}},"29":{"start":{"line":89,"column":8},"end":{"line":91,"column":9}},"30":{"start":{"line":90,"column":10},"end":{"line":90,"column":90}},"31":{"start":{"line":94,"column":8},"end":{"line":128,"column":9}},"32":{"start":{"line":95,"column":10},"end":{"line":103,"column":11}},"33":{"start":{"line":97,"column":12},"end":{"line":102,"column":15}},"34":{"start":{"line":98,"column":14},"end":{"line":101,"column":17}},"35":{"start":{"line":99,"column":16},"end":{"line":99,"column":74}},"36":{"start":{"line":100,"column":16},"end":{"line":100,"column":56}},"37":{"start":{"line":105,"column":10},"end":{"line":105,"column":40}},"38":{"start":{"line":106,"column":10},"end":{"line":106,"column":35}},"39":{"start":{"line":108,"column":10},"end":{"line":127,"column":11}},"40":{"start":{"line":109,"column":29},"end":{"line":109,"column":54}},"41":{"start":{"line":110,"column":12},"end":{"line":120,"column":13}},"42":{"start":{"line":111,"column":14},"end":{"line":111,"column":42}},"43":{"start":{"line":112,"column":14},"end":{"line":112,"column":59}},"44":{"start":{"line":115,"column":14},"end":{"line":115,"column":80}},"45":{"start":{"line":115,"column":60},"end":{"line":115,"column":78}},"46":{"start":{"line":116,"column":14},"end":{"line":116,"column":43}},"47":{"start":{"line":118,"column":14},"end":{"line":118,"column":75}},"48":{"start":{"line":119,"column":14},"end":{"line":119,"column":52}},"49":{"start":{"line":123,"column":12},"end":{"line":123,"column":37}},"50":{"start":{"line":124,"column":12},"end":{"line":124,"column":48}},"51":{"start":{"line":126,"column":12},"end":{"line":126,"column":38}},"52":{"start":{"line":130,"column":8},"end":{"line":130,"column":37}},"53":{"start":{"line":139,"column":4},"end":{"line":162,"column":5}},"54":{"start":{"line":140,"column":27},"end":{"line":140,"column":64}},"55":{"start":{"line":141,"column":6},"end":{"line":143,"column":7}},"56":{"start":{"line":142,"column":8},"end":{"line":142,"column":20}},"57":{"start":{"line":146,"column":23},"end":{"line":150,"column":7}},"58":{"start":{"line":152,"column":61},"end":{"line":152,"column":74}},"59":{"start":{"line":155,"column":6},"end":{"line":155,"column":54}},"60":{"start":{"line":156,"column":6},"end":{"line":156,"column":59}},"61":{"start":{"line":158,"column":6},"end":{"line":158,"column":25}},"62":{"start":{"line":160,"column":6},"end":{"line":160,"column":52}},"63":{"start":{"line":161,"column":6},"end":{"line":161,"column":18}},"64":{"start":{"line":167,"column":39},"end":{"line":167,"column":75}},"65":{"start":{"line":168,"column":4},"end":{"line":168,"column":25}},"66":{"start":{"line":172,"column":39},"end":{"line":172,"column":82}},"67":{"start":{"line":173,"column":4},"end":{"line":173,"column":25}},"68":{"start":{"line":177,"column":39},"end":{"line":177,"column":81}},"69":{"start":{"line":178,"column":4},"end":{"line":178,"column":25}},"70":{"start":{"line":182,"column":39},"end":{"line":182,"column":78}},"71":{"start":{"line":183,"column":4},"end":{"line":183,"column":25}},"72":{"start":{"line":187,"column":25},"end":{"line":187,"column":40}}},"fnMap":{"0":{"name":"(anonymous_0)","decl":{"start":{"line":11,"column":2},"end":{"line":11,"column":3}},"loc":{"start":{"line":11,"column":16},"end":{"line":22,"column":3}},"line":11},"1":{"name":"(anonymous_1)","decl":{"start":{"line":27,"column":2},"end":{"line":27,"column":3}},"loc":{"start":{"line":27,"column":49},"end":{"line":33,"column":3}},"line":27},"2":{"name":"(anonymous_2)","decl":{"start":{"line":38,"column":2},"end":{"line":38,"column":3}},"loc":{"start":{"line":38,"column":60},"end":{"line":41,"column":3}},"line":38},"3":{"name":"(anonymous_3)","decl":{"start":{"line":46,"column":2},"end":{"line":46,"column":3}},"loc":{"start":{"line":46,"column":44},"end":{"line":49,"column":3}},"line":46},"4":{"name":"(anonymous_4)","decl":{"start":{"line":51,"column":2},"end":{"line":51,"column":3}},"loc":{"start":{"line":51,"column":30},"end":{"line":133,"column":3}},"line":51},"5":{"name":"(anonymous_5)","decl":{"start":{"line":54,"column":6},"end":{"line":54,"column":7}},"loc":{"start":{"line":54,"column":24},"end":{"line":69,"column":7}},"line":54},"6":{"name":"(anonymous_6)","decl":{"start":{"line":70,"column":6},"end":{"line":70,"column":7}},"loc":{"start":{"line":70,"column":17},"end":{"line":75,"column":7}},"line":70},"7":{"name":"(anonymous_7)","decl":{"start":{"line":80,"column":6},"end":{"line":80,"column":7}},"loc":{"start":{"line":80,"column":20},"end":{"line":85,"column":7}},"line":80},"8":{"name":"(anonymous_8)","decl":{"start":{"line":86,"column":6},"end":{"line":86,"column":7}},"loc":{"start":{"line":86,"column":23},"end":{"line":131,"column":7}},"line":86},"9":{"name":"(anonymous_9)","decl":{"start":{"line":97,"column":31},"end":{"line":97,"column":32}},"loc":{"start":{"line":97,"column":44},"end":{"line":102,"column":13}},"line":97},"10":{"name":"(anonymous_10)","decl":{"start":{"line":98,"column":43},"end":{"line":98,"column":44}},"loc":{"start":{"line":98,"column":62},"end":{"line":101,"column":15}},"line":98},"11":{"name":"(anonymous_11)","decl":{"start":{"line":115,"column":46},"end":{"line":115,"column":47}},"loc":{"start":{"line":115,"column":60},"end":{"line":115,"column":78}},"line":115},"12":{"name":"(anonymous_12)","decl":{"start":{"line":138,"column":2},"end":{"line":138,"column":3}},"loc":{"start":{"line":138,"column":55},"end":{"line":163,"column":3}},"line":138},"13":{"name":"(anonymous_13)","decl":{"start":{"line":166,"column":2},"end":{"line":166,"column":3}},"loc":{"start":{"line":166,"column":76},"end":{"line":169,"column":3}},"line":166},"14":{"name":"(anonymous_14)","decl":{"start":{"line":171,"column":2},"end":{"line":171,"column":3}},"loc":{"start":{"line":171,"column":93},"end":{"line":174,"column":3}},"line":171},"15":{"name":"(anonymous_15)","decl":{"start":{"line":176,"column":2},"end":{"line":176,"column":3}},"loc":{"start":{"line":176,"column":92},"end":{"line":179,"column":3}},"line":176},"16":{"name":"(anonymous_16)","decl":{"start":{"line":181,"column":2},"end":{"line":181,"column":3}},"loc":{"start":{"line":181,"column":79},"end":{"line":184,"column":3}},"line":181}},"branchMap":{"0":{"loc":{"start":{"line":56,"column":8},"end":{"line":58,"column":9}},"type":"if","locations":[{"start":{"line":56,"column":8},"end":{"line":58,"column":9}},{"start":{},"end":{}}],"line":56},"1":{"loc":{"start":{"line":60,"column":8},"end":{"line":62,"column":9}},"type":"if","locations":[{"start":{"line":60,"column":8},"end":{"line":62,"column":9}},{"start":{},"end":{}}],"line":60},"2":{"loc":{"start":{"line":64,"column":8},"end":{"line":66,"column":9}},"type":"if","locations":[{"start":{"line":64,"column":8},"end":{"line":66,"column":9}},{"start":{},"end":{}}],"line":64},"3":{"loc":{"start":{"line":71,"column":8},"end":{"line":73,"column":9}},"type":"if","locations":[{"start":{"line":71,"column":8},"end":{"line":73,"column":9}},{"start":{},"end":{}}],"line":71},"4":{"loc":{"start":{"line":81,"column":8},"end":{"line":83,"column":9}},"type":"if","locations":[{"start":{"line":81,"column":8},"end":{"line":83,"column":9}},{"start":{},"end":{}}],"line":81},"5":{"loc":{"start":{"line":89,"column":8},"end":{"line":91,"column":9}},"type":"if","locations":[{"start":{"line":89,"column":8},"end":{"line":91,"column":9}},{"start":{},"end":{}}],"line":89},"6":{"loc":{"start":{"line":94,"column":8},"end":{"line":128,"column":9}},"type":"if","locations":[{"start":{"line":94,"column":8},"end":{"line":128,"column":9}},{"start":{},"end":{}}],"line":94},"7":{"loc":{"start":{"line":94,"column":12},"end":{"line":94,"column":69}},"type":"binary-expr","locations":[{"start":{"line":94,"column":12},"end":{"line":94,"column":42}},{"start":{"line":94,"column":46},"end":{"line":94,"column":69}}],"line":94},"8":{"loc":{"start":{"line":95,"column":10},"end":{"line":103,"column":11}},"type":"if","locations":[{"start":{"line":95,"column":10},"end":{"line":103,"column":11}},{"start":{},"end":{}}],"line":95},"9":{"loc":{"start":{"line":110,"column":12},"end":{"line":120,"column":13}},"type":"if","locations":[{"start":{"line":110,"column":12},"end":{"line":120,"column":13}},{"start":{},"end":{}}],"line":110},"10":{"loc":{"start":{"line":141,"column":6},"end":{"line":143,"column":7}},"type":"if","locations":[{"start":{"line":141,"column":6},"end":{"line":143,"column":7}},{"start":{},"end":{}}],"line":141}},"s":{"0":14,"1":14,"2":14,"3":14,"4":14,"5":14,"6":14,"7":14,"8":0,"9":1,"10":1,"11":1,"12":1,"13":14,"14":0,"15":0,"16":0,"17":0,"18":0,"19":0,"20":0,"21":0,"22":0,"23":0,"24":14,"25":0,"26":0,"27":0,"28":0,"29":0,"30":0,"31":0,"32":0,"33":0,"34":0,"35":0,"36":0,"37":0,"38":0,"39":0,"40":0,"41":0,"42":0,"43":0,"44":0,"45":0,"46":0,"47":0,"48":0,"49":0,"50":0,"51":0,"52":0,"53":0,"54":0,"55":0,"56":0,"57":0,"58":0,"59":0,"60":0,"61":0,"62":0,"63":0,"64":3,"65":2,"66":2,"67":1,"68":2,"69":1,"70":2,"71":1,"72":14},"f":{"0":14,"1":14,"2":1,"3":1,"4":14,"5":0,"6":0,"7":0,"8":0,"9":0,"10":0,"11":0,"12":0,"13":3,"14":2,"15":2,"16":2},"b":{"0":[0,0],"1":[0,0],"2":[0,0],"3":[0,0],"4":[0,0],"5":[0,0],"6":[0,0],"7":[0,0],"8":[0,0],"9":[0,0],"10":[0,0]},"_coverageSchema":"1a1c01bbd47fc00a2c39e90264f33305004495a9","hash":"85ee58649af3b7ab44a101fca182ec94ac409b3a"}
,"C:\\Users\\heirr\\OneDrive\\Desktop\\Equoria\\equoria-mobile\\src\\api\\test.ts": {"path":"C:\\Users\\heirr\\OneDrive\\Desktop\\Equoria\\equoria-mobile\\src\\api\\test.ts","statementMap":{"0":{"start":{"line":8,"column":33},"end":{"line":17,"column":1}},"1":{"start":{"line":9,"column":2},"end":{"line":16,"column":3}},"2":{"start":{"line":10,"column":21},"end":{"line":10,"column":67}},"3":{"start":{"line":11,"column":4},"end":{"line":11,"column":47}},"4":{"start":{"line":12,"column":4},"end":{"line":12,"column":36}},"5":{"start":{"line":14,"column":4},"end":{"line":14,"column":51}},"6":{"start":{"line":15,"column":4},"end":{"line":15,"column":17}}},"fnMap":{"0":{"name":"(anonymous_0)","decl":{"start":{"line":8,"column":33},"end":{"line":8,"column":34}},"loc":{"start":{"line":8,"column":63},"end":{"line":17,"column":1}},"line":8}},"branchMap":{},"s":{"0":1,"1":21,"2":21,"3":16,"4":16,"5":7,"6":7},"f":{"0":21},"b":{},"_coverageSchema":"1a1c01bbd47fc00a2c39e90264f33305004495a9","hash":"dbb29a4c78046b7882e53adab7842250cae63860"}
,"C:\\Users\\heirr\\OneDrive\\Desktop\\Equoria\\equoria-mobile\\src\\config\\env.ts": {"path":"C:\\Users\\heirr\\OneDrive\\Desktop\\Equoria\\equoria-mobile\\src\\config\\env.ts","statementMap":{"0":{"start":{"line":12,"column":21},"end":{"line":23,"column":1}},"1":{"start":{"line":13,"column":16},"end":{"line":13,"column":49}},"2":{"start":{"line":15,"column":2},"end":{"line":22,"column":4}},"3":{"start":{"line":25,"column":19},"end":{"line":25,"column":33}}},"fnMap":{"0":{"name":"(anonymous_0)","decl":{"start":{"line":12,"column":21},"end":{"line":12,"column":22}},"loc":{"start":{"line":12,"column":46},"end":{"line":23,"column":1}},"line":12}},"branchMap":{"0":{"loc":{"start":{"line":13,"column":16},"end":{"line":13,"column":49}},"type":"binary-expr","locations":[{"start":{"line":13,"column":16},"end":{"line":13,"column":43}},{"start":{"line":13,"column":47},"end":{"line":13,"column":49}}],"line":13},"1":{"loc":{"start":{"line":16,"column":16},"end":{"line":16,"column":59}},"type":"binary-expr","locations":[{"start":{"line":16,"column":16},"end":{"line":16,"column":28}},{"start":{"line":16,"column":32},"end":{"line":16,"column":59}}],"line":16},"2":{"loc":{"start":{"line":18,"column":9},"end":{"line":18,"column":47}},"type":"cond-expr","locations":[{"start":{"line":18,"column":19},"end":{"line":18,"column":32}},{"start":{"line":18,"column":35},"end":{"line":18,"column":47}}],"line":18}},"s":{"0":11,"1":11,"2":11,"3":11},"f":{"0":11},"b":{"0":[11,6],"1":[11,7],"2":[9,2]},"_coverageSchema":"1a1c01bbd47fc00a2c39e90264f33305004495a9","hash":"1524917bb1da0e2d1dbceba671590fd6078e36c0"}
,"C:\\Users\\heirr\\OneDrive\\Desktop\\Equoria\\equoria-mobile\\src\\utils\\secureStorage.ts": {"path":"C:\\Users\\heirr\\OneDrive\\Desktop\\Equoria\\equoria-mobile\\src\\utils\\secureStorage.ts","statementMap":{"0":{"start":{"line":8,"column":13},"end":{"line":12,"column":10}},"1":{"start":{"line":14,"column":29},"end":{"line":110,"column":1}},"2":{"start":{"line":19,"column":4},"end":{"line":24,"column":5}},"3":{"start":{"line":20,"column":6},"end":{"line":20,"column":63}},"4":{"start":{"line":22,"column":6},"end":{"line":22,"column":58}},"5":{"start":{"line":23,"column":6},"end":{"line":23,"column":18}},"6":{"start":{"line":31,"column":4},"end":{"line":36,"column":5}},"7":{"start":{"line":32,"column":6},"end":{"line":32,"column":63}},"8":{"start":{"line":34,"column":6},"end":{"line":34,"column":61}},"9":{"start":{"line":35,"column":6},"end":{"line":35,"column":18}},"10":{"start":{"line":43,"column":4},"end":{"line":48,"column":5}},"11":{"start":{"line":44,"column":6},"end":{"line":44,"column":64}},"12":{"start":{"line":46,"column":6},"end":{"line":46,"column":59}},"13":{"start":{"line":47,"column":6},"end":{"line":47,"column":18}},"14":{"start":{"line":55,"column":4},"end":{"line":60,"column":5}},"15":{"start":{"line":56,"column":6},"end":{"line":56,"column":64}},"16":{"start":{"line":58,"column":6},"end":{"line":58,"column":62}},"17":{"start":{"line":59,"column":6},"end":{"line":59,"column":18}},"18":{"start":{"line":67,"column":4},"end":{"line":72,"column":5}},"19":{"start":{"line":68,"column":6},"end":{"line":68,"column":59}},"20":{"start":{"line":70,"column":6},"end":{"line":70,"column":53}},"21":{"start":{"line":71,"column":6},"end":{"line":71,"column":18}},"22":{"start":{"line":79,"column":4},"end":{"line":84,"column":5}},"23":{"start":{"line":80,"column":6},"end":{"line":80,"column":58}},"24":{"start":{"line":82,"column":6},"end":{"line":82,"column":56}},"25":{"start":{"line":83,"column":6},"end":{"line":83,"column":18}},"26":{"start":{"line":91,"column":4},"end":{"line":100,"column":5}},"27":{"start":{"line":92,"column":6},"end":{"line":96,"column":9}},"28":{"start":{"line":98,"column":6},"end":{"line":98,"column":56}},"29":{"start":{"line":99,"column":6},"end":{"line":99,"column":18}},"30":{"start":{"line":107,"column":18},"end":{"line":107,"column":45}},"31":{"start":{"line":108,"column":4},"end":{"line":108,"column":26}}},"fnMap":{"0":{"name":"(anonymous_0)","decl":{"start":{"line":18,"column":2},"end":{"line":18,"column":3}},"loc":{"start":{"line":18,"column":53},"end":{"line":25,"column":3}},"line":18},"1":{"name":"(anonymous_1)","decl":{"start":{"line":30,"column":2},"end":{"line":30,"column":3}},"loc":{"start":{"line":30,"column":49},"end":{"line":37,"column":3}},"line":30},"2":{"name":"(anonymous_2)","decl":{"start":{"line":42,"column":2},"end":{"line":42,"column":3}},"loc":{"start":{"line":42,"column":54},"end":{"line":49,"column":3}},"line":42},"3":{"name":"(anonymous_3)","decl":{"start":{"line":54,"column":2},"end":{"line":54,"column":3}},"loc":{"start":{"line":54,"column":50},"end":{"line":61,"column":3}},"line":54},"4":{"name":"(anonymous_4)","decl":{"start":{"line":66,"column":2},"end":{"line":66,"column":3}},"loc":{"start":{"line":66,"column":49},"end":{"line":73,"column":3}},"line":66},"5":{"name":"(anonymous_5)","decl":{"start":{"line":78,"column":2},"end":{"line":78,"column":3}},"loc":{"start":{"line":78,"column":44},"end":{"line":85,"column":3}},"line":78},"6":{"name":"(anonymous_6)","decl":{"start":{"line":90,"column":2},"end":{"line":90,"column":3}},"loc":{"start":{"line":90,"column":39},"end":{"line":101,"column":3}},"line":90},"7":{"name":"(anonymous_7)","decl":{"start":{"line":106,"column":2},"end":{"line":106,"column":3}},"loc":{"start":{"line":106,"column":44},"end":{"line":109,"column":3}},"line":106}},"branchMap":{},"s":{"0":2,"1":2,"2":2,"3":2,"4":1,"5":1,"6":6,"7":6,"8":2,"9":2,"10":2,"11":2,"12":1,"13":1,"14":3,"15":3,"16":1,"17":1,"18":2,"19":2,"20":1,"21":1,"22":3,"23":3,"24":1,"25":1,"26":3,"27":3,"28":2,"29":2,"30":3,"31":3},"f":{"0":2,"1":6,"2":2,"3":3,"4":2,"5":3,"6":3,"7":3},"b":{},"_coverageSchema":"1a1c01bbd47fc00a2c39e90264f33305004495a9","hash":"6e2f1e4cbf33fadd2cf0a8eb669d7f67c03e2e9c"}
}
