TN:
SF:App.tsx
FN:6,App
FN:10,(anonymous_1)
FN:17,(anonymous_2)
FNF:3
FNH:3
FNDA:83,App
FNDA:30,(anonymous_1)
FNDA:26,(anonymous_2)
DA:7,83
DA:8,83
DA:10,83
DA:11,30
DA:12,30
DA:13,30
DA:14,30
DA:17,83
DA:18,26
DA:21,83
DA:74,1
LF:11
LH:11
BRDA:29,0,0,30
BRDA:29,0,1,53
BRDA:35,1,0,22
BRDA:35,1,1,31
BRDA:38,2,0,26
BRDA:38,2,1,27
BRDA:40,3,0,22
BRDA:40,3,1,5
BRDA:47,4,0,83
BRDA:47,4,1,57
BRDA:47,4,2,5
BRDA:54,5,0,30
BRDA:54,5,1,53
BRF:13
BRH:13
end_of_record
TN:
SF:src\api\client.ts
FN:11,(anonymous_0)
FN:27,(anonymous_1)
FN:38,(anonymous_2)
FN:46,(anonymous_3)
FN:51,(anonymous_4)
FN:54,(anonymous_5)
FN:70,(anonymous_6)
FN:80,(anonymous_7)
FN:86,(anonymous_8)
FN:97,(anonymous_9)
FN:98,(anonymous_10)
FN:115,(anonymous_11)
FN:138,(anonymous_12)
FN:166,(anonymous_13)
FN:171,(anonymous_14)
FN:176,(anonymous_15)
FN:181,(anonymous_16)
FNF:17
FNH:9
FNDA:14,(anonymous_0)
FNDA:14,(anonymous_1)
FNDA:1,(anonymous_2)
FNDA:1,(anonymous_3)
FNDA:14,(anonymous_4)
FNDA:0,(anonymous_5)
FNDA:0,(anonymous_6)
FNDA:0,(anonymous_7)
FNDA:0,(anonymous_8)
FNDA:0,(anonymous_9)
FNDA:0,(anonymous_10)
FNDA:0,(anonymous_11)
FNDA:0,(anonymous_12)
FNDA:3,(anonymous_13)
FNDA:2,(anonymous_14)
FNDA:2,(anonymous_15)
FNDA:2,(anonymous_16)
DA:7,14
DA:8,14
DA:9,14
DA:12,14
DA:20,14
DA:21,14
DA:28,14
DA:29,14
DA:31,0
DA:39,1
DA:40,1
DA:47,1
DA:48,1
DA:53,14
DA:56,0
DA:57,0
DA:60,0
DA:61,0
DA:64,0
DA:65,0
DA:68,0
DA:71,0
DA:72,0
DA:74,0
DA:79,14
DA:81,0
DA:82,0
DA:84,0
DA:87,0
DA:89,0
DA:90,0
DA:94,0
DA:95,0
DA:97,0
DA:98,0
DA:99,0
DA:100,0
DA:105,0
DA:106,0
DA:108,0
DA:109,0
DA:110,0
DA:111,0
DA:112,0
DA:115,0
DA:116,0
DA:118,0
DA:119,0
DA:123,0
DA:124,0
DA:126,0
DA:130,0
DA:139,0
DA:140,0
DA:141,0
DA:142,0
DA:146,0
DA:152,0
DA:155,0
DA:156,0
DA:158,0
DA:160,0
DA:161,0
DA:167,3
DA:168,2
DA:172,2
DA:173,1
DA:177,2
DA:178,1
DA:182,2
DA:183,1
DA:187,14
LF:72
LH:23
BRDA:56,0,0,0
BRDA:56,0,1,0
BRDA:60,1,0,0
BRDA:60,1,1,0
BRDA:64,2,0,0
BRDA:64,2,1,0
BRDA:71,3,0,0
BRDA:71,3,1,0
BRDA:81,4,0,0
BRDA:81,4,1,0
BRDA:89,5,0,0
BRDA:89,5,1,0
BRDA:94,6,0,0
BRDA:94,6,1,0
BRDA:94,7,0,0
BRDA:94,7,1,0
BRDA:95,8,0,0
BRDA:95,8,1,0
BRDA:110,9,0,0
BRDA:110,9,1,0
BRDA:141,10,0,0
BRDA:141,10,1,0
BRF:22
BRH:0
end_of_record
TN:
SF:src\api\test.ts
FN:8,(anonymous_0)
FNF:1
FNH:1
FNDA:21,(anonymous_0)
DA:8,1
DA:9,21
DA:10,21
DA:11,16
DA:12,16
DA:14,7
DA:15,7
LF:7
LH:7
BRF:0
BRH:0
end_of_record
TN:
SF:src\config\env.ts
FN:12,(anonymous_0)
FNF:1
FNH:1
FNDA:11,(anonymous_0)
DA:12,11
DA:13,11
DA:15,11
DA:25,11
LF:4
LH:4
BRDA:13,0,0,11
BRDA:13,0,1,6
BRDA:16,1,0,11
BRDA:16,1,1,7
BRDA:18,2,0,9
BRDA:18,2,1,2
BRF:6
BRH:6
end_of_record
TN:
SF:src\utils\secureStorage.ts
FN:18,(anonymous_0)
FN:30,(anonymous_1)
FN:42,(anonymous_2)
FN:54,(anonymous_3)
FN:66,(anonymous_4)
FN:78,(anonymous_5)
FN:90,(anonymous_6)
FN:106,(anonymous_7)
FNF:8
FNH:8
FNDA:2,(anonymous_0)
FNDA:6,(anonymous_1)
FNDA:2,(anonymous_2)
FNDA:3,(anonymous_3)
FNDA:2,(anonymous_4)
FNDA:3,(anonymous_5)
FNDA:3,(anonymous_6)
FNDA:3,(anonymous_7)
DA:8,2
DA:14,2
DA:19,2
DA:20,2
DA:22,1
DA:23,1
DA:31,6
DA:32,6
DA:34,2
DA:35,2
DA:43,2
DA:44,2
DA:46,1
DA:47,1
DA:55,3
DA:56,3
DA:58,1
DA:59,1
DA:67,2
DA:68,2
DA:70,1
DA:71,1
DA:79,3
DA:80,3
DA:82,1
DA:83,1
DA:91,3
DA:92,3
DA:98,2
DA:99,2
DA:107,3
DA:108,3
LF:32
LH:32
BRF:0
BRH:0
end_of_record
