TN:
SF:App.tsx
FN:11,AppContent
FN:15,(anonymous_1)
FN:22,(anonymous_2)
FN:80,App
FNF:4
FNH:4
FNDA:83,AppContent
FNDA:30,(anonymous_1)
FNDA:26,(anonymous_2)
FNDA:27,App
DA:12,83
DA:13,83
DA:15,83
DA:16,30
DA:17,30
DA:18,30
DA:19,30
DA:22,83
DA:23,26
DA:26,83
DA:81,27
DA:92,1
LF:12
LH:12
BRDA:34,0,0,30
BRDA:34,0,1,53
BRDA:40,1,0,22
BRDA:40,1,1,31
BRDA:43,2,0,26
BRDA:43,2,1,27
BRDA:45,3,0,22
BRDA:45,3,1,5
BRDA:52,4,0,83
BRDA:52,4,1,57
BRDA:52,4,2,5
BRDA:59,5,0,30
BRDA:59,5,1,53
BRF:13
BRH:13
end_of_record
TN:
SF:src\api\client.ts
FN:11,(anonymous_0)
FN:27,(anonymous_1)
FN:38,(anonymous_2)
FN:46,(anonymous_3)
FN:51,(anonymous_4)
FN:54,(anonymous_5)
FN:70,(anonymous_6)
FN:80,(anonymous_7)
FN:86,(anonymous_8)
FN:97,(anonymous_9)
FN:98,(anonymous_10)
FN:115,(anonymous_11)
FN:138,(anonymous_12)
FN:166,(anonymous_13)
FN:171,(anonymous_14)
FN:176,(anonymous_15)
FN:181,(anonymous_16)
FNF:17
FNH:9
FNDA:15,(anonymous_0)
FNDA:15,(anonymous_1)
FNDA:1,(anonymous_2)
FNDA:1,(anonymous_3)
FNDA:15,(anonymous_4)
FNDA:0,(anonymous_5)
FNDA:0,(anonymous_6)
FNDA:0,(anonymous_7)
FNDA:0,(anonymous_8)
FNDA:0,(anonymous_9)
FNDA:0,(anonymous_10)
FNDA:0,(anonymous_11)
FNDA:0,(anonymous_12)
FNDA:3,(anonymous_13)
FNDA:2,(anonymous_14)
FNDA:2,(anonymous_15)
FNDA:2,(anonymous_16)
DA:7,15
DA:8,15
DA:9,15
DA:12,15
DA:20,15
DA:21,15
DA:28,15
DA:29,15
DA:31,0
DA:39,1
DA:40,1
DA:47,1
DA:48,1
DA:53,15
DA:56,0
DA:57,0
DA:60,0
DA:61,0
DA:64,0
DA:65,0
DA:68,0
DA:71,0
DA:72,0
DA:74,0
DA:79,15
DA:81,0
DA:82,0
DA:84,0
DA:87,0
DA:89,0
DA:90,0
DA:94,0
DA:95,0
DA:97,0
DA:98,0
DA:99,0
DA:100,0
DA:105,0
DA:106,0
DA:108,0
DA:109,0
DA:110,0
DA:111,0
DA:112,0
DA:115,0
DA:116,0
DA:118,0
DA:119,0
DA:123,0
DA:124,0
DA:126,0
DA:130,0
DA:139,0
DA:140,0
DA:141,0
DA:142,0
DA:146,0
DA:152,0
DA:155,0
DA:156,0
DA:158,0
DA:160,0
DA:161,0
DA:167,3
DA:168,2
DA:172,2
DA:173,1
DA:177,2
DA:178,1
DA:182,2
DA:183,1
DA:187,15
LF:72
LH:23
BRDA:56,0,0,0
BRDA:56,0,1,0
BRDA:60,1,0,0
BRDA:60,1,1,0
BRDA:64,2,0,0
BRDA:64,2,1,0
BRDA:71,3,0,0
BRDA:71,3,1,0
BRDA:81,4,0,0
BRDA:81,4,1,0
BRDA:89,5,0,0
BRDA:89,5,1,0
BRDA:94,6,0,0
BRDA:94,6,1,0
BRDA:94,7,0,0
BRDA:94,7,1,0
BRDA:95,8,0,0
BRDA:95,8,1,0
BRDA:110,9,0,0
BRDA:110,9,1,0
BRDA:141,10,0,0
BRDA:141,10,1,0
BRF:22
BRH:0
end_of_record
TN:
SF:src\api\test.ts
FN:8,(anonymous_0)
FNF:1
FNH:1
FNDA:21,(anonymous_0)
DA:8,1
DA:9,21
DA:10,21
DA:11,16
DA:12,16
DA:14,7
DA:15,7
LF:7
LH:7
BRF:0
BRH:0
end_of_record
TN:
SF:src\api\queries\auth.ts
FN:29,(anonymous_0)
FN:33,(anonymous_1)
FN:37,(anonymous_2)
FN:56,(anonymous_3)
FN:61,(anonymous_4)
FN:64,(anonymous_5)
FNF:6
FNH:6
FNDA:9,(anonymous_0)
FNDA:4,(anonymous_1)
FNDA:3,(anonymous_2)
FNDA:9,(anonymous_3)
FNDA:5,(anonymous_4)
FNDA:4,(anonymous_5)
DA:29,1
DA:30,9
DA:32,9
DA:34,4
DA:35,3
DA:39,3
DA:40,2
DA:41,2
DA:44,2
DA:47,2
DA:56,1
DA:57,9
DA:58,9
DA:60,9
DA:62,5
DA:66,4
DA:69,4
DA:72,4
DA:75,4
LF:19
LH:19
BRF:0
BRH:0
end_of_record
TN:
SF:src\config\env.ts
FN:12,(anonymous_0)
FNF:1
FNH:1
FNDA:12,(anonymous_0)
DA:12,12
DA:13,12
DA:15,12
DA:25,12
LF:4
LH:4
BRDA:13,0,0,12
BRDA:13,0,1,7
BRDA:16,1,0,12
BRDA:16,1,1,8
BRDA:18,2,0,10
BRDA:18,2,1,2
BRF:6
BRH:6
end_of_record
TN:
SF:src\state\hooks.ts
FN:6,(anonymous_0)
FNF:1
FNH:1
FNDA:18,(anonymous_0)
DA:6,18
DA:7,1
LF:2
LH:2
BRF:0
BRH:0
end_of_record
TN:
SF:src\state\queryClient.ts
FNF:0
FNH:0
DA:3,1
LF:1
LH:1
BRF:0
BRH:0
end_of_record
TN:
SF:src\state\store.ts
FN:36,(anonymous_0)
FNF:1
FNH:1
FNDA:1,(anonymous_0)
DA:17,1
DA:23,1
DA:31,1
DA:34,1
DA:37,1
DA:45,1
LF:6
LH:6
BRF:0
BRH:0
end_of_record
TN:
SF:src\state\slices\appSlice.ts
FN:24,(anonymous_0)
FN:27,(anonymous_1)
FN:30,(anonymous_2)
FN:33,(anonymous_3)
FNF:4
FNH:4
FNDA:11,(anonymous_0)
FNDA:12,(anonymous_1)
FNDA:19,(anonymous_2)
FNDA:9,(anonymous_3)
DA:13,3
DA:20,3
DA:25,11
DA:28,12
DA:31,19
DA:34,9
DA:39,3
LF:7
LH:7
BRF:0
BRH:0
end_of_record
TN:
SF:src\state\slices\authSlice.ts
FN:26,(anonymous_0)
FN:31,(anonymous_1)
FN:36,(anonymous_2)
FNF:3
FNH:3
FNDA:8,(anonymous_0)
FNDA:8,(anonymous_1)
FNDA:4,(anonymous_2)
DA:16,3
DA:22,3
DA:27,8
DA:28,8
DA:29,8
DA:32,8
DA:33,8
DA:34,8
DA:37,4
DA:42,3
LF:10
LH:10
BRF:0
BRH:0
end_of_record
TN:
SF:src\utils\secureStorage.ts
FN:18,(anonymous_0)
FN:30,(anonymous_1)
FN:42,(anonymous_2)
FN:54,(anonymous_3)
FN:66,(anonymous_4)
FN:78,(anonymous_5)
FN:90,(anonymous_6)
FN:106,(anonymous_7)
FNF:8
FNH:8
FNDA:2,(anonymous_0)
FNDA:6,(anonymous_1)
FNDA:2,(anonymous_2)
FNDA:3,(anonymous_3)
FNDA:2,(anonymous_4)
FNDA:3,(anonymous_5)
FNDA:3,(anonymous_6)
FNDA:3,(anonymous_7)
DA:8,3
DA:14,3
DA:19,2
DA:20,2
DA:22,1
DA:23,1
DA:31,6
DA:32,6
DA:34,2
DA:35,2
DA:43,2
DA:44,2
DA:46,1
DA:47,1
DA:55,3
DA:56,3
DA:58,1
DA:59,1
DA:67,2
DA:68,2
DA:70,1
DA:71,1
DA:79,3
DA:80,3
DA:82,1
DA:83,1
DA:91,3
DA:92,3
DA:98,2
DA:99,2
DA:107,3
DA:108,3
LF:32
LH:32
BRF:0
BRH:0
end_of_record
